1.15044 0
0.9666 1
0.9598 0
0.94507 1
0.91404 1
0.85384 1
0.83715 1
0.82832 1
0.82493 1
0.78061 1
0.76642 1
0.75339 1
0.74051 1
0.73274 1
0.69379 1
0.67537 1
0.6619 1
0.64925 1
0.62568 1
0.61774 1
0.61192 1
0.60419 1
0.60144 1
0.60002 1
0.59672 1
0.59626 0
0.58998 1
0.5878 1
0.58753 1
0.57413 1
0.57 1
0.56236 1
0.56002 1
0.55443 0
0.55005 1
0.53741 1
0.53687 1
0.52836 1
0.51935 1
0.51338 0
0.50669 1
0.4971 1
0.49466 1
0.49039 1
0.48762 1
0.48746 1
0.48293 1
0.47167 1
0.47081 1
0.4677 0
0.46322 1
0.45643 1
0.4564 1
0.45442 1
0.44572 1
0.44542 0
0.43872 1
0.4361 1
0.43488 0
0.4345 0
0.43308 1
0.42968 1
0.42954 0
0.42836 1
0.41515 1
0.41275 1
0.41217 0
0.40873 1
0.40729 0
0.40551 1
0.40396 0
0.3971 1
0.39684 0
0.38787 0
0.38622 0
0.38516 1
0.38385 1
0.38358 0
0.38066 0
0.38009 0
0.37766 0
0.37644 0
0.37506 0
0.37474 0
0.37266 1
0.36928 1
0.36888 0
0.3683 1
0.36678 0
0.36207 1
0.36182 0
0.35875 1
0.3547 0
0.35464 0
0.35362 0
0.3527 1
0.35187 0
0.35174 0
0.35098 0
0.35063 0
0.35044 0
0.35022 0
0.34952 1
0.34906 0
0.34903 1
0.34901 0
0.34857 0
0.34827 1
0.34802 1
0.34788 0
0.34746 0
0.3439 0
0.34308 1
0.34282 0
0.3425 0
0.34137 0
0.33992 1
0.33935 0
0.33895 0
0.33849 0
0.33684 0
0.33601 0
0.33599 0
0.335 0
0.33416 0
0.33274 0
0.33262 1
0.33232 0
0.33125 0
0.33112 0
0.33071 0
0.33025 1
0.32993 0
0.32979 0
0.32922 0
0.32914 1
0.3291 0
0.32907 0
0.32849 1
0.32827 0
0.32707 0
0.32667 0
0.32551 0
0.32547 0
0.32526 0
0.32475 1
0.32439 0
0.32433 1
0.32417 0
0.32317 0
0.32271 0
0.32229 0
0.32134 0
0.32124 0
0.32069 0
0.32068 0
0.32056 0
0.31867 1
0.31864 0
0.31771 0
0.31771 1
0.31762 0
0.3175 0
0.3173 0
0.31711 0
0.31661 1
0.31643 1
0.31603 0
0.31582 0
0.31581 0
0.31571 0
0.31531 0
0.31492 0
0.31486 0
0.31347 0
0.31344 0
0.31287 0
0.31137 0
0.31135 0
0.31063 0
0.31026 0
0.30933 0
0.30916 0
0.30836 0
0.30835 0
0.30803 0
0.30797 0
0.30739 0
0.30736 0
0.30709 1
0.30706 1
0.30662 0
0.3065 0
0.30636 1
0.30632 0
0.30627 0
0.30602 0
0.30571 0
0.30557 0
0.30545 1
0.30543 0
0.30484 0
0.30456 0
0.30455 0
0.30454 0
0.30413 0
0.30411 0
0.3041 0
0.30398 0
0.3037 0
0.30315 1
0.30313 0
0.30309 0
0.303 1
0.3028 0
0.30257 0
0.30224 0
0.3022 0
0.30202 0
0.30182 0
0.30175 0
0.30164 0
0.30141 0
0.30121 0
0.30099 0
0.3006 0
0.3005 0
0.29994 1
0.29985 0
0.29954 0
0.2994 1
0.2989 0
0.29852 0
0.29852 0
0.29842 1
0.29807 0
0.29794 0
0.29785 1
0.2973 0
0.2973 0
0.29702 0
0.29665 0
0.29635 1
0.29606 0
0.29593 0
0.29579 0
0.29552 0
0.29538 0
0.29538 0
0.29518 0
0.29501 0
0.29462 0
0.29424 0
0.294 0
0.29349 0
0.29342 0
0.29328 0
0.29311 0
0.29294 1
0.29251 0
0.29221 0
0.29179 0
0.29173 0
0.29169 0
0.29154 0
0.29154 0
0.29141 0
0.2914 0
0.29128 0
0.29087 0
0.29035 0
0.29032 0
0.28987 0
0.28921 0
0.28905 0
0.2888 0
0.28871 0
0.28851 1
0.28833 0
0.28825 1
0.28782 1
0.28776 1
0.28742 1
0.28719 0
0.28706 0
0.28681 0
0.28674 0
0.28669 0
0.28648 1
0.28634 0
0.28629 0
0.28625 0
0.28605 0
0.28577 0
0.28551 0
0.28549 0
0.2854 0
0.28515 0
0.28462 0
0.28445 0
0.28444 0
0.2844 0
0.2841 0
0.28408 0
0.28404 0
0.28393 0
0.2838 0
0.28367 0
0.28355 0
0.28351 0
0.28318 0
0.28314 0
0.28313 0
0.28309 0
0.28307 1
0.28306 1
0.28305 0
0.28286 0
0.28244 0
0.28235 0
0.28197 0
0.28189 0
0.28166 0
0.28155 0
0.28141 0
0.28136 0
0.28098 1
0.2808 0
0.28078 0
0.2805 0
0.2804 0
0.2803 0
0.28021 0
0.28002 0
0.27984 0
0.27969 0
0.27961 0
0.2796 0
0.27958 0
0.27953 0
0.27948 0
0.27931 0
0.27926 0
0.2792 0
0.27886 1
0.27879 0
0.27871 0
0.27862 1
0.27843 1
0.27842 0
0.27836 0
0.27835 0
0.27834 0
0.27783 0
0.27782 0
0.2778 0
0.27779 0
0.27775 0
0.27769 1
0.2776 1
0.27752 0
0.2775 0
0.2775 0
0.27736 0
0.27716 0
0.27707 0
0.27704 0
0.27701 0
0.27692 0
0.27681 0
0.27681 0
0.27666 0
0.27662 0
0.27651 0
0.27607 0
0.27572 0
0.27572 0
0.27562 0
0.27546 0
0.27532 0
0.27532 0
0.27531 0
0.2749 1
0.27481 0
0.27445 0
0.27436 0
0.27432 0
0.27431 0
0.27422 0
0.27406 0
0.27395 0
0.27388 0
0.27368 0
0.27359 0
0.27345 1
0.27341 0
0.27331 0
0.27314 1
0.27303 0
0.27295 0
0.27289 0
0.27286 0
0.27251 0
0.27243 0
0.27226 0
0.27214 0
0.27198 0
0.2715 0
0.27139 0
0.27126 0
0.27125 0
0.27103 0
0.27087 0
0.27082 0
0.27078 0
0.27076 0
0.27075 0
0.27068 0
0.27058 0
0.27056 0
0.27056 0
0.27032 0
0.27014 0
0.27013 0
0.27009 0
0.26987 0
0.26983 0
0.26976 0
0.2697 1
0.26962 1
0.2696 0
0.26955 0
0.26951 0
0.26947 0
0.26908 1
0.26904 0
0.26893 0
0.26885 0
0.26867 0
0.26864 0
0.26863 0
0.2686 0
0.26845 0
0.26838 0
0.26832 0
0.26818 0
0.26817 0
0.26811 0
0.26796 0
0.2679 0
0.26787 0
0.26782 0
0.26779 0
0.26774 0
0.26762 0
0.26756 0
0.26752 0
0.26748 0
0.26748 0
0.2674 0
0.26728 0
0.26714 0
0.26709 0
0.26706 0
0.26701 1
0.26689 0
0.26681 0
0.2668 1
0.26666 0
0.26652 0
0.26652 0
0.26644 0
0.26639 1
0.26638 0
0.26636 0
0.26621 0
0.26602 0
0.26597 0
0.2659 0
0.26564 0
0.26553 0
0.2652 0
0.26516 0
0.26509 0
0.26501 0
0.26498 0
0.26486 0
0.2648 0
0.26479 0
0.26473 0
0.26462 0
0.26455 0
0.26449 0
0.26441 1
0.26409 0
0.26405 0
0.26404 0
0.264 0
0.264 0
0.26397 0
0.26395 0
0.26393 0
0.26384 0
0.26375 0
0.26369 0
0.26352 0
0.26352 0
0.26348 0
0.26347 0
0.26345 0
0.26334 0
0.26323 0
0.26299 0
0.26292 0
0.2629 0
0.26283 0
0.26281 0
0.26279 0
0.26278 0
0.26271 0
0.26264 0
0.26259 0
0.26258 0
0.26243 0
0.26241 0
0.26237 0
0.26231 0
0.26222 1
0.26215 0
0.26205 0
0.2616 0
0.26153 0
0.26152 0
0.26137 0
0.26125 0
0.26125 0
0.26122 0
0.26102 0
0.26099 0
0.26094 1
0.26079 0
0.26075 0
0.2607 0
0.2606 1
0.26054 0
0.26037 0
0.26025 0
0.26019 0
0.25995 0
0.25989 0
0.25988 0
0.25975 0
0.25963 1
0.25956 0
0.25954 0
0.25948 0
0.25943 0
0.25936 0
0.25932 0
0.25923 0
0.25922 0
0.25908 0
0.25903 0
0.259 0
0.25898 0
0.25898 0
0.25882 0
0.25872 0
0.25864 0
0.25836 0
0.25827 0
0.25823 0
0.2582 0
0.25818 0
0.25817 0
0.2581 0
0.25806 0
0.25806 0
0.25802 0
0.25801 0
0.25789 0
0.25784 0
0.25778 0
0.25777 0
0.25769 1
0.25765 0
0.25751 0
0.2574 0
0.25739 0
0.25733 0
0.25725 0
0.25721 0
0.25713 0
0.25712 0
0.25711 0
0.25694 0
0.2569 0
0.25683 0
0.25679 0
0.25669 0
0.25661 0
0.25659 0
0.25653 0
0.25643 0
0.25638 0
0.25638 0
0.25637 0
0.25635 0
0.25622 0
0.25621 0
0.25618 0
0.25607 0
0.25602 0
0.25602 0
0.25601 0
0.25574 0
0.25571 0
0.25571 0
0.25566 0
0.25565 0
0.25559 0
0.25549 0
0.25529 0
0.25517 0
0.25515 0
0.25514 0
0.25513 0
0.25496 0
0.25495 0
0.25466 0
0.25461 0
0.2546 0
0.25458 0
0.25447 0
0.25438 0
0.25432 0
0.2543 0
0.25406 0
0.25394 0
0.25387 0
0.25377 0
0.25359 0
0.25356 0
0.25349 0
0.25348 0
0.25346 0
0.25342 0
0.25338 0
0.25334 0
0.25329 0
0.25324 0
0.2532 0
0.25316 0
0.25306 0
0.25299 0
0.25299 0
0.25296 0
0.25282 0
0.25278 0
0.25274 0
0.25273 1
0.25263 0
0.2526 0
0.25258 0
0.2525 0
0.25244 0
0.2524 0
0.25232 0
0.25229 0
0.25227 0
0.25223 0
0.25222 0
0.25221 0
0.25205 0
0.25193 1
0.25165 0
0.25155 0
0.25149 0
0.25147 0
0.25145 0
0.25131 0
0.25125 0
0.25113 0
0.2511 0
0.25103 0
0.25096 0
0.25072 0
0.25064 0
0.2506 0
0.25044 0
0.2504 0
0.25023 0
0.25022 0
0.25018 0
0.25015 0
0.25013 0
0.2501 0
0.25003 0
0.24993 0
0.24993 0
0.24988 0
0.24984 0
0.24983 0
0.24963 0
0.24941 0
0.24925 0
0.24923 0
0.24922 0
0.24915 0
0.24912 0
0.24898 0
0.24898 0
0.24897 0
0.24897 0
0.24888 0
0.24875 0
0.24858 0
0.24858 0
0.24849 0
0.24846 0
0.2484 0
0.24835 0
0.24824 0
0.24817 0
0.24816 0
0.24815 0
0.24814 0
0.24811 0
0.24801 0
0.24799 0
0.24796 0
0.24794 0
0.24793 0
0.24773 0
0.24767 0
0.24767 0
0.24765 1
0.24764 0
0.24753 0
0.24743 0
0.24723 0
0.24714 0
0.24706 0
0.24705 0
0.24695 0
0.24692 0
0.24691 0
0.24688 0
0.2468 0
0.2468 0
0.24678 0
0.24677 0
0.24672 0
0.2467 0
0.24668 0
0.24654 1
0.2465 0
0.2465 0
0.24635 0
0.24632 0
0.24631 0
0.24616 0
0.24605 0
0.24595 0
0.24589 0
0.24578 0
0.24571 0
0.24546 0
0.24541 0
0.24536 0
0.24527 0
0.24526 0
0.24519 0
0.24517 0
0.24516 0
0.24514 0
0.24507 0
0.24505 0
0.24503 1
0.24496 0
0.24486 0
0.24484 0
0.24481 1
0.24469 0
0.24464 0
0.24463 0
0.24457 0
0.2445 0
0.2445 0
0.24445 0
0.24444 0
0.24442 0
0.24442 0
0.24442 0
0.24438 0
0.24432 0
0.24431 0
0.24428 0
0.24421 0
0.24415 0
0.24415 0
0.24414 0
0.24408 0
0.24407 0
0.24391 0
0.24388 0
0.24379 0
0.24378 0
0.24375 0
0.24375 1
0.24373 0
0.24372 1
0.24369 0
0.24361 0
0.24357 0
0.24354 0
0.24348 0
0.24347 0
0.24336 0
0.24334 0
0.24333 0
0.24321 0
0.24319 0
0.24314 0
0.24313 0
0.24308 0
0.24308 0
0.243 1
0.24297 0
0.24281 0
0.24274 0
0.24261 0
0.24251 0
0.24248 1
0.24241 0
0.24236 0
0.24234 0
0.24234 0
0.24223 0
0.24221 0
0.24219 0
0.24207 0
0.242 0
0.24198 0
0.24193 0
0.24193 0
0.24186 0
0.24182 0
0.24173 0
0.24167 0
0.24163 0
0.24163 0
0.24154 0
0.24153 0
0.24144 0
0.24142 0
0.24139 0
0.24133 0
0.2413 0
0.24129 0
0.24127 0
0.24127 0
0.24121 0
0.24112 0
0.24111 0
0.24107 0
0.24102 0
0.24096 0
0.24078 0
0.24077 0
0.2407 0
0.2407 0
0.24068 0
0.24063 0
0.24059 0
0.24057 0
0.24052 0
0.24048 0
0.24048 1
0.24045 0
0.24045 0
0.24037 0
0.24033 0
0.24032 0
0.2403 0
0.24021 0
0.24019 0
0.24003 0
0.24003 0
0.24001 0
0.23996 0
0.23994 0
0.23993 0
0.23988 0
0.23983 0
0.2398 0
0.23967 0
0.23956 0
0.23955 0
0.23949 0
0.23944 0
0.23931 0
0.23931 0
0.23929 0
0.23924 0
0.23919 0
0.23917 0
0.23908 0
0.23892 0
0.23886 0
0.23883 0
0.23876 0
0.2387 0
0.23858 0
0.2385 0
0.23837 0
0.23824 0
0.23813 0
0.23795 0
0.23793 0
0.23784 0
0.23781 0
0.2378 0
0.23767 0
0.23765 0
0.2376 0
0.23754 1
0.23749 0
0.23749 0
0.23745 0
0.23742 0
0.23721 0
0.23717 0
0.23711 0
0.23701 0
0.23689 0
0.23688 0
0.23681 0
0.23678 0
0.23673 0
0.2366 0
0.23649 0
0.23643 0
0.23623 0
0.23617 0
0.23614 0
0.23608 0
0.23608 0
0.23608 0
0.23602 0
0.23602 0
0.23593 0
0.23591 0
0.23589 0
0.23588 0
0.23586 0
0.23583 0
0.23572 0
0.23571 0
0.23571 0
0.23565 0
0.23557 0
0.23548 0
0.23548 0
0.23548 0
0.23547 0
0.23538 0
0.23526 0
0.23516 0
0.23515 0
0.23515 0
0.23513 0
0.23508 0
0.23508 0
0.23502 0
0.23493 1
0.23487 0
0.23476 0
0.23469 0
0.23465 0
0.23461 0
0.23461 0
0.23455 0
0.23454 0
0.23447 0
0.23444 0
0.23444 0
0.23441 0
0.23438 0
0.23438 0
0.23437 1
0.23434 0
0.23431 0
0.2343 0
0.23429 0
0.23425 0
0.23424 0
0.23421 0
0.2342 0
0.2342 0
0.2342 0
0.23403 0
0.234 0
0.23398 0
0.23398 0
0.23397 0
0.23391 0
0.23391 0
0.23391 0
0.23388 0
0.23387 0
0.23385 0
0.23384 0
0.23384 0
0.23373 0
0.23369 0
0.23365 0
0.23361 0
0.23352 0
0.2335 0
0.23342 0
0.23337 0
0.23335 0
0.23333 0
0.23322 0
0.23308 0
0.23308 0
0.23305 0
0.23304 0
0.23301 0
0.23299 0
0.23299 0
0.23299 0
0.23297 0
0.23295 0
0.23293 0
0.23289 0
0.23287 0
0.23285 0
0.23283 0
0.23267 0
0.23264 0
0.23261 0
0.23247 0
0.23245 0
0.23245 0
0.23242 1
0.23239 0
0.23228 0
0.23222 0
0.23221 0
0.23221 0
0.23221 0
0.23219 0
0.23218 0
0.23211 0
0.23209 0
0.23209 0
0.23203 0
0.23199 0
0.23199 0
0.23195 0
0.23191 0
0.23191 0
0.2319 0
0.23187 0
0.23187 0
0.23179 0
0.23176 0
0.23176 0
0.23172 0
0.23168 0
0.23168 0
0.23163 0
0.23162 0
0.23161 0
0.23152 0
0.23151 0
0.23147 0
0.23139 0
0.23139 0
0.23137 0
0.23126 0
0.23109 0
0.23102 0
0.231 0
0.23099 0
0.23097 0
0.2309 0
0.23089 0
0.23088 0
0.23083 0
0.23083 0
0.23079 0
0.23076 0
0.23075 0
0.23068 0
0.23064 0
0.23059 0
0.23056 0
0.23056 0
0.23043 0
0.23041 0
0.23037 0
0.23031 0
0.2303 0
0.23027 0
0.23026 0
0.23024 0
0.23024 1
0.23023 0
0.23015 0
0.23012 1
0.23009 0
0.23007 0
0.23004 0
0.23004 0
0.22996 1
0.22992 0
0.22992 0
0.22989 0
0.22977 0
0.22977 0
0.22974 0
0.22967 0
0.22966 0
0.22948 0
0.22946 0
0.2294 0
0.22934 0
0.22934 0
0.22929 0
0.22929 0
0.22929 0
0.22928 0
0.22924 1
0.22923 0
0.22919 0
0.22916 0
0.22914 0
0.22906 0
0.22905 0
0.229 0
0.22892 0
0.22892 0
0.22888 0
0.22883 0
0.22881 0
0.2288 0
0.22877 1
0.22873 0
0.22871 0
0.22859 0
0.22857 0
0.22854 0
0.22852 0
0.2285 1
0.22846 0
0.2284 0
0.22836 0
0.22821 0
0.22817 0
0.22812 0
0.22809 0
0.22808 0
0.22808 0
0.22804 0
0.22803 0
0.228 0
0.22799 1
0.22778 0
0.22778 1
0.22776 0
0.22769 0
0.22764 0
0.22763 0
0.22754 0
0.22751 0
0.22744 0
0.22742 1
0.2274 0
0.22736 0
0.22725 0
0.22723 0
0.22714 0
0.22713 0
0.22711 0
0.22706 0
0.22704 0
0.22703 0
0.22699 0
0.22698 0
0.22698 0
0.22697 0
0.22696 0
0.22696 0
0.22681 0
0.22679 0
0.22675 0
0.22674 1
0.22665 0
0.22663 0
0.22652 0
0.22649 0
0.22648 0
0.22644 0
0.22636 0
0.22634 0
0.22634 0
0.22628 0
0.22627 0
0.22627 0
0.22622 0
0.22621 0
0.22614 0
0.22605 0
0.22605 0
0.22605 0
0.22604 0
0.22603 0
0.22601 0
0.22599 0
0.22596 0
0.22588 0
0.22586 0
0.22577 0
0.22576 0
0.22573 0
0.22573 0
0.22571 0
0.22559 0
0.22548 0
0.22542 0
0.22542 0
0.22538 0
0.22535 0
0.22531 0
0.22531 0
0.22523 0
0.2252 0
0.22516 0
0.22506 0
0.22504 0
0.22503 0
0.225 0
0.22498 0
0.22492 0
0.22478 0
0.22477 0
0.22474 0
0.2247 0
0.2247 0
0.2247 1
0.22468 0
0.22466 0
0.22465 0
0.22465 0
0.22464 0
0.22463 0
0.2246 0
0.22457 0
0.22454 0
0.22454 0
0.22442 0
0.22442 0
0.22442 0
0.22441 0
0.22438 0
0.22431 0
0.22427 0
0.2242 0
0.2242 0
0.22417 0
0.22407 0
0.22404 1
0.22403 0
0.22397 0
0.22392 0
0.22381 0
0.2237 0
0.22364 0
0.2236 0
0.22356 0
0.22355 0
0.22354 0
0.2235 0
0.22349 0
0.22344 0
0.22342 0
0.22341 0
0.22338 0
0.22335 0
0.22325 0
0.22309 0
0.22309 0
0.22308 0
0.22299 0
0.22298 0
0.22297 0
0.22296 0
0.22294 0
0.22292 0
0.22291 0
0.22289 0
0.22285 0
0.22285 0
0.22272 0
0.22272 0
0.2227 0
0.2227 0
0.2227 0
0.22269 0
0.22267 0
0.22267 0
0.22265 0
0.22263 0
0.2226 0
0.22259 0
0.22257 0
0.22254 0
0.22249 0
0.22248 0
0.22246 0
0.22242 0
0.22242 0
0.22239 0
0.22239 0
0.22237 0
0.22236 0
0.22235 0
0.22234 0
0.22227 0
0.22225 0
0.22219 0
0.22218 0
0.22216 0
0.22215 0
0.22214 0
0.22208 0
0.22208 0
0.22207 0
0.22207 1
0.22204 0
0.22204 0
0.22191 0
0.22187 0
0.22185 0
0.22173 0
0.22172 0
0.22172 0
0.22171 0
0.22168 0
0.22166 0
0.22164 0
0.22158 0
0.22157 0
0.22154 0
0.22154 0
0.22152 0
0.2215 0
0.22142 0
0.22133 0
0.2213 0
0.22129 1
0.2212 0
0.22117 0
0.22105 0
0.22103 1
0.22102 0
0.22096 0
0.22095 0
0.22092 0
0.22092 0
0.22088 0
0.22085 0
0.22084 0
0.22078 0
0.22076 0
0.22074 0
0.22073 0
0.22073 0
0.22072 0
0.22072 0
0.22069 0
0.22069 0
0.22066 0
0.22065 0
0.22059 0
0.22056 0
0.22055 0
0.22054 0
0.22052 0
0.2205 0
0.22049 0
0.22048 0
0.22042 0
0.2204 0
0.2204 0
0.22037 0
0.22033 0
0.22032 0
0.22031 0
0.22031 0
0.22015 0
0.22008 0
0.22 0
0.21995 0
0.21992 0
0.21989 0
0.2198 0
0.2198 0
0.2198 0
0.21975 0
0.21974 0
0.21968 0
0.21964 0
0.21956 0
0.21949 0
0.21946 0
0.21944 0
0.21936 0
0.21935 1
0.21934 0
0.21926 0
0.21923 0
0.21923 0
0.21921 0
0.21919 0
0.21918 0
0.21912 0
0.21911 0
0.21911 0
0.21904 0
0.219 0
0.21896 0
0.21891 0
0.21889 0
0.21889 0
0.21887 0
0.21882 0
0.21876 0
0.21872 0
0.2187 0
0.2187 1
0.21866 0
0.21865 0
0.21865 0
0.21861 0
0.2186 0
0.2186 0
0.21858 0
0.21852 0
0.21849 0
0.21848 0
0.21845 0
0.21845 0
0.21842 0
0.21835 0
0.21815 0
0.21813 0
0.21804 1
0.21803 0
0.21802 0
0.21801 0
0.21798 0
0.21788 0
0.21787 0
0.21787 0
0.21784 0
0.21782 0
0.21778 0
0.21777 0
0.21777 0
0.21776 0
0.21774 0
0.21772 0
0.21772 1
0.21768 0
0.21768 0
0.21765 0
0.21764 0
0.21762 0
0.21757 0
0.21754 0
0.2175 0
0.21749 0
0.21746 0
0.21746 0
0.21737 0
0.21736 0
0.21734 0
0.21734 1
0.21731 0
0.21728 0
0.21727 0
0.21727 0
0.21726 1
0.21723 0
0.2172 0
0.21719 0
0.21718 0
0.21714 0
0.21712 0
0.2171 0
0.21706 0
0.21702 0
0.217 0
0.21699 0
0.21697 0
0.21689 0
0.21689 0
0.21684 0
0.21684 0
0.21683 0
0.21681 0
0.2167 0
0.21666 0
0.21665 0
0.21663 0
0.21655 0
0.21653 0
0.21648 0
0.21647 0
0.21646 0
0.21639 0
0.2163 0
0.21629 0
0.21619 1
0.21617 0
0.21608 0
0.21607 0
0.21603 0
0.21602 0
0.21601 0
0.21592 0
0.21587 0
0.21584 0
0.2158 0
0.21577 0
0.21577 0
0.21575 0
0.21569 0
0.21569 0
0.21567 0
0.21562 0
0.21555 0
0.21554 0
0.21553 0
0.21551 0
0.21548 0
0.21546 0
0.21545 0
0.21544 0
0.21541 0
0.21541 0
0.21539 0
0.21535 0
0.21534 0
0.21529 0
0.21528 0
0.21527 0
0.21527 0
0.21526 0
0.21522 0
0.21515 0
0.21511 0
0.2151 0
0.21508 0
0.21508 0
0.21505 0
0.21502 0
0.21501 0
0.215 0
0.215 0
0.21497 0
0.21494 0
0.21493 0
0.21491 0
0.21485 0
0.21482 0
0.21482 0
0.21472 0
0.2147 0
0.21465 0
0.21461 1
0.21457 0
0.21446 0
0.21446 0
0.21442 0
0.21439 0
0.21435 0
0.21434 0
0.21431 0
0.21413 0
0.2141 0
0.2141 0
0.21406 0
0.21405 0
0.21403 0
0.21401 0
0.21393 0
0.21392 0
0.21391 0
0.21387 0
0.21386 0
0.21386 0
0.21386 0
0.21385 0
0.21384 0
0.21382 0
0.21377 0
0.21376 0
0.21368 0
0.21365 0
0.21364 0
0.21362 0
0.2136 0
0.21359 0
0.21356 0
0.21356 0
0.21349 0
0.21345 0
0.21341 0
0.21341 0
0.2134 0
0.2134 0
0.21338 0
0.21335 0
0.21335 0
0.21335 0
0.21335 0
0.21333 0
0.2133 0
0.2133 0
0.21327 0
0.21327 0
0.21326 0
0.21326 0
0.21319 0
0.21318 0
0.21317 0
0.21312 0
0.21311 0
0.21311 0
0.21309 0
0.21307 0
0.21307 0
0.21306 0
0.21305 0
0.21301 0
0.213 0
0.21296 0
0.21296 0
0.21293 0
0.21292 0
0.21288 0
0.21284 0
0.21282 1
0.21281 0
0.2128 0
0.21276 0
0.21275 0
0.21275 0
0.21274 0
0.21274 0
0.21267 0
0.21266 0
0.21262 0
0.21259 1
0.21254 0
0.21253 0
0.21244 0
0.21243 0
0.21242 0
0.21241 0
0.21241 0
0.2124 0
0.21238 0
0.21228 0
0.21227 0
0.21226 0
0.21226 0
0.2122 0
0.21219 0
0.21208 0
0.21207 0
0.21207 0
0.21202 0
0.21201 0
0.212 0
0.21196 0
0.21195 0
0.21194 1
0.21192 0
0.2119 0
0.2119 0
0.21188 0
0.21187 0
0.21182 0
0.21178 0
0.21178 0
0.21178 0
0.21176 0
0.21175 0
0.21171 0
0.2117 0
0.21169 0
0.21167 0
0.21166 0
0.21163 0
0.21159 0
0.21158 0
0.21154 0
0.21154 0
0.21151 0
0.21144 0
0.21142 0
0.21132 0
0.2113 0
0.21128 0
0.21126 0
0.21123 0
0.21121 0
0.21117 0
0.21113 0
0.21105 0
0.21104 0
0.21099 0
0.21098 0
0.21096 0
0.21096 0
0.21096 0
0.21091 0
0.21085 0
0.21085 0
0.21082 0
0.21078 0
0.21075 0
0.2107 0
0.21064 0
0.2106 0
0.21059 0
0.21059 0
0.21059 0
0.21056 0
0.2105 0
0.21049 0
0.21046 0
0.2104 0
0.21039 0
0.21038 0
0.21033 0
0.21029 0
0.21028 0
0.21026 0
0.21019 0
0.21019 0
0.21014 0
0.21012 0
0.2101 0
0.21009 0
0.21008 0
0.21008 0
0.21005 0
0.21003 0
0.21001 0
0.21001 0
0.21 0
0.20999 0
0.20998 0
0.20995 0
0.20989 0
0.20988 0
0.20987 0
0.20985 0
0.20981 0
0.20979 0
0.20976 0
0.20975 0
0.20975 1
0.2097 0
0.20966 0
0.2096 0
0.20958 0
0.20955 0
0.20953 0
0.20952 0
0.20948 0
0.20947 0
0.2094 0
0.2094 0
0.20939 0
0.20938 0
0.20935 0
0.20934 0
0.2093 0
0.20929 0
0.20927 0
0.20924 0
0.2092 0
0.20918 0
0.20918 0
0.20913 0
0.20911 0
0.20906 0
0.20905 0
0.20901 0
0.20898 1
0.20897 0
0.20896 0
0.20896 0
0.20883 0
0.20881 0
0.20879 0
0.20879 0
0.20875 0
0.20873 0
0.20869 0
0.20869 0
0.20863 0
0.2086 0
0.20855 0
0.20853 0
0.20853 0
0.20852 0
0.20852 0
0.20852 0
0.20849 0
0.20847 0
0.20846 0
0.20846 1
0.20844 0
0.20843 0
0.20842 0
0.20841 0
0.20834 0
0.20832 0
0.2083 0
0.20828 0
0.20828 0
0.20827 0
0.20825 0
0.20822 0
0.20822 0
0.20814 0
0.20813 0
0.20813 0
0.20809 0
0.20808 0
0.20805 0
0.20801 0
0.208 0
0.20799 0
0.20799 0
0.20798 0
0.20798 0
0.20798 0
0.20796 0
0.20794 0
0.20793 0
0.20791 0
0.20791 0
0.20786 0
0.20784 0
0.20782 0
0.20781 0
0.20777 0
0.20774 0
0.20774 0
0.20772 0
0.2077 0
0.20768 0
0.20766 0
0.20762 0
0.20762 0
0.2076 0
0.20745 0
0.20736 0
0.20735 0
0.20731 0
0.20725 0
0.20725 0
0.20725 0
0.20721 0
0.20717 0
0.20716 0
0.20716 0
0.20714 0
0.20709 0
0.20707 0
0.20703 0
0.207 0
0.20696 0
0.20694 0
0.2069 0
0.20687 0
0.20683 0
0.20681 0
0.20679 0
0.20672 0
0.20656 0
0.20654 0
0.20652 0
0.2065 0
0.20649 0
0.20644 0
0.20637 0
0.20635 0
0.20633 0
0.20631 0
0.2062 0
0.20617 0
0.20615 0
0.20614 0
0.20612 0
0.2061 0
0.20608 0
0.20605 0
0.20602 0
0.20596 0
0.20595 0
0.20591 0
0.20588 0
0.20587 0
0.20586 0
0.20586 0
0.20584 0
0.20584 0
0.20583 0
0.20578 0
0.20576 0
0.20575 0
0.2057 0
0.2057 0
0.20564 0
0.20559 0
0.20554 0
0.20552 0
0.20551 0
0.20535 0
0.20532 0
0.20532 0
0.20532 0
0.2052 0
0.20513 0
0.20511 0
0.20508 0
0.20496 0
0.2049 0
0.20489 0
0.20484 0
0.20484 0
0.20483 0
0.2048 0
0.2048 0
0.20476 0
0.20465 0
0.20462 1
0.20461 0
0.20456 0
0.20452 0
0.20451 0
0.20451 0
0.20451 0
0.20447 0
0.20445 0
0.20445 0
0.20427 0
0.20425 0
0.20425 0
0.20424 0
0.20423 0
0.20417 0
0.20417 0
0.20415 0
0.20415 0
0.20415 1
0.20414 0
0.20412 0
0.20405 0
0.20404 0
0.20403 0
0.20402 0
0.20402 0
0.204 0
0.204 0
0.20396 0
0.20395 0
0.20393 0
0.20386 0
0.20385 0
0.20377 0
0.20372 0
0.20371 0
0.20367 0
0.20367 0
0.20366 0
0.20364 0
0.20363 0
0.20362 0
0.20362 0
0.20362 0
0.20361 0
0.20358 0
0.20355 0
0.20355 0
0.20351 0
0.20343 0
0.20342 0
0.20341 0
0.20334 0
0.20333 0
0.20329 0
0.20327 0
0.20319 0
0.20316 0
0.20305 0
0.20303 0
0.20297 0
0.20295 0
0.20294 0
0.2029 0
0.20287 0
0.20285 0
0.20284 0
0.20284 0
0.20282 0
0.20281 0
0.20278 0
0.20273 0
0.2027 0
0.20267 0
0.20262 0
0.20261 0
0.2026 0
0.20259 0
0.20258 0
0.20258 0
0.20258 0
0.20257 0
0.20253 0
0.20253 0
0.2025 0
0.20249 0
0.20248 0
0.20247 0
0.20242 0
0.20242 0
0.20241 0
0.2024 0
0.20239 0
0.20237 0
0.20236 0
0.20232 0
0.20227 0
0.20226 0
0.20222 0
0.20211 0
0.2021 0
0.20208 0
0.20199 0
0.20197 0
0.20192 0
0.20192 0
0.2019 0
0.20186 0
0.20184 0
0.20183 0
0.20182 0
0.2018 0
0.20179 0
0.20175 1
0.20174 0
0.20172 0
0.20169 0
0.20168 0
0.20165 0
0.20164 0
0.20163 0
0.20159 0
0.20155 0
0.20155 0
0.2015 0
0.20148 0
0.20138 0
0.20137 0
0.20133 0
0.20133 0
0.20122 0
0.2012 0
0.2012 0
0.20118 0
0.20117 0
0.20112 0
0.2011 0
0.20103 0
0.20099 0
0.20097 0
0.20085 0
0.20083 0
0.20082 0
0.20079 0
0.20079 0
0.20074 0
0.20074 1
0.20073 0
0.20073 0
0.20073 0
0.20068 0
0.20065 0
0.20065 0
0.20064 0
0.20056 0
0.20055 0
0.20055 0
0.20052 0
0.20048 0
0.20048 0
0.20046 0
0.20046 0
0.20046 0
0.20043 0
0.20041 0
0.20041 0
0.20038 0
0.20037 0
0.20037 0
0.20036 0
0.20036 0
0.20033 0
0.20031 0
0.2003 0
0.20022 0
0.20021 0
0.20021 0
0.20018 0
0.20017 0
0.20017 0
0.20017 0
0.20011 0
0.20008 0
0.20008 0
0.20007 0
0.20007 0
0.20006 0
0.20005 0
0.20005 0
0.19996 0
0.19995 0
0.19992 0
0.19992 0
0.19989 0
0.19988 0
0.19987 0
0.19987 0
0.19983 0
0.19975 0
0.19971 0
0.19968 0
0.19967 0
0.19964 0
0.19964 0
0.19962 0
0.19955 0
0.19951 0
0.1995 0
0.19944 0
0.19942 0
0.19941 0
0.19935 0
0.19932 0
0.19931 0
0.19927 0
0.19924 0
0.19923 0
0.19922 0
0.1992 0
0.19919 0
0.19919 0
0.19917 0
0.19908 0
0.19908 0
0.19907 0
0.19905 0
0.19903 0
0.19901 0
0.19901 0
0.19899 0
0.19897 0
0.19892 0
0.19891 0
0.19891 0
0.1989 0
0.19886 0
0.19886 0
0.19882 0
0.19871 0
0.19865 0
0.19863 0
0.19863 0
0.19862 0
0.19857 0
0.19856 0
0.19853 0
0.19852 0
0.19849 0
0.19847 0
0.19843 0
0.19841 0
0.19839 0
0.19834 0
0.19827 0
0.19826 0
0.19814 1
0.19811 0
0.1981 0
0.19809 0
0.19806 0
0.19804 0
0.19804 0
0.19803 0
0.19799 0
0.19797 0
0.19795 0
0.19789 0
0.19788 0
0.19788 0
0.19788 0
0.19782 0
0.19779 0
0.19779 0
0.19775 0
0.19773 0
0.19771 0
0.19771 0
0.19768 1
0.19767 0
0.19766 0
0.19763 0
0.19759 0
0.19759 0
0.19754 0
0.19751 0
0.19749 0
0.19747 0
0.19745 0
0.19743 0
0.19739 0
0.19739 0
0.19737 0
0.19729 0
0.19726 0
0.19723 0
0.19722 0
0.19721 0
0.19717 0
0.19716 0
0.19713 0
0.1971 0
0.19706 0
0.19704 0
0.19703 0
0.19699 0
0.19699 0
0.19699 0
0.19694 0
0.19692 0
0.19691 0
0.1969 0
0.1969 0
0.19689 0
0.19687 0
0.19686 0
0.19682 0
0.19681 0
0.19679 0
0.19679 0
0.19678 0
0.19678 0
0.19677 0
0.19677 0
0.19677 0
0.19676 0
0.19675 0
0.19674 0
0.19672 0
0.19671 0
0.1967 0
0.19665 0
0.19661 0
0.19647 0
0.19644 0
0.19644 0
0.19642 0
0.19642 0
0.19642 0
0.19641 0
0.1964 0
0.19638 0
0.19635 0
0.19635 1
0.19634 0
0.19633 0
0.1963 0
0.1963 0
0.19628 0
0.19628 0
0.19626 0
0.19624 0
0.19623 0
0.1962 0
0.1962 0
0.19619 0
0.19618 0
0.19616 0
0.19615 0
0.19615 1
0.19609 0
0.19606 0
0.19605 0
0.19601 0
0.19595 0
0.19593 0
0.19592 0
0.19586 0
0.19584 0
0.19584 0
0.19584 1
0.19583 0
0.19583 0
0.19579 0
0.19579 0
0.19575 0
0.19573 0
0.19571 0
0.1957 0
0.19569 0
0.19567 0
0.19563 0
0.19563 0
0.19557 0
0.19556 0
0.19556 0
0.19555 0
0.19554 0
0.19553 0
0.19552 0
0.1955 0
0.19548 0
0.19545 0
0.19545 0
0.19543 0
0.1954 0
0.19539 0
0.19539 0
0.19537 0
0.19537 0
0.19536 0
0.19535 0
0.19535 0
0.19533 0
0.19532 0
0.19531 0
0.19528 0
0.19526 0
0.19525 0
0.19522 0
0.19513 0
0.19513 1
0.1951 0
0.19509 0
0.19507 0
0.19507 0
0.19504 0
0.19503 0
0.19501 0
0.19501 0
0.19501 0
0.19499 0
0.19497 0
0.19496 0
0.19495 0
0.19494 0
0.19493 0
0.19488 0
0.19486 0
0.19485 0
0.19485 0
0.19484 0
0.19481 0
0.1948 0
0.19476 0
0.19476 0
0.19471 0
0.19468 0
0.19466 0
0.19466 0
0.19459 0
0.19455 0
0.19455 0
0.19453 0
0.1945 0
0.19436 0
0.19435 0
0.19432 0
0.19432 0
0.19432 0
0.19431 0
0.19431 0
0.19429 0
0.19426 0
0.19425 0
0.19423 0
0.19419 0
0.19418 0
0.19418 0
0.19418 0
0.19416 0
0.19414 0
0.19413 0
0.19412 0
0.19408 0
0.19407 0
0.19406 0
0.19404 0
0.19403 0
0.19403 0
0.19402 0
0.19399 0
0.19398 0
0.19397 0
0.19397 0
0.19394 0
0.19393 0
0.19388 0
0.19387 0
0.19387 0
0.19385 0
0.19382 0
0.19381 0
0.1938 0
0.19377 0
0.19368 0
0.19366 0
0.19361 0
0.1936 0
0.19359 0
0.19358 0
0.19358 0
0.19357 0
0.19355 0
0.19353 0
0.19349 0
0.19343 0
0.19337 0
0.19333 0
0.19333 0
0.19331 0
0.19325 0
0.19323 0
0.19319 0
0.19318 0
0.19317 0
0.19317 0
0.19315 0
0.19308 0
0.19306 0
0.19303 0
0.19303 0
0.19301 0
0.19299 0
0.19295 0
0.19295 0
0.19293 0
0.19292 0
0.19289 0
0.19288 0
0.19284 0
0.19284 0
0.19281 0
0.19277 0
0.19276 0
0.19275 0
0.19274 0
0.19273 0
0.19273 0
0.1927 0
0.19269 0
0.19269 0
0.19267 0
0.19264 0
0.19263 0
0.19262 0
0.1926 0
0.19259 0
0.19257 0
0.19256 0
0.19255 0
0.19247 0
0.19246 0
0.19245 0
0.19244 0
0.19242 0
0.19242 0
0.1924 0
0.19239 0
0.19237 0
0.19237 0
0.19236 0
0.19235 0
0.19234 0
0.19233 0
0.19231 0
0.1923 0
0.19226 0
0.19225 0
0.19221 0
0.19219 0
0.19219 0
0.19213 0
0.19209 0
0.19207 0
0.19207 0
0.19203 0
0.192 0
0.19197 0
0.19196 0
0.19192 0
0.19188 0
0.19187 0
0.19185 0
0.19185 0
0.19184 0
0.1918 0
0.19179 0
0.19179 0
0.19163 0
0.19162 0
0.19161 0
0.1916 0
0.19159 0
0.19159 0
0.19159 0
0.19155 0
0.19155 1
0.19153 0
0.19153 0
0.19153 0
0.1915 0
0.1915 0
0.19147 0
0.19146 0
0.19145 0
0.19143 0
0.19141 0
0.1914 0
0.19139 0
0.19139 0
0.19138 1
0.19132 0
0.19132 0
0.1913 0
0.19129 0
0.19129 0
0.19119 0
0.19115 1
0.19113 0
0.19111 0
0.19109 0
0.19107 0
0.19105 0
0.19104 0
0.19103 0
0.19101 0
0.19099 0
0.19095 0
0.19093 0
0.19089 0
0.19088 0
0.19085 0
0.1908 0
0.19075 0
0.19066 0
0.19066 0
0.19065 0
0.19062 0
0.19061 0
0.19059 0
0.19057 0
0.19054 0
0.19054 0
0.19054 0
0.19051 0
0.19048 0
0.19043 0
0.19039 0
0.19036 0
0.19033 0
0.19023 0
0.19022 0
0.1902 0
0.19018 0
0.19016 0
0.19014 0
0.19012 0
0.19012 0
0.19011 0
0.19009 0
0.19007 0
0.19001 0
0.19 0
0.19 0
0.19 0
0.18998 0
0.18987 0
0.18986 0
0.18984 0
0.18983 0
0.1898 0
0.18979 0
0.18976 0
0.18975 0
0.18972 0
0.18972 0
0.1897 0
0.1897 0
0.18969 0
0.18965 0
0.18963 0
0.18962 0
0.18962 0
0.18961 1
0.18957 0
0.18957 0
0.18955 0
0.18954 0
0.18952 0
0.1895 0
0.18947 0
0.18947 0
0.18941 0
0.18939 0
0.18933 0
0.18933 0
0.18931 0
0.18931 0
0.18929 0
0.18927 0
0.18926 0
0.18926 0
0.18925 0
0.18919 0
0.18918 0
0.18918 0
0.18918 0
0.18917 0
0.18913 0
0.18905 0
0.18902 0
0.18901 0
0.189 0
0.18897 0
0.18897 0
0.18896 0
0.18895 0
0.1889 0
0.18889 0
0.18886 0
0.18882 0
0.18882 0
0.1888 0
0.1888 0
0.18877 0
0.18877 0
0.18877 0
0.18868 0
0.18867 0
0.18865 0
0.1886 0
0.18859 0
0.18859 0
0.18857 0
0.18855 0
0.18853 0
0.18851 0
0.18851 0
0.18844 0
0.18844 0
0.1884 0
0.18838 0
0.18837 0
0.18835 0
0.18833 0
0.18831 0
0.1883 0
0.1883 0
0.18829 0
0.18829 0
0.18827 0
0.18826 0
0.18826 0
0.18817 0
0.18817 0
0.18817 0
0.18817 0
0.18814 0
0.18811 0
0.18808 0
0.18808 0
0.18807 0
0.18806 0
0.18805 0
0.18804 0
0.18801 0
0.18793 0
0.18793 0
0.1879 0
0.18789 0
0.18786 0
0.18786 0
0.18786 0
0.18786 0
0.18785 0
0.18785 0
0.18784 0
0.18777 0
0.18776 0
0.18773 0
0.18769 0
0.18769 0
0.18764 0
0.18763 0
0.18762 0
0.18759 0
0.18757 0
0.18756 0
0.18756 0
0.18754 0
0.18752 0
0.18749 0
0.18749 0
0.18745 0
0.18743 0
0.1874 0
0.18739 0
0.18732 0
0.18729 0
0.18729 0
0.18729 0
0.18728 0
0.18728 0
0.18726 0
0.18724 0
0.1872 0
0.18715 0
0.18715 0
0.18715 0
0.18715 0
0.18714 0
0.18712 0
0.1871 0
0.1871 0
0.1871 0
0.18709 0
0.18709 0
0.18706 0
0.18706 0
0.18702 0
0.18693 0
0.1869 0
0.18688 0
0.18687 0
0.18684 0
0.18679 0
0.18678 0
0.18677 0
0.18677 0
0.18675 0
0.18674 0
0.18671 0
0.1867 0
0.1867 0
0.18668 0
0.18665 0
0.18665 0
0.18665 0
0.18663 0
0.18658 0
0.18657 0
0.18656 0
0.18656 0
0.18654 0
0.18654 0
0.18652 0
0.18651 0
0.1865 0
0.1865 0
0.18647 0
0.18646 0
0.18646 0
0.18642 0
0.18642 0
0.18639 0
0.18635 0
0.18633 0
0.18632 0
0.1863 0
0.1863 0
0.18629 0
0.18626 0
0.18626 0
0.18623 0
0.18621 0
0.18621 0
0.18621 0
0.18621 0
0.1862 0
0.18619 0
0.18618 0
0.18614 0
0.18611 0
0.18609 0
0.18603 0
0.18603 0
0.18601 0
0.186 0
0.18599 0
0.18596 0
0.18593 1
0.18592 0
0.18591 0
0.18588 0
0.18587 0
0.18586 0
0.18585 0
0.18583 0
0.18582 0
0.18581 1
0.1858 0
0.18579 0
0.18572 0
0.1857 0
0.1857 0
0.18569 0
0.18568 0
0.18568 0
0.18567 0
0.18566 0
0.18565 0
0.18565 0
0.18562 0
0.18562 0
0.18559 0
0.18558 0
0.18554 0
0.1855 0
0.18549 0
0.18549 0
0.18546 0
0.18545 0
0.18543 0
0.18542 0
0.1854 0
0.1854 0
0.18538 0
0.18537 0
0.18534 0
0.18533 0
0.18532 0
0.1853 0
0.18525 0
0.18524 0
0.18523 0
0.18521 0
0.1852 0
0.18518 0
0.18517 0
0.18507 0
0.18507 0
0.18507 0
0.18506 0
0.18505 0
0.18501 0
0.18499 0
0.18498 0
0.18495 0
0.18494 0
0.18492 0
0.18491 0
0.1849 0
0.18489 0
0.18486 0
0.18484 0
0.1848 0
0.18475 0
0.18472 0
0.18472 0
0.18466 0
0.18465 0
0.18464 0
0.18464 0
0.18463 0
0.18461 0
0.18459 0
0.18453 0
0.18452 0
0.18451 0
0.18449 0
0.18449 0
0.18447 0
0.18446 0
0.18445 0
0.18443 0
0.18443 0
0.18443 0
0.18441 0
0.18437 0
0.18434 0
0.18433 0
0.1843 0
0.18424 0
0.18424 0
0.18423 0
0.18421 0
0.18418 0
0.18411 0
0.18404 0
0.18403 0
0.18396 0
0.18396 0
0.18395 0
0.1839 0
0.18389 0
0.18388 0
0.18387 0
0.18385 0
0.18385 0
0.18384 0
0.18379 0
0.18378 0
0.18378 0
0.18374 0
0.18372 0
0.1837 0
0.1837 0
0.18369 0
0.18367 0
0.18365 0
0.18364 0
0.18361 0
0.18359 0
0.18357 0
0.18355 0
0.18355 0
0.18354 0
0.18352 0
0.18351 0
0.1835 0
0.18349 0
0.18349 0
0.18348 0
0.18348 0
0.18346 0
0.18346 0
0.18345 0
0.18344 0
0.18344 0
0.18344 0
0.18343 0
0.1834 0
0.18339 0
0.18338 0
0.18337 0
0.18336 0
0.18335 0
0.18328 0
0.18326 0
0.18325 0
0.18324 0
0.18322 0
0.1832 0
0.18319 0
0.18317 0
0.18316 0
0.18316 0
0.18311 0
0.1831 0
0.18309 0
0.18309 0
0.18308 0
0.18306 0
0.18305 0
0.18302 0
0.18299 0
0.18296 0
0.18288 0
0.18284 0
0.18284 0
0.18283 0
0.1828 0
0.18279 0
0.18277 0
0.18275 0
0.18274 0
0.18274 0
0.18271 0
0.18271 0
0.18267 0
0.18261 0
0.1826 0
0.18259 0
0.18258 0
0.18257 0
0.18257 0
0.18256 0
0.18256 0
0.18255 0
0.18254 0
0.18252 0
0.18246 0
0.18245 0
0.18244 0
0.18243 0
0.18241 0
0.18241 0
0.18239 0
0.18238 0
0.18236 0
0.18236 0
0.18236 0
0.18236 0
0.18232 0
0.1823 0
0.18225 0
0.18222 0
0.18219 0
0.18218 0
0.18217 0
0.18214 0
0.18213 0
0.18212 0
0.18212 0
0.18212 0
0.18209 0
0.18209 0
0.18207 0
0.18207 0
0.18207 0
0.18205 1
0.18204 0
0.18201 0
0.18199 0
0.18198 0
0.18195 0
0.18194 0
0.18193 0
0.18183 0
0.18182 0
0.18179 0
0.18173 0
0.1817 0
0.18166 0
0.18162 0
0.18161 0
0.18161 0
0.18157 0
0.18155 0
0.18152 0
0.18151 0
0.18146 0
0.18145 0
0.18144 0
0.18143 0
0.18142 0
0.18141 0
0.1813 0
0.1813 0
0.18129 0
0.18127 0
0.18122 0
0.1812 0
0.1812 0
0.18119 0
0.18117 0
0.18115 0
0.18112 0
0.18112 0
0.18111 0
0.18105 0
0.18105 0
0.181 0
0.18095 0
0.18095 0
0.18094 0
0.18092 0
0.18091 0
0.1809 0
0.18087 0
0.18087 0
0.18086 0
0.18082 0
0.18082 0
0.18079 0
0.18079 0
0.18078 0
0.18077 0
0.18074 0
0.18072 0
0.18068 0
0.18063 0
0.1806 0
0.18056 0
0.18052 0
0.18052 0
0.1805 0
0.1805 0
0.18049 0
0.18043 0
0.18043 0
0.18042 0
0.1804 0
0.18039 0
0.18038 0
0.18037 0
0.18034 0
0.18034 0
0.18034 0
0.18033 0
0.18033 0
0.18033 0
0.1803 0
0.1803 0
0.18025 0
0.18023 0
0.18021 0
0.18021 0
0.18021 0
0.1802 0
0.18019 0
0.18019 0
0.18018 0
0.18015 0
0.18013 0
0.18013 0
0.18012 0
0.1801 0
0.18005 0
0.18005 0
0.18004 0
0.18001 0
0.17999 0
0.17999 0
0.17998 0
0.17996 0
0.17995 0
0.17988 0
0.17988 0
0.17987 0
0.17985 0
0.17982 0
0.17982 0
0.17981 0
0.17979 0
0.17978 0
0.17973 0
0.17973 0
0.17972 0
0.17969 0
0.17967 0
0.17962 0
0.17961 0
0.17958 0
0.17956 0
0.17954 0
0.17952 0
0.1795 0
0.17949 0
0.17949 0
0.17949 0
0.17947 0
0.17947 0
0.17946 0
0.17945 0
0.17945 0
0.17944 0
0.17943 0
0.17936 0
0.17933 0
0.17932 0
0.17932 0
0.1793 0
0.17923 0
0.17921 0
0.1792 0
0.17919 0
0.17918 0
0.17916 0
0.17916 0
0.17914 0
0.17911 0
0.17909 0
0.17907 0
0.17907 0
0.17905 0
0.17903 0
0.17901 0
0.179 0
0.179 0
0.179 0
0.17899 0
0.17897 0
0.17897 0
0.1789 0
0.1788 0
0.17879 0
0.17878 0
0.17876 0
0.17875 0
0.17866 0
0.17866 0
0.1786 0
0.17859 0
0.17859 0
0.17859 0
0.17857 0
0.17854 0
0.17849 0
0.17848 0
0.17847 0
0.17843 0
0.17839 0
0.17838 0
0.17833 0
0.17831 0
0.17828 0
0.17828 0
0.17826 0
0.17825 0
0.17821 0
0.1782 0
0.17819 0
0.17816 0
0.17814 0
0.17813 0
0.17813 0
0.1781 0
0.1781 0
0.17805 0
0.17803 0
0.17802 0
0.17801 0
0.178 0
0.178 0
0.17799 0
0.17799 0
0.17798 0
0.17797 0
0.17796 0
0.17794 0
0.17792 0
0.17792 0
0.17792 0
0.17791 0
0.1779 1
0.17789 0
0.17787 0
0.17785 0
0.17783 0
0.17783 0
0.17781 0
0.17778 0
0.17777 0
0.17776 0
0.17774 0
0.17773 1
0.17772 0
0.17772 0
0.17771 0
0.1777 0
0.17768 0
0.17767 0
0.17764 0
0.17763 0
0.17763 0
0.17761 0
0.17761 0
0.17757 0
0.17754 1
0.17753 0
0.1775 0
0.17749 0
0.17749 0
0.17749 0
0.17748 0
0.17739 0
0.17738 0
0.17736 0
0.17736 0
0.17736 0
0.17733 0
0.17732 0
0.1773 0
0.1773 0
0.17727 0
0.17727 0
0.17722 0
0.17719 0
0.17719 0
0.17718 0
0.17715 0
0.17714 0
0.17713 0
0.17712 0
0.17711 0
0.17711 0
0.17709 0
0.17707 0
0.177 0
0.177 0
0.177 0
0.17699 0
0.17696 0
0.17689 0
0.17689 0
0.17684 0
0.17682 0
0.17681 0
0.17679 0
0.17677 0
0.17677 0
0.17677 0
0.1767 0
0.17669 0
0.17669 0
0.17668 0
0.17666 0
0.17666 0
0.17662 0
0.17659 0
0.17658 0
0.17658 0
0.17655 0
0.17655 0
0.17653 0
0.1765 0
0.17648 0
0.17647 0
0.17647 0
0.17644 0
0.17643 0
0.17642 0
0.17641 0
0.17641 0
0.17641 0
0.17639 0
0.17638 0
0.17638 0
0.17636 0
0.17636 0
0.17636 0
0.17635 0
0.17632 0
0.17631 0
0.17629 0
0.17624 0
0.17624 0
0.17623 0
0.1762 0
0.17619 0
0.17616 0
0.17616 0
0.17615 0
0.17614 0
0.17613 0
0.17611 0
0.17609 0
0.17607 0
0.17606 0
0.17605 0
0.17605 0
0.17605 0
0.17603 0
0.17602 0
0.176 0
0.17595 0
0.17595 0
0.17594 0
0.17591 0
0.17585 0
0.17585 0
0.17585 0
0.1758 0
0.1758 0
0.17579 0
0.17578 0
0.17575 0
0.17575 0
0.17573 0
0.17572 0
0.17572 0
0.17572 0
0.17568 0
0.17567 0
0.17567 0
0.17566 0
0.17565 0
0.17563 0
0.17563 0
0.17561 0
0.17559 0
0.17556 0
0.17556 0
0.17555 0
0.17554 0
0.17554 0
0.17553 0
0.1755 0
0.17549 0
0.17549 0
0.17546 0
0.17545 0
0.17542 0
0.17542 0
0.17538 0
0.17536 0
0.17534 0
0.17534 0
0.17533 0
0.17529 0
0.17524 0
0.17522 0
0.1752 0
0.1752 0
0.17517 0
0.17517 0
0.17515 0
0.17515 0
0.17514 0
0.1751 0
0.1751 0
0.17509 0
0.17508 0
0.17507 0
0.17505 0
0.17503 0
0.17503 0
0.175 0
0.17499 0
0.17494 0
0.17489 0
0.17488 0
0.17487 0
0.17486 0
0.17485 0
0.17482 0
0.17482 0
0.1748 0
0.17479 0
0.17477 0
0.17473 0
0.17472 0
0.1747 0
0.1747 0
0.1747 0
0.17466 0
0.17465 0
0.17465 0
0.17458 0
0.17457 0
0.17456 0
0.17454 0
0.17452 0
0.17451 0
0.17451 0
0.1745 0
0.1745 0
0.17449 0
0.17449 0
0.17449 0
0.17448 0
0.17445 0
0.17445 0
0.17443 0
0.17443 0
0.17435 0
0.17432 0
0.1743 0
0.17429 0
0.17428 0
0.17426 0
0.17422 0
0.17419 0
0.17416 0
0.17416 0
0.17413 0
0.17411 0
0.17409 0
0.17408 0
0.17405 0
0.17403 0
0.17401 0
0.17398 0
0.17396 0
0.17391 0
0.1739 0
0.17388 0
0.17386 0
0.17382 0
0.17378 0
0.17378 0
0.17378 0
0.17378 1
0.17375 0
0.17374 0
0.17372 0
0.17371 0
0.17371 0
0.17367 0
0.17363 0
0.17363 0
0.17362 0
0.17358 0
0.17356 0
0.17355 0
0.17354 0
0.17354 0
0.17353 0
0.17351 0
0.17349 0
0.17346 0
0.1734 0
0.17339 0
0.17338 0
0.17338 0
0.17329 0
0.17325 0
0.17323 0
0.17319 0
0.17318 0
0.17318 0
0.17315 0
0.17311 0
0.17311 0
0.17309 0
0.17307 0
0.17306 0
0.17306 0
0.17306 0
0.17304 0
0.17303 0
0.17303 0
0.17297 0
0.17295 0
0.17292 0
0.17292 0
0.17292 0
0.17279 0
0.17278 0
0.17278 0
0.17271 0
0.1727 0
0.1727 0
0.17266 0
0.17266 0
0.17264 0
0.17264 0
0.17264 0
0.17262 0
0.17261 0
0.17259 0
0.17258 0
0.17257 0
0.17256 0
0.17256 0
0.17251 0
0.1725 0
0.17246 0
0.17242 0
0.17242 0
0.1724 0
0.17238 0
0.17237 0
0.17234 0
0.17233 0
0.1723 0
0.1723 0
0.17227 0
0.17226 0
0.17225 0
0.17224 0
0.17223 0
0.17222 0
0.17221 0
0.1722 0
0.1722 0
0.17218 0
0.17216 0
0.17214 0
0.17213 0
0.17208 0
0.17207 0
0.17207 0
0.17206 0
0.17206 0
0.17204 0
0.17202 0
0.17202 0
0.172 0
0.17195 0
0.17194 0
0.17193 0
0.17189 0
0.17189 0
0.17188 0
0.17187 0
0.17185 0
0.17185 0
0.17184 0
0.17181 0
0.17181 0
0.17178 0
0.17178 0
0.17177 0
0.17176 0
0.17173 0
0.17165 0
0.17161 0
0.1716 0
0.17158 0
0.17157 0
0.17156 0
0.17155 0
0.17155 0
0.17155 0
0.17153 0
0.17152 0
0.17149 0
0.17148 0
0.17148 0
0.17148 0
0.17146 0
0.17145 0
0.17143 0
0.17141 0
0.17129 0
0.17129 0
0.17127 0
0.17126 0
0.17118 0
0.17115 0
0.17114 0
0.17113 0
0.17111 1
0.1711 0
0.1711 0
0.1711 0
0.17108 0
0.17106 0
0.17106 0
0.17103 0
0.171 0
0.17099 0
0.17096 0
0.17095 0
0.17094 0
0.17092 0
0.1709 0
0.17088 0
0.17088 0
0.17083 0
0.17082 0
0.1708 0
0.17078 0
0.17078 0
0.17075 0
0.17074 0
0.17074 0
0.17073 0
0.17072 0
0.17069 0
0.17067 0
0.17066 0
0.17066 0
0.17064 0
0.17061 0
0.1706 0
0.17055 0
0.17053 0
0.17053 0
0.17046 0
0.17043 0
0.17043 0
0.17041 0
0.17041 0
0.17039 0
0.17038 0
0.17037 0
0.17037 0
0.17036 0
0.17034 0
0.17033 0
0.17033 0
0.1703 0
0.1703 0
0.17029 0
0.17024 0
0.17023 0
0.17021 0
0.17021 0
0.17017 0
0.17015 0
0.17014 0
0.1701 0
0.17009 1
0.17004 0
0.17003 0
0.17 0
0.16999 0
0.16994 0
0.16994 0
0.16991 0
0.16989 0
0.16987 0
0.16986 0
0.16985 0
0.16984 0
0.16984 0
0.16983 0
0.16982 0
0.16977 0
0.16976 0
0.16972 0
0.16971 0
0.1697 0
0.16969 0
0.16968 0
0.16965 0
0.16964 0
0.16964 0
0.16963 0
0.16962 0
0.1696 0
0.1696 0
0.16959 1
0.16958 0
0.16957 0
0.16957 0
0.16956 0
0.16954 0
0.16952 0
0.16948 0
0.16947 0
0.16946 0
0.16946 0
0.16945 0
0.16943 0
0.16942 0
0.16942 0
0.16942 0
0.16941 0
0.16939 0
0.16938 1
0.16937 0
0.16936 0
0.16934 0
0.16933 0
0.1693 0
0.16928 0
0.16928 0
0.16927 0
0.16926 0
0.16926 0
0.16925 0
0.16924 0
0.16922 0
0.1692 0
0.16919 0
0.16918 0
0.16918 0
0.16917 0
0.16917 0
0.16914 0
0.16914 0
0.16913 0
0.16913 0
0.16907 0
0.16907 0
0.16906 0
0.16903 0
0.169 0
0.16896 0
0.16893 0
0.1689 0
0.16889 0
0.16887 0
0.16884 0
0.16881 0
0.16881 0
0.1688 0
0.16878 0
0.16876 0
0.16868 0
0.16866 0
0.16858 0
0.16855 0
0.16853 0
0.16853 0
0.16852 0
0.16846 0
0.16842 0
0.16842 0
0.16841 0
0.16834 0
0.16832 0
0.16832 0
0.16831 0
0.16831 0
0.16827 0
0.16827 0
0.16826 0
0.16826 0
0.16823 0
0.16823 0
0.16823 0
0.16818 0
0.16818 0
0.16815 0
0.16814 0
0.16814 0
0.16814 0
0.16813 0
0.16812 0
0.16811 0
0.16811 0
0.1681 0
0.16808 0
0.16808 0
0.16806 0
0.16804 0
0.16802 0
0.168 0
0.16799 0
0.16797 0
0.16796 0
0.16793 0
0.16791 0
0.16786 0
0.16783 0
0.1678 0
0.16779 0
0.16779 0
0.16775 0
0.1677 0
0.16768 0
0.16763 0
0.16763 0
0.16762 0
0.16761 0
0.16753 0
0.1675 0
0.16748 0
0.16747 0
0.16745 0
0.1674 0
0.16738 0
0.16735 0
0.16734 0
0.16733 0
0.16733 0
0.16732 0
0.16731 0
0.16731 0
0.1673 0
0.1673 0
0.16729 0
0.16728 0
0.16728 0
0.16725 0
0.16725 0
0.16724 0
0.16723 0
0.16721 0
0.16721 0
0.1672 0
0.1672 0
0.16719 0
0.16719 1
0.16718 0
0.16717 0
0.16717 0
0.16717 0
0.16713 0
0.16712 0
0.16712 0
0.16711 0
0.1671 0
0.16704 0
0.16703 0
0.16702 0
0.16701 0
0.16695 0
0.16693 0
0.16687 0
0.16686 0
0.16684 0
0.16684 0
0.16681 0
0.1668 0
0.16678 0
0.16678 0
0.16677 0
0.16675 0
0.16673 0
0.16672 0
0.1667 0
0.16668 0
0.16668 0
0.16667 0
0.16666 0
0.16662 0
0.16659 0
0.16659 0
0.16658 0
0.16656 0
0.16656 0
0.16653 0
0.1665 0
0.16649 0
0.16647 0
0.16646 0
0.1664 0
0.16639 0
0.16639 0
0.16632 0
0.16632 0
0.16631 0
0.16631 0
0.16628 0
0.16626 0
0.16624 0
0.1662 0
0.1662 0
0.16618 0
0.16614 0
0.16614 0
0.16612 0
0.16612 0
0.16606 0
0.16605 0
0.16604 0
0.16601 0
0.16601 0
0.16601 0
0.16598 0
0.16598 0
0.16598 0
0.16594 0
0.16591 0
0.16591 0
0.1659 0
0.16588 0
0.16588 0
0.16587 0
0.16587 0
0.16584 0
0.16582 0
0.1658 0
0.16579 0
0.16577 0
0.16577 0
0.16576 0
0.16576 0
0.16574 0
0.16574 0
0.16574 0
0.16573 0
0.16568 0
0.16567 0
0.16566 0
0.16566 0
0.16566 1
0.16563 0
0.16562 0
0.16562 0
0.1656 0
0.16555 0
0.16553 0
0.16546 0
0.16545 0
0.16543 0
0.16542 0
0.16541 0
0.16541 0
0.16539 0
0.16536 0
0.16534 0
0.16532 0
0.16531 0
0.16531 0
0.16527 0
0.16527 0
0.16526 0
0.16521 0
0.16518 1
0.16515 0
0.16514 0
0.16513 0
0.16511 0
0.16509 0
0.16508 0
0.16506 0
0.16505 0
0.16505 0
0.16502 0
0.16496 0
0.16493 0
0.16492 0
0.1649 0
0.16487 0
0.16485 0
0.16483 0
0.16481 0
0.16478 0
0.16476 0
0.16476 0
0.16475 0
0.16473 0
0.16471 0
0.16469 0
0.16468 0
0.16466 0
0.16462 0
0.16462 0
0.1646 0
0.1646 0
0.16458 0
0.16456 0
0.16454 0
0.16454 0
0.16453 0
0.16451 0
0.1645 0
0.16449 0
0.16445 0
0.16444 0
0.16444 0
0.16444 0
0.16444 0
0.16438 0
0.16436 0
0.16435 0
0.16434 0
0.16434 0
0.16432 0
0.16432 0
0.16428 0
0.16427 0
0.16427 0
0.16421 0
0.1642 0
0.16419 0
0.16418 0
0.16416 0
0.16415 1
0.16405 0
0.16403 0
0.16403 0
0.16396 0
0.16393 0
0.16387 0
0.16379 0
0.16378 0
0.16377 0
0.16376 0
0.16376 0
0.16373 0
0.16372 0
0.16369 0
0.16367 0
0.16363 0
0.16363 0
0.16361 0
0.16358 0
0.16353 0
0.1635 0
0.16349 0
0.16348 0
0.16348 0
0.16343 0
0.16343 0
0.16342 0
0.16341 0
0.16337 0
0.16336 0
0.16331 0
0.16331 0
0.16328 0
0.16327 0
0.16327 0
0.16321 0
0.1632 0
0.16318 0
0.16316 0
0.16315 0
0.16314 0
0.16314 0
0.16311 0
0.16308 0
0.16302 0
0.16296 0
0.16295 0
0.16293 0
0.16292 0
0.16291 0
0.1629 0
0.16288 0
0.16287 0
0.16286 0
0.16283 0
0.16281 0
0.1628 0
0.1628 1
0.16271 0
0.16268 0
0.16268 0
0.16265 0
0.16261 0
0.16258 0
0.16258 0
0.16256 1
0.16254 0
0.16254 0
0.16253 0
0.16252 0
0.1625 1
0.16245 0
0.16245 0
0.16242 0
0.16242 0
0.16241 0
0.1624 0
0.16239 0
0.16237 0
0.16235 0
0.16232 0
0.16227 0
0.16226 0
0.16218 0
0.16214 0
0.16213 0
0.16209 0
0.16208 0
0.16204 0
0.16203 0
0.16202 0
0.162 0
0.162 0
0.162 0
0.16188 0
0.16184 0
0.16183 0
0.16183 1
0.16182 1
0.16179 0
0.16178 0
0.16178 0
0.16177 0
0.16176 0
0.16174 0
0.16173 0
0.16173 0
0.16172 0
0.1617 0
0.1617 0
0.16169 0
0.16169 0
0.16168 0
0.16163 0
0.16162 0
0.16152 0
0.16151 0
0.16148 0
0.16146 0
0.16145 0
0.16145 0
0.16143 0
0.16142 0
0.16142 0
0.16142 0
0.16142 0
0.1614 0
0.1614 0
0.1614 0
0.16139 0
0.16137 0
0.16135 0
0.16135 0
0.16134 0
0.16133 0
0.16129 0
0.16129 0
0.16128 0
0.16125 0
0.16125 0
0.16123 0
0.16122 0
0.16121 0
0.16118 0
0.16117 0
0.16117 0
0.16113 0
0.16108 0
0.16108 0
0.16106 0
0.16105 0
0.16103 0
0.16101 0
0.16098 0
0.16095 0
0.16093 0
0.16088 0
0.16088 0
0.16086 0
0.16085 0
0.16084 0
0.16083 0
0.16082 0
0.1608 0
0.16078 0
0.16077 0
0.16077 0
0.16076 0
0.1607 0
0.16068 0
0.16067 0
0.16066 0
0.16064 0
0.16062 0
0.1606 0
0.16058 0
0.16053 0
0.16053 0
0.16051 0
0.16049 0
0.16049 0
0.16049 0
0.16048 0
0.16047 0
0.16047 0
0.16046 0
0.16043 0
0.16041 0
0.16039 0
0.16038 0
0.16037 0
0.16034 0
0.16033 0
0.16033 0
0.16032 0
0.1603 0
0.16029 0
0.16027 0
0.16024 0
0.16024 0
0.16023 0
0.1602 0
0.16018 0
0.16018 0
0.16017 0
0.16016 1
0.16015 0
0.16014 0
0.16013 0
0.16012 0
0.16009 0
0.16007 0
0.16007 0
0.16006 0
0.16001 0
0.15999 0
0.15996 0
0.15994 0
0.15994 0
0.15992 0
0.15992 0
0.15991 0
0.15986 0
0.15984 0
0.15982 0
0.1598 0
0.1598 0
0.15979 0
0.15976 0
0.15975 0
0.15974 0
0.15973 0
0.15969 0
0.15967 0
0.15967 0
0.15964 0
0.15961 0
0.15957 0
0.15956 0
0.15953 0
0.15951 0
0.1595 0
0.15949 0
0.15947 0
0.15946 0
0.15945 0
0.15943 0
0.15943 0
0.15942 0
0.15942 0
0.15941 0
0.1594 0
0.15939 0
0.15936 0
0.15932 0
0.15929 0
0.15927 0
0.15926 0
0.15925 0
0.15924 0
0.15923 0
0.15921 0
0.15921 0
0.15919 0
0.15915 0
0.15912 0
0.15907 0
0.159 0
0.159 0
0.15898 0
0.15896 0
0.15895 0
0.15894 0
0.15891 0
0.15891 0
0.15888 0
0.15887 0
0.15886 0
0.15885 0
0.15883 0
0.1588 0
0.15879 0
0.15876 0
0.15873 0
0.15871 0
0.15859 0
0.15858 0
0.15857 0
0.15857 0
0.15857 0
0.15855 0
0.15853 0
0.15853 0
0.15849 0
0.15849 0
0.15846 0
0.15845 0
0.15845 0
0.15841 0
0.15841 0
0.1584 0
0.15838 0
0.15837 0
0.15836 0
0.15829 0
0.15829 0
0.15827 0
0.15825 0
0.15825 0
0.15824 0
0.15821 0
0.1582 0
0.15818 0
0.15817 0
0.15815 0
0.15815 0
0.15814 0
0.15814 0
0.15812 0
0.1581 0
0.1581 0
0.15808 0
0.15806 1
0.15804 0
0.15804 0
0.15802 0
0.15801 0
0.158 0
0.15796 0
0.15793 0
0.15791 0
0.15791 0
0.15789 0
0.15786 0
0.15784 0
0.15779 0
0.15778 0
0.15772 0
0.15771 0
0.1577 0
0.15768 0
0.15767 0
0.15766 0
0.15765 0
0.15765 0
0.15765 0
0.15761 0
0.15757 0
0.15757 0
0.15751 0
0.15751 0
0.1575 0
0.15749 0
0.15748 0
0.15748 0
0.15747 0
0.15747 0
0.15744 0
0.15743 0
0.1574 0
0.1574 0
0.15739 1
0.15738 0
0.15737 0
0.15734 0
0.15734 0
0.15733 0
0.15732 0
0.15731 0
0.15728 0
0.15727 0
0.15727 0
0.15727 0
0.15726 0
0.15725 0
0.15723 0
0.15723 0
0.15721 0
0.15721 0
0.15718 0
0.15717 0
0.15717 0
0.15716 0
0.15715 0
0.15712 0
0.15712 0
0.15712 0
0.15712 0
0.15712 0
0.1571 0
0.15707 0
0.15706 0
0.15706 0
0.15706 0
0.15705 0
0.15705 0
0.15703 0
0.15701 0
0.15701 0
0.157 0
0.15698 0
0.15698 0
0.15697 0
0.15695 0
0.15694 0
0.15692 0
0.15683 0
0.15682 0
0.15679 0
0.15679 0
0.15677 0
0.15674 0
0.15672 0
0.15668 0
0.15665 0
0.15663 0
0.15662 0
0.15662 0
0.15661 0
0.15659 0
0.15659 0
0.15657 0
0.15656 0
0.15654 0
0.15654 1
0.15653 0
0.15653 0
0.15652 0
0.15652 0
0.1565 0
0.1565 0
0.1565 0
0.15636 0
0.15636 0
0.15634 0
0.15632 0
0.15628 0
0.15627 0
0.15623 0
0.1562 1
0.15616 0
0.15615 0
0.15611 0
0.1561 0
0.15609 0
0.15607 0
0.15607 0
0.15607 0
0.15604 0
0.15601 0
0.15599 0
0.15597 0
0.15593 0
0.1559 0
0.15587 0
0.15585 0
0.15584 0
0.15584 0
0.15582 0
0.15581 0
0.15579 0
0.15579 0
0.15576 0
0.15575 0
0.15574 0
0.15571 0
0.15568 0
0.15565 0
0.15563 0
0.1556 0
0.1556 0
0.15559 0
0.15559 0
0.15557 0
0.15555 0
0.15554 0
0.15553 0
0.15549 1
0.15548 0
0.15546 0
0.15545 0
0.15544 0
0.1554 0
0.15538 0
0.15535 0
0.15534 0
0.15534 0
0.15533 0
0.1553 0
0.15529 0
0.15528 0
0.15527 0
0.15527 0
0.15526 0
0.15524 0
0.15523 0
0.15522 0
0.15521 0
0.15521 0
0.1552 0
0.1552 0
0.15518 0
0.15515 0
0.15512 0
0.15512 0
0.15512 0
0.15508 0
0.15506 0
0.15506 0
0.15501 0
0.15499 0
0.15499 0
0.15498 0
0.15492 0
0.15491 0
0.1549 0
0.15489 0
0.15489 0
0.15486 0
0.15485 0
0.15485 0
0.15484 0
0.15484 0
0.15484 0
0.15483 0
0.15483 0
0.15482 0
0.15482 0
0.15482 0
0.15479 0
0.15477 1
0.15474 0
0.15473 0
0.15472 0
0.1547 0
0.15467 0
0.15466 0
0.15465 0
0.15465 0
0.15463 0
0.15462 0
0.15459 0
0.15458 0
0.15457 0
0.15457 0
0.15456 0
0.15456 0
0.15455 0
0.15454 0
0.15452 0
0.15451 0
0.1545 0
0.15449 0
0.15449 0
0.15448 0
0.15444 0
0.15443 0
0.15443 0
0.15443 0
0.15438 0
0.15437 0
0.15435 0
0.15434 0
0.15431 0
0.1543 0
0.15429 0
0.15429 0
0.15429 0
0.15429 0
0.15426 0
0.15424 0
0.15421 0
0.15421 0
0.1542 0
0.15419 0
0.15416 0
0.15411 0
0.15411 0
0.15408 0
0.15407 0
0.15402 0
0.15398 0
0.15395 0
0.15394 0
0.15394 0
0.1539 0
0.1539 0
0.15387 0
0.15386 0
0.15385 0
0.15382 0
0.1538 0
0.15374 0
0.15373 0
0.15373 0
0.15373 0
0.15372 0
0.15372 0
0.15371 0
0.15371 0
0.15366 0
0.15363 0
0.1536 0
0.15358 0
0.15357 0
0.15355 0
0.15355 0
0.15355 0
0.15354 1
0.15353 0
0.15352 0
0.1535 0
0.15348 0
0.15348 0
0.15346 0
0.1534 0
0.15339 0
0.15337 0
0.15336 0
0.15333 0
0.15333 0
0.15331 0
0.15329 0
0.15328 0
0.15323 0
0.15323 0
0.1532 0
0.15316 0
0.15314 0
0.15313 0
0.15312 0
0.15307 0
0.15307 0
0.15299 0
0.15298 0
0.15297 0
0.15296 0
0.15295 0
0.15294 0
0.15291 0
0.15288 0
0.15286 0
0.15286 0
0.15283 0
0.15282 0
0.15281 0
0.1528 0
0.15279 0
0.15278 0
0.15277 0
0.15276 0
0.15274 0
0.1527 0
0.15269 0
0.15264 0
0.15264 0
0.1526 0
0.1526 0
0.1526 0
0.1526 0
0.15259 0
0.15253 0
0.15251 0
0.15249 0
0.15249 0
0.15249 0
0.15246 0
0.15246 0
0.15243 0
0.15242 0
0.15242 0
0.15238 0
0.15238 0
0.15234 0
0.15232 0
0.1523 0
0.15228 0
0.15228 0
0.15219 0
0.15212 0
0.15207 0
0.15204 0
0.15202 0
0.15202 0
0.15201 0
0.152 0
0.15197 0
0.15196 0
0.15195 0
0.15193 0
0.15193 0
0.15183 0
0.1518 0
0.15179 0
0.15178 0
0.15177 0
0.15175 0
0.15174 0
0.15173 0
0.15172 0
0.15166 0
0.15166 0
0.15152 0
0.15151 0
0.15146 0
0.15146 0
0.15143 0
0.15141 0
0.15141 0
0.15141 0
0.1514 0
0.15139 0
0.15138 0
0.15137 0
0.15135 0
0.15131 0
0.1513 0
0.1513 0
0.15123 0
0.15118 0
0.15117 0
0.15115 0
0.15112 0
0.15111 0
0.15111 0
0.15108 0
0.15104 0
0.15102 0
0.15099 0
0.15099 0
0.15098 0
0.15098 0
0.15098 0
0.15097 0
0.15097 0
0.15094 0
0.15094 0
0.15089 0
0.15089 0
0.15087 0
0.15086 0
0.15085 0
0.15081 0
0.15078 0
0.15078 0
0.15078 0
0.15076 0
0.15071 0
0.15069 0
0.15068 0
0.15067 0
0.15064 0
0.15063 0
0.15063 0
0.15062 0
0.1506 0
0.15056 0
0.15054 0
0.15053 0
0.15053 0
0.15052 0
0.1505 0
0.15041 0
0.1504 0
0.15036 0
0.15033 0
0.1503 0
0.15028 0
0.15027 0
0.15026 0
0.15025 0
0.15022 0
0.15022 0
0.15022 0
0.15021 1
0.1502 0
0.15016 0
0.15014 0
0.15009 0
0.15008 0
0.15006 0
0.15005 0
0.15004 0
0.15002 0
0.15 0
0.15 0
0.14999 0
0.14995 0
0.14991 0
0.1499 0
0.14988 0
0.14988 0
0.14986 0
0.14985 0
0.14983 0
0.14983 0
0.14976 0
0.14973 0
0.14972 0
0.14971 0
0.1497 0
0.14966 0
0.14966 0
0.14965 0
0.14963 0
0.14962 0
0.14961 0
0.14961 0
0.14959 0
0.14954 0
0.14952 0
0.14944 0
0.1494 0
0.14939 0
0.14939 0
0.14938 0
0.14935 0
0.14934 0
0.14934 0
0.14931 0
0.14931 0
0.1493 0
0.14929 0
0.14924 0
0.14923 0
0.14922 0
0.1492 0
0.14914 0
0.14912 0
0.1491 0
0.14907 0
0.14906 0
0.14901 0
0.14899 0
0.14898 0
0.14895 0
0.1489 0
0.1489 0
0.14887 0
0.14885 0
0.14885 0
0.14882 0
0.1488 0
0.14877 0
0.14875 0
0.14873 0
0.14872 0
0.14872 0
0.14871 0
0.14868 0
0.14865 0
0.14861 0
0.14855 0
0.14855 0
0.14851 0
0.14843 0
0.14843 0
0.14836 0
0.14835 0
0.1483 0
0.1483 0
0.14829 0
0.14829 0
0.14825 0
0.14825 0
0.14825 0
0.14822 0
0.14821 0
0.14821 0
0.14819 0
0.14818 0
0.14816 0
0.14806 0
0.14805 0
0.14802 0
0.14798 0
0.14798 0
0.14797 0
0.14795 0
0.14794 0
0.14789 0
0.14789 0
0.14786 0
0.14783 0
0.14783 0
0.1478 0
0.14778 0
0.14777 0
0.14777 0
0.14776 0
0.14772 0
0.14771 0
0.14771 0
0.14771 0
0.14768 0
0.14766 0
0.14761 0
0.1476 0
0.1476 0
0.14759 0
0.14759 0
0.14749 0
0.14746 0
0.14744 0
0.14739 0
0.14739 0
0.14738 0
0.14738 0
0.14732 0
0.14728 0
0.14723 0
0.14722 0
0.14721 0
0.14721 0
0.1472 0
0.1472 0
0.14719 0
0.14718 0
0.14715 0
0.14713 0
0.14712 0
0.14702 0
0.14698 0
0.14696 0
0.14692 0
0.14691 0
0.14688 0
0.14686 0
0.14684 0
0.14682 0
0.14681 0
0.1468 0
0.14678 0
0.14674 0
0.1467 0
0.14664 0
0.14661 0
0.14661 0
0.14658 0
0.14658 0
0.14657 0
0.14655 0
0.14653 0
0.14653 0
0.14653 0
0.1465 0
0.14649 0
0.14645 0
0.14645 0
0.14643 0
0.14642 0
0.14641 0
0.14635 0
0.14635 0
0.14633 0
0.1463 0
0.14628 0
0.14626 0
0.14626 0
0.14625 0
0.14625 0
0.14623 0
0.14623 0
0.1462 0
0.1462 0
0.1462 0
0.14618 0
0.14618 0
0.14616 0
0.14616 0
0.14611 0
0.14608 0
0.14607 0
0.14607 0
0.14603 0
0.14599 0
0.14599 0
0.14596 0
0.14594 0
0.14592 0
0.14592 0
0.14589 0
0.14586 0
0.14585 0
0.14575 0
0.14575 0
0.14575 0
0.14574 0
0.14572 0
0.14571 0
0.1457 0
0.1457 0
0.14569 0
0.14567 0
0.14566 0
0.14562 0
0.14562 0
0.14561 0
0.14561 0
0.14557 0
0.14556 0
0.14556 0
0.14555 0
0.14553 0
0.14548 0
0.14548 0
0.14548 0
0.14545 0
0.14545 0
0.14543 0
0.14539 0
0.14535 0
0.14535 0
0.14527 0
0.14526 0
0.14526 0
0.14524 0
0.14524 0
0.14524 0
0.14523 0
0.14519 0
0.14519 0
0.14513 0
0.14508 0
0.14504 0
0.14504 0
0.14503 0
0.14498 0
0.14495 0
0.14492 0
0.1449 0
0.1449 0
0.14487 0
0.14482 0
0.1448 0
0.14477 0
0.14473 0
0.14472 0
0.14471 0
0.14466 0
0.14466 0
0.14462 0
0.14461 0
0.14461 0
0.14459 0
0.14459 0
0.14458 0
0.14452 0
0.14449 0
0.14449 0
0.14445 0
0.14444 0
0.14444 0
0.14438 0
0.14438 0
0.14433 0
0.14431 0
0.1443 0
0.1443 0
0.1443 0
0.14427 0
0.14427 0
0.14425 0
0.14424 0
0.14422 0
0.14418 0
0.14416 0
0.14413 0
0.14412 0
0.1441 0
0.14409 0
0.14405 0
0.14404 0
0.144 0
0.14398 0
0.14396 0
0.14391 0
0.14389 0
0.14387 0
0.14386 0
0.14385 0
0.14385 0
0.14384 0
0.14381 0
0.14381 0
0.14379 0
0.14379 0
0.14378 0
0.14377 0
0.14376 0
0.14376 0
0.14374 0
0.14373 0
0.14369 0
0.14369 0
0.14369 1
0.14368 0
0.14364 0
0.14364 0
0.14364 0
0.1436 0
0.1436 0
0.14358 0
0.14353 0
0.14349 0
0.14348 0
0.14346 0
0.14345 0
0.14343 0
0.14341 0
0.14341 0
0.14341 0
0.14338 0
0.14338 0
0.14337 0
0.14336 0
0.1433 0
0.14322 0
0.14321 0
0.14313 0
0.14311 0
0.1431 0
0.14308 0
0.14308 0
0.14307 0
0.14297 0
0.14297 0
0.14294 0
0.14293 0
0.14293 0
0.14292 0
0.14289 0
0.14289 0
0.14287 0
0.14286 0
0.14279 0
0.14278 0
0.14277 0
0.14274 0
0.14267 0
0.14266 0
0.14266 0
0.14263 0
0.14259 0
0.14257 0
0.14254 0
0.14254 0
0.14253 0
0.14253 0
0.14251 0
0.14241 0
0.14237 0
0.14233 0
0.14231 0
0.14225 0
0.14223 0
0.14219 0
0.14218 0
0.14216 0
0.14214 0
0.14214 0
0.14214 0
0.14213 0
0.14206 0
0.14203 0
0.14203 0
0.14194 0
0.14192 0
0.14192 0
0.14184 0
0.14183 0
0.1418 0
0.1418 0
0.1418 0
0.14178 0
0.14165 0
0.14159 0
0.14154 0
0.14154 0
0.14146 0
0.14145 0
0.14143 0
0.14141 0
0.14139 0
0.14139 0
0.14137 0
0.14136 0
0.14135 0
0.14133 0
0.14131 0
0.14124 0
0.14121 0
0.14112 0
0.14109 0
0.14106 0
0.14105 0
0.14105 0
0.14104 0
0.141 0
0.14096 0
0.14094 0
0.14092 0
0.14089 0
0.14087 0
0.14087 0
0.14081 0
0.14081 0
0.14076 0
0.14075 0
0.14073 0
0.1407 1
0.14066 0
0.14064 0
0.14063 0
0.14061 0
0.14056 0
0.14054 0
0.14053 0
0.14053 0
0.14051 0
0.14051 0
0.14049 0
0.14049 0
0.14044 0
0.14044 0
0.14044 0
0.14043 0
0.14039 0
0.14035 0
0.14035 0
0.14034 0
0.14034 0
0.14032 1
0.14031 0
0.14031 0
0.14029 0
0.14027 0
0.14026 0
0.14026 0
0.14025 0
0.14024 0
0.14022 0
0.14019 0
0.14019 0
0.14016 0
0.14015 0
0.14011 0
0.14009 0
0.14008 0
0.14006 0
0.14005 0
0.14005 0
0.13997 0
0.13995 0
0.13989 0
0.13988 0
0.13988 0
0.13987 0
0.13986 0
0.13986 0
0.13985 0
0.1398 0
0.13978 0
0.13976 0
0.13973 0
0.13973 0
0.13972 0
0.13971 0
0.13962 0
0.13959 0
0.13958 0
0.13955 0
0.13953 0
0.13952 0
0.1395 0
0.13945 0
0.13945 0
0.1394 0
0.13939 0
0.13938 0
0.13937 0
0.13936 0
0.13932 0
0.13931 0
0.13922 0
0.13917 0
0.13917 0
0.13917 0
0.13912 0
0.13911 0
0.13907 0
0.13902 0
0.13899 0
0.13898 0
0.13894 0
0.13893 0
0.13893 0
0.13887 0
0.13883 0
0.13882 0
0.13882 0
0.13881 0
0.13879 0
0.13876 0
0.13874 0
0.13873 0
0.1387 0
0.13869 0
0.13869 0
0.13866 0
0.13864 0
0.13863 0
0.1386 0
0.13858 1
0.13856 0
0.13855 0
0.13853 0
0.1385 0
0.13849 0
0.13848 0
0.13845 0
0.13845 0
0.13845 0
0.13844 0
0.13843 0
0.13829 0
0.13817 0
0.13816 0
0.13813 0
0.13806 0
0.13805 0
0.13804 0
0.13803 0
0.13803 0
0.13803 0
0.13801 0
0.138 0
0.138 0
0.13798 0
0.13798 0
0.13797 0
0.13795 0
0.13795 0
0.13792 0
0.13791 0
0.13786 0
0.13785 0
0.13785 0
0.13783 0
0.13783 0
0.13783 0
0.13777 0
0.13776 0
0.13772 0
0.13769 0
0.13768 0
0.13768 0
0.13768 0
0.13765 0
0.13762 0
0.13762 0
0.13759 0
0.13758 0
0.13758 0
0.13756 0
0.13753 0
0.13751 0
0.13747 0
0.13743 0
0.13742 0
0.13742 0
0.13738 0
0.13736 0
0.13728 0
0.13727 0
0.13726 0
0.13726 0
0.13725 0
0.13723 0
0.13721 0
0.13718 0
0.13715 0
0.13713 0
0.1371 0
0.13709 0
0.13708 0
0.13707 0
0.13706 0
0.13705 0
0.13703 0
0.13703 0
0.13702 0
0.13701 0
0.13696 0
0.13688 0
0.13686 0
0.13686 0
0.13686 0
0.13686 0
0.13686 0
0.13683 0
0.13682 0
0.13679 0
0.13678 0
0.13675 0
0.13673 0
0.13671 0
0.13669 0
0.13666 1
0.13665 1
0.13663 0
0.13661 0
0.1366 0
0.13658 0
0.13655 0
0.13654 0
0.13647 0
0.13647 0
0.13642 0
0.1364 0
0.13639 0
0.13637 0
0.13635 0
0.13632 0
0.13632 0
0.1363 0
0.13628 0
0.13627 0
0.13626 0
0.13624 0
0.13624 0
0.13622 0
0.13619 0
0.13607 0
0.13597 0
0.13597 0
0.13597 0
0.13588 0
0.13584 0
0.13584 0
0.13583 0
0.13581 0
0.13578 0
0.13578 0
0.13575 0
0.13573 0
0.13571 0
0.13569 0
0.13567 0
0.13566 0
0.13565 0
0.13558 0
0.13553 0
0.13553 0
0.13553 0
0.13548 0
0.13545 0
0.1354 0
0.13528 0
0.13524 0
0.13522 0
0.13519 0
0.13518 0
0.13517 0
0.13513 0
0.1351 1
0.13508 0
0.13508 0
0.13507 0
0.13504 0
0.13503 0
0.13502 0
0.13494 0
0.13487 0
0.13487 1
0.13486 0
0.13481 0
0.13476 0
0.13476 0
0.13471 0
0.1347 0
0.13468 0
0.13468 0
0.13467 0
0.13466 0
0.13465 0
0.13462 0
0.13462 0
0.13461 0
0.13461 0
0.13458 0
0.13456 0
0.13454 0
0.13452 0
0.13445 0
0.13445 0
0.13444 1
0.13443 0
0.13441 0
0.13438 0
0.13438 0
0.13436 0
0.13434 0
0.13433 0
0.13431 0
0.13428 0
0.13424 0
0.13421 0
0.1342 0
0.13419 0
0.13419 0
0.13417 0
0.13417 0
0.13416 0
0.13413 0
0.13412 0
0.13412 0
0.13411 0
0.1341 0
0.13409 0
0.13408 0
0.13408 0
0.13404 0
0.13404 0
0.13403 0
0.13402 0
0.13401 0
0.134 0
0.13395 0
0.13395 0
0.13394 0
0.13393 0
0.13389 0
0.13389 0
0.13387 0
0.1338 0
0.13372 0
0.13369 0
0.13366 0
0.13365 0
0.13364 0
0.13359 0
0.13355 0
0.13354 0
0.1335 0
0.13347 0
0.13345 0
0.13341 0
0.13339 0
0.13337 0
0.13335 0
0.13334 0
0.13333 0
0.13331 0
0.1333 0
0.1333 1
0.13329 0
0.13328 0
0.13327 0
0.13326 0
0.13319 0
0.13317 0
0.13313 0
0.13313 0
0.13312 0
0.1331 0
0.1331 0
0.13308 0
0.13308 0
0.13305 0
0.13296 0
0.13294 0
0.1329 0
0.13288 0
0.13287 0
0.13285 0
0.13284 0
0.13282 0
0.1328 0
0.13264 0
0.13264 0
0.13261 0
0.13261 0
0.1326 0
0.1326 0
0.13259 0
0.13255 0
0.13253 0
0.13253 0
0.13251 0
0.13251 0
0.1325 0
0.1325 0
0.13245 0
0.13243 0
0.13243 0
0.13242 0
0.13242 0
0.13242 0
0.13239 0
0.13239 0
0.13232 0
0.13231 0
0.13229 0
0.13228 0
0.13219 0
0.13218 0
0.13215 0
0.13208 0
0.13207 0
0.13205 0
0.13205 0
0.13203 0
0.132 0
0.13198 0
0.13196 0
0.13196 0
0.13195 0
0.13191 0
0.13186 0
0.1318 0
0.13179 0
0.13177 0
0.13173 0
0.13164 0
0.13162 0
0.13161 0
0.1316 0
0.13153 0
0.13152 0
0.13142 0
0.13141 0
0.13141 0
0.13137 0
0.13137 0
0.13135 0
0.13135 0
0.13134 0
0.13133 0
0.13131 0
0.13131 0
0.13127 0
0.13127 0
0.13122 0
0.13113 0
0.13113 0
0.13111 0
0.1311 0
0.13109 0
0.13101 0
0.13091 0
0.13087 0
0.13086 0
0.13085 0
0.13081 0
0.13078 0
0.13078 0
0.13077 0
0.13077 0
0.13074 0
0.13073 0
0.1307 0
0.13069 0
0.13066 0
0.13063 0
0.13058 0
0.13058 0
0.13055 0
0.13055 0
0.13052 0
0.13048 0
0.13042 0
0.13041 0
0.13041 0
0.1304 0
0.13036 0
0.13034 0
0.13033 0
0.13032 0
0.13028 0
0.13026 0
0.13026 0
0.13025 0
0.13019 0
0.13018 0
0.13018 0
0.13018 0
0.13011 0
0.13006 0
0.13004 0
0.13002 0
0.13001 0
0.12997 0
0.12996 0
0.12996 0
0.12992 0
0.12991 0
0.12991 0
0.12988 0
0.12987 0
0.12987 0
0.12985 0
0.12985 0
0.12985 0
0.12985 1
0.1298 0
0.12971 0
0.12967 0
0.12964 0
0.12961 0
0.12959 0
0.12955 0
0.12952 0
0.12946 0
0.12939 0
0.12938 0
0.12937 0
0.12927 0
0.12925 0
0.12924 0
0.1292 0
0.12915 0
0.12913 0
0.12913 0
0.12912 0
0.12912 0
0.12909 0
0.12901 0
0.12901 0
0.129 0
0.12898 0
0.12896 0
0.12894 0
0.12894 0
0.12893 0
0.12886 0
0.12876 0
0.12875 0
0.12874 0
0.12873 0
0.12873 0
0.12871 0
0.12862 0
0.12862 0
0.12861 0
0.12844 0
0.12844 0
0.1284 0
0.12832 0
0.12827 0
0.12827 0
0.12824 0
0.12823 0
0.12823 0
0.12814 0
0.12813 0
0.12813 0
0.12812 0
0.12811 0
0.1281 0
0.12806 0
0.12804 0
0.12803 0
0.128 0
0.128 0
0.128 0
0.12795 0
0.12794 0
0.12793 0
0.12793 0
0.12792 0
0.1279 0
0.12789 0
0.12785 0
0.12784 0
0.12782 0
0.12781 0
0.12779 0
0.12768 0
0.12767 0
0.12763 0
0.12759 0
0.12758 0
0.12755 0
0.12754 0
0.12753 0
0.12752 0
0.12749 0
0.12748 0
0.12746 0
0.12745 0
0.12743 0
0.1273 0
0.12728 0
0.12721 0
0.12718 0
0.12718 0
0.12711 0
0.12705 0
0.12699 0
0.12699 0
0.12696 0
0.12694 0
0.12694 0
0.1269 0
0.1269 0
0.12687 0
0.12686 0
0.1268 0
0.12679 0
0.12678 0
0.12676 0
0.12673 0
0.12671 0
0.1267 0
0.12668 0
0.12659 0
0.12658 0
0.12656 0
0.12653 0
0.12651 0
0.12651 0
0.12644 0
0.1264 0
0.12637 0
0.12637 0
0.12636 0
0.12636 0
0.12634 0
0.12627 0
0.12627 0
0.12626 0
0.12624 0
0.12622 0
0.12618 0
0.12613 0
0.12613 0
0.12612 0
0.12612 0
0.12611 0
0.12609 0
0.12601 0
0.12597 0
0.12593 0
0.12591 0
0.12585 0
0.12577 0
0.12577 0
0.12572 0
0.12571 0
0.12564 0
0.12563 0
0.12556 0
0.12555 0
0.12551 0
0.12545 0
0.1254 0
0.1254 0
0.12537 0
0.12532 0
0.12525 0
0.12521 0
0.1252 0
0.12517 0
0.12515 0
0.12513 0
0.12513 0
0.12506 0
0.12493 0
0.12491 0
0.12491 0
0.12487 0
0.12487 0
0.12487 0
0.12486 0
0.12484 0
0.12481 0
0.1248 0
0.12479 0
0.12475 0
0.12473 0
0.12471 0
0.12469 0
0.12466 0
0.12463 0
0.12463 0
0.12459 0
0.12459 0
0.12452 0
0.12446 0
0.12445 0
0.12443 0
0.12442 0
0.12439 0
0.12432 0
0.12432 0
0.12431 0
0.12431 0
0.1243 0
0.12423 0
0.12421 0
0.12416 0
0.12415 0
0.12412 0
0.12411 0
0.12411 0
0.1241 0
0.12406 0
0.12405 0
0.12403 0
0.12396 0
0.12395 0
0.12393 0
0.12385 0
0.12384 0
0.12381 0
0.12373 0
0.12368 0
0.12367 0
0.12365 0
0.12361 0
0.12348 0
0.12347 0
0.12344 0
0.12333 0
0.12332 0
0.1233 0
0.12329 0
0.12327 0
0.12326 0
0.12322 0
0.1232 0
0.12319 0
0.12318 0
0.12316 0
0.12311 0
0.1231 0
0.12306 0
0.12301 0
0.123 0
0.12298 0
0.12297 0
0.12294 0
0.12285 0
0.12282 0
0.12281 0
0.1228 0
0.12278 0
0.12277 0
0.12277 0
0.12274 0
0.12274 0
0.12273 0
0.12269 0
0.12268 0
0.12263 0
0.1226 0
0.12257 0
0.12255 0
0.12255 0
0.12252 0
0.12249 0
0.12249 0
0.1224 0
0.12236 0
0.12235 0
0.12233 0
0.12229 0
0.12223 0
0.1222 0
0.12213 0
0.1221 0
0.12205 0
0.12198 0
0.12198 0
0.12198 0
0.12195 0
0.12194 0
0.12194 0
0.12191 0
0.12186 0
0.12185 0
0.12183 0
0.12183 0
0.12174 0
0.12173 0
0.12172 0
0.12164 0
0.12162 0
0.12161 0
0.1216 0
0.1216 0
0.12159 0
0.12153 0
0.12148 0
0.12148 0
0.12144 0
0.12141 0
0.1214 0
0.1214 0
0.12139 0
0.12136 0
0.12135 0
0.12131 0
0.1213 0
0.12129 0
0.12128 0
0.12126 0
0.12122 0
0.12121 0
0.12113 0
0.12109 0
0.12108 0
0.12108 0
0.12105 0
0.12102 0
0.12098 0
0.12097 0
0.12093 0
0.12087 0
0.12084 0
0.12083 0
0.12082 0
0.1207 0
0.1207 0
0.12067 0
0.12066 0
0.12059 0
0.12058 0
0.12046 0
0.12044 0
0.12044 0
0.12037 0
0.12024 0
0.12023 0
0.12023 0
0.12022 0
0.12017 0
0.12015 0
0.12014 0
0.12013 0
0.1201 0
0.12006 0
0.12004 0
0.11997 0
0.11996 0
0.11993 0
0.11992 0
0.11985 0
0.11981 0
0.1198 0
0.11979 0
0.11979 0
0.11976 0
0.11968 0
0.11963 0
0.11961 0
0.11958 0
0.11957 0
0.11956 0
0.11955 0
0.11954 0
0.11953 0
0.11948 0
0.11946 0
0.11943 0
0.11942 0
0.11941 0
0.11941 0
0.11938 0
0.11938 0
0.11937 0
0.11934 0
0.11931 0
0.11931 0
0.11929 0
0.11929 0
0.11923 0
0.11921 0
0.1192 0
0.11919 0
0.11917 0
0.11915 0
0.11911 0
0.11911 0
0.11907 0
0.11904 0
0.11898 0
0.11897 0
0.11888 0
0.11886 0
0.11882 0
0.1188 0
0.11876 0
0.11876 0
0.11869 0
0.11868 0
0.11866 0
0.11865 0
0.11865 0
0.11865 0
0.11855 0
0.11853 0
0.11853 0
0.11851 0
0.1185 0
0.11846 0
0.11845 0
0.11843 0
0.11842 0
0.11826 0
0.1182 0
0.1181 0
0.11809 0
0.11802 0
0.11799 0
0.11798 0
0.11797 0
0.11789 0
0.11789 0
0.11788 0
0.11785 0
0.11783 0
0.11783 0
0.11774 0
0.11774 0
0.11772 0
0.11771 0
0.11771 1
0.11768 0
0.11767 0
0.11766 0
0.11765 0
0.11765 0
0.11761 0
0.11758 0
0.11755 0
0.11751 0
0.11751 0
0.1175 0
0.11749 0
0.11748 0
0.11741 0
0.1174 0
0.11739 0
0.11738 0
0.11738 0
0.11738 0
0.11735 0
0.11735 0
0.11733 0
0.11732 0
0.11731 0
0.11728 0
0.11725 0
0.11723 0
0.11718 0
0.11718 0
0.11715 0
0.11711 0
0.11705 0
0.11701 0
0.11699 0
0.11696 0
0.11692 0
0.1168 0
0.11677 0
0.11675 0
0.11674 0
0.11668 0
0.1166 0
0.11654 0
0.11651 0
0.11648 0
0.11648 0
0.11645 0
0.11644 0
0.11642 0
0.11639 0
0.11639 0
0.11633 0
0.1163 0
0.11625 0
0.1162 0
0.11615 0
0.11614 0
0.11608 0
0.11606 0
0.11603 0
0.11601 0
0.116 0
0.11597 0
0.11596 0
0.11595 0
0.11593 0
0.11588 0
0.11583 0
0.11581 0
0.11576 1
0.11574 0
0.11573 1
0.11572 0
0.11571 0
0.11568 0
0.11567 0
0.11566 0
0.11561 0
0.11556 0
0.11555 0
0.11554 0
0.11554 0
0.11552 0
0.11542 0
0.1154 0
0.11539 0
0.11538 0
0.11531 0
0.11523 0
0.11514 0
0.11503 0
0.11503 0
0.11497 0
0.11495 0
0.11495 0
0.11489 0
0.11487 0
0.11487 0
0.11481 0
0.11477 0
0.11472 0
0.11472 0
0.11472 0
0.11471 0
0.11469 0
0.11465 0
0.11464 0
0.11458 0
0.11452 0
0.11452 0
0.11446 0
0.11444 0
0.11442 0
0.11438 0
0.11437 0
0.11433 0
0.11432 0
0.11431 0
0.11422 0
0.11417 0
0.11412 0
0.11406 0
0.11403 0
0.11396 0
0.11395 0
0.11392 0
0.11387 0
0.11386 0
0.11384 0
0.11379 0
0.11376 0
0.11374 0
0.11369 0
0.11368 0
0.11366 0
0.11355 0
0.11355 0
0.11349 0
0.11344 0
0.11344 0
0.11342 0
0.11339 0
0.11337 0
0.11335 0
0.11334 0
0.11332 0
0.11327 0
0.11326 0
0.11323 0
0.11321 0
0.1132 0
0.11313 0
0.11313 0
0.11312 0
0.11309 0
0.11308 0
0.11308 0
0.11306 0
0.11305 0
0.11293 0
0.11291 0
0.11289 0
0.11285 0
0.11281 0
0.11278 0
0.11273 0
0.11267 0
0.11263 0
0.11262 0
0.11259 0
0.11259 0
0.11254 0
0.11249 0
0.11247 0
0.11246 0
0.11242 0
0.1124 0
0.11237 0
0.11237 0
0.11231 0
0.11217 0
0.11212 0
0.11211 0
0.11209 0
0.11208 0
0.11208 0
0.11205 0
0.112 0
0.11198 0
0.11196 0
0.11194 0
0.11193 0
0.11193 0
0.11191 0
0.11189 0
0.11182 0
0.11181 0
0.1118 0
0.11177 0
0.11177 0
0.11176 0
0.11174 0
0.11168 0
0.11168 0
0.11167 0
0.11162 0
0.11162 0
0.11162 0
0.1116 0
0.11159 0
0.11158 0
0.11151 0
0.11151 0
0.11145 0
0.11141 0
0.11136 0
0.11135 0
0.11134 0
0.11131 0
0.1113 0
0.11128 0
0.11128 0
0.11127 0
0.11124 0
0.11123 0
0.11116 0
0.11114 0
0.1111 0
0.11108 0
0.11107 0
0.11106 0
0.11102 0
0.11097 0
0.11095 0
0.11094 0
0.11093 0
0.11088 0
0.11087 0
0.11084 0
0.11082 0
0.11082 0
0.11079 0
0.11073 0
0.11071 0
0.11071 0
0.11065 0
0.11063 0
0.11058 0
0.11058 0
0.11056 0
0.11054 0
0.11047 0
0.11044 0
0.11042 0
0.11037 0
0.11037 0
0.11036 0
0.11033 0
0.11027 0
0.11027 0
0.11025 0
0.11024 0
0.11014 0
0.11014 0
0.11011 0
0.11009 0
0.10999 0
0.10991 0
0.10987 0
0.1098 0
0.1098 0
0.10972 0
0.10969 0
0.10965 0
0.10963 0
0.10961 0
0.10955 0
0.10951 0
0.1095 0
0.10948 0
0.10946 0
0.10942 0
0.10941 0
0.10941 0
0.10938 0
0.10936 0
0.10933 0
0.10933 0
0.10933 0
0.10928 0
0.10927 0
0.10926 0
0.10925 0
0.10922 0
0.10919 0
0.10919 0
0.10915 0
0.10912 0
0.1091 0
0.1091 0
0.10908 0
0.10904 0
0.10896 0
0.10883 0
0.10872 0
0.10871 0
0.10869 0
0.10869 0
0.10867 0
0.10867 0
0.10867 0
0.10867 0
0.10866 0
0.10863 0
0.10863 0
0.1086 0
0.10856 0
0.10854 0
0.10853 0
0.10845 0
0.10838 0
0.10831 0
0.10828 0
0.1082 0
0.10815 0
0.10807 0
0.108 0
0.10794 0
0.10792 0
0.10789 0
0.10782 0
0.10777 0
0.10777 0
0.10775 0
0.10773 0
0.10773 0
0.10773 0
0.10772 0
0.10771 0
0.10762 0
0.1076 0
0.10759 0
0.10759 0
0.10757 0
0.10754 0
0.10751 0
0.10747 0
0.10739 0
0.10737 0
0.10734 0
0.10734 0
0.10733 0
0.10731 0
0.10731 0
0.10727 0
0.10725 0
0.10724 0
0.10722 0
0.10715 0
0.10704 0
0.107 0
0.10698 0
0.1069 0
0.10688 0
0.10686 0
0.10677 0
0.10675 0
0.10673 0
0.10672 0
0.10663 0
0.10661 0
0.10651 0
0.10648 0
0.10647 0
0.10644 0
0.1064 0
0.1064 0
0.10633 0
0.10624 0
0.1062 0
0.10614 0
0.10606 0
0.10606 0
0.10602 0
0.10583 0
0.1058 0
0.10578 0
0.10575 0
0.10569 0
0.10565 0
0.10561 0
0.1055 0
0.10547 0
0.10542 0
0.10539 0
0.10539 0
0.10538 0
0.10533 0
0.1053 0
0.10528 0
0.10524 0
0.10524 0
0.10517 0
0.10513 0
0.10505 0
0.10505 0
0.10502 0
0.10501 0
0.10498 0
0.10496 0
0.10493 0
0.10489 0
0.10489 0
0.10488 0
0.10484 0
0.10479 0
0.1047 0
0.10466 0
0.1046 0
0.10456 0
0.10455 0
0.10451 0
0.10446 0
0.10444 0
0.10443 0
0.10442 0
0.10441 0
0.1044 0
0.10439 0
0.10437 0
0.10435 0
0.10432 0
0.10425 0
0.10425 0
0.10423 0
0.10421 0
0.1042 0
0.10415 0
0.10409 0
0.10409 0
0.10406 0
0.10406 0
0.10402 0
0.10391 0
0.1039 0
0.10382 0
0.10377 0
0.10371 0
0.10368 0
0.10361 0
0.10361 0
0.10356 0
0.10352 0
0.10349 0
0.10343 0
0.10343 0
0.10342 0
0.10339 0
0.10329 0
0.10329 0
0.10329 0
0.10328 0
0.10324 0
0.10318 0
0.10315 0
0.10309 0
0.10303 0
0.10301 0
0.103 0
0.1029 0
0.10288 0
0.10287 0
0.10281 0
0.10269 0
0.10264 0
0.10264 0
0.10262 0
0.10262 0
0.1026 0
0.10259 0
0.10255 0
0.10248 0
0.10235 0
0.10234 0
0.10232 0
0.10231 0
0.10227 0
0.10226 0
0.10225 0
0.10221 0
0.10215 0
0.10214 0
0.10214 0
0.10213 0
0.10209 0
0.10207 0
0.10206 0
0.102 0
0.10198 0
0.10189 0
0.10187 0
0.10179 0
0.10179 0
0.10177 0
0.10174 0
0.10171 0
0.10168 0
0.10162 0
0.10156 0
0.10154 0
0.10153 0
0.10148 0
0.10148 0
0.10142 0
0.10142 0
0.10133 0
0.10123 0
0.10119 0
0.10113 0
0.10108 0
0.10103 0
0.10102 0
0.10093 0
0.10092 0
0.10083 0
0.10082 0
0.10081 0
0.10071 0
0.10071 1
0.1007 0
0.10052 0
0.10051 0
0.10051 0
0.10042 0
0.10041 0
0.10035 0
0.10032 0
0.10026 0
0.10022 0
0.10018 0
0.10009 0
0.10003 0
0.10002 0
0.1 0
0.09992 0
0.09987 0
0.09985 0
0.09979 0
0.09973 0
0.09972 0
0.09967 0
0.09964 0
0.09963 0
0.09961 0
0.09957 0
0.09956 0
0.09956 0
0.09941 0
0.09924 0
0.09924 0
0.09921 0
0.09916 0
0.0991 0
0.09903 0
0.09903 0
0.09893 0
0.09893 0
0.09891 0
0.09879 0
0.09873 0
0.09871 0
0.09857 0
0.09856 0
0.09847 0
0.09838 0
0.09838 0
0.09836 0
0.09824 0
0.09821 0
0.09821 0
0.09818 0
0.09816 0
0.09811 0
0.09802 0
0.09802 0
0.098 0
0.09799 0
0.09798 0
0.09796 0
0.09795 0
0.09792 0
0.0979 0
0.09788 0
0.09787 0
0.09786 0
0.09777 0
0.09771 0
0.0977 0
0.09759 0
0.0974 0
0.0973 0
0.09725 0
0.09725 0
0.09723 0
0.09722 0
0.09709 0
0.09707 0
0.09705 0
0.0969 0
0.09686 0
0.09685 0
0.09681 0
0.09679 0
0.09672 0
0.09655 0
0.09649 0
0.0964 0
0.09639 0
0.09632 0
0.0963 0
0.09628 0
0.09626 0
0.09623 0
0.09616 0
0.09615 0
0.09613 0
0.09598 0
0.09596 0
0.09584 0
0.09583 0
0.09576 0
0.09575 0
0.0956 0
0.09559 0
0.09556 0
0.09554 0
0.09548 0
0.09541 0
0.0953 0
0.09521 0
0.09515 0
0.09511 0
0.09509 0
0.09509 0
0.09509 0
0.09506 0
0.09494 0
0.09491 0
0.09488 0
0.09481 0
0.09474 0
0.09474 0
0.09473 0
0.09468 0
0.09458 0
0.09458 0
0.09458 0
0.09456 0
0.09452 0
0.09448 0
0.09445 0
0.09444 0
0.09443 0
0.09442 0
0.0944 0
0.09439 0
0.09438 0
0.09428 0
0.09426 0
0.09419 0
0.09419 0
0.09415 0
0.0941 0
0.09408 0
0.09405 0
0.09402 0
0.09389 0
0.09381 0
0.09381 0
0.09376 0
0.09375 0
0.09362 0
0.0936 0
0.09356 0
0.09353 0
0.09346 0
0.09345 0
0.09337 0
0.09331 0
0.0933 0
0.0933 0
0.09328 0
0.09318 0
0.09313 0
0.09302 0
0.09297 0
0.09293 0
0.09292 0
0.09281 0
0.09278 0
0.09268 0
0.09257 0
0.09248 0
0.09235 0
0.09221 0
0.0922 0
0.0922 0
0.09218 0
0.09211 0
0.09211 0
0.09208 0
0.09196 0
0.09195 0
0.0918 0
0.0918 0
0.09176 0
0.09175 0
0.09159 0
0.09157 0
0.09144 0
0.09137 0
0.09135 0
0.09134 0
0.09131 0
0.09131 0
0.09126 0
0.09114 0
0.09104 0
0.09103 0
0.09098 0
0.09088 0
0.09087 0
0.09083 0
0.09081 0
0.09073 0
0.09073 0
0.09071 0
0.0907 0
0.09067 0
0.09037 0
0.09037 0
0.09031 0
0.09024 0
0.09016 0
0.08987 0
0.08971 0
0.08959 0
0.08952 0
0.08946 0
0.08929 0
0.08929 0
0.08924 0
0.0892 0
0.08918 0
0.08917 0
0.08913 0
0.08912 0
0.08898 0
0.08898 0
0.0889 0
0.08889 0
0.08875 0
0.08873 0
0.0887 0
0.08852 0
0.0885 0
0.08843 0
0.08835 0
0.08835 0
0.088 0
0.0879 0
0.08787 0
0.0878 0
0.08774 0
0.08773 0
0.08772 0
0.08768 0
0.08755 0
0.08754 0
0.08751 0
0.08747 0
0.0874 0
0.08727 0
0.08723 0
0.08715 0
0.08715 0
0.08711 0
0.08699 0
0.08698 0
0.08696 0
0.08695 0
0.08692 0
0.08687 0
0.0868 0
0.08672 0
0.08637 0
0.08634 0
0.08633 0
0.0862 0
0.08619 0
0.08611 0
0.08588 0
0.08579 0
0.08577 0
0.08573 0
0.08571 0
0.08562 0
0.0856 0
0.08556 0
0.08554 0
0.08551 0
0.0855 0
0.08528 0
0.08525 0
0.08523 0
0.08515 0
0.08511 0
0.08487 0
0.08486 0
0.08477 0
0.08468 0
0.08467 0
0.08461 0
0.08436 0
0.08427 0
0.08424 0
0.08423 0
0.08421 0
0.08414 0
0.08409 0
0.0839 0
0.08389 0
0.08389 0
0.08383 0
0.08375 0
0.08374 0
0.08374 0
0.0837 0
0.08367 0
0.08355 0
0.08351 0
0.08339 0
0.08321 0
0.08317 0
0.08317 0
0.0831 0
0.08292 0
0.08279 0
0.08274 0
0.08266 0
0.0825 0
0.08248 0
0.08244 0
0.08236 0
0.0823 1
0.08228 0
0.08227 0
0.08227 0
0.08214 0
0.08208 0
0.08207 0
0.08207 0
0.08202 0
0.082 0
0.082 0
0.08199 0
0.08173 0
0.08172 0
0.08159 0
0.08159 0
0.08154 0
0.08143 0
0.08142 0
0.08142 0
0.08139 0
0.08138 0
0.08126 0
0.08125 0
0.08091 0
0.0809 0
0.08084 0
0.08082 0
0.08071 0
0.08067 0
0.08059 0
0.08034 0
0.08033 0
0.08032 0
0.08026 0
0.08026 0
0.08022 0
0.08021 0
0.08012 0
0.08007 0
0.08007 0
0.07999 0
0.07995 0
0.07982 0
0.07977 0
0.07976 0
0.07956 0
0.07952 0
0.07947 1
0.07937 0
0.07933 0
0.0793 0
0.0792 0
0.0792 0
0.07915 0
0.07915 0
0.07898 0
0.07878 0
0.07851 0
0.07836 0
0.07834 0
0.07833 0
0.07831 0
0.07821 0
0.07812 0
0.07804 0
0.07801 0
0.07788 0
0.07784 0
0.07783 0
0.07778 0
0.07775 0
0.07773 0
0.07769 0
0.07766 0
0.07766 0
0.07765 0
0.07749 0
0.07739 0
0.07735 0
0.07735 0
0.07725 0
0.0772 0
0.07681 0
0.07671 0
0.07664 0
0.07655 0
0.07637 0
0.07631 0
0.07601 0
0.07588 0
0.07574 0
0.0756 0
0.07559 0
0.07553 0
0.07541 0
0.07537 0
0.07537 0
0.07533 0
0.07529 0
0.07511 0
0.07458 0
0.07445 0
0.07443 0
0.07436 0
0.07421 0
0.07419 0
0.07406 0
0.0739 0
0.07385 0
0.07364 0
0.0736 0
0.07354 0
0.07343 0
0.07328 0
0.07306 0
0.07304 0
0.07301 0
0.07294 0
0.07291 0
0.07286 0
0.07261 0
0.07256 0
0.07237 0
0.07237 0
0.07205 0
0.07202 0
0.07201 0
0.07187 0
0.07186 0
0.07183 0
0.07149 0
0.07139 0
0.07138 0
0.07103 0
0.07097 0
0.07088 0
0.07068 0
0.07065 0
0.07047 0
0.07046 0
0.07042 0
0.07016 0
0.07003 0
0.06999 0
0.06991 0
0.06968 0
0.06965 0
0.0696 0
0.06953 0
0.06951 0
0.06947 0
0.06916 0
0.06907 0
0.06901 0
0.0689 0
0.06889 0
0.06882 0
0.06876 0
0.06875 0
0.06872 0
0.06872 0
0.06853 0
0.06845 0
0.06842 0
0.06824 0
0.068 0
0.06792 0
0.06777 0
0.06775 0
0.06771 0
0.06759 0
0.06738 0
0.06724 0
0.06721 0
0.067 0
0.06695 0
0.06676 0
0.06659 0
0.06645 0
0.06636 0
0.06606 0
0.06568 0
0.06565 0
0.06555 0
0.06534 0
0.06511 0
0.06501 0
0.06492 0
0.06488 0
0.06484 0
0.06483 0
0.06482 0
0.06478 0
0.0647 0
0.06455 0
0.06452 0
0.06443 0
0.06412 0
0.06404 0
0.06358 0
0.06351 0
0.06337 0
0.06306 0
0.06265 0
0.06262 0
0.06251 0
0.06246 0
0.06229 0
0.06224 0
0.0622 0
0.062 0
0.06173 0
0.06172 0
0.06139 0
0.06139 0
0.0613 0
0.06116 0
0.06098 0
0.06064 0
0.0604 0
0.06036 0
0.06011 0
0.05996 0
0.05965 0
0.05947 0
0.0592 0
0.05914 0
0.05912 0
0.05906 0
0.05897 0
0.0588 0
0.0588 0
0.05871 0
0.05853 0
0.05841 0
0.0583 0
0.05823 0
0.05813 0
0.05782 0
0.05765 0
0.05746 0
0.05746 0
0.05669 0
0.05649 0
0.05611 0
0.05611 0
0.05578 0
0.05562 0
0.05556 0
0.05554 0
0.05553 0
0.05525 0
0.05498 0
0.05462 0
0.0545 0
0.05449 0
0.05389 0
0.05387 0
0.05387 0
0.05383 0
0.05359 0
0.05332 0
0.05326 0
0.05318 0
0.05281 0
0.05268 0
0.05264 0
0.05234 0
0.05223 0
0.05156 0
0.05155 0
0.05055 0
0.04936 0
0.04892 0
0.04866 0
0.04859 0
0.04832 0
0.04783 0
0.0472 0
0.04717 0
0.04716 0
0.0468 0
0.04603 0
0.04554 0
0.04527 0
0.04495 0
0.0448 0
0.04448 0
0.04397 0
0.04381 0
0.04378 0
0.04318 0
0.04294 0
0.04287 0
0.04271 0
0.04258 0
0.042 0
0.04109 0
0.04062 0
0.04005 0
0.03885 0
0.03848 0
0.03814 0
0.03649 0
0.03589 0
0.03484 0
0.03464 0
0.0343 0
0.03422 0
0.03411 0
0.03303 0
0.03113 0
0.03073 0
0.03009 0
0.02965 0
0.02944 0
0.02881 0
0.02814 0
0.02786 0
0.02781 0
0.02719 0
0.02424 0
0.02377 0
0.02166 0
0.01973 0
0.01557 0
0.01471 0
0.01244 0
0.00926 0
0.00824 0
0.00807 0
-0.0 0
--- Writing PR file CCMpred.txt.pr ---
--- Writing standardized PR file CCMpred.txt.spr ---
--- Writing ROC file CCMpred.txt.roc ---
Area Under the Curve for Precision - Recall is 0.3881067802003917
Area Under the Curve for ROC is 0.8217220821976692
