3.61127 1
2.96151 1
2.94407 1
2.10779 1
1.90633 1
1.88023 1
1.87762 1
1.87644 0
1.83531 1
1.81577 0
1.81363 1
1.70675 1
1.6249 1
1.50138 0
1.49259 1
1.46354 1
1.4258 1
1.35462 1
1.35163 1
1.33858 1
1.31575 1
1.30485 1
1.25581 1
1.20128 1
1.17845 1
1.15891 1
1.1439 1
1.11936 1
1.11631 1
1.10024 1
1.07813 1
1.07232 1
1.04846 1
1.04066 1
1.03834 1
1.02774 0
1.02062 1
1.0126 1
1.00856 1
1.00769 1
0.98704 1
0.9862 1
0.97029 1
0.96318 0
0.94163 0
0.92825 1
0.90979 0
0.90186 0
0.90145 0
0.87475 0
0.84795 0
0.83812 1
0.83598 1
0.83071 1
0.81363 1
0.80048 0
0.76895 1
0.75909 1
0.75855 0
0.74435 0
0.73965 1
0.73956 1
0.72891 0
0.72291 0
0.7216 0
0.70925 0
0.70359 0
0.70039 1
0.69807 1
0.69679 1
0.68507 1
0.68099 1
0.66871 0
0.65079 0
0.64988 0
0.64477 1
0.61944 0
0.61845 0
0.61826 0
0.61204 0
0.60656 1
0.60207 1
0.59409 1
0.59104 1
0.5831 1
0.58243 0
0.58077 1
0.57886 0
0.57804 1
0.57378 0
0.56654 0
0.56484 1
0.56295 0
0.56136 0
0.55766 0
0.55388 0
0.55241 1
0.55116 0
0.5436 0
0.54191 1
0.53993 1
0.53943 0
0.53712 1
0.53656 1
0.53536 0
0.53051 0
0.52448 0
0.52242 0
0.52155 1
0.51785 0
0.51782 0
0.51774 0
0.51741 1
0.5166 0
0.50762 0
0.5071 0
0.50138 0
0.49968 0
0.49904 1
0.49466 1
0.48962 1
0.48921 1
0.48694 0
0.48689 0
0.48492 0
0.47854 0
0.4758 0
0.47418 1
0.47297 0
0.47238 0
0.47117 0
0.46886 0
0.46754 0
0.46692 0
0.46094 0
0.45288 1
0.45197 0
0.4512 0
0.45024 0
0.44882 0
0.44633 1
0.44424 0
0.44369 0
0.4434 0
0.43107 1
0.42991 0
0.42983 0
0.4264 0
0.42464 0
0.42463 0
0.42296 0
0.41988 0
0.41983 0
0.4196 0
0.41798 1
0.41588 0
0.41533 0
0.4153 0
0.41458 0
0.41448 0
0.41443 0
0.41347 0
0.41089 0
0.40835 0
0.4058 1
0.40463 1
0.40379 0
0.40326 0
0.40229 0
0.39992 0
0.39968 0
0.39941 0
0.39931 0
0.39888 0
0.39561 1
0.39453 0
0.3919 0
0.39125 1
0.39104 0
0.39047 0
0.38813 0
0.38797 0
0.38655 0
0.3857 0
0.3851 0
0.38429 0
0.38421 0
0.38287 0
0.3827 0
0.38209 0
0.38207 0
0.38064 0
0.38016 1
0.37976 0
0.37813 0
0.37806 0
0.37755 0
0.37527 0
0.37505 0
0.37251 0
0.37243 0
0.37184 0
0.36997 0
0.36915 0
0.36892 0
0.3687 0
0.367 0
0.36446 0
0.36248 1
0.36179 0
0.36178 0
0.36097 0
0.35865 0
0.35796 0
0.35748 0
0.35661 0
0.3566 0
0.35408 1
0.35338 0
0.35184 0
0.35148 0
0.35134 0
0.35116 0
0.351 1
0.35038 0
0.34998 0
0.34994 1
0.34813 0
0.34747 0
0.34737 1
0.34698 0
0.3463 0
0.34592 0
0.34398 0
0.34368 0
0.34311 0
0.34225 0
0.34125 0
0.34016 1
0.33966 0
0.33734 0
0.33703 0
0.33569 0
0.33331 0
0.33314 0
0.33053 0
0.33041 0
0.33038 0
0.32999 0
0.32889 1
0.32871 0
0.32862 0
0.32794 0
0.32788 1
0.3273 1
0.32717 0
0.32665 0
0.32319 0
0.3229 0
0.32198 0
0.32103 0
0.32063 0
0.31992 0
0.31906 1
0.31873 0
0.31727 0
0.31727 0
0.31626 0
0.31487 0
0.31461 1
0.3144 0
0.31384 1
0.31382 0
0.31375 0
0.31294 0
0.31117 1
0.31012 0
0.30985 0
0.30958 1
0.30632 0
0.30616 0
0.30514 0
0.30394 0
0.30338 0
0.30291 1
0.30189 1
0.3014 0
0.30127 0
0.3004 0
0.29971 0
0.29935 0
0.29826 0
0.29736 0
0.2972 1
0.29703 0
0.29513 0
0.29435 0
0.29329 0
0.29321 0
0.29307 0
0.29299 0
0.29213 1
0.29199 0
0.29144 0
0.29142 0
0.29136 0
0.29078 0
0.29039 0
0.29007 0
0.28884 0
0.2887 0
0.28754 0
0.28696 0
0.28674 0
0.28671 0
0.28641 0
0.2862 0
0.28599 0
0.2851 0
0.28445 0
0.28428 0
0.28282 1
0.28262 0
0.28234 0
0.28211 0
0.28187 0
0.28178 0
0.28063 0
0.28038 0
0.27994 0
0.2789 0
0.27726 1
0.2772 0
0.27705 1
0.27699 0
0.27641 0
0.27535 0
0.27507 1
0.27297 0
0.27283 0
0.272 0
0.2714 0
0.27124 0
0.27086 0
0.2708 0
0.26956 0
0.26912 0
0.26873 0
0.26822 0
0.2681 0
0.26775 0
0.26752 1
0.26745 0
0.26727 1
0.2665 0
0.26615 1
0.2661 0
0.26407 0
0.26402 1
0.26343 0
0.26338 0
0.26325 0
0.26255 0
0.26213 0
0.262 0
0.26106 0
0.26019 0
0.25909 0
0.25846 0
0.25803 0
0.25782 0
0.25776 0
0.25776 0
0.25772 0
0.25742 0
0.25738 0
0.25708 0
0.25677 0
0.2566 0
0.25642 0
0.25577 0
0.25445 0
0.25323 0
0.25266 0
0.25091 0
0.25085 1
0.24967 0
0.24927 1
0.24888 0
0.24876 0
0.24863 0
0.24842 0
0.24732 0
0.24732 0
0.24682 0
0.24647 0
0.24584 0
0.24576 0
0.24566 0
0.24563 0
0.24522 0
0.24482 0
0.24438 1
0.24399 0
0.24394 0
0.24327 1
0.24302 0
0.24292 0
0.24187 0
0.24182 0
0.24001 0
0.23982 0
0.23981 0
0.23959 0
0.23922 0
0.23873 0
0.23848 0
0.23842 0
0.23805 0
0.2376 0
0.23753 0
0.23731 0
0.23727 0
0.2372 0
0.23698 0
0.23666 0
0.23665 0
0.2359 1
0.23586 0
0.23361 0
0.23326 0
0.23296 0
0.23265 1
0.23241 0
0.23233 0
0.23171 0
0.23169 0
0.23163 0
0.23153 0
0.23145 0
0.23108 0
0.2303 0
0.22978 0
0.22963 0
0.22953 0
0.22953 0
0.22945 0
0.22863 0
0.22845 0
0.2284 0
0.22818 0
0.22807 0
0.22801 0
0.22732 0
0.22698 0
0.22688 0
0.22578 0
0.22554 0
0.22514 0
0.22489 0
0.22473 0
0.22438 0
0.22434 0
0.22393 0
0.22334 0
0.22213 0
0.22181 0
0.22165 0
0.22097 0
0.22059 0
0.22033 0
0.21981 0
0.21962 0
0.21952 1
0.21884 1
0.21854 1
0.21803 0
0.21775 0
0.21749 0
0.21719 0
0.21682 0
0.21675 0
0.21664 0
0.21599 0
0.21591 0
0.21574 0
0.21562 1
0.21517 0
0.21496 0
0.21458 0
0.21346 0
0.21334 0
0.21325 0
0.21285 0
0.21258 0
0.21184 1
0.21174 0
0.21095 0
0.21043 0
0.21021 0
0.21007 0
0.20941 0
0.20883 0
0.20836 0
0.20824 0
0.20821 0
0.20809 0
0.20776 0
0.20767 0
0.20736 0
0.2069 0
0.20667 1
0.20656 0
0.20637 0
0.20572 0
0.20552 0
0.20525 0
0.20469 0
0.20452 0
0.20446 0
0.20396 0
0.20367 0
0.20321 0
0.20296 0
0.20258 0
0.20246 0
0.20206 0
0.20204 0
0.20183 0
0.20163 0
0.20152 0
0.20082 1
0.20066 0
0.19975 0
0.19967 0
0.19931 0
0.19913 0
0.19892 0
0.19814 0
0.19777 0
0.19748 0
0.19658 0
0.19507 0
0.19432 0
0.1936 0
0.19354 0
0.19329 0
0.19312 0
0.19223 0
0.19211 0
0.19059 1
0.19053 0
0.19042 0
0.18993 0
0.18939 0
0.18914 0
0.18912 0
0.1889 0
0.18888 0
0.18885 0
0.18838 0
0.18828 0
0.18766 1
0.18717 0
0.18677 0
0.18674 0
0.18566 0
0.18538 0
0.18533 0
0.18499 0
0.18475 0
0.18475 1
0.18388 0
0.18386 0
0.18375 0
0.18357 0
0.18355 0
0.18275 0
0.18269 0
0.18254 0
0.18204 0
0.18202 0
0.18201 0
0.18196 0
0.18156 0
0.18142 0
0.18125 0
0.18101 0
0.18081 0
0.18075 0
0.18075 0
0.18072 1
0.18041 0
0.18023 0
0.18018 0
0.18015 0
0.18007 1
0.17996 0
0.17994 1
0.17981 0
0.17971 0
0.17939 0
0.17919 0
0.17902 0
0.17894 0
0.17816 0
0.17811 0
0.17801 1
0.17788 0
0.17783 0
0.17778 0
0.17739 0
0.17708 0
0.17706 0
0.17704 0
0.17685 0
0.17674 0
0.17666 0
0.17597 0
0.17557 0
0.17554 0
0.1754 0
0.17539 0
0.17538 0
0.1753 0
0.17526 0
0.17518 0
0.17501 0
0.17491 0
0.17463 0
0.17462 0
0.17429 0
0.17422 0
0.17418 0
0.17412 0
0.17411 0
0.17387 0
0.17385 0
0.17358 0
0.17328 0
0.17318 0
0.17317 0
0.17302 0
0.17299 0
0.17282 0
0.1728 0
0.17275 0
0.17262 0
0.17239 0
0.17195 0
0.17089 0
0.17083 0
0.17076 0
0.17045 0
0.17038 0
0.1701 0
0.17005 0
0.16995 0
0.16988 0
0.16982 0
0.16974 0
0.16966 0
0.16956 0
0.16953 0
0.16917 0
0.1681 0
0.16684 0
0.16653 1
0.16638 0
0.16465 0
0.16455 0
0.1639 0
0.16375 0
0.1629 0
0.16287 0
0.16267 0
0.16267 0
0.16266 0
0.1623 0
0.16215 0
0.16201 0
0.1619 0
0.16157 0
0.16133 0
0.16127 0
0.16125 0
0.16095 0
0.1606 0
0.16042 0
0.16032 0
0.16015 0
0.16012 0
0.15959 0
0.15952 0
0.1593 0
0.15925 1
0.15911 0
0.15905 0
0.15874 0
0.15862 0
0.15832 0
0.15811 0
0.15805 0
0.15775 0
0.15775 0
0.15772 0
0.15768 0
0.15768 0
0.15752 0
0.15752 0
0.1574 0
0.15685 0
0.1565 0
0.156 1
0.15593 0
0.15575 1
0.15562 0
0.15539 0
0.15428 0
0.15426 0
0.15362 0
0.15335 0
0.15321 0
0.15313 0
0.15312 0
0.15311 0
0.15301 0
0.15249 0
0.15247 0
0.15244 0
0.15229 0
0.1521 0
0.15172 0
0.15169 0
0.15136 0
0.15126 0
0.15116 0
0.15081 0
0.15036 0
0.15033 1
0.15027 0
0.15014 0
0.15008 0
0.15003 0
0.14965 0
0.14961 0
0.14933 0
0.14927 0
0.14903 0
0.14893 0
0.14889 0
0.14881 0
0.14814 0
0.14784 0
0.14774 0
0.14774 0
0.14764 0
0.14743 0
0.14732 0
0.1471 1
0.14675 0
0.14606 0
0.14599 0
0.14591 0
0.14564 0
0.1456 0
0.1452 0
0.14518 0
0.14494 0
0.14483 0
0.14468 0
0.14457 0
0.14446 0
0.14432 0
0.14429 0
0.14411 0
0.14407 0
0.14394 0
0.14393 0
0.14379 0
0.14345 0
0.14322 0
0.1431 0
0.14301 0
0.14298 0
0.14254 0
0.14243 0
0.14237 0
0.14229 0
0.142 0
0.14189 0
0.14181 0
0.14173 0
0.14166 0
0.14159 0
0.1415 0
0.14137 0
0.14116 0
0.14108 0
0.14084 0
0.14063 0
0.14059 0
0.14037 0
0.14023 0
0.14018 0
0.14006 0
0.14004 0
0.13991 0
0.1399 1
0.13988 0
0.13988 0
0.13981 0
0.13974 0
0.13965 0
0.13962 0
0.13922 0
0.13879 0
0.13854 0
0.13853 0
0.13824 0
0.13821 0
0.13813 0
0.13802 0
0.13792 1
0.13782 0
0.13767 0
0.13748 1
0.13735 0
0.13724 0
0.13715 0
0.13708 0
0.13686 0
0.13682 0
0.13678 0
0.13669 0
0.13631 0
0.13631 0
0.1363 0
0.1361 0
0.13603 0
0.13602 0
0.13576 0
0.13557 0
0.13486 0
0.13473 0
0.13442 0
0.13429 0
0.13396 0
0.13389 0
0.13385 0
0.13378 0
0.13372 0
0.13356 0
0.13344 0
0.1334 0
0.13329 0
0.13321 0
0.13307 0
0.13305 0
0.13277 0
0.1326 0
0.13248 0
0.13243 0
0.13224 0
0.13219 0
0.13198 0
0.13197 0
0.13119 0
0.13101 0
0.13033 0
0.13011 0
0.12985 0
0.12981 0
0.12972 0
0.12968 0
0.12937 0
0.12924 0
0.12884 0
0.12869 0
0.12846 0
0.12845 0
0.12795 0
0.12793 0
0.12765 0
0.12757 0
0.12753 0
0.12753 0
0.1274 0
0.12719 0
0.12714 0
0.12702 0
0.1267 0
0.12669 0
0.12658 0
0.12604 0
0.12581 0
0.12575 0
0.12556 0
0.12546 0
0.12546 0
0.12535 0
0.12531 0
0.12494 0
0.12493 0
0.12491 0
0.12476 0
0.12476 0
0.12468 0
0.12433 0
0.12422 0
0.12417 0
0.1241 0
0.12367 0
0.12361 0
0.12343 0
0.12339 0
0.12333 0
0.12318 0
0.12306 0
0.12288 0
0.12286 0
0.12218 0
0.12187 0
0.12183 0
0.12173 0
0.12157 0
0.12144 0
0.12143 0
0.12133 0
0.12127 0
0.12113 0
0.12102 0
0.12083 0
0.12071 0
0.12054 0
0.12052 0
0.12029 0
0.11978 0
0.11976 0
0.11952 0
0.11935 0
0.11929 0
0.11893 0
0.11884 0
0.11878 0
0.11853 0
0.11835 0
0.11824 0
0.1182 0
0.11814 0
0.11808 0
0.11801 0
0.11789 0
0.11779 0
0.11765 0
0.11758 0
0.11707 0
0.11703 0
0.11669 0
0.11665 0
0.11663 0
0.11651 0
0.11544 0
0.11539 0
0.11524 0
0.11523 0
0.11492 0
0.11482 0
0.11482 0
0.1148 0
0.11471 0
0.11417 1
0.114 0
0.11375 0
0.11374 0
0.1136 0
0.11357 0
0.11343 1
0.11333 0
0.11331 0
0.11324 0
0.11311 0
0.11288 0
0.11286 0
0.11255 0
0.11254 0
0.11252 0
0.1125 0
0.11234 0
0.11229 0
0.11192 0
0.1119 0
0.11187 0
0.11181 0
0.11157 0
0.11141 0
0.11137 1
0.11126 0
0.11122 1
0.11116 0
0.11113 0
0.1109 0
0.11048 0
0.11046 0
0.11042 0
0.11016 0
0.11015 0
0.11012 1
0.10998 0
0.10998 0
0.1097 0
0.10935 0
0.10903 0
0.10894 0
0.10856 0
0.10831 0
0.10821 0
0.1081 0
0.10787 0
0.10778 0
0.10736 0
0.10709 0
0.10698 0
0.10672 1
0.10659 0
0.10629 0
0.10619 0
0.10615 0
0.10608 0
0.10602 0
0.10594 0
0.10581 0
0.10576 0
0.10515 0
0.10515 0
0.10515 1
0.1049 1
0.1048 0
0.10464 0
0.1046 0
0.10452 0
0.10443 0
0.10419 0
0.10404 0
0.10388 1
0.10365 0
0.10352 0
0.10306 0
0.10286 0
0.10278 0
0.10274 0
0.10268 0
0.10261 0
0.10253 0
0.10243 0
0.10219 0
0.10211 0
0.10197 0
0.10191 0
0.1016 0
0.10121 0
0.101 0
0.10081 0
0.10081 0
0.10055 0
0.10054 0
0.10041 0
0.10026 0
0.10021 0
0.09992 0
0.09973 0
0.09956 0
0.09953 0
0.09924 0
0.09892 0
0.09879 0
0.09871 0
0.09835 0
0.0983 0
0.09829 0
0.09814 0
0.09803 0
0.09778 0
0.09765 0
0.09757 0
0.09753 0
0.09737 0
0.09728 0
0.09694 0
0.09688 0
0.09684 0
0.09681 0
0.09679 0
0.09677 0
0.09672 1
0.0966 0
0.09648 0
0.09633 0
0.09599 0
0.09596 0
0.0958 0
0.09561 0
0.09561 0
0.09551 0
0.0953 0
0.09512 0
0.09502 0
0.09481 0
0.09481 0
0.0944 0
0.09427 0
0.09416 0
0.09405 0
0.09399 0
0.09388 0
0.09371 0
0.09371 0
0.09362 0
0.09352 0
0.0935 0
0.09345 0
0.09339 0
0.09338 0
0.09304 0
0.09294 0
0.09285 0
0.09267 0
0.09264 0
0.09241 0
0.09228 0
0.09221 0
0.09193 1
0.09186 0
0.09184 0
0.0918 0
0.09133 0
0.09121 0
0.09109 0
0.09101 0
0.09099 0
0.0908 0
0.09064 0
0.09062 0
0.09061 0
0.09054 0
0.09009 0
0.09004 0
0.08996 0
0.08988 0
0.0895 0
0.08947 0
0.08937 0
0.08923 0
0.08915 0
0.08892 0
0.08884 0
0.08841 0
0.08831 0
0.08824 0
0.08794 0
0.08785 0
0.08784 0
0.08778 0
0.08776 0
0.08774 0
0.08765 0
0.08765 1
0.08722 0
0.08721 0
0.08711 1
0.08693 0
0.08688 0
0.08662 0
0.08628 0
0.08605 0
0.08588 0
0.08584 0
0.08553 0
0.08533 0
0.08531 0
0.08525 0
0.08516 0
0.0851 0
0.08497 0
0.08493 0
0.08456 0
0.08395 0
0.08393 1
0.08383 0
0.08371 0
0.08369 0
0.08367 0
0.08367 0
0.08365 0
0.08356 0
0.08354 0
0.08348 0
0.08346 1
0.08336 0
0.08332 0
0.08301 0
0.08298 0
0.08256 0
0.08248 0
0.08248 0
0.08237 0
0.0822 0
0.08185 0
0.08174 0
0.08169 0
0.08142 0
0.08135 0
0.08086 0
0.08079 0
0.08061 0
0.08051 0
0.08019 0
0.08018 0
0.08 0
0.07991 0
0.07964 0
0.07953 0
0.07943 0
0.0794 0
0.07938 0
0.07932 0
0.07926 0
0.07922 0
0.07917 0
0.07912 0
0.07907 0
0.07902 0
0.07884 0
0.07883 0
0.07876 0
0.07876 0
0.07865 0
0.07859 0
0.07856 0
0.07856 0
0.07848 0
0.07845 0
0.07819 0
0.07797 0
0.07791 0
0.07787 0
0.07782 0
0.07775 0
0.07774 0
0.07772 0
0.0777 0
0.0776 0
0.07748 0
0.07738 0
0.07693 0
0.07669 0
0.0766 0
0.07636 0
0.07618 0
0.07584 0
0.07564 0
0.07544 0
0.07512 0
0.07507 1
0.07506 0
0.07481 0
0.0746 0
0.07453 0
0.07452 0
0.07447 0
0.07435 0
0.07415 1
0.07401 0
0.07398 1
0.07388 0
0.07383 0
0.0735 0
0.07329 0
0.07286 0
0.07251 0
0.07235 0
0.07223 0
0.07208 0
0.07207 0
0.07203 0
0.07194 0
0.07162 0
0.07119 0
0.07107 0
0.071 0
0.07097 0
0.07095 0
0.0709 0
0.07088 0
0.07047 0
0.0703 0
0.07025 0
0.0702 0
0.07011 0
0.07007 0
0.07 0
0.06994 0
0.0697 0
0.06957 0
0.0695 0
0.06941 0
0.06936 0
0.06936 1
0.06933 0
0.0693 0
0.06924 0
0.06909 0
0.06906 0
0.06884 0
0.06881 0
0.06879 0
0.06871 0
0.06871 0
0.06862 0
0.06833 0
0.06813 0
0.06796 0
0.0678 0
0.06771 0
0.0675 0
0.06666 0
0.06639 0
0.06635 0
0.06598 0
0.06582 0
0.06576 0
0.06558 0
0.06503 0
0.06501 0
0.06475 0
0.06466 0
0.06447 0
0.06425 0
0.06424 0
0.06423 0
0.06415 0
0.06402 0
0.06399 0
0.06384 0
0.0638 0
0.06373 0
0.06356 0
0.06348 0
0.0634 0
0.0634 0
0.06287 1
0.06278 0
0.06272 0
0.06267 0
0.06247 0
0.06216 0
0.06205 0
0.062 0
0.06182 0
0.06178 0
0.06177 1
0.06167 0
0.06164 0
0.06161 0
0.06143 0
0.06137 0
0.06134 0
0.0612 0
0.06111 0
0.06109 0
0.06074 0
0.06062 0
0.06061 0
0.06052 0
0.06048 0
0.0602 0
0.0601 0
0.06008 0
0.05971 0
0.0595 0
0.0595 0
0.05932 0
0.05916 0
0.05908 0
0.05907 0
0.05898 0
0.05897 0
0.05885 0
0.05847 0
0.05831 0
0.05827 0
0.05814 0
0.05808 0
0.05797 0
0.05777 0
0.05767 0
0.05763 0
0.05763 0
0.05746 0
0.05737 1
0.05736 0
0.05644 0
0.05622 0
0.05604 0
0.05589 0
0.05581 0
0.05576 0
0.05569 0
0.05564 0
0.05564 0
0.05562 0
0.05549 0
0.05544 0
0.05541 0
0.05526 0
0.0552 0
0.0552 0
0.05499 0
0.05469 0
0.05452 0
0.05428 0
0.05419 0
0.05418 0
0.05417 0
0.05406 0
0.05397 0
0.05396 0
0.05371 0
0.05331 1
0.05322 0
0.05316 0
0.05306 0
0.05302 0
0.0529 0
0.05289 0
0.05288 0
0.05274 0
0.05272 0
0.05271 0
0.05216 0
0.05214 0
0.052 0
0.05194 0
0.05191 0
0.05176 1
0.0516 0
0.05149 0
0.05136 1
0.0513 0
0.05088 0
0.05057 0
0.05052 0
0.05046 0
0.05044 0
0.05041 0
0.05029 0
0.04972 0
0.04953 0
0.04948 0
0.04945 0
0.04943 0
0.04932 0
0.04927 0
0.04902 0
0.04891 0
0.04884 0
0.04881 0
0.04875 0
0.04869 0
0.04848 0
0.04843 0
0.04835 0
0.04825 0
0.04818 0
0.04817 0
0.04816 0
0.04811 1
0.04806 0
0.04801 0
0.0479 0
0.04774 0
0.04771 0
0.04769 0
0.04768 0
0.04748 0
0.04745 0
0.04737 0
0.04727 0
0.04727 0
0.04725 0
0.04702 0
0.04698 0
0.04696 0
0.04692 0
0.04685 0
0.04676 0
0.04657 0
0.04657 0
0.04652 0
0.0464 0
0.04627 0
0.04627 0
0.04624 0
0.04619 0
0.04616 0
0.04612 0
0.04612 0
0.04612 0
0.04596 0
0.04578 0
0.04574 0
0.04564 0
0.04563 0
0.04561 0
0.04547 0
0.04538 0
0.04529 0
0.04526 0
0.04507 0
0.04497 0
0.04491 0
0.0449 0
0.04478 0
0.04467 0
0.04463 0
0.04458 0
0.04434 0
0.0441 0
0.0441 0
0.04385 0
0.04371 0
0.04359 0
0.0433 0
0.04321 0
0.04321 0
0.04287 0
0.0426 0
0.04254 0
0.04227 0
0.04226 0
0.04223 0
0.0422 0
0.04216 0
0.04214 0
0.04211 0
0.0421 0
0.04195 0
0.04159 0
0.04156 0
0.04151 0
0.0414 0
0.04113 0
0.04107 0
0.04104 0
0.04101 0
0.04072 0
0.04067 0
0.04063 0
0.04061 0
0.04048 0
0.04047 0
0.04031 0
0.04028 0
0.04023 0
0.04005 0
0.03966 0
0.03938 0
0.03935 0
0.03925 0
0.03925 0
0.03894 0
0.03887 0
0.03886 0
0.03884 0
0.03879 0
0.03875 0
0.03861 0
0.03833 0
0.03819 0
0.03816 0
0.03815 0
0.03806 0
0.03803 0
0.03796 0
0.03775 0
0.03756 0
0.03703 0
0.03702 0
0.03697 0
0.03694 0
0.03694 0
0.03681 0
0.03671 0
0.03671 0
0.03661 0
0.03657 0
0.03653 0
0.03651 0
0.03645 0
0.03642 0
0.0364 0
0.03638 0
0.03625 0
0.03605 0
0.03596 0
0.03586 0
0.03579 0
0.03575 0
0.03568 0
0.03561 0
0.03556 0
0.03553 0
0.03547 0
0.03541 0
0.03515 0
0.03512 0
0.03504 0
0.03493 0
0.03486 0
0.03481 0
0.03475 0
0.03467 0
0.0346 0
0.0344 0
0.03437 0
0.03435 0
0.03412 0
0.03404 0
0.0339 0
0.03378 0
0.03371 0
0.03369 0
0.03358 0
0.03345 0
0.03345 0
0.03331 0
0.03331 0
0.03302 0
0.03288 0
0.03276 0
0.03266 0
0.03239 1
0.03236 0
0.03223 0
0.03212 0
0.03196 0
0.03184 0
0.0318 0
0.03157 0
0.03152 0
0.03142 0
0.03128 0
0.03107 0
0.03106 0
0.03096 0
0.03075 0
0.03066 0
0.03064 0
0.03061 0
0.03057 0
0.03045 0
0.03039 0
0.03025 0
0.03025 0
0.03012 0
0.02997 0
0.02985 0
0.02984 0
0.02977 0
0.02967 0
0.0295 0
0.02946 0
0.02902 0
0.02858 0
0.02857 0
0.02838 0
0.02821 0
0.0282 0
0.02806 0
0.02797 0
0.02792 0
0.02764 0
0.0273 0
0.0273 0
0.0271 0
0.02701 0
0.02692 0
0.02669 0
0.02659 0
0.02653 0
0.02649 0
0.02649 0
0.0264 0
0.02636 0
0.02622 0
0.02617 0
0.02601 0
0.02586 0
0.02562 0
0.02552 0
0.0255 0
0.02545 0
0.02543 0
0.02539 0
0.0253 0
0.02518 0
0.02518 0
0.02503 0
0.02502 0
0.02499 0
0.02498 0
0.02491 0
0.02468 0
0.02468 0
0.02457 0
0.02448 0
0.02435 1
0.02432 0
0.02427 0
0.0242 0
0.02409 0
0.02401 0
0.02379 0
0.02374 0
0.02372 0
0.02353 0
0.02339 0
0.02314 0
0.02313 0
0.02299 0
0.02298 0
0.02285 0
0.0227 1
0.02251 0
0.02246 0
0.0223 0
0.02215 0
0.02212 0
0.02201 0
0.02175 0
0.02168 0
0.02155 0
0.02149 0
0.02144 0
0.02142 0
0.02129 0
0.02127 0
0.02125 0
0.02124 0
0.02117 0
0.02116 0
0.02116 0
0.02102 0
0.02091 0
0.02088 0
0.02067 0
0.02061 0
0.02055 0
0.02015 0
0.02013 0
0.02011 0
0.02004 0
0.01997 0
0.01977 0
0.01962 0
0.01961 0
0.01949 0
0.01942 0
0.01933 0
0.01914 0
0.01893 0
0.01886 0
0.0188 0
0.01861 0
0.01836 0
0.01826 0
0.01824 0
0.01824 0
0.01809 0
0.01806 0
0.01805 0
0.01803 0
0.01784 0
0.01776 0
0.0176 0
0.01751 0
0.0175 0
0.01738 0
0.01733 0
0.0173 0
0.01725 0
0.01708 0
0.01707 0
0.01672 0
0.01663 0
0.01658 0
0.01653 0
0.01651 0
0.01645 0
0.01642 0
0.01639 0
0.01625 0
0.01623 0
0.01622 0
0.0161 0
0.01604 0
0.0158 0
0.01568 0
0.01566 0
0.01563 0
0.01552 0
0.01552 0
0.01533 0
0.01524 0
0.01513 0
0.01512 0
0.0151 0
0.01503 0
0.01477 0
0.01472 0
0.01444 0
0.01433 0
0.01423 0
0.01417 0
0.01408 0
0.01404 0
0.01399 0
0.01399 0
0.01395 0
0.01389 0
0.01361 0
0.01354 0
0.01353 0
0.01347 0
0.01341 0
0.01331 0
0.01327 0
0.01312 0
0.01312 0
0.01301 0
0.01295 0
0.01292 0
0.01286 1
0.01278 0
0.01277 0
0.0127 0
0.01269 0
0.01256 0
0.01237 0
0.01235 0
0.01221 1
0.01215 0
0.01192 0
0.01189 0
0.0118 0
0.01177 0
0.01167 0
0.0113 0
0.01123 0
0.01116 0
0.01115 0
0.01099 0
0.01086 0
0.01086 0
0.01052 1
0.01042 0
0.01038 0
0.0102 0
0.01017 0
0.01016 0
0.01016 0
0.01014 0
0.01012 0
0.00989 0
0.00982 0
0.00952 0
0.00926 0
0.0092 0
0.00915 0
0.00909 0
0.00908 0
0.00901 0
0.009 0
0.00864 0
0.00862 0
0.00858 0
0.00853 0
0.00837 0
0.00826 0
0.00807 0
0.00807 0
0.00805 0
0.00773 0
0.00756 0
0.00746 0
0.00745 0
0.00702 0
0.00682 0
0.00679 0
0.00672 0
0.00667 0
0.00663 0
0.00661 0
0.00654 0
0.00653 0
0.00647 0
0.00637 0
0.00635 0
0.00629 0
0.00628 0
0.00624 0
0.00614 0
0.00606 0
0.00591 0
0.00583 0
0.00565 0
0.00561 0
0.00547 0
0.00539 0
0.00539 0
0.00539 0
0.00536 0
0.00531 0
0.00517 0
0.00512 0
0.00511 0
0.0051 0
0.00499 0
0.00498 0
0.00494 0
0.00491 0
0.00488 0
0.00479 0
0.00477 0
0.00473 0
0.00472 0
0.00468 0
0.0046 0
0.00447 0
0.00443 0
0.00436 0
0.0041 0
0.00388 0
0.00388 0
0.00385 0
0.00371 0
0.0037 0
0.00368 0
0.00363 0
0.00344 0
0.00335 0
0.00321 0
0.00321 0
0.00304 0
0.00304 0
0.00303 0
0.00299 0
0.00298 0
0.00298 0
0.00276 0
0.00272 0
0.00254 0
0.00251 0
0.00243 0
0.00227 0
0.00204 0
0.00178 0
0.00176 0
0.00166 0
0.00164 0
0.00159 0
0.00158 0
0.00143 0
0.00136 0
0.00136 0
0.00125 0
0.00112 0
0.0011 0
7.5E-4 0
6.7E-4 0
6.1E-4 0
5.0E-4 0
4.8E-4 0
4.2E-4 0
3.2E-4 0
3.1E-4 0
1.5E-4 0
8.0E-5 0
1.0E-5 0
0.0 0
0.0 0
0.0 0
0.0 0
0.0 0
0.0 0
0.0 0
0.0 0
0.0 0
0.0 0
0.0 0
0.0 0
0.0 0
0.0 0
0.0 0
0.0 0
0.0 0
0.0 0
0.0 0
0.0 0
0.0 0
0.0 0
0.0 0
0.0 0
0.0 0
0.0 0
0.0 0
0.0 0
0.0 0
0.0 0
0.0 0
0.0 0
0.0 0
0.0 0
0.0 0
0.0 0
0.0 0
0.0 0
0.0 0
0.0 0
0.0 0
0.0 0
0.0 0
0.0 0
0.0 0
0.0 0
0.0 0
0.0 0
0.0 0
0.0 0
0.0 0
0.0 0
0.0 0
0.0 0
0.0 0
0.0 0
0.0 0
0.0 0
0.0 0
0.0 0
0.0 0
0.0 0
0.0 0
0.0 0
0.0 0
0.0 0
0.0 0
0.0 0
0.0 0
0.0 0
0.0 0
0.0 0
0.0 0
0.0 0
0.0 0
0.0 0
0.0 0
0.0 0
0.0 0
0.0 0
0.0 0
0.0 0
0.0 0
0.0 0
0.0 0
0.0 0
0.0 0
0.0 0
0.0 0
0.0 0
0.0 0
0.0 0
0.0 0
0.0 0
0.0 0
0.0 0
0.0 0
0.0 0
0.0 0
0.0 0
0.0 0
0.0 0
0.0 0
0.0 0
0.0 0
0.0 0
0.0 0
0.0 0
0.0 0
0.0 0
0.0 0
0.0 0
0.0 0
0.0 0
0.0 0
0.0 0
0.0 0
0.0 0
0.0 0
0.0 0
0.0 0
0.0 0
0.0 0
0.0 0
0.0 0
0.0 0
0.0 0
0.0 0
0.0 0
0.0 0
0.0 0
0.0 0
0.0 0
0.0 0
0.0 0
0.0 0
0.0 0
0.0 0
0.0 0
0.0 0
0.0 0
0.0 0
0.0 0
0.0 0
0.0 0
0.0 0
0.0 0
0.0 0
0.0 0
0.0 0
0.0 0
0.0 0
0.0 0
0.0 0
0.0 0
0.0 0
0.0 0
0.0 0
0.0 0
0.0 0
0.0 0
0.0 0
0.0 0
0.0 0
0.0 0
0.0 0
0.0 0
0.0 0
0.0 0
0.0 0
0.0 0
0.0 0
0.0 0
0.0 0
0.0 0
0.0 0
0.0 0
0.0 0
0.0 0
0.0 0
0.0 0
0.0 0
0.0 0
0.0 0
0.0 0
0.0 0
0.0 0
0.0 0
0.0 0
0.0 0
0.0 0
0.0 0
0.0 0
0.0 0
0.0 0
0.0 0
0.0 0
0.0 0
0.0 0
0.0 0
0.0 0
0.0 0
0.0 0
0.0 0
0.0 0
0.0 0
0.0 0
0.0 0
0.0 0
0.0 0
0.0 0
0.0 0
0.0 0
0.0 0
0.0 0
0.0 0
0.0 0
0.0 0
0.0 0
0.0 0
0.0 0
0.0 0
0.0 0
0.0 0
0.0 0
0.0 0
0.0 0
0.0 0
0.0 0
0.0 0
0.0 0
0.0 0
0.0 0
0.0 0
0.0 0
0.0 0
0.0 0
0.0 0
0.0 0
0.0 0
0.0 0
0.0 0
0.0 0
0.0 0
0.0 0
0.0 0
0.0 0
0.0 0
0.0 0
0.0 0
0.0 0
0.0 0
0.0 0
0.0 0
0.0 0
0.0 0
0.0 0
0.0 0
0.0 0
0.0 0
0.0 0
0.0 0
0.0 0
0.0 0
0.0 0
0.0 0
0.0 0
0.0 0
0.0 0
0.0 0
0.0 0
0.0 0
0.0 0
0.0 0
0.0 0
0.0 0
0.0 0
0.0 0
0.0 0
0.0 0
0.0 0
0.0 0
0.0 0
0.0 0
0.0 0
0.0 0
0.0 0
0.0 0
0.0 0
0.0 0
0.0 0
0.0 0
0.0 0
0.0 0
0.0 0
0.0 0
0.0 0
0.0 0
0.0 0
0.0 0
0.0 0
0.0 0
0.0 0
0.0 0
0.0 0
0.0 0
0.0 0
0.0 0
0.0 0
0.0 0
0.0 0
0.0 0
0.0 0
0.0 0
0.0 0
0.0 0
0.0 0
0.0 0
0.0 0
0.0 0
0.0 0
0.0 0
0.0 0
0.0 0
0.0 0
0.0 0
0.0 0
0.0 0
0.0 0
0.0 0
0.0 0
0.0 0
0.0 0
0.0 0
0.0 0
0.0 0
0.0 0
0.0 0
0.0 0
0.0 0
0.0 0
0.0 0
0.0 0
0.0 0
0.0 1
0.0 1
0.0 1
0.0 1
0.0 1
0.0 1
0.0 1
0.0 1
0.0 1
0.0 1
0.0 1
0.0 1
0.0 1
0.0 1
0.0 1
0.0 1
-5.0E-5 0
-1.1E-4 0
-2.3E-4 0
-2.6E-4 0
-2.6E-4 0
-2.7E-4 0
-2.8E-4 0
-3.7E-4 0
-3.9E-4 0
-5.0E-4 0
-5.6E-4 0
-8.4E-4 0
-8.9E-4 0
-0.00111 0
-0.00111 0
-0.00112 0
-0.00113 0
-0.00113 0
-0.00116 0
-0.00117 0
-0.0012 0
-0.0012 0
-0.00134 0
-0.00146 0
-0.00165 0
-0.00181 0
-0.00187 0
-0.00197 0
-0.00208 0
-0.00236 0
-0.00266 0
-0.00268 0
-0.0027 0
-0.0027 0
-0.00278 0
-0.00281 0
-0.00301 0
-0.00302 0
-0.00305 0
-0.0031 0
-0.0032 0
-0.00321 0
-0.00325 0
-0.00328 0
-0.00331 0
-0.00338 0
-0.00345 0
-0.00346 0
-0.00349 0
-0.00353 0
-0.00373 0
-0.00377 0
-0.00382 0
-0.00387 0
-0.00389 0
-0.00394 0
-0.00396 0
-0.00401 0
-0.00404 0
-0.00411 0
-0.00411 0
-0.00433 0
-0.00433 0
-0.0044 0
-0.00469 0
-0.00471 0
-0.0048 0
-0.00494 0
-0.00505 0
-0.0051 0
-0.00518 0
-0.00549 0
-0.00561 0
-0.00566 0
-0.00594 0
-0.00611 0
-0.00617 0
-0.00633 0
-0.0064 0
-0.00645 0
-0.00667 0
-0.00669 0
-0.00674 0
-0.00677 0
-0.00687 0
-0.00689 0
-0.00703 0
-0.00722 0
-0.00736 0
-0.00745 0
-0.00751 0
-0.00771 0
-0.0078 0
-0.00783 0
-0.00784 0
-0.00791 0
-0.008 0
-0.00808 0
-0.00818 0
-0.0083 0
-0.00831 0
-0.00834 0
-0.00836 0
-0.00838 0
-0.00839 0
-0.0084 0
-0.00889 0
-0.0089 0
-0.00893 0
-0.00895 0
-0.00899 0
-0.009 0
-0.00902 0
-0.00912 0
-0.00953 0
-0.00968 0
-0.0097 0
-0.0098 0
-0.00981 0
-0.00989 0
-0.00994 0
-0.00998 0
-0.0101 0
-0.01035 1
-0.01047 0
-0.01048 0
-0.0105 0
-0.0105 0
-0.01054 0
-0.01081 0
-0.01086 0
-0.0111 0
-0.0111 0
-0.01118 0
-0.01133 0
-0.0114 0
-0.01142 0
-0.01144 0
-0.01175 0
-0.01192 0
-0.01194 0
-0.0121 0
-0.01218 0
-0.01219 1
-0.01229 0
-0.01232 0
-0.01232 0
-0.01265 0
-0.01296 0
-0.01296 0
-0.01305 0
-0.0132 0
-0.0138 0
-0.01387 0
-0.01396 0
-0.01403 0
-0.01411 0
-0.01428 0
-0.01437 0
-0.01439 0
-0.01453 0
-0.01475 0
-0.0148 0
-0.01493 0
-0.01497 0
-0.01505 0
-0.01511 0
-0.01529 0
-0.01545 0
-0.01553 0
-0.01555 0
-0.01559 0
-0.01567 0
-0.01572 1
-0.01576 0
-0.01593 0
-0.01594 0
-0.01621 0
-0.01623 0
-0.01624 0
-0.01626 0
-0.01627 0
-0.01632 0
-0.01658 0
-0.01667 0
-0.01668 0
-0.01678 0
-0.01682 1
-0.01685 0
-0.01705 0
-0.01706 0
-0.01717 0
-0.01718 1
-0.01719 0
-0.01725 0
-0.01742 0
-0.01743 0
-0.01745 0
-0.01747 0
-0.01748 0
-0.01751 0
-0.01765 0
-0.01767 0
-0.01772 0
-0.01794 0
-0.01833 0
-0.01837 0
-0.01846 0
-0.01849 0
-0.01851 0
-0.01862 0
-0.01865 0
-0.01871 0
-0.01873 0
-0.01893 0
-0.01897 0
-0.01904 0
-0.01947 0
-0.01948 0
-0.0195 0
-0.01959 0
-0.01965 0
-0.01981 0
-0.01984 0
-0.01987 0
-0.01991 0
-0.01994 0
-0.01994 0
-0.01997 0
-0.01998 0
-0.01998 0
-0.01999 0
-0.02001 0
-0.02013 0
-0.02016 0
-0.02031 0
-0.02037 0
-0.02048 0
-0.02064 0
-0.0208 0
-0.02088 0
-0.02091 0
-0.02117 0
-0.02119 0
-0.0212 0
-0.02122 0
-0.02156 0
-0.02175 0
-0.02186 0
-0.02196 0
-0.02205 0
-0.02209 0
-0.02229 0
-0.02239 0
-0.02239 0
-0.0224 0
-0.02241 0
-0.02242 0
-0.02262 0
-0.02276 0
-0.02282 0
-0.02289 0
-0.02289 0
-0.02297 0
-0.02308 0
-0.0231 0
-0.02312 0
-0.02316 0
-0.0232 0
-0.02325 0
-0.0233 0
-0.02332 0
-0.02334 0
-0.02377 1
-0.02381 0
-0.02382 0
-0.02383 0
-0.02403 1
-0.02406 0
-0.02431 0
-0.02442 0
-0.0245 0
-0.02452 0
-0.02471 0
-0.02493 0
-0.02509 0
-0.02513 0
-0.02521 0
-0.0253 0
-0.0254 0
-0.0254 0
-0.02547 0
-0.02568 0
-0.02571 0
-0.02575 0
-0.02593 0
-0.02601 0
-0.02605 0
-0.02608 0
-0.02643 0
-0.02655 0
-0.02657 0
-0.02671 0
-0.02674 0
-0.02685 0
-0.02687 0
-0.02719 0
-0.02721 0
-0.02723 0
-0.0273 0
-0.02731 0
-0.0274 0
-0.0275 0
-0.02751 0
-0.02777 0
-0.02783 0
-0.02792 0
-0.02794 0
-0.02803 0
-0.02812 0
-0.02815 0
-0.0282 0
-0.02825 0
-0.02827 0
-0.02858 0
-0.02878 0
-0.02888 0
-0.02901 0
-0.02927 0
-0.02927 0
-0.02927 0
-0.02932 0
-0.02951 0
-0.02956 0
-0.02959 0
-0.03005 0
-0.03033 0
-0.0305 0
-0.0305 0
-0.03056 0
-0.03081 0
-0.03084 0
-0.03091 0
-0.03095 0
-0.03101 0
-0.0311 0
-0.03121 0
-0.03138 0
-0.03142 0
-0.03172 0
-0.03174 0
-0.03186 0
-0.03199 0
-0.03207 0
-0.0321 0
-0.03211 0
-0.03216 0
-0.03229 0
-0.03233 0
-0.03233 0
-0.03236 0
-0.0325 0
-0.03254 0
-0.03255 0
-0.03272 0
-0.03274 0
-0.03288 0
-0.03288 0
-0.03294 0
-0.03301 0
-0.03302 0
-0.03305 0
-0.03308 0
-0.03334 0
-0.03335 0
-0.03337 0
-0.03366 0
-0.03374 0
-0.03389 0
-0.03392 0
-0.03394 0
-0.03414 0
-0.03432 0
-0.03433 0
-0.03438 0
-0.03439 0
-0.03452 0
-0.03461 0
-0.03467 0
-0.03471 0
-0.03476 0
-0.03479 0
-0.03483 0
-0.03494 0
-0.03526 0
-0.03537 0
-0.03546 0
-0.03553 0
-0.03564 0
-0.03573 0
-0.03573 0
-0.03576 0
-0.03577 0
-0.03583 0
-0.03588 0
-0.0359 0
-0.03595 0
-0.03602 0
-0.03607 0
-0.03614 0
-0.03653 0
-0.03653 0
-0.0366 0
-0.03664 0
-0.03667 0
-0.03677 0
-0.0368 0
-0.03687 0
-0.0369 0
-0.03694 0
-0.03709 0
-0.03713 0
-0.03721 0
-0.03724 0
-0.0375 0
-0.03752 0
-0.03761 0
-0.03768 0
-0.03771 0
-0.038 0
-0.03824 0
-0.0383 0
-0.03835 0
-0.03847 0
-0.03871 0
-0.03872 0
-0.03883 0
-0.03886 1
-0.03887 0
-0.03894 0
-0.03899 0
-0.0391 0
-0.03914 0
-0.03916 0
-0.03934 0
-0.03958 0
-0.03962 0
-0.03963 0
-0.03979 0
-0.03982 0
-0.04004 0
-0.04008 0
-0.04016 0
-0.04031 0
-0.04046 0
-0.04057 0
-0.04061 0
-0.04068 0
-0.04076 0
-0.04078 0
-0.04082 0
-0.04089 0
-0.0409 0
-0.04092 0
-0.04105 0
-0.04117 0
-0.04124 0
-0.04124 0
-0.04126 0
-0.04138 0
-0.04141 0
-0.04158 0
-0.04177 0
-0.04179 0
-0.04184 0
-0.04186 0
-0.04212 0
-0.04212 0
-0.04224 0
-0.04228 0
-0.04228 0
-0.04232 0
-0.04233 0
-0.04242 0
-0.04245 0
-0.04246 0
-0.04255 0
-0.04277 0
-0.0429 0
-0.04297 0
-0.04304 0
-0.04313 0
-0.04323 0
-0.04344 0
-0.04347 1
-0.04363 0
-0.04383 0
-0.04392 0
-0.044 0
-0.04402 0
-0.0441 0
-0.04417 0
-0.04417 0
-0.04428 0
-0.04431 0
-0.04439 0
-0.0445 0
-0.04455 0
-0.04473 0
-0.04475 0
-0.04488 0
-0.04492 0
-0.04507 0
-0.0451 0
-0.0452 0
-0.04526 0
-0.04526 0
-0.04548 0
-0.04554 0
-0.04563 0
-0.04566 0
-0.04578 0
-0.0458 0
-0.0458 1
-0.04586 0
-0.04586 0
-0.04587 0
-0.04597 0
-0.04608 0
-0.04623 0
-0.04628 0
-0.04638 0
-0.04642 0
-0.04644 0
-0.04644 0
-0.0466 0
-0.04668 0
-0.04669 0
-0.04687 0
-0.04692 0
-0.04703 0
-0.04703 0
-0.04706 0
-0.04706 0
-0.04709 0
-0.04739 0
-0.04751 0
-0.04757 0
-0.04759 0
-0.04777 0
-0.0478 0
-0.04791 0
-0.04797 0
-0.04806 0
-0.0481 0
-0.04827 0
-0.04831 0
-0.04836 0
-0.04848 0
-0.04859 0
-0.0486 0
-0.04866 0
-0.04872 0
-0.04874 0
-0.04877 0
-0.04879 0
-0.04881 0
-0.04883 0
-0.04891 0
-0.04898 0
-0.04911 0
-0.04917 0
-0.04946 0
-0.04967 0
-0.04973 0
-0.04976 0
-0.04986 0
-0.04989 0
-0.04999 0
-0.05014 0
-0.05022 0
-0.05033 0
-0.05042 0
-0.05057 0
-0.05063 0
-0.05064 0
-0.05071 0
-0.05082 0
-0.05089 0
-0.0509 0
-0.05099 0
-0.05099 0
-0.05104 0
-0.05108 0
-0.05117 0
-0.05121 0
-0.05124 0
-0.05141 0
-0.05161 0
-0.05164 0
-0.05177 0
-0.05179 0
-0.05187 0
-0.05194 0
-0.052 0
-0.05207 0
-0.05218 0
-0.0525 0
-0.05252 0
-0.05267 0
-0.05267 0
-0.05283 0
-0.05294 0
-0.053 0
-0.05303 0
-0.05315 0
-0.05317 0
-0.05321 0
-0.05339 0
-0.05342 0
-0.05342 0
-0.05344 0
-0.05353 0
-0.05354 0
-0.05355 0
-0.05366 0
-0.05386 0
-0.05389 0
-0.05393 0
-0.05394 0
-0.05398 1
-0.05409 0
-0.05414 0
-0.0542 0
-0.05423 0
-0.05435 0
-0.05441 0
-0.05448 0
-0.0545 0
-0.05452 1
-0.05455 0
-0.05457 0
-0.05461 0
-0.05464 0
-0.05493 0
-0.05494 0
-0.05506 0
-0.05509 0
-0.05509 0
-0.05513 0
-0.05525 0
-0.05546 0
-0.05557 0
-0.05562 0
-0.05566 0
-0.05567 0
-0.0557 0
-0.05571 0
-0.05573 0
-0.05574 0
-0.05575 0
-0.05589 0
-0.0559 0
-0.0559 0
-0.05595 0
-0.05606 0
-0.05613 0
-0.05614 0
-0.05654 0
-0.05656 0
-0.05662 0
-0.05679 0
-0.05686 0
-0.05691 0
-0.057 0
-0.05709 0
-0.05711 0
-0.05712 0
-0.05713 0
-0.05716 0
-0.05718 0
-0.05724 0
-0.05732 0
-0.05745 0
-0.05751 0
-0.05753 0
-0.05754 0
-0.05779 0
-0.05782 0
-0.05783 0
-0.05789 0
-0.05797 0
-0.05799 0
-0.05801 0
-0.05807 0
-0.05812 0
-0.05819 0
-0.05822 0
-0.05829 0
-0.0583 0
-0.05832 0
-0.05836 0
-0.0584 0
-0.05845 0
-0.0585 0
-0.05852 0
-0.05882 0
-0.05894 0
-0.05896 0
-0.05915 0
-0.05927 0
-0.0593 0
-0.05944 0
-0.05966 0
-0.05966 0
-0.0598 0
-0.05984 0
-0.05989 0
-0.05991 0
-0.05997 0
-0.06009 0
-0.06014 0
-0.0603 0
-0.06032 0
-0.06034 0
-0.06037 0
-0.06043 0
-0.06043 0
-0.0607 0
-0.06096 0
-0.06097 0
-0.06103 0
-0.06108 0
-0.06118 0
-0.0612 0
-0.0614 0
-0.0614 0
-0.06148 0
-0.0615 0
-0.06155 0
-0.06186 0
-0.06189 0
-0.06205 0
-0.06206 0
-0.06207 0
-0.06215 0
-0.0622 0
-0.06226 0
-0.06231 0
-0.06243 0
-0.06248 0
-0.06253 0
-0.06263 0
-0.06279 0
-0.06287 0
-0.06293 0
-0.06295 0
-0.06297 0
-0.063 0
-0.063 0
-0.06311 0
-0.06317 0
-0.06319 0
-0.06321 0
-0.06332 0
-0.06333 0
-0.0634 0
-0.06342 0
-0.06349 0
-0.06354 0
-0.06362 0
-0.06384 0
-0.06384 0
-0.06388 0
-0.06395 0
-0.06407 0
-0.06412 0
-0.06417 0
-0.06436 0
-0.06437 0
-0.06446 0
-0.06452 0
-0.06469 0
-0.06473 0
-0.06474 0
-0.06494 0
-0.06498 0
-0.06506 0
-0.06518 0
-0.06519 0
-0.06537 0
-0.06546 0
-0.0655 0
-0.0656 0
-0.06565 0
-0.06582 0
-0.06584 0
-0.06586 0
-0.06587 0
-0.06588 0
-0.06592 0
-0.06592 0
-0.06597 0
-0.066 0
-0.06604 0
-0.06617 0
-0.0662 0
-0.06636 0
-0.0665 0
-0.0665 0
-0.06662 0
-0.06664 0
-0.0667 0
-0.06694 0
-0.06697 0
-0.06705 0
-0.06715 0
-0.06725 0
-0.06731 0
-0.06738 0
-0.06738 0
-0.06747 0
-0.06752 0
-0.06752 0
-0.06771 0
-0.06774 0
-0.06775 0
-0.06791 0
-0.06796 0
-0.06802 0
-0.06826 0
-0.06829 0
-0.06834 0
-0.0685 0
-0.06852 0
-0.06856 0
-0.06861 0
-0.06863 0
-0.06874 0
-0.06882 0
-0.06906 0
-0.06908 0
-0.06915 0
-0.06921 0
-0.06923 0
-0.06947 0
-0.06971 0
-0.06981 0
-0.07001 0
-0.07002 0
-0.07012 0
-0.07015 0
-0.07025 0
-0.0703 0
-0.07032 0
-0.07032 0
-0.07039 0
-0.07041 0
-0.07048 0
-0.07051 0
-0.07056 0
-0.07063 0
-0.07073 0
-0.07074 0
-0.07076 0
-0.07076 0
-0.07081 0
-0.07083 0
-0.07086 0
-0.07112 0
-0.07117 0
-0.07119 0
-0.07134 0
-0.07137 0
-0.0714 0
-0.07143 0
-0.0715 0
-0.07151 0
-0.07152 0
-0.07156 0
-0.07165 0
-0.07201 0
-0.07209 0
-0.07212 0
-0.07235 0
-0.07241 0
-0.07246 0
-0.07248 0
-0.07249 0
-0.07254 0
-0.07257 0
-0.07261 0
-0.07265 0
-0.07274 0
-0.07283 0
-0.0729 0
-0.07292 0
-0.07294 0
-0.07297 0
-0.0731 0
-0.07312 0
-0.07333 1
-0.0734 0
-0.07341 0
-0.07347 0
-0.07355 0
-0.07363 0
-0.07368 0
-0.07372 0
-0.07385 0
-0.07392 0
-0.07397 0
-0.07429 0
-0.07433 0
-0.07436 0
-0.07439 0
-0.07445 0
-0.07459 0
-0.07462 0
-0.07462 0
-0.07473 0
-0.07488 0
-0.07488 0
-0.07494 0
-0.07515 0
-0.07515 0
-0.07516 0
-0.07523 0
-0.07525 0
-0.07525 0
-0.0754 0
-0.07545 0
-0.07552 0
-0.07553 0
-0.07567 0
-0.07586 0
-0.07604 0
-0.07611 0
-0.07625 0
-0.07629 0
-0.07635 0
-0.07641 0
-0.07645 0
-0.07659 0
-0.07667 0
-0.07673 0
-0.07681 0
-0.07687 0
-0.077 0
-0.0773 0
-0.07731 0
-0.07735 0
-0.07737 0
-0.0774 0
-0.07745 0
-0.07757 0
-0.07771 0
-0.07776 0
-0.07789 0
-0.0779 0
-0.07792 0
-0.07798 0
-0.07814 0
-0.07817 0
-0.07824 0
-0.07825 0
-0.07828 0
-0.07846 0
-0.0786 0
-0.07867 0
-0.07874 0
-0.07885 0
-0.07886 0
-0.07889 0
-0.07891 0
-0.07895 0
-0.07898 0
-0.07899 0
-0.07905 0
-0.0791 0
-0.07914 0
-0.0792 0
-0.07928 0
-0.0793 0
-0.07947 0
-0.07955 0
-0.07967 0
-0.07969 0
-0.07979 0
-0.07988 0
-0.08 0
-0.08009 0
-0.08011 0
-0.08014 0
-0.08018 0
-0.0802 0
-0.08022 0
-0.08024 0
-0.08026 0
-0.08039 0
-0.08059 0
-0.0806 0
-0.08067 0
-0.0807 0
-0.08073 0
-0.08078 0
-0.08078 0
-0.0808 0
-0.08083 0
-0.08105 0
-0.08106 0
-0.08114 0
-0.08115 0
-0.08116 0
-0.08137 0
-0.08143 0
-0.08152 0
-0.08176 0
-0.0818 0
-0.08181 0
-0.08192 0
-0.08198 0
-0.08221 0
-0.08237 0
-0.0825 0
-0.08257 0
-0.08261 0
-0.08271 0
-0.08276 0
-0.0828 0
-0.08282 0
-0.08288 0
-0.08289 0
-0.08291 0
-0.08295 0
-0.08297 0
-0.08309 0
-0.08314 0
-0.08325 0
-0.08331 0
-0.08333 0
-0.08335 0
-0.08335 0
-0.08337 0
-0.08358 0
-0.08376 0
-0.0838 0
-0.08382 0
-0.08389 0
-0.0839 0
-0.0842 0
-0.08421 0
-0.08427 0
-0.08429 0
-0.0843 0
-0.08431 0
-0.08453 0
-0.08458 0
-0.08465 0
-0.08467 0
-0.08467 0
-0.08468 0
-0.08472 0
-0.08481 0
-0.08486 0
-0.08488 0
-0.08489 0
-0.085 0
-0.08501 0
-0.08506 0
-0.08511 0
-0.08525 0
-0.08526 0
-0.08539 0
-0.08539 0
-0.08542 0
-0.08546 0
-0.08557 0
-0.0856 0
-0.08591 0
-0.08594 0
-0.08598 0
-0.086 0
-0.08601 0
-0.08602 0
-0.08613 0
-0.08615 0
-0.08617 0
-0.08619 0
-0.08621 0
-0.08628 0
-0.08631 1
-0.08635 0
-0.08642 0
-0.08645 0
-0.0866 0
-0.08661 0
-0.08663 0
-0.08664 0
-0.08677 0
-0.08686 0
-0.08699 0
-0.08708 0
-0.08711 0
-0.08715 0
-0.08722 0
-0.08722 0
-0.08731 0
-0.08733 0
-0.08737 0
-0.08745 0
-0.08751 0
-0.08753 0
-0.08758 0
-0.08762 0
-0.08763 0
-0.08775 0
-0.08782 0
-0.08798 0
-0.088 0
-0.08803 0
-0.08806 0
-0.08809 0
-0.08812 0
-0.08817 0
-0.08818 0
-0.08833 0
-0.08836 0
-0.0884 0
-0.08845 0
-0.08845 0
-0.08845 0
-0.08847 0
-0.08848 0
-0.08866 0
-0.08871 0
-0.08874 0
-0.08876 0
-0.0889 0
-0.08894 0
-0.08901 0
-0.08915 0
-0.08934 0
-0.08935 0
-0.08937 0
-0.08956 0
-0.08957 0
-0.08977 0
-0.08982 0
-0.08984 0
-0.08986 0
-0.08989 0
-0.08991 0
-0.08996 0
-0.08998 0
-0.08998 0
-0.09004 0
-0.09006 0
-0.09007 0
-0.09008 0
-0.09014 0
-0.09023 0
-0.0903 0
-0.09036 0
-0.09038 0
-0.09039 0
-0.09047 0
-0.09047 0
-0.09058 0
-0.09062 0
-0.09066 0
-0.09069 0
-0.09073 0
-0.09087 0
-0.09098 0
-0.091 0
-0.09111 0
-0.09141 0
-0.09146 0
-0.09155 0
-0.0916 0
-0.09161 0
-0.09168 0
-0.09169 0
-0.09198 0
-0.0922 0
-0.09226 0
-0.09226 0
-0.0923 0
-0.09239 0
-0.09268 0
-0.0928 0
-0.09283 0
-0.09296 0
-0.093 0
-0.09312 0
-0.09318 0
-0.09328 0
-0.09334 0
-0.09337 0
-0.0934 0
-0.09357 0
-0.09371 0
-0.09383 0
-0.09395 0
-0.09399 0
-0.09411 0
-0.09428 0
-0.09435 0
-0.09442 0
-0.0945 0
-0.09452 0
-0.09462 0
-0.09463 0
-0.09472 0
-0.09481 0
-0.09482 0
-0.09494 0
-0.09495 0
-0.09503 0
-0.09512 0
-0.09516 0
-0.09531 0
-0.09534 0
-0.09544 0
-0.09548 0
-0.09558 0
-0.0956 0
-0.09566 0
-0.09574 0
-0.09576 0
-0.09579 0
-0.09607 0
-0.09616 0
-0.0962 0
-0.09627 0
-0.09657 0
-0.09659 0
-0.09659 0
-0.09662 0
-0.09671 0
-0.09678 0
-0.09695 0
-0.09709 0
-0.0971 0
-0.09714 0
-0.09738 0
-0.09747 0
-0.0975 0
-0.09753 0
-0.09762 0
-0.09763 0
-0.09763 0
-0.09767 0
-0.09768 0
-0.09772 0
-0.09773 0
-0.09775 0
-0.09779 0
-0.09781 0
-0.09802 0
-0.09815 0
-0.09831 0
-0.09839 0
-0.09845 0
-0.09851 0
-0.09854 0
-0.09857 0
-0.0986 0
-0.09891 0
-0.09908 0
-0.09909 0
-0.09913 0
-0.09936 0
-0.09943 0
-0.09944 0
-0.09961 0
-0.09965 0
-0.09966 0
-0.09968 0
-0.09974 0
-0.09979 0
-0.09988 0
-0.09996 0
-0.10005 0
-0.10027 0
-0.10034 0
-0.10035 0
-0.10047 0
-0.10048 0
-0.10053 0
-0.10053 0
-0.10053 0
-0.10069 0
-0.10071 0
-0.10077 0
-0.1008 0
-0.10083 0
-0.10093 0
-0.10133 0
-0.10142 0
-0.10143 0
-0.10154 0
-0.10162 0
-0.10167 0
-0.10184 0
-0.10185 0
-0.10189 0
-0.10195 0
-0.10203 0
-0.10205 0
-0.10218 0
-0.10222 0
-0.10229 0
-0.10245 0
-0.10252 0
-0.10253 0
-0.10254 0
-0.10259 0
-0.1026 0
-0.1026 0
-0.10261 0
-0.10268 0
-0.10279 0
-0.1029 0
-0.10292 0
-0.10298 0
-0.10305 0
-0.10307 0
-0.10317 0
-0.10323 0
-0.10327 0
-0.10329 0
-0.10336 0
-0.10338 0
-0.1034 0
-0.10341 0
-0.1035 0
-0.1035 0
-0.10353 0
-0.10362 0
-0.10367 0
-0.10378 0
-0.10382 0
-0.10391 0
-0.10391 0
-0.10396 0
-0.10416 0
-0.10426 0
-0.10427 0
-0.1043 0
-0.10435 0
-0.10439 0
-0.10441 0
-0.10459 0
-0.10466 0
-0.10472 0
-0.10477 0
-0.10502 0
-0.10504 0
-0.10525 0
-0.10527 0
-0.10533 0
-0.10544 0
-0.10546 0
-0.10566 0
-0.10568 0
-0.1057 0
-0.10578 0
-0.10579 0
-0.1058 0
-0.10591 0
-0.10597 0
-0.1062 0
-0.10622 0
-0.10631 0
-0.10644 0
-0.1067 0
-0.10691 0
-0.10695 0
-0.10705 0
-0.10707 0
-0.10708 0
-0.10729 0
-0.10742 0
-0.10745 0
-0.10747 0
-0.10754 0
-0.10755 0
-0.1076 0
-0.10764 0
-0.1077 0
-0.10771 0
-0.10781 0
-0.10784 0
-0.10785 0
-0.10786 0
-0.10807 0
-0.10808 0
-0.10809 0
-0.1081 0
-0.10814 0
-0.10819 0
-0.1082 0
-0.10838 0
-0.10842 0
-0.10845 0
-0.10866 0
-0.10868 0
-0.10875 0
-0.10901 0
-0.1091 0
-0.10912 0
-0.10919 0
-0.10919 0
-0.10927 0
-0.10942 0
-0.10944 0
-0.10951 0
-0.10955 0
-0.10962 0
-0.10964 0
-0.10965 0
-0.10974 0
-0.10981 0
-0.10981 0
-0.10983 0
-0.10991 0
-0.11004 0
-0.11036 0
-0.11041 0
-0.11053 0
-0.11054 0
-0.11062 0
-0.11062 0
-0.11084 0
-0.11108 0
-0.11109 0
-0.11109 0
-0.11115 0
-0.1112 0
-0.11127 0
-0.11127 0
-0.11128 0
-0.11129 0
-0.11134 0
-0.11136 0
-0.11137 0
-0.11145 0
-0.11149 0
-0.11151 0
-0.11156 0
-0.11157 0
-0.11158 0
-0.11159 0
-0.11177 0
-0.11177 0
-0.11195 0
-0.11195 0
-0.11197 0
-0.11204 0
-0.11205 0
-0.11205 0
-0.11212 0
-0.11221 0
-0.11235 0
-0.11239 0
-0.1124 0
-0.1125 0
-0.11253 0
-0.11262 0
-0.11268 0
-0.11271 0
-0.11272 0
-0.11273 0
-0.11274 0
-0.11275 0
-0.11281 0
-0.11282 0
-0.11286 0
-0.11287 0
-0.11288 0
-0.11291 0
-0.11298 0
-0.11313 0
-0.11329 0
-0.11332 0
-0.11351 0
-0.11362 0
-0.11362 0
-0.11363 0
-0.11363 0
-0.11394 0
-0.11395 0
-0.11396 1
-0.11405 0
-0.11407 0
-0.11408 0
-0.11435 0
-0.11435 0
-0.11451 0
-0.11456 0
-0.11456 0
-0.11463 0
-0.11466 0
-0.1147 0
-0.1147 0
-0.11471 0
-0.11471 0
-0.11477 0
-0.11481 0
-0.11482 0
-0.11483 0
-0.11486 0
-0.11495 0
-0.11501 0
-0.11502 0
-0.11506 0
-0.11512 0
-0.11518 0
-0.1152 0
-0.1152 0
-0.11539 0
-0.11546 0
-0.11564 0
-0.11571 0
-0.11572 0
-0.11574 0
-0.11576 0
-0.11584 0
-0.11586 0
-0.1159 0
-0.1159 0
-0.11592 0
-0.11594 0
-0.11638 1
-0.1165 0
-0.11651 0
-0.11655 0
-0.11656 0
-0.11661 0
-0.11668 0
-0.11674 0
-0.11676 0
-0.1168 0
-0.11689 1
-0.11704 0
-0.11713 0
-0.11716 0
-0.11718 0
-0.11721 0
-0.11728 0
-0.11733 0
-0.11736 0
-0.11737 0
-0.1175 0
-0.11754 0
-0.11765 0
-0.11776 0
-0.11781 0
-0.11782 0
-0.11788 0
-0.11809 0
-0.1183 0
-0.1183 0
-0.11833 0
-0.11845 0
-0.11848 0
-0.11849 0
-0.1185 0
-0.11852 0
-0.11859 0
-0.11863 0
-0.11863 0
-0.11864 0
-0.11868 0
-0.1187 0
-0.11872 0
-0.11881 0
-0.11881 0
-0.11882 0
-0.11884 0
-0.11886 0
-0.11888 0
-0.11891 0
-0.11895 0
-0.11907 0
-0.11911 0
-0.1192 0
-0.11922 0
-0.11927 0
-0.11929 0
-0.11931 0
-0.11933 0
-0.11937 0
-0.11937 0
-0.11957 0
-0.11958 0
-0.11965 0
-0.11966 0
-0.11975 0
-0.11977 0
-0.11985 0
-0.11989 0
-0.11989 0
-0.11992 0
-0.11998 0
-0.12002 0
-0.12019 0
-0.1202 1
-0.1203 0
-0.12032 0
-0.12032 0
-0.12035 0
-0.12035 0
-0.12036 0
-0.12042 0
-0.12049 0
-0.12059 0
-0.1206 0
-0.12072 0
-0.12075 0
-0.12084 0
-0.1209 0
-0.12122 0
-0.1213 0
-0.12132 0
-0.12133 0
-0.12142 0
-0.12147 0
-0.12148 0
-0.12154 0
-0.12154 0
-0.12157 0
-0.12172 0
-0.12186 0
-0.12191 0
-0.12205 0
-0.1221 0
-0.12238 0
-0.12254 0
-0.12257 0
-0.12274 0
-0.12276 0
-0.12283 0
-0.12285 0
-0.12294 0
-0.12301 0
-0.12301 0
-0.12313 0
-0.12314 0
-0.12317 0
-0.12324 0
-0.12329 0
-0.12337 0
-0.1234 0
-0.12342 0
-0.12355 0
-0.12356 0
-0.12363 0
-0.12368 0
-0.12368 0
-0.12374 0
-0.12374 0
-0.12377 0
-0.12386 0
-0.12396 0
-0.12401 0
-0.12401 0
-0.12403 0
-0.12404 0
-0.12404 0
-0.12416 0
-0.12459 0
-0.1246 0
-0.12463 0
-0.12465 0
-0.12467 0
-0.12472 0
-0.12477 0
-0.12477 0
-0.12481 0
-0.12493 0
-0.12503 0
-0.12508 0
-0.12526 0
-0.1253 0
-0.1255 0
-0.12551 0
-0.12551 0
-0.12551 0
-0.12556 0
-0.12558 0
-0.12571 0
-0.12573 0
-0.12574 0
-0.12582 0
-0.12604 0
-0.12605 0
-0.12605 0
-0.12612 1
-0.12615 0
-0.12628 0
-0.12628 0
-0.1263 0
-0.12649 0
-0.12651 0
-0.12653 0
-0.12657 0
-0.12657 0
-0.12665 0
-0.1267 0
-0.12683 0
-0.12687 0
-0.12687 0
-0.12689 0
-0.12705 0
-0.12714 0
-0.12715 0
-0.12718 0
-0.12721 0
-0.12726 0
-0.1273 0
-0.12749 0
-0.12758 0
-0.12774 0
-0.12783 0
-0.12796 0
-0.12796 0
-0.12801 0
-0.1281 0
-0.12811 0
-0.12818 0
-0.1282 0
-0.12821 0
-0.12827 0
-0.12866 0
-0.12866 0
-0.12869 0
-0.12871 0
-0.12872 1
-0.12874 0
-0.12884 0
-0.12887 0
-0.12899 0
-0.12901 0
-0.12904 0
-0.12904 0
-0.12907 0
-0.12911 0
-0.12912 0
-0.12912 0
-0.12919 0
-0.12925 0
-0.12937 0
-0.12945 0
-0.1295 0
-0.12963 0
-0.12969 0
-0.12978 0
-0.12984 0
-0.12985 0
-0.12991 0
-0.12992 0
-0.12996 0
-0.13005 0
-0.13008 0
-0.13012 0
-0.13027 0
-0.13034 0
-0.1304 0
-0.13045 0
-0.13047 0
-0.13047 0
-0.13058 0
-0.13064 0
-0.13068 0
-0.1309 0
-0.13092 0
-0.13093 0
-0.13102 0
-0.13111 0
-0.13122 0
-0.13128 0
-0.1313 0
-0.13132 0
-0.13134 0
-0.13138 0
-0.13146 0
-0.13148 0
-0.13148 0
-0.13152 0
-0.13154 0
-0.13156 0
-0.13174 0
-0.13181 0
-0.13182 0
-0.13183 0
-0.13184 0
-0.13184 0
-0.13197 0
-0.13201 0
-0.1321 0
-0.13234 0
-0.13235 0
-0.13239 0
-0.13243 0
-0.13243 0
-0.13245 0
-0.13247 0
-0.13253 0
-0.13257 0
-0.13259 0
-0.13282 0
-0.13283 0
-0.1329 0
-0.13295 0
-0.13295 0
-0.13312 0
-0.13316 0
-0.13321 0
-0.13322 0
-0.13324 0
-0.13325 0
-0.13338 0
-0.1334 0
-0.13347 0
-0.13349 0
-0.1335 0
-0.13353 0
-0.13362 0
-0.13362 0
-0.13366 0
-0.13378 0
-0.13387 0
-0.13392 0
-0.13399 0
-0.13402 0
-0.13407 0
-0.13415 0
-0.13419 0
-0.13434 0
-0.13454 0
-0.13454 0
-0.13463 0
-0.13463 0
-0.13464 0
-0.13471 0
-0.13488 0
-0.1351 0
-0.13512 0
-0.13519 0
-0.13521 0
-0.13523 0
-0.13528 1
-0.13533 0
-0.13541 0
-0.13544 0
-0.13546 0
-0.13559 0
-0.13572 0
-0.13575 0
-0.13579 0
-0.13583 0
-0.13584 0
-0.13586 0
-0.13587 0
-0.13587 0
-0.13595 0
-0.13595 0
-0.13595 0
-0.13605 0
-0.13605 0
-0.13606 0
-0.13607 0
-0.13613 0
-0.1363 0
-0.13635 0
-0.1364 0
-0.13651 0
-0.13653 0
-0.13662 0
-0.13664 0
-0.13679 0
-0.13685 0
-0.13711 0
-0.13714 0
-0.13718 0
-0.13721 0
-0.13725 0
-0.13726 0
-0.13727 0
-0.13728 0
-0.13731 0
-0.13734 0
-0.13734 0
-0.13737 0
-0.13738 0
-0.13741 0
-0.13746 0
-0.13746 0
-0.13749 0
-0.13754 0
-0.13756 0
-0.13759 0
-0.13764 0
-0.13773 0
-0.13789 0
-0.1379 0
-0.13795 0
-0.13797 0
-0.13798 0
-0.13823 0
-0.13825 0
-0.1383 0
-0.13846 0
-0.1386 0
-0.13867 0
-0.13883 0
-0.13884 0
-0.13893 0
-0.13921 0
-0.13934 0
-0.1394 0
-0.13955 0
-0.13963 0
-0.13972 0
-0.13972 0
-0.13976 0
-0.13981 0
-0.13985 0
-0.13987 0
-0.13995 0
-0.14001 0
-0.14008 0
-0.14008 0
-0.14015 0
-0.14031 0
-0.14037 0
-0.14043 0
-0.14047 0
-0.14048 0
-0.14048 0
-0.14058 0
-0.14061 0
-0.14067 0
-0.14071 0
-0.14073 0
-0.14074 0
-0.14086 0
-0.14087 0
-0.14087 0
-0.14102 0
-0.14169 0
-0.14176 0
-0.1418 0
-0.14188 0
-0.14195 0
-0.14205 0
-0.14234 0
-0.14247 0
-0.14249 0
-0.14252 0
-0.14254 0
-0.14261 0
-0.14266 0
-0.14281 0
-0.14281 0
-0.14282 0
-0.14284 0
-0.14296 0
-0.14298 0
-0.14314 0
-0.14314 1
-0.14317 0
-0.14348 0
-0.14351 0
-0.14358 0
-0.14359 0
-0.14359 0
-0.14371 0
-0.14384 0
-0.14388 0
-0.14392 0
-0.14411 0
-0.14411 0
-0.14416 0
-0.14424 0
-0.14436 0
-0.14457 0
-0.14465 0
-0.14466 0
-0.14468 0
-0.14471 0
-0.14475 0
-0.14481 0
-0.14486 0
-0.14486 0
-0.14499 0
-0.14508 0
-0.14511 0
-0.14512 0
-0.14512 0
-0.14525 0
-0.14535 0
-0.14535 0
-0.14538 0
-0.14538 0
-0.14549 0
-0.14562 0
-0.14578 0
-0.1458 0
-0.14606 0
-0.14609 0
-0.1461 0
-0.14614 0
-0.14616 0
-0.14621 0
-0.1463 0
-0.1463 0
-0.14632 0
-0.14633 0
-0.14653 0
-0.14655 0
-0.14661 0
-0.14671 0
-0.1468 0
-0.1469 0
-0.14694 1
-0.14708 0
-0.1471 0
-0.14736 0
-0.14744 0
-0.14751 0
-0.14767 0
-0.14777 0
-0.1478 0
-0.14786 0
-0.14791 0
-0.14792 0
-0.14795 0
-0.14827 0
-0.14828 0
-0.14836 0
-0.14861 0
-0.14863 0
-0.14867 0
-0.14873 0
-0.14875 0
-0.14878 0
-0.14885 0
-0.14889 0
-0.14891 1
-0.14905 0
-0.14909 0
-0.14927 0
-0.14932 0
-0.14939 0
-0.14957 0
-0.14969 0
-0.14984 0
-0.14988 0
-0.14996 0
-0.15 0
-0.15004 0
-0.15011 0
-0.15014 0
-0.15021 0
-0.15023 0
-0.15025 0
-0.15033 0
-0.15059 0
-0.15064 0
-0.15078 0
-0.1508 0
-0.1508 0
-0.15093 0
-0.15094 0
-0.15097 0
-0.151 0
-0.15123 0
-0.15123 0
-0.15143 0
-0.1515 0
-0.15154 0
-0.15157 0
-0.15164 0
-0.15164 0
-0.15164 0
-0.15165 0
-0.15168 1
-0.15169 0
-0.15172 0
-0.15176 0
-0.15176 0
-0.15188 0
-0.1519 0
-0.15201 0
-0.15203 0
-0.1521 0
-0.15223 0
-0.15227 0
-0.1527 0
-0.15275 0
-0.15277 0
-0.1528 0
-0.15285 0
-0.15293 0
-0.15294 0
-0.15295 0
-0.15297 0
-0.15298 0
-0.15301 0
-0.15305 0
-0.15321 0
-0.15325 0
-0.15332 0
-0.15344 0
-0.15345 0
-0.15353 0
-0.15359 0
-0.1536 0
-0.15367 0
-0.1537 0
-0.15382 0
-0.15383 0
-0.15384 0
-0.1539 0
-0.15395 0
-0.15403 0
-0.15406 0
-0.1541 0
-0.15416 0
-0.15429 0
-0.15436 0
-0.15438 0
-0.15444 0
-0.15447 0
-0.15448 0
-0.15452 0
-0.15457 0
-0.15462 0
-0.15473 0
-0.15496 0
-0.15503 0
-0.15504 0
-0.15507 0
-0.15513 0
-0.15514 0
-0.15514 0
-0.15518 0
-0.15534 0
-0.15539 0
-0.15554 0
-0.15557 0
-0.15559 0
-0.15564 0
-0.15569 0
-0.1557 0
-0.15571 0
-0.15574 0
-0.15575 0
-0.15578 0
-0.15581 0
-0.15597 0
-0.15612 0
-0.15626 0
-0.15633 0
-0.15634 0
-0.15636 1
-0.15644 0
-0.15649 0
-0.15649 0
-0.15655 0
-0.15657 0
-0.15665 0
-0.15676 0
-0.15676 0
-0.15684 0
-0.15689 0
-0.15697 0
-0.15699 0
-0.15703 0
-0.15709 0
-0.15712 0
-0.15716 0
-0.15729 0
-0.1576 0
-0.15762 0
-0.15768 0
-0.15769 0
-0.1577 0
-0.15772 0
-0.15774 0
-0.1578 0
-0.15788 0
-0.15788 0
-0.15788 0
-0.15797 0
-0.15798 0
-0.15812 0
-0.15819 0
-0.15838 0
-0.15858 0
-0.15861 0
-0.15862 0
-0.15869 0
-0.15869 0
-0.15884 0
-0.15884 0
-0.15921 0
-0.15934 0
-0.15937 0
-0.15943 0
-0.15969 0
-0.15982 0
-0.15989 0
-0.16 0
-0.16007 0
-0.16026 0
-0.16038 0
-0.16042 0
-0.16045 0
-0.1605 0
-0.16051 0
-0.16053 0
-0.16057 0
-0.16064 0
-0.16064 0
-0.16067 0
-0.16069 0
-0.16076 0
-0.16081 0
-0.16082 0
-0.16105 0
-0.16106 0
-0.16112 0
-0.16114 0
-0.16128 0
-0.16128 0
-0.16129 0
-0.16131 0
-0.16132 0
-0.16141 0
-0.16142 0
-0.16149 0
-0.16149 0
-0.16154 0
-0.16162 0
-0.16184 0
-0.16185 0
-0.16187 0
-0.16189 0
-0.16201 0
-0.16201 0
-0.16205 0
-0.16207 0
-0.1622 0
-0.16222 0
-0.16229 0
-0.16232 0
-0.16237 0
-0.16237 0
-0.16245 0
-0.16247 0
-0.16248 0
-0.16261 0
-0.16284 0
-0.16295 0
-0.16297 0
-0.16301 0
-0.16326 0
-0.16327 0
-0.1633 0
-0.16333 0
-0.16341 0
-0.16356 0
-0.1636 0
-0.16362 0
-0.16365 0
-0.16366 0
-0.16378 0
-0.16382 0
-0.16398 0
-0.16419 0
-0.16421 0
-0.16425 0
-0.1644 0
-0.16444 0
-0.16451 0
-0.16457 0
-0.16457 0
-0.16458 0
-0.16469 0
-0.16475 0
-0.16476 0
-0.16484 0
-0.16501 0
-0.16502 0
-0.16511 0
-0.16513 0
-0.16514 0
-0.16523 0
-0.16525 0
-0.16546 0
-0.16547 0
-0.1655 0
-0.16565 0
-0.1657 0
-0.1657 0
-0.16571 0
-0.1658 0
-0.16585 0
-0.16585 0
-0.16589 0
-0.16592 0
-0.16601 0
-0.16609 0
-0.16617 0
-0.16624 0
-0.16634 0
-0.16637 0
-0.16641 0
-0.1665 0
-0.16651 0
-0.16654 0
-0.16661 0
-0.16667 0
-0.16683 0
-0.16694 0
-0.16706 0
-0.16708 0
-0.1671 0
-0.16712 0
-0.16714 0
-0.16725 0
-0.16732 0
-0.16733 0
-0.16743 0
-0.1675 0
-0.16753 0
-0.1677 0
-0.16778 0
-0.16785 0
-0.16797 0
-0.16801 0
-0.16807 0
-0.16808 0
-0.16816 0
-0.16833 0
-0.16841 0
-0.16852 0
-0.16856 0
-0.16857 0
-0.16858 0
-0.16866 0
-0.16897 0
-0.16904 0
-0.16906 0
-0.1692 0
-0.16924 0
-0.16925 0
-0.16933 0
-0.16935 0
-0.16936 0
-0.16943 0
-0.16943 0
-0.16955 0
-0.16959 0
-0.16963 0
-0.16971 0
-0.1699 0
-0.17008 0
-0.17009 0
-0.17011 0
-0.17015 0
-0.17023 0
-0.17023 0
-0.17031 0
-0.17051 0
-0.17055 0
-0.17059 0
-0.17079 0
-0.17084 0
-0.17086 0
-0.17088 0
-0.17096 0
-0.17123 0
-0.17127 0
-0.17128 0
-0.17133 0
-0.1714 0
-0.17141 0
-0.17144 0
-0.17148 0
-0.17149 0
-0.17156 0
-0.17177 0
-0.17178 0
-0.1719 0
-0.17198 0
-0.17198 0
-0.17208 0
-0.17209 0
-0.17215 0
-0.17215 0
-0.1723 0
-0.17233 0
-0.1724 0
-0.17248 0
-0.17269 0
-0.17269 1
-0.17298 0
-0.17309 0
-0.1731 0
-0.17317 0
-0.17321 0
-0.17324 0
-0.17354 0
-0.17361 0
-0.17371 0
-0.17375 0
-0.17385 0
-0.17391 0
-0.17401 0
-0.17402 0
-0.17412 0
-0.17416 0
-0.17417 0
-0.17421 0
-0.17421 0
-0.17424 0
-0.17434 0
-0.17444 0
-0.17447 0
-0.17448 0
-0.17463 0
-0.17469 0
-0.17469 0
-0.17473 0
-0.17474 0
-0.17475 0
-0.1748 0
-0.17484 0
-0.17486 0
-0.17505 0
-0.17506 0
-0.17506 0
-0.17512 0
-0.17513 0
-0.17515 0
-0.17515 0
-0.17516 0
-0.17551 0
-0.17581 0
-0.17592 1
-0.17596 0
-0.17606 0
-0.17622 0
-0.17633 0
-0.17638 0
-0.17647 0
-0.17665 0
-0.17666 0
-0.17671 0
-0.17683 0
-0.17704 0
-0.17712 0
-0.17713 0
-0.17715 0
-0.17731 0
-0.17732 0
-0.17738 0
-0.17744 0
-0.17744 0
-0.17768 0
-0.1777 0
-0.17771 0
-0.17791 0
-0.17793 0
-0.17814 0
-0.17818 0
-0.17826 0
-0.1783 0
-0.17831 0
-0.17835 0
-0.17856 0
-0.17862 0
-0.17866 0
-0.1787 0
-0.17895 0
-0.17902 0
-0.17906 0
-0.17913 0
-0.17918 0
-0.17928 0
-0.17928 0
-0.17933 0
-0.17969 0
-0.1798 0
-0.18003 0
-0.18008 0
-0.18022 0
-0.1803 0
-0.18034 0
-0.18035 0
-0.18037 0
-0.18043 0
-0.18044 0
-0.18051 0
-0.18062 0
-0.18069 0
-0.18076 0
-0.18081 0
-0.18094 0
-0.18094 0
-0.1811 0
-0.18115 0
-0.18128 0
-0.18139 0
-0.18145 0
-0.18146 0
-0.18147 0
-0.1816 0
-0.18162 0
-0.18168 0
-0.18177 0
-0.18187 0
-0.182 0
-0.18208 0
-0.1821 0
-0.18224 0
-0.18226 0
-0.18231 0
-0.1824 0
-0.18246 0
-0.18247 0
-0.18251 0
-0.18252 0
-0.1826 0
-0.18268 0
-0.18274 0
-0.18278 0
-0.18286 0
-0.18288 0
-0.18289 0
-0.18303 0
-0.18308 0
-0.18342 0
-0.18344 0
-0.1837 0
-0.18372 0
-0.18397 0
-0.184 0
-0.18402 0
-0.18405 0
-0.18412 0
-0.18427 0
-0.18429 0
-0.18435 0
-0.18444 0
-0.18465 0
-0.18466 0
-0.18473 0
-0.18477 0
-0.1849 0
-0.18493 0
-0.18494 0
-0.18496 0
-0.18498 0
-0.18506 0
-0.18508 0
-0.1851 0
-0.18512 0
-0.18513 0
-0.18521 0
-0.18522 0
-0.18524 0
-0.18526 0
-0.18527 0
-0.18538 0
-0.18541 0
-0.18587 0
-0.18589 0
-0.18594 0
-0.18595 0
-0.18599 0
-0.186 0
-0.18604 0
-0.18606 0
-0.18616 0
-0.18618 0
-0.18619 0
-0.18624 0
-0.18632 0
-0.18638 0
-0.18638 0
-0.18658 0
-0.18661 0
-0.18665 0
-0.1868 0
-0.18691 0
-0.18692 0
-0.18697 0
-0.1872 0
-0.18722 0
-0.18723 0
-0.18725 0
-0.18756 0
-0.18768 0
-0.18801 0
-0.18813 0
-0.18815 0
-0.18817 0
-0.18825 0
-0.18826 0
-0.18827 0
-0.1884 0
-0.18841 0
-0.18848 0
-0.18854 1
-0.18866 0
-0.18871 0
-0.18876 0
-0.18876 0
-0.18884 0
-0.18889 0
-0.18933 0
-0.18935 0
-0.18963 0
-0.18968 0
-0.18968 0
-0.18971 0
-0.18979 0
-0.18983 0
-0.18992 0
-0.19014 0
-0.19016 0
-0.19027 0
-0.19032 0
-0.19041 0
-0.19048 0
-0.19065 0
-0.19068 0
-0.1907 0
-0.1907 0
-0.19071 0
-0.19081 0
-0.19082 0
-0.19082 0
-0.19088 0
-0.19092 0
-0.19092 0
-0.19105 0
-0.1911 0
-0.19115 0
-0.19123 0
-0.19126 0
-0.19129 0
-0.19131 0
-0.19131 0
-0.19133 0
-0.19154 0
-0.19162 0
-0.19163 0
-0.19169 0
-0.19174 0
-0.19179 0
-0.19181 0
-0.19183 0
-0.19183 0
-0.19186 0
-0.192 0
-0.19211 0
-0.19212 0
-0.19213 0
-0.19221 0
-0.19235 0
-0.19248 0
-0.19254 0
-0.19288 0
-0.19294 0
-0.19304 0
-0.19306 0
-0.19322 0
-0.19332 0
-0.19346 0
-0.19347 0
-0.19357 0
-0.19362 0
-0.19364 0
-0.19368 0
-0.19371 0
-0.19374 0
-0.19374 0
-0.19376 0
-0.19377 0
-0.19386 0
-0.19389 0
-0.1939 0
-0.19399 0
-0.19405 0
-0.1941 0
-0.19437 0
-0.19448 0
-0.19452 0
-0.19463 0
-0.19475 0
-0.19481 0
-0.19486 0
-0.19513 0
-0.1952 0
-0.19536 0
-0.19537 0
-0.19548 0
-0.19567 0
-0.1958 0
-0.19581 0
-0.19583 0
-0.19586 0
-0.19595 0
-0.19596 0
-0.19607 0
-0.19635 0
-0.19638 0
-0.19656 0
-0.19661 0
-0.19662 0
-0.19664 0
-0.19665 0
-0.19665 0
-0.19668 0
-0.19669 0
-0.19671 0
-0.19672 0
-0.19687 0
-0.19692 0
-0.19696 0
-0.19699 0
-0.197 0
-0.19705 0
-0.19709 0
-0.19719 0
-0.1972 0
-0.19729 0
-0.19761 0
-0.19766 0
-0.19767 0
-0.19778 0
-0.19778 0
-0.19783 0
-0.19785 0
-0.19786 0
-0.19798 0
-0.198 0
-0.19801 0
-0.19803 0
-0.19809 0
-0.1981 0
-0.19819 0
-0.19822 0
-0.19831 0
-0.19838 1
-0.1986 0
-0.19861 0
-0.19879 0
-0.19884 0
-0.19886 0
-0.1989 0
-0.199 0
-0.19902 0
-0.19902 0
-0.19907 0
-0.19917 0
-0.1992 0
-0.1992 0
-0.19927 0
-0.19941 0
-0.19947 0
-0.19954 0
-0.19965 0
-0.19969 0
-0.19972 0
-0.19977 0
-0.19983 0
-0.19993 0
-0.20005 0
-0.20007 0
-0.20009 0
-0.20011 0
-0.20025 0
-0.20026 0
-0.20032 0
-0.20039 0
-0.20047 0
-0.20049 0
-0.20069 0
-0.20073 0
-0.20081 0
-0.20098 0
-0.20102 0
-0.20108 0
-0.20121 0
-0.20123 0
-0.20123 0
-0.20124 0
-0.20125 0
-0.20138 0
-0.20146 0
-0.2015 0
-0.20156 0
-0.20172 0
-0.20175 0
-0.20178 0
-0.20189 0
-0.20198 0
-0.202 0
-0.20203 0
-0.20206 0
-0.20208 0
-0.20217 0
-0.20223 0
-0.2023 0
-0.20233 0
-0.20259 0
-0.20265 0
-0.20278 0
-0.20285 0
-0.20303 0
-0.20306 0
-0.20322 0
-0.20325 0
-0.20327 0
-0.20348 0
-0.20351 0
-0.20353 0
-0.20353 0
-0.20386 0
-0.20387 0
-0.20388 0
-0.2039 0
-0.20391 0
-0.2042 0
-0.20421 0
-0.20424 0
-0.2045 0
-0.20462 0
-0.20463 0
-0.20465 0
-0.20467 0
-0.2047 0
-0.20482 0
-0.20483 0
-0.20484 0
-0.20487 0
-0.2053 0
-0.20535 0
-0.20544 0
-0.20549 0
-0.20549 0
-0.2055 0
-0.20572 0
-0.20578 0
-0.2058 0
-0.20604 0
-0.20614 0
-0.20618 0
-0.20619 0
-0.2062 0
-0.20621 0
-0.20626 0
-0.20627 0
-0.20633 0
-0.2064 0
-0.2064 1
-0.20649 0
-0.20655 0
-0.20655 0
-0.20678 0
-0.20679 0
-0.2068 0
-0.20685 0
-0.20706 0
-0.20709 0
-0.20721 0
-0.20725 0
-0.20728 0
-0.20734 0
-0.20737 0
-0.20747 0
-0.20748 0
-0.20752 0
-0.20753 0
-0.20756 0
-0.20771 0
-0.20772 0
-0.20775 0
-0.20781 0
-0.20788 0
-0.20794 0
-0.20802 0
-0.20804 0
-0.20806 0
-0.20808 0
-0.2081 0
-0.20813 0
-0.20815 0
-0.20827 0
-0.20829 0
-0.20831 0
-0.20857 0
-0.2087 0
-0.20881 0
-0.20886 0
-0.20889 0
-0.209 0
-0.20903 0
-0.20916 0
-0.20921 1
-0.20923 0
-0.20923 0
-0.20933 0
-0.20946 0
-0.2095 0
-0.20955 0
-0.20963 0
-0.20968 0
-0.20969 0
-0.21004 0
-0.21007 0
-0.21022 0
-0.21022 0
-0.21037 0
-0.21042 0
-0.21055 0
-0.21056 0
-0.21057 0
-0.21063 0
-0.21074 0
-0.21095 0
-0.21102 0
-0.21103 0
-0.21108 0
-0.21109 0
-0.21112 0
-0.21117 0
-0.21117 0
-0.21154 0
-0.21165 0
-0.21177 0
-0.21182 0
-0.21188 0
-0.2119 0
-0.2119 0
-0.21208 0
-0.2121 0
-0.21227 0
-0.21243 0
-0.21262 0
-0.21265 0
-0.21272 0
-0.21279 0
-0.21289 0
-0.21318 0
-0.2133 0
-0.21342 0
-0.21346 0
-0.2135 0
-0.21363 0
-0.21376 0
-0.21386 0
-0.21392 0
-0.21397 0
-0.21398 0
-0.21401 0
-0.21403 0
-0.21408 0
-0.2141 0
-0.21413 0
-0.21414 0
-0.21419 0
-0.21426 0
-0.2143 0
-0.21436 0
-0.21437 0
-0.21443 0
-0.21447 0
-0.21449 0
-0.21467 0
-0.21489 1
-0.2152 0
-0.21521 0
-0.21521 0
-0.21533 0
-0.21534 0
-0.21535 0
-0.21545 0
-0.21555 0
-0.21562 0
-0.21565 0
-0.21577 0
-0.21579 0
-0.21585 0
-0.21601 0
-0.21615 0
-0.21618 0
-0.21618 0
-0.21619 0
-0.21624 0
-0.21631 0
-0.21638 0
-0.2164 0
-0.21641 0
-0.21642 0
-0.21664 0
-0.21669 0
-0.21669 0
-0.21675 0
-0.21685 0
-0.21695 0
-0.21695 0
-0.217 0
-0.21701 0
-0.21702 0
-0.21706 0
-0.21708 0
-0.21715 0
-0.21721 0
-0.21726 0
-0.21728 0
-0.21736 0
-0.21741 0
-0.21743 0
-0.21751 0
-0.21754 0
-0.21757 0
-0.21766 0
-0.21767 0
-0.21769 0
-0.21786 0
-0.21789 0
-0.21796 0
-0.21805 0
-0.21822 0
-0.21827 0
-0.21839 0
-0.21841 0
-0.21842 0
-0.21846 0
-0.21858 0
-0.21861 0
-0.21863 0
-0.21865 0
-0.21876 0
-0.21898 0
-0.21904 0
-0.21908 0
-0.21919 0
-0.21926 0
-0.21937 0
-0.21938 0
-0.2194 0
-0.21956 0
-0.21958 0
-0.21963 0
-0.21973 0
-0.21974 0
-0.21977 0
-0.21983 0
-0.2199 0
-0.21993 0
-0.21999 0
-0.22003 0
-0.22004 0
-0.22015 0
-0.22035 0
-0.22038 0
-0.2204 0
-0.22045 0
-0.22048 0
-0.22049 0
-0.22052 0
-0.22054 0
-0.22063 0
-0.22068 0
-0.22072 0
-0.22084 0
-0.22091 0
-0.22097 0
-0.221 0
-0.22106 0
-0.2211 0
-0.22112 0
-0.22118 0
-0.22125 0
-0.22136 0
-0.22142 0
-0.22144 0
-0.22149 0
-0.22171 0
-0.22187 0
-0.22191 0
-0.22198 0
-0.22207 0
-0.22219 0
-0.22237 0
-0.22238 0
-0.2224 0
-0.2224 0
-0.22258 0
-0.22265 0
-0.22267 0
-0.22273 0
-0.22274 0
-0.22279 0
-0.2228 0
-0.2228 0
-0.22287 0
-0.22292 0
-0.22294 0
-0.22303 0
-0.2232 0
-0.22321 0
-0.22323 0
-0.22332 0
-0.22339 0
-0.22372 0
-0.22385 0
-0.22386 0
-0.22401 0
-0.22409 0
-0.22414 0
-0.22416 0
-0.22416 0
-0.22426 0
-0.2243 0
-0.22439 0
-0.22442 0
-0.22459 0
-0.22459 0
-0.22465 0
-0.22487 0
-0.22493 0
-0.22506 0
-0.2251 0
-0.22515 0
-0.22517 0
-0.2252 0
-0.22522 0
-0.22531 0
-0.22535 0
-0.22543 0
-0.22553 0
-0.22554 0
-0.22554 0
-0.22595 0
-0.22597 0
-0.22597 0
-0.22601 0
-0.22623 0
-0.22635 0
-0.2264 0
-0.22697 0
-0.22698 0
-0.227 0
-0.22716 0
-0.22728 0
-0.22732 0
-0.22736 1
-0.22742 0
-0.22763 0
-0.22764 0
-0.22766 0
-0.22766 0
-0.22773 0
-0.22774 0
-0.22778 0
-0.22789 0
-0.22797 0
-0.22802 0
-0.22806 0
-0.22808 0
-0.2281 0
-0.22813 0
-0.22835 0
-0.22841 0
-0.2285 0
-0.22852 0
-0.22857 0
-0.22866 0
-0.22879 0
-0.22879 0
-0.22891 0
-0.22891 0
-0.22901 0
-0.22903 0
-0.22903 0
-0.22929 0
-0.22937 0
-0.22946 0
-0.22957 0
-0.22972 0
-0.22982 0
-0.22983 0
-0.22999 0
-0.23002 0
-0.23013 0
-0.23016 0
-0.23022 0
-0.23023 0
-0.23026 0
-0.23035 0
-0.23035 0
-0.23046 0
-0.23058 0
-0.2308 0
-0.23087 0
-0.23097 0
-0.231 0
-0.23109 0
-0.2312 0
-0.23124 0
-0.2315 0
-0.23178 0
-0.23188 0
-0.23197 0
-0.23203 0
-0.23208 0
-0.23234 0
-0.23243 0
-0.23259 0
-0.23279 0
-0.23283 0
-0.23284 0
-0.23287 0
-0.23337 0
-0.23347 0
-0.23348 0
-0.23349 0
-0.23352 0
-0.23357 0
-0.23359 0
-0.23375 0
-0.23388 0
-0.23389 0
-0.23393 0
-0.23399 0
-0.23405 0
-0.23406 0
-0.2341 0
-0.23414 0
-0.23426 0
-0.23428 0
-0.23431 0
-0.23433 0
-0.23441 0
-0.23443 0
-0.23448 0
-0.23487 0
-0.23496 0
-0.23499 0
-0.23505 0
-0.23505 0
-0.23535 0
-0.23537 0
-0.23539 0
-0.23542 0
-0.23555 0
-0.23557 0
-0.23567 0
-0.23575 0
-0.23581 0
-0.23588 0
-0.23599 0
-0.23603 0
-0.23618 0
-0.23624 0
-0.23634 0
-0.23647 0
-0.23648 0
-0.23648 0
-0.23676 0
-0.23677 0
-0.23677 0
-0.23691 0
-0.23704 0
-0.2371 0
-0.23728 0
-0.2373 0
-0.23743 0
-0.23753 0
-0.23757 0
-0.2376 0
-0.23769 0
-0.23787 0
-0.23807 0
-0.23809 0
-0.2381 0
-0.23818 0
-0.23848 0
-0.23857 0
-0.23857 0
-0.23919 0
-0.23919 0
-0.23922 0
-0.23946 0
-0.23967 0
-0.23974 0
-0.23995 0
-0.24003 0
-0.24006 0
-0.24006 0
-0.24006 0
-0.24011 0
-0.24025 0
-0.24037 0
-0.24056 0
-0.24065 0
-0.2407 0
-0.24077 0
-0.24077 0
-0.24091 0
-0.24105 0
-0.24109 0
-0.24117 0
-0.24131 0
-0.24133 0
-0.24146 0
-0.24152 0
-0.24164 0
-0.24189 0
-0.24214 0
-0.24217 0
-0.24226 0
-0.24241 0
-0.24247 0
-0.2425 0
-0.24263 0
-0.24269 0
-0.24275 0
-0.24277 0
-0.2428 0
-0.24285 0
-0.24305 0
-0.2431 0
-0.24328 0
-0.24341 0
-0.2435 0
-0.2435 0
-0.24361 0
-0.24362 0
-0.24365 0
-0.24365 0
-0.24378 0
-0.24384 0
-0.24422 0
-0.24423 0
-0.24425 0
-0.24438 0
-0.24438 0
-0.24441 0
-0.24443 0
-0.24444 0
-0.24444 0
-0.24445 0
-0.24451 0
-0.24455 0
-0.24459 0
-0.24468 0
-0.24472 0
-0.24472 0
-0.24477 0
-0.24484 0
-0.24493 0
-0.24504 0
-0.24504 0
-0.24511 0
-0.24515 0
-0.2452 0
-0.24528 0
-0.24542 0
-0.24543 0
-0.24544 0
-0.24545 0
-0.2457 0
-0.24579 0
-0.24582 0
-0.2459 0
-0.24591 0
-0.24605 0
-0.24619 0
-0.24631 0
-0.2466 0
-0.2466 0
-0.24665 0
-0.24668 0
-0.24673 0
-0.24696 0
-0.24697 0
-0.24698 0
-0.24715 0
-0.2472 0
-0.24722 0
-0.24724 0
-0.24732 0
-0.24737 0
-0.24742 0
-0.24751 0
-0.24761 0
-0.24779 0
-0.24783 0
-0.24806 0
-0.24809 0
-0.2481 0
-0.24813 0
-0.24817 0
-0.24817 0
-0.24822 0
-0.24824 0
-0.24828 0
-0.24828 1
-0.24844 0
-0.24861 0
-0.24884 0
-0.24891 0
-0.24904 0
-0.24905 0
-0.24919 0
-0.24922 1
-0.24946 0
-0.24969 0
-0.24974 0
-0.25 0
-0.25019 0
-0.25025 0
-0.25035 0
-0.25044 1
-0.25062 0
-0.25063 0
-0.25068 0
-0.2507 0
-0.25094 0
-0.25097 0
-0.25097 0
-0.25119 0
-0.25124 0
-0.25126 0
-0.25132 0
-0.25133 0
-0.25143 0
-0.25152 0
-0.25156 0
-0.25159 0
-0.2517 0
-0.25175 0
-0.25183 0
-0.25185 0
-0.25188 0
-0.25188 0
-0.25191 0
-0.25197 0
-0.25208 0
-0.25218 0
-0.25241 0
-0.25245 0
-0.25263 0
-0.25264 0
-0.25278 0
-0.25293 0
-0.25339 0
-0.25348 0
-0.25348 0
-0.25356 0
-0.25357 0
-0.25358 0
-0.25365 0
-0.25373 0
-0.25393 0
-0.2541 0
-0.25411 0
-0.25425 0
-0.25427 0
-0.25428 0
-0.25448 0
-0.25452 0
-0.25464 0
-0.25468 0
-0.25486 0
-0.2549 0
-0.25499 0
-0.25517 0
-0.25534 0
-0.25538 0
-0.25556 0
-0.25561 0
-0.25568 0
-0.25582 0
-0.25585 0
-0.25589 0
-0.2559 1
-0.25604 0
-0.25604 0
-0.25604 0
-0.25616 0
-0.25617 0
-0.25621 0
-0.25623 0
-0.25645 0
-0.25651 0
-0.25655 0
-0.25657 0
-0.25668 0
-0.25671 0
-0.25673 0
-0.25691 0
-0.257 0
-0.25733 0
-0.25751 0
-0.25769 0
-0.25773 0
-0.25804 0
-0.25812 0
-0.25821 0
-0.25825 0
-0.25827 0
-0.25828 0
-0.25846 0
-0.25851 0
-0.25851 0
-0.25882 0
-0.25885 0
-0.25889 0
-0.2589 0
-0.25895 0
-0.25917 0
-0.25921 0
-0.25929 0
-0.25933 0
-0.25934 0
-0.25935 0
-0.25951 0
-0.25961 0
-0.2597 0
-0.25977 0
-0.25993 0
-0.25993 0
-0.25998 0
-0.25999 0
-0.26015 0
-0.26034 0
-0.26044 0
-0.2606 0
-0.26061 0
-0.26068 0
-0.26077 0
-0.26077 0
-0.26081 0
-0.26081 0
-0.26092 0
-0.26097 0
-0.26102 0
-0.26114 0
-0.26132 0
-0.26132 0
-0.26138 0
-0.26139 0
-0.26229 0
-0.2623 0
-0.26232 0
-0.26233 0
-0.2628 0
-0.26321 0
-0.26326 0
-0.26333 0
-0.26333 0
-0.26344 0
-0.26348 0
-0.2636 0
-0.26363 0
-0.26375 0
-0.26384 0
-0.26406 0
-0.26414 0
-0.26417 0
-0.26446 0
-0.26448 0
-0.26457 0
-0.26466 0
-0.26475 0
-0.26476 0
-0.26481 0
-0.26487 0
-0.26493 0
-0.26499 0
-0.26515 0
-0.26532 0
-0.26556 0
-0.26558 0
-0.2658 0
-0.2659 0
-0.26596 0
-0.26602 0
-0.26607 0
-0.2661 0
-0.26611 0
-0.26629 0
-0.26637 0
-0.26644 0
-0.26646 0
-0.26657 0
-0.26664 0
-0.26679 0
-0.26714 0
-0.26725 0
-0.26743 0
-0.26748 0
-0.26748 0
-0.26752 0
-0.26756 0
-0.26761 0
-0.26763 0
-0.26803 0
-0.26804 0
-0.26812 0
-0.26824 0
-0.26844 0
-0.26855 0
-0.26877 0
-0.26911 0
-0.26923 0
-0.26924 0
-0.26953 0
-0.26961 0
-0.26974 0
-0.26984 0
-0.26985 0
-0.26988 0
-0.26992 0
-0.27012 0
-0.27018 0
-0.2702 0
-0.27054 0
-0.27061 0
-0.27063 0
-0.27071 0
-0.27084 0
-0.27095 0
-0.27111 0
-0.27114 0
-0.27119 0
-0.27121 0
-0.27123 0
-0.27126 0
-0.27146 0
-0.27147 0
-0.27149 0
-0.27158 0
-0.27166 0
-0.27168 0
-0.27173 0
-0.27189 0
-0.27192 0
-0.27196 0
-0.27236 0
-0.27236 0
-0.27257 0
-0.2726 0
-0.27262 0
-0.27269 0
-0.27273 0
-0.27295 0
-0.27313 0
-0.27318 0
-0.27325 0
-0.27373 0
-0.27383 0
-0.27383 0
-0.27396 1
-0.27403 0
-0.27404 0
-0.27407 0
-0.27409 0
-0.27419 0
-0.27421 0
-0.27425 0
-0.27428 0
-0.27447 0
-0.2745 0
-0.27452 0
-0.2747 0
-0.27471 0
-0.27476 0
-0.27484 0
-0.2749 0
-0.2749 0
-0.2749 0
-0.27502 0
-0.27507 0
-0.27518 0
-0.27523 0
-0.27542 0
-0.27549 0
-0.27549 0
-0.27556 0
-0.27567 0
-0.27567 0
-0.27572 0
-0.2759 0
-0.27597 0
-0.27622 0
-0.27628 0
-0.27649 0
-0.27655 0
-0.27656 0
-0.27658 0
-0.27662 0
-0.27667 0
-0.27672 0
-0.27678 0
-0.27687 0
-0.27691 0
-0.2772 0
-0.27728 0
-0.27735 0
-0.27739 0
-0.27746 0
-0.27764 0
-0.27802 0
-0.27803 0
-0.27813 0
-0.27819 0
-0.27833 0
-0.27834 0
-0.27845 0
-0.27848 0
-0.27849 0
-0.27866 0
-0.27874 0
-0.27879 0
-0.2788 0
-0.27889 0
-0.27901 0
-0.27903 0
-0.27907 0
-0.27914 0
-0.27915 0
-0.27942 0
-0.27945 0
-0.27946 0
-0.27947 0
-0.27951 0
-0.27952 0
-0.27963 0
-0.27976 0
-0.27982 0
-0.27985 0
-0.27992 0
-0.27993 0
-0.27996 0
-0.28031 0
-0.2804 0
-0.28049 0
-0.28052 0
-0.28062 0
-0.28071 0
-0.2809 0
-0.28092 0
-0.281 0
-0.28108 1
-0.28122 0
-0.2813 0
-0.28149 0
-0.28155 0
-0.28177 0
-0.2818 0
-0.28234 0
-0.28247 0
-0.28253 0
-0.28255 0
-0.28279 0
-0.28304 0
-0.28306 0
-0.28308 0
-0.2832 0
-0.2834 0
-0.28357 0
-0.28362 0
-0.28371 0
-0.2839 0
-0.2839 0
-0.28393 0
-0.28397 0
-0.28402 0
-0.28415 0
-0.2842 0
-0.2842 0
-0.28438 0
-0.28445 0
-0.28453 0
-0.28471 0
-0.28475 0
-0.28479 0
-0.28491 0
-0.28493 0
-0.285 0
-0.28507 0
-0.28524 0
-0.28534 0
-0.28536 0
-0.28552 0
-0.28558 0
-0.28568 0
-0.28574 0
-0.28576 0
-0.28595 0
-0.28628 0
-0.28642 0
-0.28643 0
-0.28656 0
-0.28661 0
-0.28673 0
-0.28682 0
-0.28716 0
-0.28717 0
-0.28719 0
-0.28719 0
-0.28746 0
-0.28791 0
-0.28798 0
-0.28812 0
-0.28817 0
-0.28827 0
-0.28829 0
-0.28832 0
-0.28841 0
-0.28857 0
-0.28863 0
-0.28864 0
-0.28875 0
-0.28882 0
-0.28929 0
-0.28935 0
-0.28988 0
-0.29002 0
-0.29015 0
-0.29027 0
-0.2905 0
-0.29054 0
-0.29074 0
-0.2913 0
-0.29141 0
-0.2915 0
-0.29154 0
-0.29165 0
-0.29171 0
-0.29176 0
-0.29214 0
-0.29218 0
-0.29219 0
-0.2923 0
-0.29231 0
-0.29237 0
-0.29238 0
-0.29239 0
-0.2924 0
-0.29243 0
-0.29245 0
-0.29258 0
-0.2926 0
-0.29267 0
-0.29273 0
-0.29294 0
-0.293 0
-0.29303 0
-0.29314 0
-0.29316 0
-0.29317 0
-0.29328 0
-0.29328 0
-0.29328 0
-0.29344 0
-0.29363 0
-0.29379 0
-0.2938 0
-0.29381 0
-0.2939 0
-0.29399 0
-0.29399 0
-0.29466 0
-0.29466 0
-0.29468 0
-0.29483 0
-0.29498 0
-0.29503 0
-0.29524 0
-0.29528 0
-0.29534 0
-0.29539 0
-0.2955 0
-0.29551 0
-0.29566 0
-0.29568 0
-0.29575 0
-0.29579 0
-0.29597 0
-0.29608 0
-0.29628 0
-0.29631 0
-0.29631 0
-0.29645 0
-0.2966 0
-0.29671 0
-0.29673 0
-0.29677 0
-0.29681 0
-0.29684 0
-0.2969 0
-0.2974 0
-0.29769 0
-0.29813 0
-0.29815 0
-0.29827 0
-0.29827 0
-0.29843 0
-0.29852 0
-0.29862 0
-0.29886 0
-0.29887 0
-0.29905 0
-0.29914 0
-0.29919 0
-0.29921 0
-0.29936 0
-0.29957 0
-0.29963 0
-0.29966 0
-0.29968 0
-0.2997 0
-0.29981 0
-0.29992 0
-0.29995 0
-0.30023 0
-0.30024 0
-0.30062 0
-0.30069 0
-0.30077 0
-0.30078 0
-0.30078 0
-0.30084 0
-0.30084 0
-0.30091 0
-0.30095 0
-0.30123 0
-0.3013 0
-0.30134 0
-0.30166 0
-0.30169 0
-0.30182 0
-0.30183 0
-0.30199 0
-0.30207 0
-0.30227 0
-0.30234 0
-0.30239 0
-0.3027 0
-0.30273 0
-0.30278 0
-0.30316 0
-0.30319 0
-0.30348 0
-0.30351 0
-0.30384 0
-0.30399 0
-0.30403 0
-0.30412 0
-0.30443 0
-0.30458 0
-0.30489 0
-0.3049 0
-0.30503 0
-0.3052 0
-0.30541 0
-0.30546 0
-0.30546 0
-0.30565 0
-0.30578 0
-0.30582 0
-0.30583 0
-0.30584 0
-0.30585 0
-0.30589 0
-0.30601 0
-0.30602 0
-0.30607 0
-0.30627 0
-0.30638 0
-0.3064 0
-0.30647 0
-0.30651 0
-0.30654 0
-0.30657 0
-0.30671 0
-0.30676 0
-0.30682 0
-0.30719 0
-0.3072 0
-0.30725 0
-0.30733 0
-0.30745 0
-0.30756 0
-0.3079 0
-0.30805 0
-0.30826 0
-0.30836 0
-0.30838 0
-0.30851 0
-0.30856 0
-0.30886 0
-0.3089 0
-0.30896 0
-0.30897 0
-0.30898 0
-0.30918 0
-0.30924 0
-0.30943 0
-0.30949 0
-0.30988 0
-0.30993 0
-0.31001 0
-0.3101 0
-0.3101 0
-0.31034 0
-0.3105 0
-0.31053 0
-0.31059 0
-0.31062 0
-0.31093 0
-0.31116 0
-0.31118 0
-0.31122 0
-0.31123 0
-0.31126 0
-0.31133 0
-0.31133 0
-0.31137 0
-0.31141 0
-0.31147 0
-0.31155 0
-0.31158 0
-0.3117 0
-0.31173 0
-0.31192 0
-0.31203 0
-0.31215 0
-0.31228 0
-0.31308 0
-0.31312 0
-0.31323 0
-0.3133 0
-0.31333 0
-0.31335 0
-0.31352 0
-0.31374 0
-0.31388 0
-0.31397 0
-0.314 0
-0.31405 0
-0.31412 0
-0.31431 0
-0.31439 0
-0.31445 0
-0.31454 0
-0.31455 0
-0.31478 0
-0.31487 0
-0.315 0
-0.31505 0
-0.31514 1
-0.31515 0
-0.31521 0
-0.31542 0
-0.31555 0
-0.31559 0
-0.31564 0
-0.31588 0
-0.31594 0
-0.31595 0
-0.31646 0
-0.31667 0
-0.31676 0
-0.31692 0
-0.31705 0
-0.3171 0
-0.31721 0
-0.31722 0
-0.31756 0
-0.31757 0
-0.31761 0
-0.31764 0
-0.31797 0
-0.31806 0
-0.31814 0
-0.31827 0
-0.31833 0
-0.31855 0
-0.31858 0
-0.3186 0
-0.31868 0
-0.31881 0
-0.31918 0
-0.31925 0
-0.31932 0
-0.31938 0
-0.3194 0
-0.31943 0
-0.31947 0
-0.31949 0
-0.31967 0
-0.31988 0
-0.31994 0
-0.32005 0
-0.3201 0
-0.32057 0
-0.32071 0
-0.32081 0
-0.32093 0
-0.32101 0
-0.32116 0
-0.32123 0
-0.3213 0
-0.32138 0
-0.32157 0
-0.32164 0
-0.32169 0
-0.32192 0
-0.32203 0
-0.32225 0
-0.32234 0
-0.32258 0
-0.32272 0
-0.32279 0
-0.32299 0
-0.3232 0
-0.32328 0
-0.32334 0
-0.32349 0
-0.32368 0
-0.32373 0
-0.32404 0
-0.32407 0
-0.3242 0
-0.32435 0
-0.32439 0
-0.32458 0
-0.32462 0
-0.32467 0
-0.3247 0
-0.3248 0
-0.32483 0
-0.32494 0
-0.32498 0
-0.32515 0
-0.32517 0
-0.32531 0
-0.32576 0
-0.326 0
-0.32622 0
-0.32635 0
-0.32646 0
-0.32652 0
-0.32657 0
-0.32675 0
-0.32688 0
-0.32699 0
-0.32704 0
-0.32712 0
-0.32714 0
-0.32732 0
-0.32733 0
-0.32765 0
-0.32768 0
-0.3277 0
-0.32781 0
-0.32783 0
-0.32791 0
-0.32831 0
-0.32832 0
-0.32833 0
-0.32868 0
-0.3287 0
-0.32887 0
-0.32893 0
-0.32897 0
-0.329 0
-0.32937 0
-0.32957 0
-0.32988 0
-0.33003 0
-0.33024 0
-0.33041 0
-0.33063 0
-0.3309 0
-0.3314 0
-0.3316 0
-0.3316 0
-0.3316 0
-0.33171 0
-0.33185 0
-0.33194 0
-0.33211 0
-0.33214 0
-0.33243 0
-0.33243 0
-0.33294 0
-0.33313 0
-0.33316 0
-0.33329 0
-0.33344 0
-0.33353 1
-0.3338 0
-0.33381 0
-0.33388 0
-0.33393 0
-0.33396 0
-0.33398 0
-0.33433 0
-0.33457 0
-0.33464 0
-0.33483 0
-0.33493 0
-0.33493 0
-0.33508 0
-0.33513 0
-0.33524 0
-0.33533 0
-0.3354 0
-0.33544 0
-0.33546 0
-0.33551 0
-0.33575 0
-0.33582 0
-0.33633 0
-0.33664 0
-0.33677 0
-0.33698 0
-0.33712 0
-0.33713 0
-0.33718 0
-0.33752 0
-0.3384 0
-0.33841 0
-0.33841 0
-0.33848 0
-0.3385 0
-0.33861 0
-0.33889 0
-0.33889 0
-0.33923 0
-0.33954 0
-0.33962 0
-0.33967 0
-0.33968 0
-0.33984 0
-0.33993 0
-0.34 0
-0.34008 0
-0.34038 0
-0.34041 0
-0.34047 0
-0.34083 0
-0.34099 0
-0.34124 0
-0.34131 0
-0.34131 0
-0.34135 0
-0.34136 0
-0.34141 0
-0.34166 0
-0.34187 0
-0.3419 0
-0.34201 0
-0.34236 0
-0.34236 0
-0.34237 0
-0.3424 0
-0.34242 0
-0.34248 0
-0.34249 0
-0.34271 0
-0.34285 0
-0.34288 0
-0.34332 0
-0.34334 0
-0.34367 0
-0.34374 0
-0.34378 0
-0.34388 0
-0.34406 0
-0.34411 0
-0.34411 0
-0.34413 0
-0.34421 0
-0.34433 0
-0.34447 0
-0.34468 0
-0.34484 0
-0.34495 0
-0.34499 0
-0.34518 0
-0.34533 0
-0.34539 0
-0.34544 0
-0.34575 0
-0.34582 0
-0.34591 0
-0.346 0
-0.34606 0
-0.34619 0
-0.34628 0
-0.34638 0
-0.34647 0
-0.34678 0
-0.34679 0
-0.34686 0
-0.34694 0
-0.347 0
-0.34701 0
-0.34704 0
-0.34708 0
-0.34708 0
-0.34749 0
-0.34787 0
-0.34795 0
-0.34796 0
-0.34811 0
-0.34838 0
-0.34884 0
-0.34884 0
-0.34886 0
-0.34917 0
-0.34929 0
-0.34929 0
-0.34951 0
-0.34984 0
-0.34988 0
-0.3499 0
-0.35017 0
-0.35035 0
-0.35035 0
-0.35059 0
-0.35074 0
-0.35096 0
-0.35105 0
-0.35115 0
-0.3512 0
-0.35121 0
-0.35128 0
-0.35139 0
-0.35149 0
-0.35171 0
-0.35182 0
-0.35228 0
-0.35259 0
-0.35287 0
-0.35298 0
-0.35301 0
-0.35312 0
-0.35316 0
-0.35332 0
-0.35351 0
-0.35355 0
-0.35358 0
-0.35423 0
-0.35427 0
-0.35428 0
-0.35436 0
-0.35448 0
-0.35477 0
-0.35478 0
-0.35481 0
-0.35501 0
-0.35511 0
-0.35519 0
-0.35519 0
-0.35569 0
-0.35613 0
-0.35616 0
-0.35639 0
-0.35651 0
-0.35655 0
-0.35667 0
-0.35669 0
-0.35687 0
-0.35689 0
-0.35696 0
-0.3571 0
-0.35732 0
-0.35768 0
-0.35804 0
-0.35811 0
-0.35812 0
-0.35824 0
-0.35826 0
-0.35845 0
-0.35853 0
-0.35855 0
-0.35872 0
-0.35922 0
-0.35923 0
-0.35928 0
-0.35936 0
-0.35994 0
-0.36034 0
-0.36051 0
-0.36061 0
-0.36102 0
-0.36107 0
-0.36163 0
-0.3617 0
-0.36176 0
-0.36177 0
-0.36177 0
-0.3618 0
-0.36185 0
-0.36211 0
-0.3624 0
-0.36241 0
-0.36251 0
-0.36262 0
-0.36271 0
-0.36292 0
-0.36297 0
-0.36304 0
-0.36323 0
-0.36324 0
-0.36337 0
-0.36407 0
-0.3645 0
-0.36472 0
-0.36473 0
-0.3649 0
-0.36503 0
-0.36519 0
-0.36528 0
-0.36554 0
-0.36565 0
-0.36566 0
-0.36578 0
-0.366 0
-0.3662 0
-0.36624 0
-0.36653 0
-0.36654 0
-0.36661 0
-0.36661 0
-0.36674 0
-0.36699 0
-0.36709 0
-0.36713 0
-0.36716 0
-0.36716 0
-0.36774 0
-0.3679 0
-0.36797 0
-0.36812 0
-0.36814 0
-0.36832 0
-0.3684 0
-0.36851 0
-0.36878 0
-0.36879 0
-0.36882 0
-0.36909 0
-0.36932 0
-0.36934 0
-0.36945 0
-0.36958 0
-0.36964 0
-0.36971 0
-0.3701 0
-0.37027 0
-0.37029 0
-0.37052 0
-0.37054 0
-0.37058 0
-0.37079 0
-0.37082 0
-0.37084 0
-0.37085 0
-0.37097 0
-0.371 0
-0.37135 0
-0.37146 0
-0.37162 0
-0.37166 0
-0.37193 0
-0.37206 0
-0.37206 0
-0.37242 0
-0.37258 0
-0.37266 0
-0.37349 0
-0.37416 0
-0.37428 0
-0.37433 0
-0.37465 0
-0.37471 0
-0.37479 0
-0.37495 0
-0.37505 0
-0.37564 0
-0.37587 0
-0.37604 0
-0.37605 0
-0.37629 0
-0.37677 0
-0.37678 0
-0.37698 0
-0.37716 0
-0.37717 0
-0.37745 0
-0.37745 0
-0.37794 0
-0.37819 0
-0.37828 0
-0.37832 0
-0.37886 0
-0.3796 0
-0.38047 0
-0.38057 0
-0.38059 0
-0.38077 0
-0.38085 0
-0.3811 0
-0.3812 0
-0.38127 0
-0.38142 0
-0.38153 0
-0.38153 0
-0.38167 0
-0.38172 0
-0.38228 0
-0.38237 0
-0.38246 0
-0.3828 0
-0.38296 0
-0.38305 0
-0.38313 0
-0.38337 0
-0.3834 0
-0.38351 0
-0.38367 0
-0.38392 0
-0.38394 0
-0.38421 0
-0.38426 0
-0.38463 0
-0.38464 0
-0.38466 0
-0.38469 0
-0.38485 0
-0.38515 0
-0.3861 0
-0.38612 0
-0.38638 0
-0.38657 0
-0.38675 0
-0.38703 0
-0.38709 0
-0.38724 0
-0.38729 0
-0.3874 0
-0.38778 0
-0.38804 0
-0.38808 0
-0.38825 0
-0.38868 0
-0.38901 0
-0.38908 0
-0.38934 0
-0.38946 0
-0.38953 0
-0.38963 0
-0.38981 0
-0.3903 0
-0.39042 0
-0.39049 0
-0.39053 0
-0.39136 0
-0.3916 0
-0.39192 0
-0.39236 0
-0.39237 0
-0.39238 0
-0.39266 0
-0.39275 0
-0.39295 0
-0.39327 0
-0.39331 0
-0.39352 0
-0.39358 0
-0.3936 0
-0.39392 0
-0.3941 0
-0.3942 0
-0.39456 0
-0.39458 0
-0.39574 0
-0.3958 0
-0.39606 0
-0.39613 0
-0.3965 0
-0.39719 0
-0.39744 0
-0.39762 0
-0.3978 0
-0.39787 0
-0.39788 0
-0.39806 0
-0.3985 0
-0.39854 0
-0.39875 0
-0.39886 0
-0.3993 0
-0.39944 0
-0.39949 0
-0.39958 0
-0.39963 0
-0.39965 0
-0.39977 0
-0.39997 0
-0.39997 0
-0.40001 0
-0.40011 0
-0.40088 0
-0.40095 0
-0.40163 0
-0.4017 0
-0.40198 0
-0.40248 0
-0.40282 0
-0.40295 0
-0.40306 0
-0.40319 0
-0.40332 0
-0.40345 0
-0.40378 0
-0.40418 0
-0.40432 0
-0.40485 0
-0.40493 0
-0.4055 0
-0.40561 0
-0.40582 0
-0.40592 0
-0.406 0
-0.40664 0
-0.40669 0
-0.40754 0
-0.4077 0
-0.4077 0
-0.40785 0
-0.40849 0
-0.40853 0
-0.40859 0
-0.40878 0
-0.40914 0
-0.40937 0
-0.40971 0
-0.40971 0
-0.41002 0
-0.41019 0
-0.41026 0
-0.41026 0
-0.41061 0
-0.41071 0
-0.41081 0
-0.41085 0
-0.41116 0
-0.41117 0
-0.41123 0
-0.41133 0
-0.41137 0
-0.41179 0
-0.41182 0
-0.41206 0
-0.4121 0
-0.4123 0
-0.41272 0
-0.41284 0
-0.41308 0
-0.41311 0
-0.41378 0
-0.4141 0
-0.41427 0
-0.41431 0
-0.41447 0
-0.41485 0
-0.41493 0
-0.41523 0
-0.41532 0
-0.41553 0
-0.41586 0
-0.41587 0
-0.4165 0
-0.41684 0
-0.41686 0
-0.41712 0
-0.41744 0
-0.41758 0
-0.41766 0
-0.41794 0
-0.41836 0
-0.41854 0
-0.41869 0
-0.41872 0
-0.41903 0
-0.41931 0
-0.41983 0
-0.42044 0
-0.42092 0
-0.42096 0
-0.42105 0
-0.42119 0
-0.42174 0
-0.42204 0
-0.42266 0
-0.42311 0
-0.42439 0
-0.42445 0
-0.42502 0
-0.42552 0
-0.42575 0
-0.42582 0
-0.42639 0
-0.42658 0
-0.42729 0
-0.4277 0
-0.42771 0
-0.42774 0
-0.42779 0
-0.42835 0
-0.4287 0
-0.42927 0
-0.42984 0
-0.42993 0
-0.43005 0
-0.43011 0
-0.43066 0
-0.43077 0
-0.43201 0
-0.4322 0
-0.43277 0
-0.43336 0
-0.43344 0
-0.43362 0
-0.43368 0
-0.43392 0
-0.43399 0
-0.4344 0
-0.43562 0
-0.43576 0
-0.43578 0
-0.43585 0
-0.43632 0
-0.43652 0
-0.43661 0
-0.4368 0
-0.43684 0
-0.43695 0
-0.43731 0
-0.4374 0
-0.43799 0
-0.43833 0
-0.43855 0
-0.43886 0
-0.43904 0
-0.43909 0
-0.43914 0
-0.43984 0
-0.44086 0
-0.44104 0
-0.44129 0
-0.44131 0
-0.44137 0
-0.44142 0
-0.44187 0
-0.4421 0
-0.44224 0
-0.44244 0
-0.44317 0
-0.44335 0
-0.44349 0
-0.44365 0
-0.4441 0
-0.44413 0
-0.44476 0
-0.4456 0
-0.44588 0
-0.44758 0
-0.44825 0
-0.44948 0
-0.45094 0
-0.45138 0
-0.45153 0
-0.45269 0
-0.4537 0
-0.4542 0
-0.45437 0
-0.45447 0
-0.4545 0
-0.4552 0
-0.45578 0
-0.45599 0
-0.45655 0
-0.45678 0
-0.4569 0
-0.45754 0
-0.45772 0
-0.45784 0
-0.45785 0
-0.45809 0
-0.45842 0
-0.45853 0
-0.45859 0
-0.45932 0
-0.46112 0
-0.46133 0
-0.46156 0
-0.46164 0
-0.46174 0
-0.46209 0
-0.4627 0
-0.4629 0
-0.46329 0
-0.46404 0
-0.46488 0
-0.4651 0
-0.4658 0
-0.46582 0
-0.46651 0
-0.46796 0
-0.4689 0
-0.46993 0
-0.4702 0
-0.4715 0
-0.4725 0
-0.47293 0
-0.47294 0
-0.47399 0
-0.47414 0
-0.47451 0
-0.47457 0
-0.47527 0
-0.47593 0
-0.47656 0
-0.47706 0
-0.47707 0
-0.47715 0
-0.47754 0
-0.47758 0
-0.47765 0
-0.47796 0
-0.47901 0
-0.47926 0
-0.4795 0
-0.48057 0
-0.48193 0
-0.48204 0
-0.48222 0
-0.48251 0
-0.48253 0
-0.48255 0
-0.48315 0
-0.48413 0
-0.48446 0
-0.4845 0
-0.4851 0
-0.4852 0
-0.48627 0
-0.48657 0
-0.4868 0
-0.48698 0
-0.48792 0
-0.48793 0
-0.48809 0
-0.48829 0
-0.48879 0
-0.48921 0
-0.48957 0
-0.48972 0
-0.48978 0
-0.4898 0
-0.48998 0
-0.49011 0
-0.49014 0
-0.49107 0
-0.49129 0
-0.49176 0
-0.49222 0
-0.49302 0
-0.49413 0
-0.4946 0
-0.49467 0
-0.49643 0
-0.49644 0
-0.49646 0
-0.49649 0
-0.49713 0
-0.49907 0
-0.49978 0
-0.50013 0
-0.50016 0
-0.50035 0
-0.5007 0
-0.50119 0
-0.50483 0
-0.50572 0
-0.50615 0
-0.50648 0
-0.50678 0
-0.50899 0
-0.50911 0
-0.50919 0
-0.50935 0
-0.50944 0
-0.50966 0
-0.51033 0
-0.51038 0
-0.51092 0
-0.51097 0
-0.51297 0
-0.51347 0
-0.514 0
-0.51429 0
-0.51513 0
-0.51738 0
-0.51914 0
-0.52084 0
-0.52113 0
-0.52126 0
-0.52167 0
-0.52172 0
-0.52322 0
-0.52407 0
-0.52454 0
-0.52508 0
-0.52628 0
-0.52689 0
-0.53037 0
-0.53104 0
-0.53121 0
-0.53255 0
-0.53321 0
-0.53326 0
-0.53327 0
-0.53418 0
-0.5359 0
-0.53769 0
-0.5399 0
-0.54045 0
-0.54057 0
-0.54089 0
-0.54177 0
-0.54202 0
-0.54202 0
-0.54416 0
-0.54423 0
-0.54433 0
-0.54494 0
-0.54508 0
-0.5454 0
-0.54691 0
-0.54769 0
-0.54836 0
-0.54955 0
-0.55067 0
-0.55446 0
-0.55689 0
-0.55704 0
-0.55796 0
-0.55836 0
-0.56031 0
-0.56162 0
-0.56421 0
-0.5644 0
-0.56769 0
-0.56797 0
-0.57051 0
-0.57106 0
-0.57194 0
-0.57201 0
-0.57213 0
-0.57573 0
-0.57763 0
-0.57825 0
-0.57957 0
-0.58087 0
-0.58401 0
-0.58474 0
-0.58492 0
-0.58856 0
-0.59078 0
-0.59287 0
-0.59295 0
-0.59343 0
-0.59641 0
-0.60166 0
-0.60232 0
-0.60478 0
-0.60581 0
-0.60638 0
-0.60639 0
-0.60747 0
-0.61311 0
-0.61362 0
-0.62588 0
-0.62724 0
-0.63333 0
-0.63987 0
-0.64348 0
-0.64498 0
-0.65325 0
-0.65858 0
-0.67063 0
-0.68151 0
-0.70395 0
-0.71088 0
-0.71977 0
-0.72361 0
-0.74693 0
--- Writing PR file mfDCA.txt.pr ---
--- Writing standardized PR file mfDCA.txt.spr ---
--- Writing ROC file mfDCA.txt.roc ---
Area Under the Curve for Precision - Recall is 0.3841255607035524
Area Under the Curve for ROC is 0.8424674931371687
