0.83273 1
0.81991 1
0.81641 1
0.80343 1
0.79398 1
0.77673 1
0.7746 1
0.75265 1
0.74751 1
0.74087 1
0.73962 1
0.73812 1
0.73302 1
0.70874 1
0.70161 1
0.70049 1
0.69654 1
0.68356 0
0.67654 1
0.67231 1
0.65951 1
0.65547 1
0.65383 1
0.63668 1
0.6362 1
0.63335 1
0.62647 1
0.6242 1
0.62313 1
0.61601 1
0.60615 1
0.59806 1
0.59217 0
0.58928 1
0.58542 1
0.57917 1
0.56285 1
0.55547 0
0.53976 1
0.53757 1
0.53531 1
0.52272 1
0.52255 1
0.50493 1
0.50406 1
0.49774 1
0.48689 1
0.48635 0
0.48625 1
0.48508 1
0.48502 0
0.47601 1
0.46731 1
0.46168 0
0.44732 1
0.44618 1
0.44056 1
0.43629 0
0.43064 0
0.41703 1
0.41487 1
0.41274 1
0.40521 1
0.40427 1
0.40161 1
0.39897 0
0.3956 0
0.39365 1
0.39182 0
0.38215 0
0.38204 0
0.37776 1
0.37586 1
0.37292 1
0.36859 0
0.36413 0
0.35599 1
0.35322 1
0.34908 1
0.34829 0
0.3422 1
0.34043 1
0.32661 1
0.32572 1
0.32373 0
0.32079 1
0.31735 1
0.30618 0
0.30275 0
0.3014 0
0.29985 0
0.29895 1
0.29488 0
0.28819 0
0.28032 1
0.27357 1
0.26893 0
0.26701 0
0.26505 1
0.26261 0
0.2606 1
0.25671 1
0.24589 0
0.23744 1
0.23715 0
0.23538 0
0.2292 0
0.22877 1
0.22437 0
0.22435 0
0.22336 1
0.22263 0
0.22055 0
0.21751 0
0.21657 1
0.21464 0
0.21331 1
0.21296 0
0.21101 0
0.20982 0
0.20216 0
0.20168 1
0.20008 0
0.19918 1
0.19818 1
0.19693 0
0.19197 0
0.1906 0
0.19042 1
0.18697 0
0.1843 1
0.18321 0
0.18272 1
0.17987 1
0.17183 0
0.17061 0
0.17034 1
0.16972 0
0.16878 0
0.16703 0
0.16672 0
0.16222 0
0.1621 0
0.1611 1
0.15818 0
0.15676 0
0.15578 0
0.15162 1
0.15157 0
0.15034 0
0.14994 1
0.14954 0
0.14087 0
0.14056 1
0.14019 1
0.13742 0
0.13604 0
0.13387 1
0.13271 0
0.12874 0
0.12826 0
0.12733 0
0.12643 1
0.12639 0
0.12612 0
0.12603 0
0.12418 1
0.12325 0
0.12028 0
0.11806 0
0.11804 0
0.11717 1
0.11684 0
0.11492 0
0.11443 1
0.1143 0
0.11393 0
0.1107 0
0.10989 0
0.10585 0
0.10561 0
0.10355 1
0.1035 0
0.10331 0
0.10234 0
0.10201 0
0.10187 0
0.10157 1
0.09968 0
0.09911 0
0.09876 0
0.09805 0
0.09675 1
0.09637 0
0.09584 1
0.09534 1
0.09298 0
0.09274 0
0.09233 0
0.09228 0
0.09221 0
0.09123 1
0.08939 0
0.08805 1
0.08798 1
0.08725 0
0.08713 1
0.08683 0
0.08677 0
0.08486 0
0.08439 0
0.08216 0
0.08092 1
0.08054 1
0.07975 0
0.07909 1
0.07865 0
0.07862 0
0.07772 0
0.07734 0
0.07674 0
0.07666 0
0.07623 0
0.07609 0
0.07605 0
0.07583 1
0.07566 0
0.07478 0
0.07395 0
0.07345 0
0.07327 1
0.07318 0
0.07315 0
0.07271 0
0.07229 1
0.07227 0
0.07213 0
0.07203 0
0.07201 0
0.07172 0
0.07117 0
0.06956 1
0.06928 0
0.06889 0
0.06822 0
0.06721 1
0.06686 0
0.06641 0
0.0647 0
0.06412 0
0.0631 0
0.06287 0
0.06284 0
0.06255 0
0.06181 0
0.06139 0
0.06115 0
0.0611 1
0.06091 0
0.06071 0
0.06046 0
0.05963 0
0.05949 0
0.05943 0
0.0594 0
0.05808 0
0.05785 0
0.05729 0
0.05652 1
0.05651 0
0.05633 0
0.05568 0
0.05525 1
0.0552 0
0.05473 0
0.05394 1
0.05368 0
0.05305 0
0.05287 0
0.05252 0
0.05244 0
0.052 0
0.05193 0
0.05159 0
0.05139 0
0.05102 0
0.05084 0
0.05051 1
0.05039 0
0.05033 0
0.04976 1
0.04937 0
0.04928 0
0.04924 0
0.04907 0
0.04899 0
0.04888 0
0.04865 0
0.04859 0
0.04776 0
0.04773 0
0.04756 0
0.04744 0
0.04728 1
0.047 0
0.04649 0
0.04629 0
0.04623 0
0.04611 0
0.04605 0
0.04596 0
0.04585 1
0.04577 0
0.04555 0
0.04508 0
0.04504 0
0.045 0
0.04499 0
0.04497 0
0.04496 0
0.04471 0
0.04468 0
0.0446 0
0.04459 0
0.04435 0
0.04432 0
0.04411 0
0.04408 0
0.04401 0
0.04398 0
0.0438 0
0.04371 0
0.04357 0
0.04345 0
0.04314 0
0.04289 1
0.04271 1
0.04225 0
0.04201 0
0.0419 0
0.04172 0
0.04158 0
0.04142 0
0.0414 0
0.04085 0
0.04074 0
0.04064 0
0.04056 1
0.04048 0
0.04039 0
0.03967 0
0.03967 0
0.03962 0
0.03939 0
0.03849 0
0.03832 0
0.03832 0
0.03814 1
0.03789 0
0.03777 0
0.03772 0
0.03759 0
0.03751 0
0.0375 0
0.03747 0
0.03707 0
0.03704 0
0.03691 0
0.03679 0
0.03669 0
0.03616 0
0.03606 0
0.03602 0
0.03595 0
0.0359 0
0.03583 0
0.0357 0
0.03549 0
0.0353 0
0.03525 0
0.03462 1
0.03458 1
0.03449 0
0.03443 0
0.03442 0
0.03425 0
0.03422 0
0.03418 0
0.03417 0
0.03407 0
0.03406 0
0.034 0
0.03388 0
0.0338 0
0.03368 0
0.03356 0
0.03356 0
0.03353 0
0.0335 0
0.03328 0
0.03328 0
0.03325 0
0.03325 0
0.03324 0
0.03306 0
0.03289 0
0.03286 0
0.03283 0
0.03279 0
0.03253 0
0.03214 0
0.03189 0
0.03179 0
0.03168 0
0.03127 0
0.03099 0
0.03095 0
0.03095 0
0.03094 0
0.03077 1
0.03066 0
0.03055 0
0.03052 0
0.03046 0
0.0302 0
0.03019 0
0.03012 0
0.0301 0
0.03009 0
0.03004 0
0.03003 0
0.02987 0
0.02984 0
0.02979 0
0.02972 1
0.02951 0
0.02945 0
0.0293 0
0.02927 1
0.02918 0
0.02904 0
0.02899 0
0.02899 1
0.02884 0
0.02877 0
0.02856 0
0.02854 0
0.02835 0
0.02835 0
0.02812 0
0.0281 0
0.02809 0
0.02806 0
0.02806 0
0.02782 0
0.0277 0
0.02766 0
0.02754 0
0.0275 0
0.02731 0
0.02712 0
0.02709 1
0.02694 0
0.02671 0
0.02666 0
0.02661 0
0.02648 0
0.02638 0
0.02625 0
0.02615 1
0.02607 1
0.02604 1
0.02593 0
0.02593 1
0.02583 0
0.0258 0
0.02579 0
0.02576 0
0.02575 0
0.0257 0
0.02562 0
0.0255 0
0.02549 1
0.02548 0
0.02546 0
0.0254 0
0.02538 0
0.02532 0
0.02521 0
0.0252 0
0.02503 1
0.025 0
0.02496 0
0.02486 0
0.02479 0
0.0246 0
0.0246 1
0.02452 0
0.02451 0
0.02439 0
0.02429 0
0.02423 0
0.02414 0
0.02402 0
0.02398 1
0.02397 0
0.02378 0
0.02371 1
0.02364 0
0.0236 0
0.02355 0
0.02353 0
0.02337 0
0.02335 0
0.02314 0
0.02309 0
0.02299 0
0.02296 0
0.0229 0
0.02287 0
0.02283 0
0.02277 0
0.02276 0
0.02271 0
0.02256 0
0.02254 0
0.02249 0
0.02248 0
0.02239 0
0.02237 0
0.02229 0
0.02225 0
0.02217 0
0.02214 0
0.02212 0
0.02209 0
0.02209 0
0.02198 0
0.02198 0
0.02193 0
0.02193 0
0.02191 0
0.02174 0
0.02161 0
0.02156 0
0.02152 0
0.02146 0
0.02143 0
0.02143 0
0.02142 0
0.02141 1
0.02136 0
0.02131 0
0.02117 0
0.02102 0
0.02102 0
0.02096 0
0.02093 0
0.02068 0
0.02059 0
0.02058 0
0.02058 0
0.02057 0
0.02055 0
0.02055 0
0.02049 0
0.02045 0
0.02044 0
0.02036 0
0.02033 0
0.02024 0
0.02021 0
0.02017 0
0.02012 0
0.02011 0
0.0201 0
0.01988 0
0.01986 0
0.0198 0
0.01979 0
0.01963 0
0.0196 0
0.0196 0
0.01954 0
0.01953 0
0.01952 0
0.0195 0
0.01949 0
0.01941 0
0.01941 0
0.01933 0
0.0193 0
0.01926 1
0.01923 0
0.01915 0
0.01905 0
0.01905 0
0.01904 0
0.01901 0
0.01891 0
0.01889 0
0.01888 0
0.01884 0
0.01883 0
0.01882 0
0.01864 0
0.01861 0
0.01861 0
0.01859 0
0.01858 0
0.01835 1
0.01827 0
0.01825 0
0.01815 0
0.01813 0
0.0181 1
0.01802 0
0.01801 0
0.01795 0
0.01793 0
0.01786 0
0.01783 0
0.01778 0
0.01775 0
0.01774 0
0.01766 1
0.01763 0
0.01762 0
0.0176 0
0.01759 0
0.01759 0
0.01758 0
0.01758 0
0.01754 0
0.01751 0
0.01745 0
0.01742 1
0.01735 0
0.0173 0
0.01718 0
0.01716 0
0.0171 0
0.01707 0
0.01707 0
0.01706 0
0.01704 0
0.01698 1
0.01697 0
0.01693 0
0.01692 0
0.01692 0
0.01685 0
0.01681 0
0.01677 0
0.01675 0
0.01674 0
0.01672 0
0.01672 0
0.01672 0
0.01666 0
0.01661 0
0.01659 0
0.0165 0
0.01645 1
0.01643 0
0.01641 0
0.0164 0
0.01639 0
0.01633 0
0.01632 0
0.01631 0
0.01625 0
0.01621 0
0.01615 0
0.01614 0
0.01611 0
0.01606 0
0.01605 0
0.01604 1
0.01601 0
0.016 0
0.01599 0
0.01598 0
0.01581 1
0.01573 0
0.01568 0
0.01568 0
0.01565 0
0.01565 1
0.01563 0
0.01559 0
0.01555 0
0.01549 0
0.01544 0
0.01541 0
0.01541 0
0.0154 0
0.01538 0
0.01536 0
0.01524 0
0.01523 0
0.01518 0
0.01516 0
0.01514 0
0.01511 0
0.01509 0
0.01506 0
0.01505 0
0.01505 0
0.01503 0
0.015 0
0.01499 0
0.01494 0
0.01493 1
0.01492 0
0.01492 0
0.0149 0
0.01488 0
0.01485 0
0.01481 0
0.01478 0
0.01477 0
0.01477 1
0.01475 0
0.01465 0
0.01464 0
0.01464 0
0.01464 1
0.01459 0
0.01459 0
0.01452 0
0.0145 0
0.0145 0
0.01447 0
0.01447 0
0.01443 0
0.01439 0
0.01439 0
0.01439 0
0.01435 0
0.01434 0
0.01427 0
0.01423 0
0.01421 0
0.01419 0
0.01397 0
0.01395 0
0.01392 0
0.01387 0
0.01386 0
0.0138 0
0.01378 0
0.01372 0
0.01365 0
0.01364 0
0.01364 1
0.01359 0
0.01354 0
0.01354 0
0.01351 0
0.0135 0
0.0135 0
0.0135 0
0.01349 0
0.01342 0
0.0134 0
0.0134 0
0.01338 0
0.01319 0
0.01317 0
0.01317 0
0.01316 0
0.01316 0
0.01316 0
0.01314 0
0.01314 0
0.01308 0
0.01307 0
0.01301 0
0.013 0
0.013 0
0.01297 0
0.01295 0
0.01293 0
0.01289 0
0.01287 0
0.01286 0
0.01285 0
0.0128 0
0.0128 0
0.01277 0
0.01276 0
0.01272 0
0.01271 0
0.01264 1
0.01263 0
0.01262 0
0.0126 0
0.0126 0
0.01257 0
0.01249 0
0.01249 0
0.01249 0
0.01249 0
0.01248 0
0.01245 0
0.01238 0
0.01236 0
0.01235 0
0.01235 0
0.01227 0
0.01226 0
0.01226 0
0.0122 0
0.01215 0
0.01214 0
0.01211 0
0.0121 0
0.01203 0
0.01202 1
0.01201 0
0.01201 0
0.012 0
0.012 0
0.01196 0
0.01194 0
0.01193 0
0.01193 0
0.01192 0
0.01187 0
0.01186 0
0.01186 0
0.01186 0
0.01185 0
0.01184 0
0.01182 0
0.01181 1
0.01178 1
0.01174 0
0.01173 0
0.0117 0
0.01162 0
0.01161 0
0.01161 0
0.01159 0
0.01156 1
0.01152 0
0.01151 0
0.01148 0
0.01147 0
0.01146 0
0.01141 0
0.01133 0
0.01131 0
0.01131 0
0.01131 0
0.01131 0
0.01129 0
0.01125 0
0.01125 0
0.01125 0
0.01125 0
0.01123 0
0.01123 0
0.0112 0
0.01119 0
0.01118 0
0.01118 0
0.01117 0
0.01117 0
0.01116 0
0.01112 0
0.01112 0
0.01109 0
0.01109 0
0.01109 0
0.01109 1
0.01108 0
0.01107 0
0.01106 0
0.01106 0
0.01105 0
0.01104 0
0.01103 0
0.01101 0
0.01101 0
0.011 0
0.011 0
0.01099 0
0.01097 0
0.01097 0
0.01097 0
0.01093 0
0.01091 0
0.0109 0
0.01088 0
0.01083 0
0.01081 0
0.01077 0
0.01077 0
0.01076 0
0.01074 0
0.01073 0
0.01072 0
0.0107 0
0.01069 0
0.01069 0
0.01065 0
0.01065 0
0.01064 0
0.01064 0
0.01062 0
0.01062 0
0.01058 0
0.01057 0
0.01056 0
0.01056 0
0.01053 0
0.0105 0
0.01048 0
0.01044 0
0.01043 0
0.01042 0
0.01042 0
0.0104 0
0.01038 0
0.01035 0
0.01035 0
0.01035 0
0.01034 0
0.01033 0
0.01033 0
0.01032 0
0.01027 0
0.01027 0
0.01026 0
0.01023 0
0.01018 0
0.01017 1
0.01014 0
0.0101 0
0.0101 0
0.01008 0
0.01003 0
0.01002 0
0.01002 0
0.01 0
0.01 0
0.01 0
0.00999 0
0.00997 0
0.00997 0
0.00995 0
0.00995 0
0.00993 0
0.00993 0
0.00992 0
0.00991 0
0.00991 0
0.00991 0
0.00989 0
0.00989 0
0.00987 0
0.00986 0
0.00983 0
0.00981 0
0.00981 0
0.00981 0
0.0098 0
0.00979 0
0.00977 1
0.00974 0
0.00972 1
0.00968 0
0.00966 0
0.00965 0
0.00962 0
0.00961 0
0.00959 0
0.00959 0
0.00958 0
0.00958 0
0.00958 1
0.00957 0
0.00957 0
0.00957 0
0.00955 0
0.00954 1
0.00952 0
0.00949 0
0.00949 0
0.00947 0
0.00946 0
0.00945 0
0.00945 0
0.00944 0
0.00944 0
0.00943 0
0.00939 0
0.00939 1
0.00938 0
0.00937 0
0.00937 0
0.00937 0
0.00936 0
0.00936 0
0.00935 0
0.00931 0
0.0093 0
0.00929 0
0.00929 0
0.00929 0
0.00928 0
0.00926 0
0.00925 0
0.00923 0
0.00922 0
0.00918 0
0.00916 0
0.00912 0
0.00912 0
0.00912 0
0.00909 0
0.00908 0
0.00907 0
0.00907 0
0.00906 0
0.00906 0
0.00904 0
0.00903 0
0.00903 0
0.00902 0
0.009 0
0.009 0
0.009 0
0.00899 0
0.00897 0
0.00897 0
0.00897 0
0.00897 0
0.00896 0
0.00896 0
0.00896 0
0.00895 0
0.00894 0
0.00893 0
0.00892 0
0.00892 0
0.00891 0
0.0089 0
0.00889 0
0.00888 0
0.00888 0
0.00888 0
0.00887 0
0.00884 0
0.00884 0
0.00879 0
0.00878 0
0.00876 0
0.00876 0
0.00873 0
0.00869 0
0.00869 0
0.00868 0
0.00868 0
0.00868 0
0.00868 0
0.00867 0
0.00862 0
0.00861 0
0.0086 0
0.0086 0
0.00859 0
0.00859 0
0.00859 0
0.00859 0
0.00858 0
0.00858 0
0.00854 0
0.00854 0
0.00854 0
0.00852 0
0.00851 0
0.00851 0
0.00848 0
0.00848 0
0.00848 0
0.00847 0
0.00846 0
0.00846 0
0.00843 0
0.00842 0
0.00841 0
0.0084 0
0.00839 0
0.00838 0
0.00837 1
0.00836 0
0.00836 0
0.00834 0
0.00831 0
0.00831 0
0.0083 0
0.00828 0
0.00827 0
0.00825 0
0.00824 0
0.00824 0
0.00823 0
0.00822 0
0.00821 0
0.0082 0
0.0082 0
0.0082 0
0.0082 0
0.00819 0
0.00819 0
0.00818 0
0.00817 0
0.00817 0
0.00816 0
0.00814 0
0.00813 0
0.00813 1
0.00812 0
0.00812 0
0.0081 0
0.0081 0
0.00809 0
0.00808 0
0.00808 0
0.00808 0
0.00807 0
0.00807 0
0.00807 0
0.00806 0
0.00805 0
0.00804 0
0.00801 0
0.00799 0
0.00799 0
0.00797 0
0.00796 0
0.00796 0
0.00796 0
0.00796 0
0.00796 0
0.00795 0
0.00792 0
0.0079 0
0.0079 0
0.00788 0
0.00788 0
0.00787 0
0.00787 0
0.00786 0
0.00785 0
0.00784 0
0.00783 0
0.00783 0
0.00783 0
0.00782 0
0.00782 1
0.00781 0
0.00781 0
0.00779 0
0.00778 0
0.00778 0
0.00775 0
0.00774 0
0.00773 0
0.00773 0
0.00769 0
0.00767 0
0.00767 0
0.00767 1
0.00766 0
0.00766 0
0.00765 0
0.00764 0
0.00763 0
0.00762 0
0.00762 0
0.0076 0
0.0076 0
0.00759 0
0.00759 0
0.00758 0
0.00754 0
0.00754 0
0.00753 0
0.00753 0
0.00753 0
0.00752 0
0.00751 1
0.0075 0
0.00749 0
0.00745 0
0.00745 0
0.00743 0
0.00742 0
0.0074 0
0.00739 0
0.00739 0
0.00739 0
0.00738 0
0.00736 0
0.00735 0
0.00735 0
0.00735 1
0.00734 0
0.00733 0
0.00733 0
0.00731 0
0.00731 0
0.00725 0
0.00722 0
0.00722 0
0.00721 0
0.0072 0
0.0072 0
0.0072 1
0.00719 0
0.00719 0
0.00718 0
0.00717 0
0.00717 0
0.00717 0
0.00717 0
0.00716 0
0.00716 0
0.00716 0
0.00716 0
0.00713 0
0.00713 0
0.00712 0
0.00712 0
0.00712 0
0.00712 0
0.00711 0
0.0071 0
0.0071 0
0.0071 0
0.00709 0
0.00707 0
0.00706 0
0.00706 0
0.00705 0
0.00705 0
0.00703 0
0.00703 0
0.00703 0
0.00703 0
0.00702 0
0.00701 0
0.007 0
0.00699 0
0.00698 0
0.00698 0
0.00698 0
0.00697 0
0.00697 0
0.00697 1
0.00696 0
0.00695 0
0.00695 0
0.00694 0
0.00694 0
0.00694 0
0.00693 0
0.00692 0
0.00691 0
0.00689 0
0.00689 0
0.00688 0
0.00688 0
0.00687 0
0.00686 0
0.00686 0
0.00685 0
0.00685 1
0.00684 0
0.00684 0
0.00683 0
0.0068 0
0.00679 0
0.00678 0
0.00677 0
0.00677 0
0.00677 0
0.00677 0
0.00676 0
0.00676 0
0.00675 0
0.00674 0
0.00674 1
0.00673 0
0.00672 1
0.00671 0
0.00671 0
0.00671 0
0.00671 0
0.0067 0
0.0067 0
0.00669 0
0.00669 0
0.00669 0
0.00668 0
0.00666 0
0.00665 0
0.00665 0
0.00664 0
0.00664 0
0.00664 0
0.00664 0
0.00664 0
0.00664 0
0.00662 0
0.0066 0
0.0066 0
0.0066 0
0.0066 0
0.00659 0
0.00658 0
0.00656 0
0.00655 0
0.00655 0
0.00655 0
0.00654 0
0.00654 0
0.00653 0
0.00652 0
0.00652 0
0.00651 0
0.00649 0
0.00649 0
0.00648 0
0.00648 1
0.00647 0
0.00647 0
0.00646 0
0.00646 0
0.00645 0
0.00645 1
0.00644 0
0.00644 0
0.00642 0
0.00641 0
0.0064 0
0.0064 0
0.00639 0
0.00639 0
0.00638 0
0.00638 0
0.00636 0
0.00636 0
0.00636 0
0.00636 0
0.00636 0
0.00635 0
0.00635 0
0.00635 0
0.00635 0
0.00635 0
0.00634 0
0.00634 1
0.00632 0
0.00632 0
0.00631 0
0.00631 0
0.00631 0
0.00631 1
0.00629 0
0.00629 0
0.00629 0
0.00628 0
0.00628 0
0.00628 0
0.00627 0
0.00627 0
0.00627 0
0.00626 0
0.00625 0
0.00625 0
0.00624 0
0.00624 0
0.00624 0
0.00623 0
0.00622 0
0.00622 0
0.00622 0
0.00622 0
0.00621 0
0.0062 0
0.00619 0
0.00619 0
0.00618 0
0.00618 0
0.00618 0
0.00618 0
0.00617 0
0.00617 0
0.00615 0
0.00613 0
0.00612 0
0.00611 0
0.00611 0
0.00611 0
0.00611 0
0.00609 0
0.00608 0
0.00607 0
0.00606 0
0.00606 0
0.00606 0
0.00606 0
0.00605 0
0.00605 0
0.00605 0
0.00604 0
0.00603 0
0.00602 0
0.00601 0
0.006 0
0.006 0
0.00598 0
0.00598 0
0.00598 0
0.00598 0
0.00598 0
0.00598 1
0.00597 0
0.00597 0
0.00596 0
0.00596 0
0.00596 0
0.00595 0
0.00594 0
0.00594 0
0.00594 0
0.00594 0
0.00593 0
0.00593 0
0.00593 0
0.00593 0
0.00593 0
0.00592 0
0.00592 0
0.00591 0
0.00591 0
0.00591 0
0.00591 0
0.0059 0
0.0059 0
0.00588 0
0.00588 0
0.00588 0
0.00587 0
0.00587 0
0.00587 0
0.00586 0
0.00586 0
0.00586 0
0.00585 0
0.00585 0
0.00584 0
0.00584 0
0.00584 0
0.00584 0
0.00584 0
0.00584 0
0.00583 0
0.00583 0
0.00583 0
0.00582 1
0.00582 1
0.00581 0
0.00581 0
0.0058 0
0.0058 0
0.0058 0
0.0058 0
0.00579 0
0.00579 0
0.00579 0
0.00579 0
0.00579 0
0.00578 0
0.00577 0
0.00576 0
0.00576 0
0.00575 0
0.00574 0
0.00574 0
0.00574 0
0.00573 0
0.00573 0
0.00573 0
0.00573 0
0.00573 1
0.00572 0
0.0057 0
0.00568 0
0.00568 0
0.00568 0
0.00568 0
0.00567 0
0.00567 0
0.00567 0
0.00566 0
0.00566 0
0.00565 0
0.00564 0
0.00564 0
0.00564 0
0.00564 0
0.00563 0
0.00563 0
0.00563 0
0.00563 0
0.00562 0
0.00562 0
0.00562 0
0.00562 0
0.00561 0
0.00561 0
0.00561 0
0.00561 0
0.0056 0
0.0056 0
0.00559 0
0.00558 0
0.00558 0
0.00557 0
0.00557 0
0.00557 0
0.00555 0
0.00554 0
0.00554 0
0.00554 0
0.00553 0
0.00553 0
0.00552 0
0.00551 0
0.00551 0
0.00551 0
0.0055 0
0.0055 0
0.00549 0
0.00549 0
0.00548 0
0.00547 0
0.00547 0
0.00547 0
0.00546 0
0.00546 0
0.00545 0
0.00545 0
0.00545 0
0.00545 0
0.00544 0
0.00544 0
0.00543 0
0.00543 0
0.00543 0
0.00543 0
0.00543 0
0.00543 0
0.00543 0
0.00542 0
0.00542 0
0.00542 0
0.00542 0
0.0054 0
0.00539 0
0.00539 0
0.00537 0
0.00537 0
0.00536 0
0.00536 0
0.00535 0
0.00534 0
0.00534 0
0.00534 0
0.00533 0
0.00533 0
0.00533 0
0.00533 0
0.00533 1
0.00532 0
0.00532 0
0.00532 0
0.00532 0
0.00531 0
0.00531 0
0.00531 0
0.00531 1
0.00529 0
0.00529 0
0.00529 0
0.00529 0
0.00528 0
0.00527 0
0.00526 0
0.00526 0
0.00525 0
0.00525 0
0.00525 0
0.00525 0
0.00524 0
0.00523 0
0.00523 0
0.00522 0
0.00522 0
0.00522 0
0.00522 1
0.00522 1
0.00521 0
0.0052 0
0.0052 0
0.00519 0
0.00519 0
0.00519 0
0.00518 0
0.00518 0
0.00518 1
0.00517 0
0.00517 0
0.00517 0
0.00517 1
0.00516 0
0.00516 0
0.00516 0
0.00516 0
0.00515 0
0.00515 0
0.00515 0
0.00515 0
0.00514 0
0.00514 0
0.00514 0
0.00514 0
0.00513 0
0.00513 0
0.00513 0
0.00513 0
0.00513 1
0.00512 0
0.00512 0
0.00512 0
0.00512 0
0.00511 0
0.00511 0
0.00511 0
0.00511 0
0.00511 0
0.0051 0
0.0051 0
0.0051 0
0.0051 1
0.00509 0
0.00509 0
0.00508 0
0.00508 0
0.00507 0
0.00506 0
0.00506 0
0.00506 0
0.00506 0
0.00505 0
0.00505 0
0.00505 0
0.00505 0
0.00505 0
0.00505 0
0.00504 0
0.00504 0
0.00502 0
0.00502 0
0.00502 0
0.00502 0
0.00502 0
0.00501 0
0.00501 0
0.005 0
0.005 0
0.005 0
0.005 0
0.00499 0
0.00498 0
0.00497 0
0.00496 0
0.00496 0
0.00496 0
0.00496 0
0.00496 0
0.00496 0
0.00496 0
0.00495 0
0.00495 0
0.00495 0
0.00495 0
0.00495 0
0.00494 0
0.00494 0
0.00494 0
0.00494 0
0.00494 0
0.00494 0
0.00492 0
0.00492 0
0.00491 0
0.00491 0
0.0049 0
0.0049 0
0.0049 0
0.0049 0
0.00489 0
0.00488 0
0.00488 0
0.00488 0
0.00487 0
0.00487 0
0.00487 1
0.00486 0
0.00486 0
0.00486 0
0.00485 0
0.00485 0
0.00484 0
0.00484 0
0.00484 0
0.00484 0
0.00483 0
0.00483 0
0.00483 0
0.00483 0
0.00482 0
0.00481 0
0.00481 0
0.00481 0
0.00481 0
0.00479 0
0.00479 0
0.00479 0
0.00479 0
0.00478 0
0.00478 0
0.00478 0
0.00477 0
0.00477 0
0.00476 0
0.00476 0
0.00476 0
0.00475 0
0.00475 0
0.00473 0
0.00473 0
0.00472 0
0.00472 0
0.00472 0
0.00472 0
0.00472 0
0.00472 0
0.00471 0
0.00471 0
0.00471 0
0.0047 0
0.0047 0
0.0047 0
0.0047 0
0.0047 0
0.0047 0
0.00469 0
0.00469 0
0.00468 0
0.00468 0
0.00468 0
0.00468 0
0.00468 0
0.00468 0
0.00467 0
0.00467 0
0.00467 0
0.00467 0
0.00466 0
0.00465 0
0.00465 0
0.00465 0
0.00464 0
0.00464 0
0.00464 0
0.00463 0
0.00462 0
0.00462 0
0.00462 0
0.00462 0
0.00461 0
0.0046 0
0.0046 0
0.0046 0
0.0046 0
0.00459 0
0.00459 0
0.00459 1
0.00458 0
0.00458 0
0.00456 0
0.00456 0
0.00455 0
0.00455 0
0.00455 0
0.00455 0
0.00455 0
0.00454 0
0.00454 0
0.00454 0
0.00453 0
0.00453 0
0.00453 0
0.00453 0
0.00453 1
0.00452 0
0.00452 0
0.00451 0
0.00451 0
0.00451 0
0.00451 0
0.00451 0
0.0045 0
0.0045 0
0.00449 0
0.00449 0
0.00449 0
0.00449 0
0.00448 0
0.00448 0
0.00448 0
0.00447 0
0.00447 0
0.00447 0
0.00446 0
0.00445 0
0.00445 0
0.00444 0
0.00444 0
0.00444 0
0.00444 0
0.00443 0
0.00443 0
0.00443 0
0.00443 0
0.00443 0
0.00442 0
0.00442 0
0.00442 0
0.00442 0
0.00442 0
0.00442 0
0.00442 0
0.00442 0
0.00441 0
0.00441 0
0.00441 0
0.0044 0
0.00439 0
0.00439 0
0.00439 0
0.00439 0
0.00438 0
0.00438 0
0.00437 0
0.00437 0
0.00437 0
0.00437 0
0.00436 0
0.00436 0
0.00436 0
0.00436 0
0.00436 0
0.00435 0
0.00434 0
0.00434 0
0.00434 0
0.00434 0
0.00434 0
0.00434 1
0.00433 0
0.00433 0
0.00433 0
0.00433 1
0.00432 0
0.00432 0
0.00431 0
0.00431 0
0.0043 0
0.0043 0
0.0043 0
0.0043 1
0.00429 0
0.00429 0
0.00429 0
0.00429 0
0.00428 0
0.00428 0
0.00428 0
0.00428 0
0.00428 0
0.00428 0
0.00427 0
0.00426 0
0.00426 0
0.00426 0
0.00425 0
0.00425 0
0.00425 0
0.00425 0
0.00424 0
0.00424 0
0.00424 0
0.00424 0
0.00423 0
0.00422 0
0.00422 0
0.00422 0
0.00422 0
0.00421 0
0.00421 0
0.00421 0
0.00421 0
0.00421 0
0.00421 0
0.00421 0
0.00421 0
0.0042 0
0.0042 0
0.00419 0
0.00419 0
0.00418 0
0.00418 0
0.00418 0
0.00417 0
0.00417 0
0.00417 0
0.00417 0
0.00417 0
0.00417 0
0.00417 0
0.00417 0
0.00416 0
0.00416 0
0.00416 0
0.00416 0
0.00416 0
0.00415 0
0.00415 0
0.00415 0
0.00415 0
0.00414 0
0.00414 0
0.00413 0
0.00413 0
0.00413 0
0.00413 0
0.00413 0
0.00413 0
0.00413 0
0.00412 0
0.00412 0
0.00412 0
0.00412 0
0.00412 0
0.00411 0
0.00411 0
0.00411 0
0.00411 1
0.00409 0
0.00409 0
0.00409 0
0.00409 0
0.00408 0
0.00408 0
0.00408 0
0.00408 0
0.00408 1
0.00407 0
0.00407 0
0.00407 0
0.00407 0
0.00406 0
0.00406 0
0.00406 0
0.00405 0
0.00405 0
0.00405 0
0.00404 0
0.00404 0
0.00404 0
0.00404 0
0.00403 0
0.00403 0
0.00403 0
0.00403 0
0.00403 0
0.00403 0
0.00403 1
0.00402 0
0.00402 0
0.00402 0
0.00402 0
0.00402 0
0.00401 0
0.00401 0
0.00401 0
0.004 0
0.004 0
0.00399 0
0.00399 0
0.00399 0
0.00398 0
0.00398 0
0.00398 0
0.00398 0
0.00398 0
0.00397 0
0.00397 0
0.00397 0
0.00397 0
0.00397 0
0.00397 0
0.00396 0
0.00396 0
0.00396 0
0.00396 0
0.00396 0
0.00396 0
0.00395 0
0.00395 0
0.00394 0
0.00394 0
0.00394 0
0.00394 0
0.00393 0
0.00391 0
0.00391 0
0.0039 0
0.0039 0
0.0039 0
0.00389 0
0.00389 0
0.00389 0
0.00388 0
0.00388 0
0.00388 0
0.00388 0
0.00388 0
0.00387 0
0.00387 0
0.00387 0
0.00387 0
0.00387 0
0.00387 0
0.00387 0
0.00387 0
0.00386 0
0.00385 0
0.00385 0
0.00385 0
0.00385 0
0.00385 0
0.00384 0
0.00384 0
0.00384 0
0.00384 0
0.00384 0
0.00383 0
0.00382 0
0.00382 0
0.00382 0
0.00381 0
0.00381 0
0.00381 0
0.00381 0
0.0038 0
0.0038 0
0.00379 0
0.00379 0
0.00379 0
0.00379 0
0.00378 0
0.00378 0
0.00378 0
0.00378 0
0.00378 0
0.00377 0
0.00377 0
0.00377 0
0.00376 0
0.00376 0
0.00376 0
0.00376 0
0.00376 0
0.00375 0
0.00375 0
0.00375 0
0.00375 0
0.00375 0
0.00375 0
0.00375 0
0.00375 0
0.00374 0
0.00374 0
0.00374 0
0.00374 0
0.00373 0
0.00373 0
0.00373 0
0.00373 0
0.00373 0
0.00373 0
0.00372 0
0.00372 0
0.00372 0
0.00371 0
0.00371 0
0.0037 0
0.0037 0
0.00369 0
0.00369 0
0.00369 0
0.00369 0
0.00369 0
0.00368 0
0.00368 0
0.00368 0
0.00368 0
0.00368 0
0.00368 0
0.00367 0
0.00367 0
0.00367 0
0.00367 0
0.00367 0
0.00366 0
0.00366 0
0.00366 0
0.00366 0
0.00366 0
0.00365 0
0.00365 0
0.00365 0
0.00365 0
0.00365 0
0.00365 1
0.00364 0
0.00364 0
0.00364 0
0.00364 0
0.00363 0
0.00363 0
0.00362 0
0.00361 0
0.00361 0
0.00361 0
0.00361 0
0.00361 0
0.00361 0
0.0036 0
0.0036 0
0.00359 0
0.00359 0
0.00359 0
0.00358 0
0.00358 0
0.00358 0
0.00358 0
0.00358 0
0.00358 0
0.00358 0
0.00357 0
0.00357 0
0.00356 0
0.00356 0
0.00356 1
0.00355 0
0.00354 0
0.00354 0
0.00354 0
0.00354 0
0.00354 0
0.00354 0
0.00353 0
0.00353 0
0.00352 0
0.00351 0
0.00351 0
0.00351 0
0.00351 0
0.00351 0
0.00351 0
0.0035 0
0.0035 1
0.00349 0
0.00349 0
0.00349 0
0.00349 0
0.00349 0
0.00349 0
0.00348 0
0.00348 0
0.00348 0
0.00348 0
0.00348 0
0.00348 0
0.00348 0
0.00348 0
0.00348 0
0.00348 0
0.00348 0
0.00348 0
0.00347 0
0.00347 0
0.00347 0
0.00347 0
0.00346 0
0.00346 0
0.00346 0
0.00346 0
0.00346 0
0.00345 0
0.00345 0
0.00345 0
0.00344 0
0.00344 0
0.00344 1
0.00343 0
0.00343 0
0.00343 0
0.00343 0
0.00343 0
0.00343 0
0.00343 0
0.00342 0
0.00342 0
0.00342 0
0.00342 0
0.00342 0
0.00341 0
0.00341 0
0.00341 0
0.00341 0
0.00341 0
0.0034 0
0.0034 0
0.0034 0
0.0034 0
0.0034 0
0.0034 0
0.00339 0
0.00338 0
0.00338 0
0.00337 0
0.00337 0
0.00337 0
0.00337 0
0.00336 0
0.00336 0
0.00336 0
0.00336 0
0.00336 0
0.00336 0
0.00335 0
0.00335 0
0.00335 0
0.00334 0
0.00333 0
0.00333 0
0.00333 0
0.00333 0
0.00333 0
0.00333 0
0.00333 0
0.00333 0
0.00332 0
0.00332 0
0.00332 0
0.00331 0
0.00331 0
0.00331 0
0.00331 0
0.0033 0
0.0033 0
0.0033 0
0.0033 0
0.00329 0
0.00329 0
0.00329 0
0.00329 0
0.00329 0
0.00328 0
0.00328 0
0.00328 0
0.00328 0
0.00327 0
0.00327 0
0.00327 0
0.00327 0
0.00327 0
0.00327 0
0.00327 0
0.00327 1
0.00326 0
0.00326 0
0.00326 0
0.00326 0
0.00326 0
0.00326 0
0.00325 0
0.00325 0
0.00325 0
0.00325 0
0.00325 0
0.00325 0
0.00325 0
0.00324 0
0.00324 0
0.00324 0
0.00324 0
0.00324 0
0.00324 0
0.00324 0
0.00324 0
0.00323 0
0.00323 0
0.00323 0
0.00323 0
0.00322 0
0.00322 0
0.00321 0
0.00321 0
0.00321 0
0.0032 0
0.0032 0
0.0032 0
0.0032 0
0.0032 0
0.00319 0
0.00319 0
0.00319 0
0.00319 0
0.00318 0
0.00318 0
0.00318 0
0.00318 0
0.00318 0
0.00318 0
0.00317 0
0.00317 0
0.00317 0
0.00316 0
0.00316 0
0.00316 0
0.00316 0
0.00316 0
0.00316 0
0.00315 0
0.00315 0
0.00314 0
0.00314 0
0.00314 0
0.00314 0
0.00314 0
0.00314 0
0.00314 0
0.00314 0
0.00314 0
0.00313 0
0.00313 0
0.00313 0
0.00313 0
0.00312 0
0.00312 0
0.00312 0
0.00312 0
0.00311 0
0.00311 0
0.00311 0
0.00311 0
0.00311 0
0.00311 0
0.00311 0
0.00311 0
0.00311 0
0.00311 0
0.00311 0
0.0031 0
0.0031 0
0.0031 0
0.0031 0
0.0031 0
0.00309 0
0.00309 0
0.00309 0
0.00309 0
0.00309 0
0.00309 0
0.00309 0
0.00308 0
0.00308 0
0.00308 0
0.00308 0
0.00307 0
0.00306 0
0.00306 0
0.00306 0
0.00306 0
0.00305 0
0.00305 0
0.00305 0
0.00305 0
0.00305 0
0.00305 0
0.00304 0
0.00304 0
0.00304 0
0.00304 0
0.00304 0
0.00303 0
0.00303 0
0.00303 0
0.00303 0
0.00302 0
0.00302 0
0.00302 0
0.00302 0
0.00302 0
0.00302 1
0.00301 0
0.00301 0
0.00301 0
0.00301 0
0.00301 0
0.00301 0
0.003 0
0.003 0
0.003 0
0.00299 0
0.00299 0
0.00299 0
0.00299 0
0.00299 0
0.00299 0
0.00298 0
0.00298 0
0.00298 0
0.00298 0
0.00298 0
0.00298 0
0.00298 0
0.00297 0
0.00297 0
0.00297 0
0.00297 0
0.00297 0
0.00297 0
0.00297 0
0.00296 0
0.00296 0
0.00296 0
0.00296 0
0.00296 0
0.00296 0
0.00296 0
0.00295 0
0.00295 0
0.00295 0
0.00295 0
0.00294 0
0.00294 0
0.00294 0
0.00294 0
0.00294 0
0.00293 0
0.00293 0
0.00293 0
0.00293 0
0.00293 0
0.00293 0
0.00293 0
0.00293 0
0.00292 0
0.00292 0
0.00292 0
0.00292 0
0.00292 0
0.00292 0
0.00291 0
0.00291 0
0.00291 0
0.00291 0
0.00291 0
0.00291 0
0.00291 0
0.0029 0
0.0029 0
0.0029 0
0.0029 0
0.00289 0
0.00289 0
0.00289 0
0.00289 0
0.00289 0
0.00288 0
0.00288 0
0.00288 0
0.00288 0
0.00288 0
0.00288 0
0.00288 1
0.00287 0
0.00287 0
0.00287 0
0.00287 0
0.00287 0
0.00287 0
0.00287 0
0.00287 0
0.00287 0
0.00287 0
0.00286 0
0.00286 0
0.00286 0
0.00286 0
0.00286 0
0.00286 0
0.00286 1
0.00285 0
0.00285 0
0.00284 0
0.00284 0
0.00284 0
0.00284 0
0.00284 0
0.00283 0
0.00283 0
0.00283 0
0.00283 0
0.00282 0
0.00282 0
0.00282 0
0.00282 0
0.00282 0
0.00282 0
0.00282 0
0.00282 0
0.00281 0
0.00281 0
0.00281 0
0.00281 0
0.00281 0
0.00281 0
0.00281 0
0.0028 0
0.0028 0
0.0028 0
0.0028 0
0.0028 0
0.0028 0
0.0028 0
0.0028 0
0.00279 0
0.00279 0
0.00279 0
0.00278 0
0.00278 0
0.00278 0
0.00277 0
0.00277 0
0.00277 0
0.00277 0
0.00277 0
0.00277 0
0.00276 0
0.00276 0
0.00276 0
0.00276 0
0.00276 0
0.00276 0
0.00276 0
0.00276 0
0.00276 0
0.00276 0
0.00275 0
0.00275 0
0.00275 0
0.00275 0
0.00274 0
0.00274 0
0.00274 0
0.00274 0
0.00274 0
0.00274 0
0.00274 0
0.00274 0
0.00273 0
0.00273 0
0.00273 0
0.00273 0
0.00273 0
0.00272 0
0.00272 0
0.00272 0
0.00272 1
0.00271 0
0.00271 0
0.00271 0
0.00271 0
0.00271 0
0.0027 0
0.0027 0
0.0027 0
0.0027 0
0.0027 0
0.0027 0
0.00269 0
0.00269 0
0.00268 0
0.00268 0
0.00268 0
0.00268 0
0.00268 0
0.00268 0
0.00268 0
0.00268 0
0.00268 0
0.00267 0
0.00267 0
0.00267 0
0.00267 0
0.00267 0
0.00267 0
0.00267 1
0.00266 0
0.00266 0
0.00266 0
0.00266 0
0.00265 0
0.00265 0
0.00265 0
0.00265 0
0.00264 0
0.00264 0
0.00264 0
0.00264 0
0.00264 0
0.00264 0
0.00263 0
0.00263 0
0.00263 0
0.00263 0
0.00263 0
0.00263 1
0.00262 0
0.00262 0
0.00262 0
0.00262 0
0.00262 0
0.00262 0
0.00261 0
0.00261 0
0.00261 0
0.00261 0
0.00261 0
0.00261 0
0.00261 0
0.00261 0
0.00261 0
0.0026 0
0.0026 0
0.0026 0
0.0026 0
0.0026 0
0.0026 0
0.0026 0
0.0026 0
0.00259 0
0.00259 0
0.00259 0
0.00259 0
0.00259 0
0.00259 0
0.00259 0
0.00259 0
0.00258 0
0.00258 0
0.00258 0
0.00258 0
0.00258 0
0.00258 0
0.00258 0
0.00258 0
0.00258 0
0.00258 0
0.00258 0
0.00257 0
0.00257 0
0.00257 0
0.00256 0
0.00256 0
0.00256 0
0.00256 0
0.00256 0
0.00256 0
0.00255 0
0.00255 0
0.00255 0
0.00255 0
0.00255 0
0.00254 0
0.00254 0
0.00254 0
0.00254 0
0.00254 0
0.00254 0
0.00253 0
0.00253 0
0.00253 0
0.00253 0
0.00253 0
0.00253 0
0.00253 0
0.00253 0
0.00252 0
0.00252 0
0.00252 0
0.00252 0
0.00251 0
0.00251 0
0.00251 0
0.00251 0
0.00251 0
0.00251 0
0.00251 0
0.00251 0
0.00251 0
0.0025 0
0.0025 0
0.0025 0
0.00249 0
0.00249 0
0.00249 0
0.00249 0
0.00249 0
0.00248 0
0.00248 0
0.00248 0
0.00248 0
0.00248 0
0.00248 0
0.00248 0
0.00248 0
0.00248 0
0.00247 0
0.00247 0
0.00247 0
0.00247 0
0.00247 0
0.00247 0
0.00246 0
0.00246 0
0.00246 0
0.00246 0
0.00246 0
0.00246 0
0.00246 0
0.00246 0
0.00246 0
0.00245 0
0.00245 0
0.00245 0
0.00245 0
0.00245 0
0.00245 0
0.00245 0
0.00244 0
0.00244 0
0.00244 0
0.00244 0
0.00244 0
0.00244 0
0.00244 0
0.00243 0
0.00243 0
0.00243 0
0.00243 0
0.00243 0
0.00243 0
0.00243 0
0.00243 0
0.00242 0
0.00242 0
0.00242 0
0.00242 0
0.00242 0
0.00241 0
0.00241 0
0.00241 0
0.00241 0
0.00241 0
0.00241 0
0.00241 0
0.00241 0
0.0024 0
0.0024 0
0.0024 0
0.0024 0
0.0024 0
0.0024 0
0.0024 0
0.0024 0
0.0024 0
0.00239 0
0.00239 0
0.00239 0
0.00239 0
0.00238 0
0.00238 0
0.00238 0
0.00238 0
0.00237 0
0.00237 0
0.00237 0
0.00237 0
0.00237 0
0.00237 0
0.00237 0
0.00237 0
0.00237 1
0.00236 0
0.00236 0
0.00236 0
0.00236 0
0.00236 0
0.00236 0
0.00235 0
0.00235 0
0.00235 0
0.00234 0
0.00234 0
0.00234 0
0.00234 0
0.00234 0
0.00233 0
0.00233 0
0.00233 0
0.00233 0
0.00233 0
0.00233 0
0.00233 0
0.00233 0
0.00233 0
0.00232 0
0.00232 0
0.00232 0
0.00231 0
0.00231 0
0.00231 0
0.00231 0
0.00231 0
0.0023 0
0.0023 0
0.0023 0
0.0023 0
0.00229 0
0.00229 0
0.00229 0
0.00229 0
0.00229 0
0.00228 0
0.00228 0
0.00228 0
0.00228 0
0.00228 0
0.00228 0
0.00228 0
0.00228 0
0.00228 0
0.00228 0
0.00228 0
0.00228 0
0.00228 0
0.00228 0
0.00227 0
0.00227 0
0.00227 0
0.00227 0
0.00227 0
0.00227 0
0.00227 0
0.00226 0
0.00226 0
0.00226 0
0.00226 0
0.00226 0
0.00225 0
0.00225 0
0.00225 0
0.00225 0
0.00225 0
0.00225 0
0.00225 0
0.00225 0
0.00224 0
0.00224 0
0.00224 0
0.00224 0
0.00224 0
0.00224 0
0.00224 0
0.00223 0
0.00223 0
0.00223 0
0.00223 0
0.00223 1
0.00222 0
0.00222 0
0.00222 0
0.00222 0
0.00222 0
0.00222 0
0.00222 0
0.00222 0
0.00222 0
0.00222 0
0.00222 0
0.00221 0
0.00221 0
0.00221 0
0.00221 0
0.00221 0
0.00221 0
0.00221 0
0.0022 0
0.0022 0
0.0022 0
0.0022 0
0.0022 0
0.00219 0
0.00219 0
0.00219 0
0.00219 0
0.00219 0
0.00219 0
0.00219 0
0.00219 0
0.00219 0
0.00218 0
0.00218 0
0.00218 0
0.00218 0
0.00217 0
0.00217 0
0.00217 0
0.00217 0
0.00217 0
0.00217 0
0.00217 0
0.00217 0
0.00216 0
0.00216 0
0.00216 0
0.00216 0
0.00216 0
0.00216 0
0.00216 0
0.00215 0
0.00215 0
0.00215 0
0.00215 0
0.00215 0
0.00215 0
0.00214 0
0.00214 0
0.00214 0
0.00214 0
0.00214 0
0.00214 0
0.00213 0
0.00213 0
0.00213 0
0.00213 0
0.00213 0
0.00213 0
0.00213 0
0.00213 0
0.00213 0
0.00213 0
0.00213 0
0.00213 0
0.00212 0
0.00212 0
0.00212 0
0.00212 0
0.00212 0
0.00211 0
0.00211 0
0.00211 0
0.00211 0
0.00211 0
0.00211 0
0.00211 0
0.0021 0
0.0021 0
0.0021 0
0.0021 0
0.0021 0
0.0021 0
0.00209 0
0.00209 0
0.00209 0
0.00209 0
0.00209 0
0.00209 0
0.00209 0
0.00209 0
0.00209 0
0.00208 0
0.00208 0
0.00208 0
0.00208 0
0.00208 0
0.00208 0
0.00208 0
0.00208 0
0.00208 0
0.00208 0
0.00208 0
0.00208 0
0.00208 0
0.00208 0
0.00208 0
0.00208 0
0.00208 0
0.00208 0
0.00207 0
0.00207 0
0.00207 0
0.00207 0
0.00207 0
0.00206 0
0.00206 0
0.00206 0
0.00206 0
0.00206 0
0.00206 0
0.00206 0
0.00206 0
0.00205 0
0.00205 0
0.00205 0
0.00205 0
0.00205 0
0.00205 0
0.00205 0
0.00204 0
0.00204 0
0.00204 0
0.00204 0
0.00204 0
0.00204 0
0.00204 0
0.00204 0
0.00204 0
0.00203 0
0.00203 0
0.00203 0
0.00203 0
0.00203 0
0.00202 0
0.00202 0
0.00202 0
0.00202 0
0.00202 0
0.00202 0
0.00202 0
0.00201 0
0.00201 0
0.00201 0
0.00201 0
0.00201 0
0.00201 0
0.002 0
0.002 0
0.002 0
0.002 0
0.002 0
0.002 0
0.00199 0
0.00199 0
0.00199 0
0.00199 0
0.00199 0
0.00199 0
0.00199 0
0.00199 0
0.00199 0
0.00199 0
0.00199 0
0.00199 0
0.00198 0
0.00198 0
0.00198 0
0.00198 0
0.00198 0
0.00198 0
0.00198 0
0.00198 0
0.00198 0
0.00198 0
0.00198 0
0.00198 0
0.00197 0
0.00197 0
0.00197 0
0.00197 0
0.00197 0
0.00196 0
0.00196 0
0.00196 0
0.00196 0
0.00195 0
0.00195 0
0.00195 0
0.00195 0
0.00195 0
0.00195 0
0.00194 0
0.00194 0
0.00194 0
0.00194 0
0.00194 0
0.00194 0
0.00194 0
0.00194 0
0.00194 0
0.00193 0
0.00193 0
0.00193 0
0.00193 0
0.00193 0
0.00193 0
0.00193 0
0.00193 0
0.00193 0
0.00193 0
0.00193 0
0.00192 0
0.00192 0
0.00192 0
0.00192 0
0.00191 0
0.00191 0
0.00191 0
0.00191 0
0.00191 0
0.00191 0
0.00191 0
0.00191 0
0.00191 0
0.0019 0
0.0019 0
0.0019 0
0.0019 0
0.0019 0
0.0019 0
0.0019 0
0.0019 0
0.0019 0
0.0019 0
0.0019 0
0.0019 0
0.0019 0
0.0019 0
0.00189 0
0.00189 0
0.00189 0
0.00189 0
0.00189 0
0.00189 0
0.00189 0
0.00189 1
0.00188 0
0.00188 0
0.00188 0
0.00188 0
0.00188 0
0.00188 0
0.00188 0
0.00188 0
0.00188 0
0.00188 0
0.00187 0
0.00187 0
0.00187 0
0.00187 0
0.00187 0
0.00187 0
0.00187 0
0.00187 0
0.00187 0
0.00187 0
0.00187 0
0.00186 0
0.00186 0
0.00186 0
0.00186 0
0.00186 0
0.00186 0
0.00186 0
0.00186 0
0.00186 0
0.00185 0
0.00185 0
0.00185 0
0.00185 0
0.00185 0
0.00185 0
0.00185 0
0.00185 0
0.00184 0
0.00184 0
0.00184 0
0.00184 0
0.00184 0
0.00184 0
0.00184 0
0.00184 0
0.00183 0
0.00183 0
0.00183 0
0.00183 0
0.00183 0
0.00183 0
0.00183 0
0.00183 0
0.00182 0
0.00182 0
0.00182 0
0.00182 0
0.00182 0
0.00181 0
0.00181 0
0.00181 0
0.00181 0
0.00181 0
0.00181 0
0.00181 0
0.00181 0
0.00181 0
0.00181 0
0.0018 0
0.0018 0
0.0018 0
0.0018 0
0.0018 0
0.00179 0
0.00179 0
0.00179 0
0.00179 0
0.00179 0
0.00179 0
0.00179 0
0.00179 0
0.00178 0
0.00178 0
0.00178 0
0.00178 0
0.00178 0
0.00178 0
0.00178 0
0.00178 0
0.00178 0
0.00177 0
0.00177 0
0.00177 0
0.00177 0
0.00177 0
0.00177 0
0.00177 0
0.00177 0
0.00177 0
0.00176 0
0.00175 0
0.00175 0
0.00175 0
0.00175 0
0.00175 0
0.00175 0
0.00175 0
0.00174 0
0.00174 0
0.00174 0
0.00174 0
0.00174 0
0.00174 0
0.00173 0
0.00173 0
0.00173 0
0.00173 0
0.00173 0
0.00173 0
0.00173 0
0.00173 0
0.00173 0
0.00173 0
0.00173 0
0.00173 0
0.00173 0
0.00172 0
0.00172 0
0.00172 0
0.00172 0
0.00172 0
0.00172 0
0.00172 0
0.00172 0
0.00172 0
0.00172 0
0.00172 0
0.00171 0
0.00171 0
0.00171 0
0.00171 0
0.00171 0
0.00171 0
0.00171 0
0.00171 0
0.00171 0
0.0017 0
0.0017 0
0.0017 0
0.0017 0
0.0017 0
0.0017 0
0.0017 0
0.0017 0
0.0017 0
0.0017 0
0.00169 0
0.00169 0
0.00169 0
0.00169 0
0.00169 0
0.00169 0
0.00169 0
0.00169 0
0.00169 0
0.00169 0
0.00169 1
0.00168 0
0.00168 0
0.00168 0
0.00168 0
0.00168 0
0.00168 0
0.00168 0
0.00168 0
0.00168 0
0.00168 0
0.00168 0
0.00168 0
0.00167 0
0.00167 0
0.00167 0
0.00167 0
0.00167 0
0.00167 0
0.00167 0
0.00167 0
0.00167 0
0.00166 0
0.00166 0
0.00166 0
0.00166 0
0.00166 0
0.00166 0
0.00166 0
0.00166 0
0.00166 0
0.00166 0
0.00166 0
0.00166 0
0.00166 0
0.00166 0
0.00166 0
0.00165 0
0.00165 0
0.00165 0
0.00165 0
0.00165 0
0.00165 0
0.00165 0
0.00165 0
0.00165 0
0.00165 0
0.00165 0
0.00165 0
0.00164 0
0.00164 0
0.00164 0
0.00164 0
0.00164 0
0.00164 0
0.00164 0
0.00164 0
0.00163 0
0.00163 0
0.00163 0
0.00163 0
0.00163 0
0.00163 0
0.00162 0
0.00162 0
0.00162 0
0.00162 0
0.00162 0
0.00162 0
0.00162 0
0.00162 0
0.00162 0
0.00162 0
0.00162 0
0.00162 0
0.00162 0
0.00162 0
0.00162 0
0.00161 0
0.00161 0
0.00161 0
0.00161 0
0.00161 0
0.00161 0
0.00161 0
0.00161 0
0.00161 0
0.00161 0
0.0016 0
0.0016 0
0.0016 0
0.0016 0
0.0016 0
0.0016 0
0.0016 0
0.0016 0
0.0016 0
0.00159 0
0.00159 0
0.00159 0
0.00159 0
0.00159 0
0.00159 0
0.00158 0
0.00158 0
0.00158 0
0.00158 0
0.00158 0
0.00158 0
0.00158 0
0.00158 0
0.00158 0
0.00158 0
0.00158 0
0.00158 0
0.00158 0
0.00158 0
0.00158 0
0.00158 0
0.00158 0
0.00157 0
0.00157 0
0.00157 0
0.00157 0
0.00157 0
0.00157 0
0.00157 0
0.00157 0
0.00157 0
0.00157 0
0.00157 0
0.00157 0
0.00157 0
0.00157 0
0.00157 0
0.00156 0
0.00156 0
0.00156 0
0.00156 0
0.00156 0
0.00156 0
0.00156 0
0.00156 0
0.00156 0
0.00156 0
0.00156 0
0.00156 0
0.00156 0
0.00156 0
0.00156 0
0.00155 0
0.00155 0
0.00155 0
0.00155 0
0.00155 0
0.00155 0
0.00155 0
0.00155 0
0.00155 0
0.00154 0
0.00154 0
0.00154 0
0.00154 0
0.00154 0
0.00154 0
0.00154 0
0.00154 0
0.00154 0
0.00154 0
0.00153 0
0.00153 0
0.00153 0
0.00153 0
0.00153 0
0.00153 0
0.00153 0
0.00153 0
0.00153 0
0.00153 0
0.00153 0
0.00152 0
0.00152 0
0.00152 0
0.00152 0
0.00152 0
0.00152 0
0.00152 0
0.00152 0
0.00152 0
0.00152 0
0.00152 0
0.00152 0
0.00152 0
0.00152 0
0.00152 0
0.00152 1
0.00151 0
0.00151 0
0.00151 0
0.00151 0
0.00151 0
0.00151 0
0.00151 0
0.00151 0
0.00151 0
0.00151 0
0.00151 0
0.00151 0
0.0015 0
0.0015 0
0.0015 0
0.0015 0
0.0015 0
0.0015 0
0.00149 0
0.00149 0
0.00149 0
0.00149 0
0.00149 0
0.00149 0
0.00149 0
0.00149 0
0.00148 0
0.00148 0
0.00148 0
0.00148 0
0.00148 0
0.00148 0
0.00148 0
0.00148 0
0.00148 0
0.00148 0
0.00148 0
0.00148 0
0.00148 0
0.00148 0
0.00148 0
0.00147 0
0.00147 0
0.00147 0
0.00147 0
0.00147 0
0.00146 0
0.00146 0
0.00146 0
0.00146 0
0.00146 0
0.00146 0
0.00146 0
0.00146 0
0.00146 0
0.00146 0
0.00146 0
0.00146 0
0.00146 0
0.00145 0
0.00145 0
0.00145 0
0.00145 0
0.00145 0
0.00145 0
0.00145 0
0.00145 0
0.00145 0
0.00145 0
0.00145 0
0.00145 0
0.00145 0
0.00145 0
0.00145 0
0.00145 0
0.00145 0
0.00145 0
0.00144 0
0.00144 0
0.00144 0
0.00144 0
0.00144 0
0.00144 0
0.00144 0
0.00144 0
0.00144 0
0.00144 0
0.00144 0
0.00144 0
0.00144 0
0.00143 0
0.00143 0
0.00143 0
0.00143 0
0.00143 0
0.00143 0
0.00143 0
0.00143 0
0.00143 0
0.00143 0
0.00143 0
0.00143 0
0.00143 0
0.00143 0
0.00143 0
0.00143 0
0.00142 0
0.00142 0
0.00142 0
0.00142 0
0.00142 0
0.00142 0
0.00142 0
0.00142 0
0.00142 0
0.00142 0
0.00142 0
0.00142 0
0.00142 0
0.00141 0
0.00141 0
0.00141 0
0.00141 0
0.00141 0
0.00141 0
0.00141 0
0.00141 0
0.00141 0
0.00141 0
0.00141 0
0.00141 0
0.00141 0
0.0014 0
0.0014 0
0.0014 0
0.0014 0
0.0014 0
0.0014 0
0.0014 0
0.0014 0
0.0014 0
0.0014 0
0.0014 0
0.0014 0
0.0014 0
0.0014 0
0.00139 0
0.00139 0
0.00139 0
0.00139 0
0.00139 0
0.00139 0
0.00139 0
0.00139 0
0.00139 0
0.00139 0
0.00139 0
0.00139 0
0.00139 0
0.00139 0
0.00138 0
0.00138 0
0.00138 0
0.00138 0
0.00138 0
0.00138 0
0.00138 0
0.00138 0
0.00138 0
0.00138 0
0.00138 0
0.00138 0
0.00138 0
0.00138 0
0.00138 0
0.00137 0
0.00137 0
0.00137 0
0.00137 0
0.00137 0
0.00137 0
0.00137 0
0.00137 0
0.00137 0
0.00136 0
0.00136 0
0.00136 0
0.00136 0
0.00136 0
0.00136 0
0.00136 0
0.00136 0
0.00136 0
0.00136 0
0.00136 0
0.00136 0
0.00136 0
0.00136 0
0.00135 0
0.00135 0
0.00135 0
0.00135 0
0.00135 0
0.00135 0
0.00135 0
0.00135 0
0.00135 0
0.00135 0
0.00135 0
0.00135 0
0.00134 0
0.00134 0
0.00134 0
0.00134 0
0.00134 0
0.00134 0
0.00134 0
0.00134 0
0.00134 0
0.00134 0
0.00134 0
0.00134 0
0.00134 0
0.00134 0
0.00134 0
0.00134 0
0.00134 0
0.00133 0
0.00133 0
0.00133 0
0.00133 0
0.00133 0
0.00133 0
0.00133 0
0.00133 0
0.00133 0
0.00133 0
0.00132 0
0.00132 0
0.00132 0
0.00132 0
0.00132 0
0.00132 0
0.00132 0
0.00132 0
0.00132 0
0.00132 0
0.00132 0
0.00132 0
0.00132 0
0.00132 0
0.00131 0
0.00131 0
0.00131 0
0.00131 0
0.00131 0
0.00131 0
0.00131 0
0.00131 0
0.00131 0
0.00131 0
0.0013 0
0.0013 0
0.0013 0
0.0013 0
0.0013 0
0.0013 0
0.0013 0
0.0013 0
0.0013 0
0.0013 0
0.0013 0
0.0013 0
0.0013 0
0.0013 0
0.00129 0
0.00129 0
0.00129 0
0.00129 0
0.00129 0
0.00129 0
0.00129 0
0.00129 0
0.00129 0
0.00129 0
0.00128 0
0.00128 0
0.00128 0
0.00128 0
0.00128 0
0.00128 0
0.00128 0
0.00128 0
0.00128 0
0.00128 0
0.00128 0
0.00128 0
0.00128 0
0.00128 0
0.00128 0
0.00127 0
0.00127 0
0.00127 0
0.00127 0
0.00127 0
0.00127 0
0.00127 0
0.00127 0
0.00127 0
0.00127 0
0.00127 0
0.00127 0
0.00127 0
0.00126 0
0.00126 0
0.00126 0
0.00126 0
0.00126 0
0.00126 0
0.00126 0
0.00126 0
0.00126 0
0.00126 0
0.00126 0
0.00125 0
0.00125 0
0.00125 0
0.00125 0
0.00125 0
0.00125 0
0.00125 0
0.00125 0
0.00125 0
0.00124 0
0.00124 0
0.00124 0
0.00124 0
0.00124 0
0.00124 0
0.00124 0
0.00124 0
0.00124 0
0.00124 0
0.00124 0
0.00124 0
0.00124 0
0.00123 0
0.00123 0
0.00123 0
0.00123 0
0.00123 0
0.00123 0
0.00123 0
0.00123 0
0.00123 0
0.00123 0
0.00123 0
0.00122 0
0.00122 0
0.00122 0
0.00122 0
0.00122 0
0.00122 0
0.00122 0
0.00122 0
0.00122 0
0.00122 0
0.00122 0
0.00122 0
0.00122 0
0.00122 0
0.00122 0
0.00122 0
0.00122 0
0.00121 0
0.00121 0
0.00121 0
0.00121 0
0.00121 0
0.00121 0
0.00121 0
0.00121 0
0.00121 0
0.00121 0
0.00121 0
0.0012 0
0.0012 0
0.0012 0
0.0012 0
0.0012 0
0.0012 0
0.0012 0
0.0012 0
0.0012 0
0.0012 0
0.0012 0
0.0012 0
0.0012 0
0.00119 0
0.00119 0
0.00119 0
0.00119 0
0.00119 0
0.00119 0
0.00119 0
0.00119 0
0.00119 0
0.00119 0
0.00119 0
0.00119 0
0.00119 0
0.00119 0
0.00119 0
0.00119 0
0.00119 0
0.00118 0
0.00118 0
0.00118 0
0.00118 0
0.00118 0
0.00118 0
0.00118 0
0.00118 0
0.00118 0
0.00118 0
0.00118 0
0.00118 0
0.00118 0
0.00118 0
0.00117 0
0.00117 0
0.00117 0
0.00117 0
0.00117 0
0.00117 0
0.00117 0
0.00117 0
0.00117 0
0.00117 0
0.00117 0
0.00117 0
0.00117 0
0.00117 0
0.00117 0
0.00117 0
0.00117 0
0.00117 0
0.00117 0
0.00117 0
0.00117 0
0.00117 0
0.00117 0
0.00117 0
0.00117 0
0.00117 0
0.00117 0
0.00116 0
0.00116 0
0.00116 0
0.00116 0
0.00116 0
0.00116 0
0.00116 0
0.00116 0
0.00116 0
0.00116 0
0.00116 0
0.00116 0
0.00115 0
0.00115 0
0.00115 0
0.00115 0
0.00115 0
0.00115 0
0.00115 0
0.00115 0
0.00115 0
0.00115 0
0.00115 0
0.00115 0
0.00115 0
0.00115 0
0.00115 0
0.00115 0
0.00114 0
0.00114 0
0.00114 0
0.00114 0
0.00114 0
0.00114 0
0.00114 0
0.00114 0
0.00114 0
0.00113 0
0.00113 0
0.00113 0
0.00113 0
0.00113 0
0.00113 0
0.00113 0
0.00113 0
0.00113 0
0.00113 0
0.00113 0
0.00113 0
0.00113 0
0.00112 0
0.00112 0
0.00112 0
0.00112 0
0.00112 0
0.00112 0
0.00112 0
0.00112 0
0.00112 0
0.00112 0
0.00112 0
0.00112 0
0.00112 0
0.00112 0
0.00112 0
0.00112 0
0.00112 0
0.00112 0
0.00112 0
0.00112 0
0.00112 0
0.00112 0
0.00111 0
0.00111 0
0.00111 0
0.00111 0
0.00111 0
0.00111 0
0.00111 0
0.00111 0
0.00111 0
0.00111 0
0.00111 0
0.00111 0
0.00111 0
0.00111 0
0.00111 0
0.00111 0
0.00111 0
0.0011 0
0.0011 0
0.0011 0
0.0011 0
0.0011 0
0.0011 0
0.0011 0
0.0011 0
0.0011 0
0.0011 0
0.0011 0
0.0011 0
0.0011 0
0.0011 0
0.0011 0
0.0011 0
0.00109 0
0.00109 0
0.00109 0
0.00109 0
0.00109 0
0.00109 0
0.00109 0
0.00109 0
0.00109 0
0.00109 0
0.00109 0
0.00109 0
0.00109 0
0.00109 0
0.00109 0
0.00109 0
0.00109 0
0.00109 0
0.00108 0
0.00108 0
0.00108 0
0.00108 0
0.00108 0
0.00108 0
0.00108 0
0.00108 0
0.00108 0
0.00108 0
0.00108 0
0.00108 0
0.00108 0
0.00108 0
0.00108 0
0.00108 0
0.00108 0
0.00108 0
0.00107 0
0.00107 0
0.00107 0
0.00107 0
0.00107 0
0.00107 0
0.00107 0
0.00107 0
0.00107 0
0.00107 0
0.00107 0
0.00107 0
0.00107 0
0.00106 0
0.00106 0
0.00106 0
0.00106 0
0.00106 0
0.00106 0
0.00106 0
0.00106 0
0.00106 0
0.00106 0
0.00106 0
0.00106 0
0.00106 0
0.00106 0
0.00106 0
0.00106 0
0.00105 0
0.00105 0
0.00105 0
0.00105 0
0.00105 0
0.00105 0
0.00105 0
0.00105 0
0.00105 0
0.00105 0
0.00105 0
0.00105 0
0.00105 0
0.00105 0
0.00105 0
0.00105 0
0.00105 0
0.00105 0
0.00105 0
0.00104 0
0.00104 0
0.00104 0
0.00104 0
0.00104 0
0.00104 0
0.00104 0
0.00104 0
0.00104 0
0.00104 0
0.00104 0
0.00104 0
0.00104 0
0.00104 0
0.00104 0
0.00104 0
0.00104 0
0.00104 1
0.00103 0
0.00103 0
0.00103 0
0.00103 0
0.00103 0
0.00103 0
0.00103 0
0.00103 0
0.00103 0
0.00103 0
0.00103 0
0.00103 0
0.00103 0
0.00103 0
0.00103 0
0.00102 0
0.00102 0
0.00102 0
0.00102 0
0.00102 0
0.00102 0
0.00102 0
0.00102 0
0.00102 0
0.00102 0
0.00102 0
0.00101 0
0.00101 0
0.00101 0
0.00101 0
0.00101 0
0.00101 0
0.00101 0
0.00101 0
0.00101 0
0.00101 0
0.00101 0
0.00101 0
0.00101 0
0.00101 0
0.00101 0
0.00101 0
0.00101 0
0.00101 0
0.00101 0
0.001 0
0.001 0
0.001 0
0.001 0
0.001 0
0.001 0
0.001 0
0.001 0
0.001 0
0.001 0
0.001 0
0.001 0
0.001 0
0.001 0
9.9E-4 0
9.9E-4 0
9.9E-4 0
9.9E-4 0
9.9E-4 0
9.9E-4 0
9.9E-4 0
9.9E-4 0
9.9E-4 0
9.9E-4 0
9.9E-4 0
9.9E-4 0
9.9E-4 0
9.9E-4 0
9.9E-4 0
9.9E-4 0
9.9E-4 0
9.9E-4 0
9.8E-4 0
9.8E-4 0
9.8E-4 0
9.8E-4 0
9.8E-4 0
9.8E-4 0
9.8E-4 0
9.8E-4 0
9.8E-4 0
9.8E-4 0
9.8E-4 0
9.8E-4 0
9.8E-4 0
9.8E-4 0
9.7E-4 0
9.7E-4 0
9.7E-4 0
9.7E-4 0
9.7E-4 0
9.7E-4 0
9.7E-4 0
9.7E-4 0
9.7E-4 0
9.7E-4 0
9.7E-4 0
9.7E-4 0
9.7E-4 0
9.7E-4 0
9.7E-4 0
9.7E-4 0
9.6E-4 0
9.6E-4 0
9.6E-4 0
9.6E-4 0
9.6E-4 0
9.6E-4 0
9.6E-4 0
9.6E-4 0
9.6E-4 0
9.6E-4 0
9.6E-4 0
9.6E-4 0
9.6E-4 0
9.6E-4 0
9.6E-4 0
9.6E-4 0
9.6E-4 0
9.6E-4 0
9.6E-4 0
9.5E-4 0
9.5E-4 0
9.5E-4 0
9.5E-4 0
9.5E-4 0
9.5E-4 0
9.5E-4 0
9.5E-4 0
9.5E-4 0
9.5E-4 0
9.5E-4 0
9.5E-4 0
9.5E-4 0
9.5E-4 0
9.5E-4 0
9.5E-4 0
9.5E-4 0
9.5E-4 0
9.5E-4 0
9.5E-4 0
9.4E-4 0
9.4E-4 0
9.4E-4 0
9.4E-4 0
9.4E-4 0
9.4E-4 0
9.4E-4 0
9.4E-4 0
9.4E-4 0
9.4E-4 0
9.4E-4 0
9.4E-4 0
9.4E-4 0
9.4E-4 0
9.3E-4 0
9.3E-4 0
9.3E-4 0
9.3E-4 0
9.3E-4 0
9.3E-4 0
9.3E-4 0
9.3E-4 0
9.3E-4 0
9.3E-4 0
9.3E-4 0
9.3E-4 0
9.3E-4 0
9.3E-4 0
9.3E-4 0
9.3E-4 0
9.3E-4 0
9.3E-4 0
9.3E-4 0
9.3E-4 0
9.3E-4 0
9.3E-4 0
9.3E-4 0
9.3E-4 0
9.2E-4 0
9.2E-4 0
9.2E-4 0
9.2E-4 0
9.2E-4 0
9.2E-4 0
9.2E-4 0
9.2E-4 0
9.2E-4 0
9.2E-4 0
9.2E-4 0
9.2E-4 0
9.2E-4 0
9.2E-4 0
9.2E-4 0
9.2E-4 0
9.1E-4 0
9.1E-4 0
9.1E-4 0
9.1E-4 0
9.1E-4 0
9.1E-4 0
9.1E-4 0
9.1E-4 0
9.1E-4 0
9.1E-4 0
9.1E-4 0
9.1E-4 0
9.1E-4 0
9.0E-4 0
9.0E-4 0
9.0E-4 0
9.0E-4 0
9.0E-4 0
9.0E-4 0
9.0E-4 0
9.0E-4 0
9.0E-4 0
9.0E-4 0
9.0E-4 0
9.0E-4 0
9.0E-4 0
9.0E-4 0
9.0E-4 0
9.0E-4 0
9.0E-4 0
9.0E-4 0
9.0E-4 0
9.0E-4 0
9.0E-4 0
8.9E-4 0
8.9E-4 0
8.9E-4 0
8.9E-4 0
8.9E-4 0
8.9E-4 0
8.9E-4 0
8.9E-4 0
8.9E-4 0
8.9E-4 0
8.9E-4 0
8.9E-4 0
8.9E-4 0
8.9E-4 0
8.9E-4 0
8.9E-4 0
8.9E-4 0
8.9E-4 0
8.9E-4 0
8.9E-4 0
8.9E-4 0
8.9E-4 0
8.8E-4 0
8.8E-4 0
8.8E-4 0
8.8E-4 0
8.8E-4 0
8.8E-4 0
8.8E-4 0
8.8E-4 0
8.8E-4 0
8.8E-4 0
8.8E-4 0
8.8E-4 0
8.8E-4 0
8.8E-4 0
8.8E-4 0
8.8E-4 0
8.7E-4 0
8.7E-4 0
8.7E-4 0
8.7E-4 0
8.7E-4 0
8.7E-4 0
8.7E-4 0
8.7E-4 0
8.7E-4 0
8.7E-4 0
8.7E-4 0
8.7E-4 0
8.7E-4 0
8.7E-4 0
8.7E-4 0
8.7E-4 0
8.7E-4 0
8.7E-4 0
8.6E-4 0
8.6E-4 0
8.6E-4 0
8.6E-4 0
8.6E-4 0
8.6E-4 0
8.6E-4 0
8.6E-4 0
8.6E-4 0
8.6E-4 0
8.6E-4 0
8.6E-4 0
8.6E-4 0
8.6E-4 0
8.6E-4 0
8.6E-4 0
8.6E-4 0
8.5E-4 0
8.5E-4 0
8.5E-4 0
8.5E-4 0
8.5E-4 0
8.5E-4 0
8.5E-4 0
8.5E-4 0
8.5E-4 0
8.5E-4 0
8.5E-4 0
8.5E-4 0
8.5E-4 0
8.5E-4 0
8.5E-4 0
8.5E-4 0
8.5E-4 0
8.5E-4 0
8.4E-4 0
8.4E-4 0
8.4E-4 0
8.4E-4 0
8.4E-4 0
8.4E-4 0
8.4E-4 0
8.4E-4 0
8.4E-4 0
8.4E-4 0
8.4E-4 0
8.4E-4 0
8.4E-4 0
8.4E-4 0
8.4E-4 0
8.4E-4 0
8.4E-4 0
8.4E-4 0
8.3E-4 0
8.3E-4 0
8.3E-4 0
8.3E-4 0
8.3E-4 0
8.3E-4 0
8.3E-4 0
8.3E-4 0
8.3E-4 0
8.3E-4 0
8.3E-4 0
8.3E-4 0
8.3E-4 0
8.3E-4 0
8.3E-4 0
8.3E-4 0
8.3E-4 0
8.3E-4 0
8.3E-4 0
8.3E-4 0
8.2E-4 0
8.2E-4 0
8.2E-4 0
8.2E-4 0
8.2E-4 0
8.2E-4 0
8.2E-4 0
8.2E-4 0
8.2E-4 0
8.2E-4 0
8.2E-4 0
8.2E-4 0
8.2E-4 0
8.2E-4 0
8.2E-4 0
8.2E-4 0
8.2E-4 0
8.2E-4 0
8.1E-4 0
8.1E-4 0
8.1E-4 0
8.1E-4 0
8.1E-4 0
8.1E-4 0
8.1E-4 0
8.1E-4 0
8.1E-4 0
8.1E-4 0
8.1E-4 0
8.1E-4 0
8.1E-4 0
8.1E-4 0
8.1E-4 0
8.1E-4 0
8.1E-4 0
8.1E-4 0
8.1E-4 0
8.0E-4 0
8.0E-4 0
8.0E-4 0
8.0E-4 0
8.0E-4 0
8.0E-4 0
8.0E-4 0
8.0E-4 0
8.0E-4 0
8.0E-4 0
8.0E-4 0
8.0E-4 0
8.0E-4 0
8.0E-4 0
8.0E-4 0
8.0E-4 0
8.0E-4 0
8.0E-4 0
8.0E-4 0
8.0E-4 0
8.0E-4 0
8.0E-4 0
8.0E-4 0
8.0E-4 0
8.0E-4 0
7.9E-4 0
7.9E-4 0
7.9E-4 0
7.9E-4 0
7.9E-4 0
7.9E-4 0
7.9E-4 0
7.9E-4 0
7.9E-4 0
7.9E-4 0
7.9E-4 0
7.9E-4 0
7.9E-4 0
7.9E-4 0
7.9E-4 0
7.9E-4 0
7.9E-4 0
7.9E-4 0
7.9E-4 0
7.8E-4 0
7.8E-4 0
7.8E-4 0
7.8E-4 0
7.8E-4 0
7.8E-4 0
7.8E-4 0
7.8E-4 0
7.8E-4 0
7.8E-4 0
7.8E-4 0
7.8E-4 0
7.8E-4 0
7.7E-4 0
7.7E-4 0
7.7E-4 0
7.7E-4 0
7.7E-4 0
7.7E-4 0
7.7E-4 0
7.7E-4 0
7.7E-4 0
7.7E-4 0
7.7E-4 0
7.7E-4 0
7.7E-4 0
7.7E-4 0
7.7E-4 0
7.7E-4 0
7.7E-4 0
7.7E-4 0
7.7E-4 0
7.7E-4 0
7.7E-4 0
7.7E-4 0
7.7E-4 0
7.7E-4 0
7.7E-4 0
7.7E-4 0
7.7E-4 0
7.7E-4 0
7.6E-4 0
7.6E-4 0
7.6E-4 0
7.6E-4 0
7.6E-4 0
7.6E-4 0
7.6E-4 0
7.6E-4 0
7.6E-4 0
7.6E-4 0
7.6E-4 0
7.6E-4 0
7.6E-4 0
7.6E-4 0
7.6E-4 0
7.6E-4 0
7.6E-4 0
7.6E-4 0
7.6E-4 0
7.6E-4 0
7.6E-4 0
7.5E-4 0
7.5E-4 0
7.5E-4 0
7.5E-4 0
7.5E-4 0
7.5E-4 0
7.5E-4 0
7.5E-4 0
7.5E-4 0
7.5E-4 0
7.5E-4 0
7.5E-4 0
7.5E-4 0
7.5E-4 0
7.5E-4 0
7.5E-4 0
7.5E-4 0
7.5E-4 0
7.5E-4 0
7.5E-4 0
7.4E-4 0
7.4E-4 0
7.4E-4 0
7.4E-4 0
7.4E-4 0
7.4E-4 0
7.4E-4 0
7.4E-4 0
7.4E-4 0
7.4E-4 0
7.4E-4 0
7.4E-4 0
7.4E-4 0
7.4E-4 0
7.4E-4 0
7.4E-4 0
7.3E-4 0
7.3E-4 0
7.3E-4 0
7.3E-4 0
7.3E-4 0
7.3E-4 0
7.3E-4 0
7.3E-4 0
7.3E-4 0
7.3E-4 0
7.3E-4 0
7.3E-4 0
7.3E-4 0
7.3E-4 0
7.3E-4 0
7.2E-4 0
7.2E-4 0
7.2E-4 0
7.2E-4 0
7.2E-4 0
7.2E-4 0
7.2E-4 0
7.2E-4 0
7.2E-4 0
7.2E-4 0
7.2E-4 0
7.2E-4 0
7.2E-4 0
7.2E-4 0
7.2E-4 0
7.2E-4 0
7.2E-4 0
7.2E-4 0
7.2E-4 0
7.2E-4 0
7.2E-4 0
7.2E-4 0
7.2E-4 0
7.2E-4 0
7.2E-4 0
7.2E-4 0
7.2E-4 0
7.2E-4 0
7.1E-4 0
7.1E-4 0
7.1E-4 0
7.1E-4 0
7.1E-4 0
7.1E-4 0
7.1E-4 0
7.1E-4 0
7.1E-4 0
7.1E-4 0
7.1E-4 0
7.1E-4 0
7.1E-4 0
7.1E-4 0
7.1E-4 0
7.1E-4 0
7.1E-4 0
7.1E-4 0
7.1E-4 0
7.1E-4 0
7.1E-4 0
7.0E-4 0
7.0E-4 0
7.0E-4 0
7.0E-4 0
7.0E-4 0
7.0E-4 0
7.0E-4 0
7.0E-4 0
7.0E-4 0
7.0E-4 0
7.0E-4 0
7.0E-4 0
7.0E-4 0
7.0E-4 0
7.0E-4 0
7.0E-4 1
6.9E-4 0
6.9E-4 0
6.9E-4 0
6.9E-4 0
6.9E-4 0
6.9E-4 0
6.9E-4 0
6.9E-4 0
6.9E-4 0
6.9E-4 0
6.9E-4 0
6.9E-4 0
6.9E-4 0
6.9E-4 0
6.9E-4 0
6.8E-4 0
6.8E-4 0
6.8E-4 0
6.8E-4 0
6.8E-4 0
6.8E-4 0
6.8E-4 0
6.8E-4 0
6.8E-4 0
6.8E-4 0
6.8E-4 0
6.8E-4 0
6.8E-4 0
6.8E-4 0
6.8E-4 0
6.8E-4 0
6.8E-4 0
6.8E-4 0
6.8E-4 0
6.7E-4 0
6.7E-4 0
6.7E-4 0
6.7E-4 0
6.7E-4 0
6.7E-4 0
6.7E-4 0
6.7E-4 0
6.7E-4 0
6.7E-4 0
6.7E-4 0
6.7E-4 0
6.7E-4 0
6.7E-4 0
6.7E-4 0
6.7E-4 0
6.7E-4 0
6.6E-4 0
6.6E-4 0
6.6E-4 0
6.6E-4 0
6.6E-4 0
6.6E-4 0
6.6E-4 0
6.6E-4 0
6.6E-4 0
6.6E-4 0
6.6E-4 0
6.6E-4 0
6.6E-4 0
6.6E-4 0
6.6E-4 0
6.6E-4 0
6.6E-4 0
6.6E-4 0
6.6E-4 0
6.6E-4 0
6.6E-4 0
6.5E-4 0
6.5E-4 0
6.5E-4 0
6.5E-4 0
6.5E-4 0
6.5E-4 0
6.5E-4 0
6.5E-4 0
6.5E-4 0
6.5E-4 0
6.5E-4 0
6.5E-4 0
6.5E-4 0
6.5E-4 0
6.5E-4 0
6.5E-4 0
6.5E-4 0
6.5E-4 0
6.5E-4 0
6.5E-4 0
6.5E-4 0
6.5E-4 0
6.5E-4 0
6.5E-4 0
6.4E-4 0
6.4E-4 0
6.4E-4 0
6.4E-4 0
6.4E-4 0
6.4E-4 0
6.4E-4 0
6.4E-4 0
6.4E-4 0
6.4E-4 0
6.4E-4 0
6.4E-4 0
6.4E-4 0
6.4E-4 0
6.4E-4 0
6.4E-4 0
6.4E-4 0
6.4E-4 0
6.4E-4 0
6.4E-4 0
6.4E-4 0
6.4E-4 0
6.4E-4 0
6.4E-4 0
6.4E-4 0
6.3E-4 0
6.3E-4 0
6.3E-4 0
6.3E-4 0
6.3E-4 0
6.3E-4 0
6.3E-4 0
6.3E-4 0
6.3E-4 0
6.3E-4 0
6.3E-4 0
6.3E-4 0
6.3E-4 0
6.3E-4 0
6.3E-4 0
6.3E-4 0
6.3E-4 0
6.3E-4 0
6.3E-4 0
6.3E-4 0
6.3E-4 0
6.3E-4 0
6.3E-4 0
6.3E-4 0
6.3E-4 0
6.2E-4 0
6.2E-4 0
6.2E-4 0
6.2E-4 0
6.2E-4 0
6.2E-4 0
6.2E-4 0
6.2E-4 0
6.2E-4 0
6.2E-4 0
6.2E-4 0
6.2E-4 0
6.2E-4 0
6.2E-4 0
6.2E-4 0
6.2E-4 0
6.2E-4 0
6.2E-4 0
6.2E-4 0
6.1E-4 0
6.1E-4 0
6.1E-4 0
6.1E-4 0
6.1E-4 0
6.1E-4 0
6.1E-4 0
6.1E-4 0
6.1E-4 0
6.1E-4 0
6.1E-4 0
6.1E-4 0
6.1E-4 0
6.1E-4 0
6.1E-4 0
6.1E-4 0
6.1E-4 0
6.1E-4 0
6.0E-4 0
6.0E-4 0
6.0E-4 0
6.0E-4 0
6.0E-4 0
6.0E-4 0
6.0E-4 0
6.0E-4 0
6.0E-4 0
6.0E-4 0
6.0E-4 0
6.0E-4 0
6.0E-4 0
6.0E-4 0
6.0E-4 0
6.0E-4 0
6.0E-4 0
6.0E-4 0
6.0E-4 0
6.0E-4 0
6.0E-4 0
6.0E-4 0
6.0E-4 0
6.0E-4 0
6.0E-4 0
6.0E-4 0
5.9E-4 0
5.9E-4 0
5.9E-4 0
5.9E-4 0
5.9E-4 0
5.9E-4 0
5.9E-4 0
5.9E-4 0
5.9E-4 0
5.9E-4 0
5.9E-4 0
5.9E-4 0
5.9E-4 0
5.9E-4 0
5.9E-4 0
5.9E-4 0
5.9E-4 0
5.9E-4 0
5.9E-4 0
5.9E-4 0
5.9E-4 0
5.9E-4 0
5.9E-4 0
5.9E-4 0
5.9E-4 0
5.9E-4 0
5.9E-4 0
5.9E-4 0
5.9E-4 0
5.9E-4 0
5.9E-4 0
5.9E-4 0
5.9E-4 0
5.9E-4 0
5.9E-4 0
5.9E-4 0
5.9E-4 0
5.9E-4 0
5.9E-4 0
5.9E-4 0
5.8E-4 0
5.8E-4 0
5.8E-4 0
5.8E-4 0
5.8E-4 0
5.8E-4 0
5.8E-4 0
5.8E-4 0
5.8E-4 0
5.8E-4 0
5.8E-4 0
5.8E-4 0
5.8E-4 0
5.8E-4 0
5.8E-4 0
5.8E-4 0
5.8E-4 0
5.8E-4 0
5.8E-4 0
5.8E-4 0
5.8E-4 0
5.8E-4 0
5.7E-4 0
5.7E-4 0
5.7E-4 0
5.7E-4 0
5.7E-4 0
5.7E-4 0
5.7E-4 0
5.7E-4 0
5.7E-4 0
5.7E-4 0
5.7E-4 0
5.7E-4 0
5.7E-4 0
5.7E-4 0
5.7E-4 0
5.7E-4 0
5.7E-4 0
5.7E-4 0
5.7E-4 0
5.7E-4 0
5.7E-4 0
5.7E-4 0
5.7E-4 0
5.7E-4 0
5.7E-4 0
5.6E-4 0
5.6E-4 0
5.6E-4 0
5.6E-4 0
5.6E-4 0
5.6E-4 0
5.6E-4 0
5.6E-4 0
5.6E-4 0
5.6E-4 0
5.6E-4 0
5.6E-4 0
5.6E-4 0
5.6E-4 0
5.6E-4 0
5.6E-4 0
5.6E-4 0
5.6E-4 0
5.6E-4 0
5.6E-4 0
5.6E-4 0
5.6E-4 0
5.6E-4 0
5.6E-4 0
5.6E-4 0
5.6E-4 0
5.6E-4 0
5.6E-4 0
5.6E-4 0
5.6E-4 0
5.6E-4 0
5.6E-4 0
5.6E-4 0
5.6E-4 0
5.6E-4 0
5.5E-4 0
5.5E-4 0
5.5E-4 0
5.5E-4 0
5.5E-4 0
5.5E-4 0
5.5E-4 0
5.5E-4 0
5.5E-4 0
5.5E-4 0
5.5E-4 0
5.5E-4 0
5.5E-4 0
5.5E-4 0
5.5E-4 0
5.5E-4 0
5.5E-4 0
5.5E-4 0
5.5E-4 0
5.5E-4 0
5.5E-4 0
5.5E-4 0
5.5E-4 0
5.5E-4 0
5.5E-4 0
5.5E-4 0
5.5E-4 0
5.5E-4 0
5.5E-4 0
5.5E-4 0
5.5E-4 0
5.5E-4 0
5.5E-4 0
5.5E-4 0
5.5E-4 0
5.4E-4 0
5.4E-4 0
5.4E-4 0
5.4E-4 0
5.4E-4 0
5.4E-4 0
5.4E-4 0
5.4E-4 0
5.4E-4 0
5.4E-4 0
5.4E-4 0
5.4E-4 0
5.4E-4 0
5.4E-4 0
5.4E-4 0
5.4E-4 0
5.4E-4 0
5.4E-4 0
5.4E-4 0
5.4E-4 1
5.3E-4 0
5.3E-4 0
5.3E-4 0
5.3E-4 0
5.3E-4 0
5.3E-4 0
5.3E-4 0
5.3E-4 0
5.3E-4 0
5.3E-4 0
5.3E-4 0
5.3E-4 0
5.3E-4 0
5.3E-4 0
5.3E-4 0
5.3E-4 0
5.3E-4 0
5.3E-4 0
5.3E-4 0
5.3E-4 0
5.2E-4 0
5.2E-4 0
5.2E-4 0
5.2E-4 0
5.2E-4 0
5.2E-4 0
5.2E-4 0
5.2E-4 0
5.2E-4 0
5.2E-4 0
5.2E-4 0
5.2E-4 0
5.2E-4 0
5.2E-4 0
5.2E-4 0
5.2E-4 0
5.2E-4 0
5.2E-4 0
5.2E-4 0
5.2E-4 0
5.2E-4 0
5.2E-4 0
5.2E-4 0
5.2E-4 0
5.2E-4 0
5.2E-4 0
5.2E-4 0
5.2E-4 0
5.2E-4 0
5.2E-4 0
5.2E-4 0
5.2E-4 0
5.2E-4 0
5.2E-4 0
5.2E-4 0
5.2E-4 0
5.2E-4 0
5.2E-4 0
5.2E-4 0
5.2E-4 0
5.2E-4 0
5.1E-4 0
5.1E-4 0
5.1E-4 0
5.1E-4 0
5.1E-4 0
5.1E-4 0
5.1E-4 0
5.1E-4 0
5.1E-4 0
5.1E-4 0
5.1E-4 0
5.1E-4 0
5.1E-4 0
5.1E-4 0
5.1E-4 0
5.1E-4 0
5.1E-4 0
5.1E-4 0
5.1E-4 0
5.1E-4 0
5.1E-4 0
5.1E-4 0
5.1E-4 0
5.1E-4 0
5.1E-4 0
5.1E-4 0
5.1E-4 0
5.1E-4 0
5.1E-4 0
5.1E-4 0
5.1E-4 0
5.0E-4 0
5.0E-4 0
5.0E-4 0
5.0E-4 0
5.0E-4 0
5.0E-4 0
5.0E-4 0
5.0E-4 0
5.0E-4 0
5.0E-4 0
5.0E-4 0
5.0E-4 0
5.0E-4 0
5.0E-4 0
5.0E-4 0
5.0E-4 0
5.0E-4 0
5.0E-4 0
5.0E-4 0
5.0E-4 0
5.0E-4 0
5.0E-4 0
5.0E-4 0
5.0E-4 0
5.0E-4 0
5.0E-4 0
5.0E-4 0
4.9E-4 0
4.9E-4 0
4.9E-4 0
4.9E-4 0
4.9E-4 0
4.9E-4 0
4.9E-4 0
4.9E-4 0
4.9E-4 0
4.9E-4 0
4.9E-4 0
4.9E-4 0
4.9E-4 0
4.9E-4 0
4.9E-4 0
4.9E-4 0
4.9E-4 0
4.9E-4 0
4.9E-4 0
4.9E-4 0
4.9E-4 0
4.9E-4 0
4.9E-4 0
4.9E-4 0
4.9E-4 0
4.9E-4 0
4.9E-4 0
4.9E-4 0
4.9E-4 0
4.9E-4 0
4.9E-4 0
4.9E-4 0
4.9E-4 0
4.9E-4 0
4.9E-4 0
4.8E-4 0
4.8E-4 0
4.8E-4 0
4.8E-4 0
4.8E-4 0
4.8E-4 0
4.8E-4 0
4.8E-4 0
4.8E-4 0
4.8E-4 0
4.8E-4 0
4.8E-4 0
4.8E-4 0
4.8E-4 0
4.8E-4 0
4.8E-4 0
4.8E-4 0
4.8E-4 0
4.8E-4 0
4.8E-4 0
4.8E-4 0
4.8E-4 0
4.8E-4 0
4.7E-4 0
4.7E-4 0
4.7E-4 0
4.7E-4 0
4.7E-4 0
4.7E-4 0
4.7E-4 0
4.7E-4 0
4.7E-4 0
4.7E-4 0
4.7E-4 0
4.7E-4 0
4.7E-4 0
4.7E-4 0
4.7E-4 0
4.7E-4 0
4.7E-4 0
4.7E-4 0
4.7E-4 0
4.7E-4 0
4.7E-4 0
4.7E-4 0
4.7E-4 0
4.7E-4 0
4.7E-4 0
4.7E-4 0
4.7E-4 0
4.7E-4 0
4.7E-4 0
4.7E-4 0
4.7E-4 0
4.7E-4 0
4.6E-4 0
4.6E-4 0
4.6E-4 0
4.6E-4 0
4.6E-4 0
4.6E-4 0
4.6E-4 0
4.6E-4 0
4.6E-4 0
4.6E-4 0
4.6E-4 0
4.6E-4 0
4.6E-4 0
4.6E-4 0
4.6E-4 0
4.6E-4 0
4.6E-4 0
4.6E-4 0
4.6E-4 0
4.6E-4 0
4.6E-4 0
4.6E-4 0
4.6E-4 0
4.6E-4 0
4.6E-4 0
4.6E-4 0
4.6E-4 0
4.6E-4 0
4.6E-4 0
4.6E-4 0
4.6E-4 1
4.5E-4 0
4.5E-4 0
4.5E-4 0
4.5E-4 0
4.5E-4 0
4.5E-4 0
4.5E-4 0
4.5E-4 0
4.5E-4 0
4.5E-4 0
4.5E-4 0
4.5E-4 0
4.5E-4 0
4.5E-4 0
4.5E-4 0
4.5E-4 0
4.5E-4 0
4.5E-4 0
4.5E-4 0
4.5E-4 0
4.5E-4 0
4.5E-4 0
4.5E-4 0
4.5E-4 0
4.5E-4 0
4.5E-4 0
4.5E-4 0
4.5E-4 0
4.5E-4 0
4.5E-4 0
4.5E-4 0
4.5E-4 0
4.5E-4 0
4.5E-4 0
4.5E-4 0
4.4E-4 0
4.4E-4 0
4.4E-4 0
4.4E-4 0
4.4E-4 0
4.4E-4 0
4.4E-4 0
4.4E-4 0
4.4E-4 0
4.4E-4 0
4.4E-4 0
4.4E-4 0
4.4E-4 0
4.4E-4 0
4.4E-4 0
4.4E-4 0
4.4E-4 0
4.4E-4 0
4.4E-4 0
4.4E-4 0
4.4E-4 0
4.4E-4 0
4.4E-4 0
4.4E-4 0
4.4E-4 0
4.4E-4 0
4.4E-4 0
4.4E-4 0
4.4E-4 0
4.4E-4 0
4.4E-4 0
4.4E-4 0
4.4E-4 0
4.4E-4 0
4.4E-4 0
4.4E-4 0
4.4E-4 0
4.4E-4 0
4.4E-4 0
4.4E-4 0
4.4E-4 0
4.4E-4 0
4.4E-4 0
4.4E-4 0
4.4E-4 0
4.3E-4 0
4.3E-4 0
4.3E-4 0
4.3E-4 0
4.3E-4 0
4.3E-4 0
4.3E-4 0
4.3E-4 0
4.3E-4 0
4.3E-4 0
4.3E-4 0
4.3E-4 0
4.3E-4 0
4.3E-4 0
4.3E-4 0
4.3E-4 0
4.3E-4 0
4.3E-4 0
4.3E-4 0
4.3E-4 0
4.3E-4 0
4.3E-4 0
4.3E-4 0
4.3E-4 0
4.3E-4 0
4.3E-4 0
4.3E-4 0
4.2E-4 0
4.2E-4 0
4.2E-4 0
4.2E-4 0
4.2E-4 0
4.2E-4 0
4.2E-4 0
4.2E-4 0
4.2E-4 0
4.2E-4 0
4.2E-4 0
4.2E-4 0
4.2E-4 0
4.2E-4 0
4.2E-4 0
4.2E-4 0
4.2E-4 0
4.2E-4 0
4.2E-4 0
4.2E-4 0
4.2E-4 0
4.2E-4 0
4.2E-4 0
4.2E-4 0
4.2E-4 0
4.2E-4 0
4.2E-4 0
4.2E-4 0
4.2E-4 0
4.2E-4 0
4.2E-4 0
4.2E-4 0
4.2E-4 0
4.2E-4 0
4.2E-4 0
4.2E-4 0
4.2E-4 0
4.2E-4 0
4.2E-4 0
4.2E-4 0
4.2E-4 0
4.2E-4 0
4.2E-4 0
4.2E-4 0
4.2E-4 0
4.2E-4 0
4.1E-4 0
4.1E-4 0
4.1E-4 0
4.1E-4 0
4.1E-4 0
4.1E-4 0
4.1E-4 0
4.1E-4 0
4.1E-4 0
4.1E-4 0
4.1E-4 0
4.1E-4 0
4.1E-4 0
4.1E-4 0
4.1E-4 0
4.1E-4 0
4.1E-4 0
4.1E-4 0
4.1E-4 0
4.1E-4 0
4.1E-4 0
4.1E-4 0
4.1E-4 0
4.1E-4 0
4.1E-4 0
4.1E-4 0
4.1E-4 0
4.1E-4 0
4.1E-4 0
4.1E-4 1
4.0E-4 0
4.0E-4 0
4.0E-4 0
4.0E-4 0
4.0E-4 0
4.0E-4 0
4.0E-4 0
4.0E-4 0
4.0E-4 0
4.0E-4 0
4.0E-4 0
4.0E-4 0
4.0E-4 0
4.0E-4 0
4.0E-4 0
4.0E-4 0
4.0E-4 0
4.0E-4 0
4.0E-4 0
4.0E-4 0
4.0E-4 0
4.0E-4 0
4.0E-4 0
4.0E-4 0
4.0E-4 0
4.0E-4 0
4.0E-4 0
4.0E-4 0
4.0E-4 0
4.0E-4 0
4.0E-4 0
4.0E-4 0
4.0E-4 0
4.0E-4 0
4.0E-4 0
4.0E-4 0
4.0E-4 0
4.0E-4 0
4.0E-4 0
4.0E-4 0
4.0E-4 0
4.0E-4 0
4.0E-4 0
3.9E-4 0
3.9E-4 0
3.9E-4 0
3.9E-4 0
3.9E-4 0
3.9E-4 0
3.9E-4 0
3.9E-4 0
3.9E-4 0
3.9E-4 0
3.9E-4 0
3.9E-4 0
3.9E-4 0
3.9E-4 0
3.9E-4 0
3.9E-4 0
3.9E-4 0
3.9E-4 0
3.9E-4 0
3.9E-4 0
3.9E-4 0
3.9E-4 0
3.9E-4 0
3.9E-4 0
3.9E-4 0
3.9E-4 0
3.9E-4 0
3.9E-4 0
3.9E-4 0
3.9E-4 0
3.9E-4 0
3.9E-4 0
3.8E-4 0
3.8E-4 0
3.8E-4 0
3.8E-4 0
3.8E-4 0
3.8E-4 0
3.8E-4 0
3.8E-4 0
3.8E-4 0
3.8E-4 0
3.8E-4 0
3.8E-4 0
3.8E-4 0
3.8E-4 0
3.8E-4 0
3.8E-4 0
3.8E-4 0
3.8E-4 0
3.8E-4 0
3.8E-4 0
3.8E-4 0
3.8E-4 0
3.8E-4 0
3.8E-4 0
3.8E-4 0
3.8E-4 0
3.8E-4 0
3.8E-4 0
3.8E-4 0
3.8E-4 0
3.8E-4 0
3.8E-4 0
3.8E-4 0
3.8E-4 0
3.8E-4 0
3.8E-4 0
3.8E-4 0
3.8E-4 0
3.7E-4 0
3.7E-4 0
3.7E-4 0
3.7E-4 0
3.7E-4 0
3.7E-4 0
3.7E-4 0
3.7E-4 0
3.7E-4 0
3.7E-4 0
3.7E-4 0
3.7E-4 0
3.7E-4 0
3.7E-4 0
3.7E-4 0
3.7E-4 0
3.7E-4 0
3.7E-4 0
3.7E-4 0
3.7E-4 0
3.7E-4 0
3.7E-4 0
3.7E-4 0
3.7E-4 0
3.7E-4 0
3.7E-4 0
3.7E-4 0
3.7E-4 0
3.7E-4 0
3.7E-4 0
3.7E-4 0
3.7E-4 0
3.7E-4 0
3.6E-4 0
3.6E-4 0
3.6E-4 0
3.6E-4 0
3.6E-4 0
3.6E-4 0
3.6E-4 0
3.6E-4 0
3.6E-4 0
3.6E-4 0
3.6E-4 0
3.6E-4 0
3.6E-4 0
3.6E-4 0
3.6E-4 0
3.6E-4 0
3.6E-4 0
3.6E-4 0
3.6E-4 0
3.6E-4 0
3.6E-4 0
3.6E-4 0
3.6E-4 0
3.6E-4 0
3.6E-4 0
3.6E-4 0
3.6E-4 0
3.6E-4 0
3.6E-4 0
3.6E-4 0
3.6E-4 0
3.6E-4 0
3.6E-4 0
3.6E-4 0
3.6E-4 0
3.6E-4 0
3.6E-4 0
3.6E-4 0
3.6E-4 0
3.6E-4 0
3.6E-4 0
3.6E-4 0
3.6E-4 0
3.6E-4 0
3.6E-4 0
3.6E-4 0
3.6E-4 0
3.5E-4 0
3.5E-4 0
3.5E-4 0
3.5E-4 0
3.5E-4 0
3.5E-4 0
3.5E-4 0
3.5E-4 0
3.5E-4 0
3.5E-4 0
3.5E-4 0
3.5E-4 0
3.5E-4 0
3.5E-4 0
3.5E-4 0
3.5E-4 0
3.5E-4 0
3.5E-4 0
3.5E-4 0
3.5E-4 0
3.5E-4 0
3.5E-4 0
3.5E-4 0
3.5E-4 0
3.5E-4 0
3.5E-4 0
3.5E-4 0
3.5E-4 0
3.5E-4 0
3.5E-4 0
3.5E-4 0
3.5E-4 0
3.5E-4 0
3.5E-4 0
3.5E-4 0
3.5E-4 0
3.5E-4 0
3.5E-4 0
3.5E-4 0
3.5E-4 0
3.5E-4 0
3.4E-4 0
3.4E-4 0
3.4E-4 0
3.4E-4 0
3.4E-4 0
3.4E-4 0
3.4E-4 0
3.4E-4 0
3.4E-4 0
3.4E-4 0
3.4E-4 0
3.4E-4 0
3.4E-4 0
3.4E-4 0
3.4E-4 0
3.4E-4 0
3.4E-4 0
3.4E-4 0
3.4E-4 0
3.4E-4 0
3.4E-4 0
3.4E-4 0
3.4E-4 0
3.4E-4 0
3.4E-4 0
3.4E-4 0
3.4E-4 0
3.4E-4 0
3.4E-4 0
3.4E-4 0
3.4E-4 0
3.4E-4 0
3.4E-4 0
3.4E-4 0
3.4E-4 0
3.4E-4 0
3.4E-4 0
3.4E-4 0
3.4E-4 0
3.4E-4 0
3.4E-4 0
3.4E-4 0
3.4E-4 0
3.4E-4 0
3.4E-4 0
3.4E-4 0
3.4E-4 0
3.4E-4 0
3.4E-4 0
3.4E-4 0
3.4E-4 0
3.4E-4 0
3.4E-4 0
3.4E-4 0
3.3E-4 0
3.3E-4 0
3.3E-4 0
3.3E-4 0
3.3E-4 0
3.3E-4 0
3.3E-4 0
3.3E-4 0
3.3E-4 0
3.3E-4 0
3.3E-4 0
3.3E-4 0
3.3E-4 0
3.3E-4 0
3.3E-4 0
3.3E-4 0
3.3E-4 0
3.3E-4 0
3.3E-4 0
3.3E-4 0
3.3E-4 0
3.3E-4 0
3.3E-4 0
3.3E-4 0
3.3E-4 0
3.3E-4 0
3.3E-4 0
3.3E-4 0
3.3E-4 0
3.3E-4 0
3.3E-4 0
3.3E-4 0
3.3E-4 0
3.2E-4 0
3.2E-4 0
3.2E-4 0
3.2E-4 0
3.2E-4 0
3.2E-4 0
3.2E-4 0
3.2E-4 0
3.2E-4 0
3.2E-4 0
3.2E-4 0
3.2E-4 0
3.2E-4 0
3.2E-4 0
3.2E-4 0
3.2E-4 0
3.2E-4 0
3.2E-4 0
3.2E-4 0
3.2E-4 0
3.2E-4 0
3.2E-4 0
3.2E-4 0
3.2E-4 0
3.2E-4 0
3.2E-4 0
3.2E-4 0
3.2E-4 0
3.2E-4 0
3.2E-4 0
3.2E-4 0
3.2E-4 0
3.2E-4 0
3.2E-4 0
3.2E-4 0
3.2E-4 0
3.2E-4 0
3.2E-4 0
3.1E-4 0
3.1E-4 0
3.1E-4 0
3.1E-4 0
3.1E-4 0
3.1E-4 0
3.1E-4 0
3.1E-4 0
3.1E-4 0
3.1E-4 0
3.1E-4 0
3.1E-4 0
3.1E-4 0
3.1E-4 0
3.1E-4 0
3.1E-4 0
3.1E-4 0
3.1E-4 0
3.1E-4 0
3.1E-4 0
3.1E-4 0
3.1E-4 0
3.1E-4 0
3.1E-4 0
3.1E-4 0
3.1E-4 0
3.1E-4 0
3.1E-4 0
3.1E-4 0
3.1E-4 0
3.1E-4 0
3.1E-4 0
3.1E-4 0
3.1E-4 0
3.1E-4 0
3.1E-4 0
3.1E-4 0
3.1E-4 0
3.1E-4 0
3.1E-4 0
3.1E-4 0
3.1E-4 0
3.1E-4 0
3.0E-4 0
3.0E-4 0
3.0E-4 0
3.0E-4 0
3.0E-4 0
3.0E-4 0
3.0E-4 0
3.0E-4 0
3.0E-4 0
3.0E-4 0
3.0E-4 0
3.0E-4 0
3.0E-4 0
3.0E-4 0
3.0E-4 0
3.0E-4 0
3.0E-4 0
3.0E-4 0
3.0E-4 0
3.0E-4 0
3.0E-4 0
3.0E-4 0
3.0E-4 0
3.0E-4 0
3.0E-4 0
3.0E-4 0
3.0E-4 0
3.0E-4 0
3.0E-4 0
3.0E-4 0
3.0E-4 0
3.0E-4 0
3.0E-4 0
3.0E-4 0
3.0E-4 0
3.0E-4 0
3.0E-4 0
3.0E-4 0
3.0E-4 0
3.0E-4 0
3.0E-4 0
3.0E-4 0
2.9E-4 0
2.9E-4 0
2.9E-4 0
2.9E-4 0
2.9E-4 0
2.9E-4 0
2.9E-4 0
2.9E-4 0
2.9E-4 0
2.9E-4 0
2.9E-4 0
2.9E-4 0
2.9E-4 0
2.9E-4 0
2.9E-4 0
2.9E-4 0
2.9E-4 0
2.9E-4 0
2.9E-4 0
2.9E-4 0
2.9E-4 0
2.9E-4 0
2.9E-4 0
2.9E-4 0
2.9E-4 0
2.9E-4 0
2.9E-4 0
2.9E-4 0
2.9E-4 0
2.9E-4 0
2.9E-4 0
2.9E-4 0
2.9E-4 0
2.9E-4 0
2.9E-4 0
2.8E-4 0
2.8E-4 0
2.8E-4 0
2.8E-4 0
2.8E-4 0
2.8E-4 0
2.8E-4 0
2.8E-4 0
2.8E-4 0
2.8E-4 0
2.8E-4 0
2.8E-4 0
2.8E-4 0
2.8E-4 0
2.8E-4 0
2.8E-4 0
2.8E-4 0
2.8E-4 0
2.8E-4 0
2.8E-4 0
2.8E-4 0
2.8E-4 0
2.8E-4 0
2.8E-4 0
2.8E-4 0
2.8E-4 0
2.8E-4 0
2.8E-4 0
2.8E-4 0
2.8E-4 0
2.8E-4 0
2.8E-4 0
2.8E-4 0
2.8E-4 0
2.8E-4 0
2.8E-4 0
2.8E-4 0
2.8E-4 0
2.8E-4 0
2.8E-4 0
2.8E-4 0
2.8E-4 0
2.8E-4 0
2.8E-4 0
2.8E-4 0
2.8E-4 0
2.8E-4 0
2.8E-4 0
2.8E-4 0
2.8E-4 0
2.8E-4 0
2.8E-4 0
2.7E-4 0
2.7E-4 0
2.7E-4 0
2.7E-4 0
2.7E-4 0
2.7E-4 0
2.7E-4 0
2.7E-4 0
2.7E-4 0
2.7E-4 0
2.7E-4 0
2.7E-4 0
2.7E-4 0
2.7E-4 0
2.7E-4 0
2.7E-4 0
2.7E-4 0
2.7E-4 0
2.7E-4 0
2.7E-4 0
2.7E-4 0
2.7E-4 0
2.7E-4 0
2.7E-4 0
2.7E-4 0
2.7E-4 0
2.7E-4 0
2.7E-4 0
2.7E-4 0
2.7E-4 0
2.7E-4 0
2.7E-4 0
2.7E-4 0
2.7E-4 0
2.7E-4 0
2.7E-4 0
2.7E-4 0
2.7E-4 0
2.7E-4 0
2.7E-4 0
2.7E-4 0
2.7E-4 0
2.7E-4 0
2.7E-4 0
2.7E-4 0
2.7E-4 0
2.7E-4 0
2.7E-4 0
2.7E-4 0
2.6E-4 0
2.6E-4 0
2.6E-4 0
2.6E-4 0
2.6E-4 0
2.6E-4 0
2.6E-4 0
2.6E-4 0
2.6E-4 0
2.6E-4 0
2.6E-4 0
2.6E-4 0
2.6E-4 0
2.6E-4 0
2.6E-4 0
2.6E-4 0
2.6E-4 0
2.6E-4 0
2.6E-4 0
2.6E-4 0
2.6E-4 0
2.6E-4 0
2.6E-4 0
2.6E-4 0
2.6E-4 0
2.6E-4 0
2.6E-4 0
2.6E-4 0
2.6E-4 0
2.6E-4 0
2.6E-4 0
2.6E-4 0
2.6E-4 0
2.6E-4 0
2.6E-4 0
2.6E-4 0
2.6E-4 0
2.6E-4 0
2.6E-4 0
2.6E-4 0
2.6E-4 0
2.6E-4 0
2.6E-4 0
2.6E-4 0
2.5E-4 0
2.5E-4 0
2.5E-4 0
2.5E-4 0
2.5E-4 0
2.5E-4 0
2.5E-4 0
2.5E-4 0
2.5E-4 0
2.5E-4 0
2.5E-4 0
2.5E-4 0
2.5E-4 0
2.5E-4 0
2.5E-4 0
2.5E-4 0
2.5E-4 0
2.5E-4 0
2.5E-4 0
2.5E-4 0
2.5E-4 0
2.5E-4 0
2.5E-4 0
2.5E-4 0
2.5E-4 0
2.5E-4 0
2.5E-4 0
2.5E-4 0
2.5E-4 0
2.5E-4 0
2.5E-4 0
2.5E-4 0
2.5E-4 0
2.5E-4 0
2.5E-4 0
2.5E-4 0
2.5E-4 0
2.5E-4 0
2.5E-4 0
2.5E-4 0
2.5E-4 0
2.5E-4 0
2.5E-4 0
2.5E-4 0
2.5E-4 0
2.5E-4 0
2.4E-4 0
2.4E-4 0
2.4E-4 0
2.4E-4 0
2.4E-4 0
2.4E-4 0
2.4E-4 0
2.4E-4 0
2.4E-4 0
2.4E-4 0
2.4E-4 0
2.4E-4 0
2.4E-4 0
2.4E-4 0
2.4E-4 0
2.4E-4 0
2.4E-4 0
2.4E-4 0
2.4E-4 0
2.4E-4 0
2.4E-4 0
2.4E-4 0
2.4E-4 0
2.4E-4 0
2.4E-4 0
2.4E-4 0
2.4E-4 0
2.4E-4 0
2.4E-4 0
2.4E-4 0
2.4E-4 0
2.4E-4 0
2.4E-4 0
2.4E-4 0
2.4E-4 0
2.4E-4 0
2.4E-4 0
2.4E-4 0
2.4E-4 0
2.4E-4 0
2.4E-4 0
2.4E-4 0
2.4E-4 0
2.4E-4 0
2.4E-4 0
2.4E-4 0
2.4E-4 0
2.4E-4 0
2.4E-4 0
2.4E-4 0
2.4E-4 0
2.4E-4 0
2.4E-4 0
2.4E-4 0
2.4E-4 0
2.3E-4 0
2.3E-4 0
2.3E-4 0
2.3E-4 0
2.3E-4 0
2.3E-4 0
2.3E-4 0
2.3E-4 0
2.3E-4 0
2.3E-4 0
2.3E-4 0
2.3E-4 0
2.3E-4 0
2.3E-4 0
2.3E-4 0
2.3E-4 0
2.3E-4 0
2.3E-4 0
2.3E-4 0
2.3E-4 0
2.3E-4 0
2.3E-4 0
2.3E-4 0
2.3E-4 0
2.3E-4 0
2.3E-4 0
2.3E-4 0
2.3E-4 0
2.3E-4 0
2.3E-4 0
2.3E-4 0
2.3E-4 0
2.3E-4 0
2.3E-4 0
2.3E-4 0
2.3E-4 0
2.3E-4 0
2.3E-4 0
2.3E-4 0
2.3E-4 0
2.3E-4 0
2.3E-4 0
2.3E-4 0
2.3E-4 0
2.3E-4 0
2.3E-4 0
2.3E-4 0
2.3E-4 0
2.3E-4 0
2.3E-4 0
2.3E-4 0
2.3E-4 0
2.3E-4 0
2.2E-4 0
2.2E-4 0
2.2E-4 0
2.2E-4 0
2.2E-4 0
2.2E-4 0
2.2E-4 0
2.2E-4 0
2.2E-4 0
2.2E-4 0
2.2E-4 0
2.2E-4 0
2.2E-4 0
2.2E-4 0
2.2E-4 0
2.2E-4 0
2.2E-4 0
2.2E-4 0
2.2E-4 0
2.2E-4 0
2.2E-4 0
2.2E-4 0
2.2E-4 0
2.2E-4 0
2.2E-4 0
2.2E-4 0
2.2E-4 0
2.2E-4 0
2.2E-4 0
2.2E-4 0
2.2E-4 0
2.2E-4 0
2.2E-4 0
2.2E-4 0
2.2E-4 0
2.2E-4 0
2.2E-4 0
2.2E-4 0
2.2E-4 0
2.2E-4 0
2.2E-4 0
2.1E-4 0
2.1E-4 0
2.1E-4 0
2.1E-4 0
2.1E-4 0
2.1E-4 0
2.1E-4 0
2.1E-4 0
2.1E-4 0
2.1E-4 0
2.1E-4 0
2.1E-4 0
2.1E-4 0
2.1E-4 0
2.1E-4 0
2.1E-4 0
2.1E-4 0
2.1E-4 0
2.1E-4 0
2.1E-4 0
2.1E-4 0
2.1E-4 0
2.1E-4 0
2.1E-4 0
2.1E-4 0
2.1E-4 0
2.1E-4 0
2.1E-4 0
2.1E-4 0
2.1E-4 0
2.1E-4 0
2.1E-4 0
2.1E-4 0
2.1E-4 0
2.1E-4 0
2.1E-4 0
2.1E-4 0
2.1E-4 0
2.1E-4 0
2.1E-4 0
2.1E-4 0
2.1E-4 0
2.1E-4 0
2.0E-4 0
2.0E-4 0
2.0E-4 0
2.0E-4 0
2.0E-4 0
2.0E-4 0
2.0E-4 0
2.0E-4 0
2.0E-4 0
2.0E-4 0
2.0E-4 0
2.0E-4 0
2.0E-4 0
2.0E-4 0
2.0E-4 0
2.0E-4 0
2.0E-4 0
2.0E-4 0
2.0E-4 0
2.0E-4 0
2.0E-4 0
2.0E-4 0
2.0E-4 0
2.0E-4 0
2.0E-4 0
2.0E-4 0
2.0E-4 0
2.0E-4 0
2.0E-4 0
2.0E-4 0
2.0E-4 0
2.0E-4 0
2.0E-4 0
2.0E-4 0
2.0E-4 0
2.0E-4 0
2.0E-4 0
2.0E-4 0
2.0E-4 0
2.0E-4 0
2.0E-4 0
2.0E-4 0
2.0E-4 0
2.0E-4 0
2.0E-4 0
2.0E-4 0
2.0E-4 0
2.0E-4 0
2.0E-4 0
2.0E-4 0
2.0E-4 0
2.0E-4 0
2.0E-4 0
2.0E-4 0
2.0E-4 0
2.0E-4 0
2.0E-4 0
2.0E-4 0
2.0E-4 0
2.0E-4 0
2.0E-4 0
2.0E-4 0
2.0E-4 0
1.9E-4 0
1.9E-4 0
1.9E-4 0
1.9E-4 0
1.9E-4 0
1.9E-4 0
1.9E-4 0
1.9E-4 0
1.9E-4 0
1.9E-4 0
1.9E-4 0
1.9E-4 0
1.9E-4 0
1.9E-4 0
1.9E-4 0
1.9E-4 0
1.9E-4 0
1.9E-4 0
1.9E-4 0
1.9E-4 0
1.9E-4 0
1.9E-4 0
1.9E-4 0
1.9E-4 0
1.9E-4 0
1.9E-4 0
1.9E-4 0
1.9E-4 0
1.9E-4 0
1.9E-4 0
1.9E-4 0
1.9E-4 0
1.9E-4 0
1.9E-4 0
1.9E-4 0
1.9E-4 0
1.9E-4 0
1.9E-4 0
1.9E-4 0
1.9E-4 0
1.9E-4 0
1.9E-4 0
1.9E-4 0
1.9E-4 0
1.9E-4 0
1.9E-4 0
1.9E-4 0
1.9E-4 0
1.9E-4 0
1.9E-4 0
1.9E-4 0
1.9E-4 0
1.9E-4 0
1.9E-4 0
1.9E-4 0
1.8E-4 0
1.8E-4 0
1.8E-4 0
1.8E-4 0
1.8E-4 0
1.8E-4 0
1.8E-4 0
1.8E-4 0
1.8E-4 0
1.8E-4 0
1.8E-4 0
1.8E-4 0
1.8E-4 0
1.8E-4 0
1.8E-4 0
1.8E-4 0
1.8E-4 0
1.8E-4 0
1.8E-4 0
1.8E-4 0
1.8E-4 0
1.8E-4 0
1.8E-4 0
1.8E-4 0
1.8E-4 0
1.8E-4 0
1.8E-4 0
1.8E-4 0
1.8E-4 0
1.8E-4 0
1.8E-4 0
1.8E-4 0
1.8E-4 0
1.8E-4 0
1.8E-4 0
1.8E-4 0
1.8E-4 0
1.8E-4 0
1.8E-4 0
1.8E-4 0
1.8E-4 0
1.8E-4 0
1.8E-4 0
1.8E-4 0
1.8E-4 0
1.8E-4 0
1.8E-4 0
1.8E-4 0
1.8E-4 0
1.8E-4 0
1.8E-4 0
1.8E-4 0
1.7E-4 0
1.7E-4 0
1.7E-4 0
1.7E-4 0
1.7E-4 0
1.7E-4 0
1.7E-4 0
1.7E-4 0
1.7E-4 0
1.7E-4 0
1.7E-4 0
1.7E-4 0
1.7E-4 0
1.7E-4 0
1.7E-4 0
1.7E-4 0
1.7E-4 0
1.7E-4 0
1.7E-4 0
1.7E-4 0
1.7E-4 0
1.7E-4 0
1.7E-4 0
1.7E-4 0
1.7E-4 0
1.7E-4 0
1.7E-4 0
1.7E-4 0
1.7E-4 0
1.7E-4 0
1.7E-4 0
1.7E-4 0
1.7E-4 0
1.7E-4 0
1.7E-4 0
1.7E-4 0
1.7E-4 0
1.7E-4 0
1.7E-4 0
1.7E-4 0
1.7E-4 0
1.7E-4 0
1.7E-4 0
1.7E-4 0
1.7E-4 0
1.7E-4 0
1.7E-4 0
1.7E-4 0
1.7E-4 0
1.7E-4 0
1.7E-4 0
1.7E-4 0
1.6E-4 0
1.6E-4 0
1.6E-4 0
1.6E-4 0
1.6E-4 0
1.6E-4 0
1.6E-4 0
1.6E-4 0
1.6E-4 0
1.6E-4 0
1.6E-4 0
1.6E-4 0
1.6E-4 0
1.6E-4 0
1.6E-4 0
1.6E-4 0
1.6E-4 0
1.6E-4 0
1.6E-4 0
1.6E-4 0
1.6E-4 0
1.6E-4 0
1.6E-4 0
1.6E-4 0
1.6E-4 0
1.6E-4 0
1.6E-4 0
1.6E-4 0
1.6E-4 0
1.6E-4 0
1.6E-4 0
1.6E-4 0
1.6E-4 0
1.6E-4 0
1.6E-4 0
1.6E-4 0
1.6E-4 0
1.6E-4 0
1.6E-4 0
1.6E-4 0
1.6E-4 0
1.6E-4 0
1.6E-4 0
1.6E-4 0
1.6E-4 0
1.6E-4 0
1.6E-4 0
1.6E-4 0
1.6E-4 0
1.6E-4 0
1.6E-4 0
1.6E-4 0
1.6E-4 0
1.6E-4 0
1.5E-4 0
1.5E-4 0
1.5E-4 0
1.5E-4 0
1.5E-4 0
1.5E-4 0
1.5E-4 0
1.5E-4 0
1.5E-4 0
1.5E-4 0
1.5E-4 0
1.5E-4 0
1.5E-4 0
1.5E-4 0
1.5E-4 0
1.5E-4 0
1.5E-4 0
1.5E-4 0
1.5E-4 0
1.5E-4 0
1.5E-4 0
1.5E-4 0
1.5E-4 0
1.5E-4 0
1.5E-4 0
1.5E-4 0
1.5E-4 0
1.5E-4 0
1.5E-4 0
1.5E-4 0
1.5E-4 0
1.5E-4 0
1.5E-4 0
1.5E-4 0
1.5E-4 0
1.5E-4 0
1.5E-4 0
1.5E-4 0
1.5E-4 0
1.5E-4 0
1.5E-4 0
1.5E-4 0
1.5E-4 0
1.5E-4 0
1.5E-4 0
1.5E-4 0
1.5E-4 0
1.5E-4 0
1.5E-4 0
1.5E-4 0
1.5E-4 0
1.5E-4 0
1.5E-4 0
1.5E-4 0
1.5E-4 0
1.5E-4 0
1.5E-4 0
1.5E-4 0
1.4E-4 0
1.4E-4 0
1.4E-4 0
1.4E-4 0
1.4E-4 0
1.4E-4 0
1.4E-4 0
1.4E-4 0
1.4E-4 0
1.4E-4 0
1.4E-4 0
1.4E-4 0
1.4E-4 0
1.4E-4 0
1.4E-4 0
1.4E-4 0
1.4E-4 0
1.4E-4 0
1.4E-4 0
1.4E-4 0
1.4E-4 0
1.4E-4 0
1.4E-4 0
1.4E-4 0
1.4E-4 0
1.4E-4 0
1.4E-4 0
1.4E-4 0
1.4E-4 0
1.4E-4 0
1.4E-4 0
1.4E-4 0
1.4E-4 0
1.4E-4 0
1.4E-4 0
1.4E-4 0
1.4E-4 0
1.4E-4 0
1.4E-4 0
1.4E-4 0
1.4E-4 0
1.4E-4 0
1.4E-4 0
1.4E-4 0
1.4E-4 0
1.4E-4 0
1.4E-4 0
1.4E-4 0
1.4E-4 0
1.4E-4 0
1.4E-4 0
1.4E-4 0
1.4E-4 0
1.3E-4 0
1.3E-4 0
1.3E-4 0
1.3E-4 0
1.3E-4 0
1.3E-4 0
1.3E-4 0
1.3E-4 0
1.3E-4 0
1.3E-4 0
1.3E-4 0
1.3E-4 0
1.3E-4 0
1.3E-4 0
1.3E-4 0
1.3E-4 0
1.3E-4 0
1.3E-4 0
1.3E-4 0
1.3E-4 0
1.3E-4 0
1.3E-4 0
1.3E-4 0
1.3E-4 0
1.3E-4 0
1.3E-4 0
1.3E-4 0
1.3E-4 0
1.3E-4 0
1.3E-4 0
1.3E-4 0
1.3E-4 0
1.3E-4 0
1.3E-4 0
1.3E-4 0
1.3E-4 0
1.3E-4 0
1.3E-4 0
1.3E-4 0
1.3E-4 0
1.3E-4 0
1.3E-4 0
1.3E-4 0
1.3E-4 0
1.3E-4 0
1.3E-4 0
1.3E-4 0
1.3E-4 0
1.3E-4 0
1.3E-4 0
1.3E-4 0
1.3E-4 0
1.3E-4 0
1.2E-4 0
1.2E-4 0
1.2E-4 0
1.2E-4 0
1.2E-4 0
1.2E-4 0
1.2E-4 0
1.2E-4 0
1.2E-4 0
1.2E-4 0
1.2E-4 0
1.2E-4 0
1.2E-4 0
1.2E-4 0
1.2E-4 0
1.2E-4 0
1.2E-4 0
1.2E-4 0
1.2E-4 0
1.2E-4 0
1.2E-4 0
1.2E-4 0
1.2E-4 0
1.2E-4 0
1.2E-4 0
1.2E-4 0
1.2E-4 0
1.2E-4 0
1.2E-4 0
1.2E-4 0
1.2E-4 0
1.2E-4 0
1.2E-4 0
1.2E-4 0
1.2E-4 0
1.2E-4 0
1.2E-4 0
1.2E-4 0
1.2E-4 0
1.2E-4 0
1.2E-4 0
1.2E-4 0
1.2E-4 0
1.2E-4 0
1.2E-4 0
1.2E-4 0
1.2E-4 0
1.2E-4 0
1.2E-4 0
1.2E-4 0
1.2E-4 0
1.2E-4 0
1.2E-4 0
1.2E-4 0
1.2E-4 0
1.2E-4 0
1.1E-4 0
1.1E-4 0
1.1E-4 0
1.1E-4 0
1.1E-4 0
1.1E-4 0
1.1E-4 0
1.1E-4 0
1.1E-4 0
1.1E-4 0
1.1E-4 0
1.1E-4 0
1.1E-4 0
1.1E-4 0
1.1E-4 0
1.1E-4 0
1.1E-4 0
1.1E-4 0
1.1E-4 0
1.1E-4 0
1.1E-4 0
1.1E-4 0
1.1E-4 0
1.1E-4 0
1.1E-4 0
1.1E-4 0
1.1E-4 0
1.1E-4 0
1.1E-4 0
1.1E-4 0
1.1E-4 0
1.1E-4 0
1.1E-4 0
1.1E-4 0
1.1E-4 0
1.1E-4 0
1.1E-4 0
1.1E-4 0
1.1E-4 0
1.1E-4 0
1.1E-4 0
1.1E-4 0
1.1E-4 0
1.1E-4 0
1.1E-4 0
1.1E-4 0
1.1E-4 0
1.1E-4 0
1.1E-4 0
1.1E-4 0
1.1E-4 0
1.1E-4 0
1.1E-4 0
1.1E-4 0
1.0E-4 0
1.0E-4 0
1.0E-4 0
1.0E-4 0
1.0E-4 0
1.0E-4 0
1.0E-4 0
1.0E-4 0
1.0E-4 0
1.0E-4 0
1.0E-4 0
1.0E-4 0
1.0E-4 0
1.0E-4 0
1.0E-4 0
1.0E-4 0
1.0E-4 0
1.0E-4 0
1.0E-4 0
1.0E-4 0
1.0E-4 0
1.0E-4 0
1.0E-4 0
1.0E-4 0
1.0E-4 0
1.0E-4 0
1.0E-4 0
1.0E-4 0
1.0E-4 0
1.0E-4 0
1.0E-4 0
1.0E-4 0
1.0E-4 0
1.0E-4 0
1.0E-4 0
1.0E-4 0
1.0E-4 0
1.0E-4 0
1.0E-4 0
1.0E-4 0
1.0E-4 0
1.0E-4 0
1.0E-4 0
1.0E-4 0
1.0E-4 0
1.0E-4 0
1.0E-4 0
1.0E-4 0
1.0E-4 0
1.0E-4 0
1.0E-4 0
1.0E-4 0
1.0E-4 0
1.0E-4 0
1.0E-4 0
1.0E-4 0
9.0E-5 0
9.0E-5 0
9.0E-5 0
9.0E-5 0
9.0E-5 0
9.0E-5 0
9.0E-5 0
9.0E-5 0
9.0E-5 0
9.0E-5 0
9.0E-5 0
9.0E-5 0
9.0E-5 0
9.0E-5 0
9.0E-5 0
9.0E-5 0
9.0E-5 0
9.0E-5 0
9.0E-5 0
9.0E-5 0
9.0E-5 0
9.0E-5 0
9.0E-5 0
9.0E-5 0
9.0E-5 0
9.0E-5 0
9.0E-5 0
9.0E-5 0
9.0E-5 0
9.0E-5 0
9.0E-5 0
9.0E-5 0
9.0E-5 0
9.0E-5 0
9.0E-5 0
9.0E-5 0
9.0E-5 0
9.0E-5 0
9.0E-5 0
9.0E-5 0
9.0E-5 0
9.0E-5 0
8.0E-5 0
8.0E-5 0
8.0E-5 0
8.0E-5 0
8.0E-5 0
8.0E-5 0
8.0E-5 0
8.0E-5 0
8.0E-5 0
8.0E-5 0
8.0E-5 0
8.0E-5 0
8.0E-5 0
8.0E-5 0
8.0E-5 0
8.0E-5 0
8.0E-5 0
8.0E-5 0
8.0E-5 0
8.0E-5 0
8.0E-5 0
8.0E-5 0
8.0E-5 0
8.0E-5 0
8.0E-5 0
8.0E-5 0
8.0E-5 0
8.0E-5 0
8.0E-5 0
8.0E-5 0
8.0E-5 0
8.0E-5 0
8.0E-5 0
8.0E-5 0
8.0E-5 0
8.0E-5 0
8.0E-5 0
8.0E-5 0
8.0E-5 0
8.0E-5 0
8.0E-5 0
8.0E-5 0
8.0E-5 0
8.0E-5 0
7.0E-5 0
7.0E-5 0
7.0E-5 0
7.0E-5 0
7.0E-5 0
7.0E-5 0
7.0E-5 0
7.0E-5 0
7.0E-5 0
7.0E-5 0
7.0E-5 0
7.0E-5 0
7.0E-5 0
7.0E-5 0
7.0E-5 0
7.0E-5 0
7.0E-5 0
7.0E-5 0
7.0E-5 0
7.0E-5 0
7.0E-5 0
7.0E-5 0
7.0E-5 0
7.0E-5 0
7.0E-5 0
7.0E-5 0
7.0E-5 0
7.0E-5 0
7.0E-5 0
7.0E-5 0
7.0E-5 0
7.0E-5 0
7.0E-5 0
7.0E-5 0
7.0E-5 0
7.0E-5 0
7.0E-5 0
7.0E-5 0
7.0E-5 0
7.0E-5 0
7.0E-5 0
7.0E-5 0
6.0E-5 0
6.0E-5 0
6.0E-5 0
6.0E-5 0
6.0E-5 0
6.0E-5 0
6.0E-5 0
6.0E-5 0
6.0E-5 0
6.0E-5 0
6.0E-5 0
6.0E-5 0
6.0E-5 0
6.0E-5 0
6.0E-5 0
6.0E-5 0
6.0E-5 0
6.0E-5 0
6.0E-5 0
6.0E-5 0
6.0E-5 0
6.0E-5 0
6.0E-5 0
6.0E-5 0
6.0E-5 0
6.0E-5 0
6.0E-5 0
6.0E-5 0
6.0E-5 0
6.0E-5 0
6.0E-5 0
6.0E-5 0
6.0E-5 0
6.0E-5 0
6.0E-5 0
6.0E-5 0
6.0E-5 0
6.0E-5 0
6.0E-5 0
6.0E-5 0
6.0E-5 0
6.0E-5 0
6.0E-5 0
6.0E-5 0
6.0E-5 0
6.0E-5 0
6.0E-5 0
6.0E-5 0
5.0E-5 0
5.0E-5 0
5.0E-5 0
5.0E-5 0
5.0E-5 0
5.0E-5 0
5.0E-5 0
5.0E-5 0
5.0E-5 0
5.0E-5 0
5.0E-5 0
5.0E-5 0
5.0E-5 0
5.0E-5 0
5.0E-5 0
5.0E-5 0
5.0E-5 0
5.0E-5 0
5.0E-5 0
5.0E-5 0
5.0E-5 0
5.0E-5 0
5.0E-5 0
5.0E-5 0
5.0E-5 0
5.0E-5 0
5.0E-5 0
5.0E-5 0
5.0E-5 0
5.0E-5 0
5.0E-5 0
5.0E-5 0
4.0E-5 0
4.0E-5 0
4.0E-5 0
4.0E-5 0
4.0E-5 0
4.0E-5 0
4.0E-5 0
4.0E-5 0
4.0E-5 0
4.0E-5 0
4.0E-5 0
4.0E-5 0
4.0E-5 0
4.0E-5 0
4.0E-5 0
4.0E-5 0
4.0E-5 0
4.0E-5 0
4.0E-5 0
4.0E-5 0
4.0E-5 0
4.0E-5 0
4.0E-5 0
4.0E-5 0
3.0E-5 0
3.0E-5 0
3.0E-5 0
3.0E-5 0
3.0E-5 0
3.0E-5 0
3.0E-5 0
3.0E-5 0
3.0E-5 0
3.0E-5 0
3.0E-5 0
3.0E-5 0
3.0E-5 0
3.0E-5 0
3.0E-5 0
3.0E-5 0
3.0E-5 0
3.0E-5 0
3.0E-5 0
3.0E-5 0
2.0E-5 0
2.0E-5 0
2.0E-5 0
2.0E-5 0
2.0E-5 0
2.0E-5 0
2.0E-5 0
2.0E-5 0
1.0E-5 0
1.0E-5 0
1.0E-5 0
--- Writing PR file metaPSICOV.txt.pr ---
--- Writing standardized PR file metaPSICOV.txt.spr ---
--- Writing ROC file metaPSICOV.txt.roc ---
Area Under the Curve for Precision - Recall is 0.5039558255732594
Area Under the Curve for ROC is 0.9156830348856521
