0.90026 1
0.9002 1
0.89654 1
0.88365 1
0.88137 1
0.86356 0
0.86118 1
0.84578 1
0.84504 0
0.83079 1
0.80952 1
0.79991 1
0.77263 1
0.73355 1
0.73281 1
0.73243 1
0.72933 0
0.72104 1
0.70581 1
0.68334 1
0.67264 1
0.66285 1
0.66179 1
0.6421 1
0.59578 1
0.56798 1
0.56102 1
0.55069 0
0.54608 1
0.52362 1
0.51774 1
0.51476 1
0.51345 1
0.46004 0
0.45565 0
0.45331 1
0.45285 1
0.45014 1
0.4311 1
0.42907 1
0.42634 1
0.41672 0
0.41416 1
0.41125 1
0.41109 0
0.41086 1
0.38761 1
0.38253 1
0.36118 0
0.357 1
0.34904 0
0.34325 1
0.34299 1
0.34065 1
0.33798 0
0.32912 1
0.31889 1
0.31443 1
0.30444 1
0.30388 0
0.29468 0
0.29276 1
0.28963 1
0.2842 0
0.28256 0
0.28159 1
0.27483 0
0.274 0
0.27033 1
0.26819 1
0.26578 1
0.2646 0
0.25959 0
0.25907 0
0.25174 0
0.24755 1
0.24204 0
0.24012 1
0.23653 0
0.23567 0
0.23046 1
0.23026 0
0.22972 1
0.22775 0
0.22744 1
0.22176 1
0.22087 0
0.22068 0
0.2197 0
0.21938 0
0.21818 0
0.21802 0
0.21435 0
0.21002 0
0.20975 0
0.20832 0
0.20803 1
0.20719 0
0.20595 0
0.20221 0
0.20202 0
0.20179 0
0.20116 0
0.20112 0
0.19993 0
0.19894 0
0.19875 0
0.19834 0
0.19504 0
0.19485 0
0.19427 1
0.19365 0
0.19057 1
0.19005 0
0.18862 1
0.18819 1
0.18745 0
0.18646 1
0.18564 1
0.18313 0
0.18216 0
0.17964 0
0.17946 1
0.1788 0
0.17796 1
0.176 0
0.1707 0
0.17039 0
0.16995 1
0.16991 0
0.16858 0
0.16622 0
0.16563 1
0.16439 1
0.16433 0
0.16399 0
0.1636 0
0.16302 0
0.16271 0
0.16128 1
0.16088 0
0.16076 0
0.16008 0
0.15654 0
0.15603 1
0.15576 0
0.15555 0
0.15528 0
0.15509 1
0.15351 0
0.15336 0
0.1531 0
0.15273 0
0.15255 0
0.15224 0
0.15186 0
0.15154 0
0.15152 0
0.15139 0
0.15126 0
0.15108 0
0.15076 0
0.1504 1
0.15035 1
0.14907 0
0.14885 1
0.14869 0
0.14825 0
0.14752 0
0.14678 0
0.14665 0
0.1465 0
0.1456 0
0.14516 0
0.14374 0
0.14355 0
0.14286 0
0.14245 0
0.14217 0
0.14206 0
0.14191 0
0.14182 0
0.14132 0
0.14112 0
0.14096 0
0.14019 0
0.14012 0
0.13978 0
0.13911 0
0.13894 0
0.13834 0
0.13832 0
0.13779 1
0.13737 0
0.1368 0
0.13679 0
0.1367 0
0.13653 0
0.1362 0
0.1361 0
0.13577 0
0.13561 0
0.13522 1
0.1352 0
0.13498 0
0.13472 0
0.1341 1
0.13387 0
0.13378 1
0.13288 0
0.13287 1
0.13271 0
0.13212 0
0.13167 0
0.13162 0
0.1316 0
0.13112 1
0.13079 0
0.13074 0
0.13037 0
0.13017 0
0.13001 0
0.12986 0
0.12941 0
0.12926 0
0.12894 0
0.12832 0
0.12823 0
0.12819 0
0.12798 1
0.12771 1
0.12769 0
0.12747 0
0.12743 0
0.12739 0
0.12712 1
0.12709 1
0.12695 0
0.12678 0
0.12657 0
0.1263 0
0.12626 0
0.12589 0
0.12579 0
0.1256 0
0.1253 0
0.12519 0
0.12513 0
0.12501 0
0.12498 0
0.12457 0
0.12417 0
0.12411 0
0.12409 1
0.12406 0
0.1238 0
0.12378 1
0.1237 1
0.12347 0
0.12335 0
0.1233 1
0.12306 0
0.12296 0
0.12289 0
0.12284 0
0.12269 0
0.1225 0
0.122 0
0.12199 0
0.12187 0
0.12187 1
0.12185 0
0.12174 0
0.12158 0
0.1212 0
0.12115 0
0.12096 1
0.1207 0
0.12057 0
0.12034 0
0.12024 0
0.12018 0
0.12016 0
0.12004 0
0.1196 0
0.11952 0
0.11948 0
0.11938 0
0.11923 0
0.1191 0
0.11877 0
0.11839 0
0.11809 0
0.1179 0
0.11753 0
0.1175 0
0.11736 0
0.1172 0
0.11711 0
0.11693 1
0.11691 0
0.11591 0
0.11574 0
0.11557 0
0.11525 1
0.1149 0
0.11475 0
0.11447 0
0.11411 0
0.11406 0
0.11396 0
0.11393 0
0.11387 0
0.11372 0
0.11352 1
0.11348 0
0.11342 0
0.11329 0
0.11328 0
0.11311 0
0.11305 0
0.11302 0
0.11268 1
0.11261 0
0.11256 0
0.11227 0
0.11227 0
0.1116 0
0.11145 0
0.1112 0
0.11118 0
0.11115 0
0.11104 0
0.11082 0
0.11082 0
0.1108 0
0.11076 0
0.11069 1
0.11066 0
0.1105 0
0.11028 0
0.10989 0
0.10979 0
0.10963 0
0.10938 0
0.10927 0
0.10905 0
0.10903 0
0.10893 0
0.10882 0
0.10882 0
0.10867 0
0.1086 0
0.10827 0
0.1082 0
0.10819 0
0.10813 0
0.10798 0
0.10795 1
0.10792 0
0.10769 0
0.10768 0
0.10759 0
0.10757 0
0.10752 0
0.1075 0
0.10722 0
0.10711 0
0.10693 0
0.1069 0
0.10676 0
0.10675 1
0.1066 0
0.10657 0
0.10651 0
0.10637 0
0.10637 0
0.1063 0
0.10626 0
0.10608 0
0.10604 0
0.10598 0
0.10593 0
0.10591 0
0.10567 0
0.10563 0
0.10557 0
0.1054 0
0.10524 0
0.10514 0
0.10511 0
0.10509 0
0.10502 0
0.10487 0
0.10477 0
0.10464 0
0.10456 0
0.10444 0
0.10436 0
0.10408 0
0.10403 0
0.10401 0
0.10384 1
0.10378 0
0.10378 0
0.10365 0
0.10364 0
0.10363 0
0.10346 0
0.10327 0
0.1032 0
0.10317 0
0.10316 0
0.10316 0
0.10312 0
0.10305 0
0.10304 0
0.10297 0
0.10286 0
0.10286 0
0.10283 0
0.10269 0
0.10268 0
0.10267 0
0.10264 0
0.10255 0
0.10255 0
0.10244 0
0.10236 0
0.1023 0
0.10225 0
0.10221 1
0.10209 0
0.10205 0
0.10191 0
0.10184 0
0.10175 0
0.10153 0
0.10149 0
0.10148 0
0.10144 0
0.1014 0
0.10139 0
0.10135 0
0.10125 0
0.10096 0
0.10092 1
0.10074 0
0.10057 0
0.10028 0
0.1002 0
0.10018 0
0.10002 0
0.09997 1
0.09984 0
0.09984 0
0.09978 0
0.09961 0
0.0994 0
0.09938 0
0.09928 0
0.09927 1
0.09926 0
0.09918 0
0.09908 0
0.09905 0
0.09901 0
0.09901 0
0.09891 0
0.09879 0
0.09874 0
0.09859 1
0.09854 0
0.09854 0
0.09848 0
0.09843 0
0.09835 0
0.09829 0
0.09828 0
0.09808 0
0.09794 0
0.09791 0
0.09787 0
0.0978 0
0.0977 0
0.09753 0
0.09735 0
0.09728 0
0.09721 0
0.09721 1
0.09715 0
0.09713 0
0.09713 0
0.09712 0
0.097 0
0.09693 0
0.09685 0
0.09683 0
0.09681 0
0.0966 0
0.09652 0
0.09652 0
0.09651 0
0.0964 0
0.09638 0
0.09633 0
0.09627 0
0.09589 0
0.09577 0
0.09574 0
0.09571 0
0.09565 0
0.09559 0
0.09555 0
0.09553 0
0.09547 0
0.0953 0
0.0953 0
0.09528 0
0.09526 0
0.09515 0
0.0947 0
0.09468 0
0.09454 0
0.09444 0
0.09442 0
0.09434 0
0.09433 0
0.09431 0
0.0943 0
0.09428 0
0.09423 0
0.09421 0
0.09412 0
0.09406 0
0.09401 1
0.09388 0
0.09386 0
0.09378 0
0.09374 0
0.09373 0
0.09367 0
0.09361 0
0.09358 0
0.09351 0
0.09336 0
0.09333 0
0.09333 1
0.09331 0
0.09321 0
0.09321 0
0.09309 0
0.09301 0
0.09288 0
0.09285 0
0.09284 0
0.09275 0
0.0927 0
0.09264 0
0.09261 0
0.0926 0
0.09247 0
0.09231 0
0.09229 0
0.09228 0
0.0922 0
0.09213 0
0.09211 0
0.09211 1
0.09196 0
0.09194 0
0.09193 0
0.09193 0
0.09171 0
0.0917 0
0.09161 0
0.09154 0
0.0915 0
0.0915 0
0.09143 0
0.09143 0
0.0914 0
0.09134 0
0.09133 0
0.0913 0
0.09129 0
0.09126 0
0.09124 0
0.09124 0
0.09087 0
0.09083 0
0.0908 0
0.09076 0
0.09075 0
0.09072 0
0.0907 0
0.09066 0
0.09066 0
0.0906 0
0.09059 0
0.09059 0
0.09058 0
0.09056 0
0.09043 0
0.09039 0
0.09037 0
0.09032 0
0.09017 0
0.09011 0
0.09009 0
0.09007 0
0.08999 0
0.08998 0
0.08974 0
0.08969 0
0.08967 0
0.08955 1
0.08934 0
0.08933 0
0.08928 0
0.08927 0
0.08925 0
0.08924 0
0.08916 0
0.08907 0
0.08905 0
0.08901 0
0.08895 0
0.08891 0
0.0888 0
0.08878 0
0.08873 0
0.08865 0
0.08858 0
0.08846 0
0.08843 0
0.08843 0
0.08841 0
0.0884 0
0.08836 0
0.08836 1
0.08828 0
0.08814 0
0.08807 0
0.08798 0
0.08791 0
0.08785 0
0.08776 1
0.08774 1
0.08771 0
0.08762 0
0.0875 0
0.08742 0
0.08733 0
0.08729 0
0.08725 0
0.08715 0
0.08712 0
0.08705 0
0.08696 0
0.08656 0
0.08653 0
0.08651 0
0.0865 0
0.08639 0
0.08638 0
0.08637 0
0.08636 0
0.08635 0
0.08633 0
0.08632 0
0.0862 0
0.08618 0
0.08611 0
0.0861 0
0.08607 0
0.08603 0
0.08593 1
0.08589 0
0.08585 0
0.08582 0
0.08576 0
0.0857 0
0.08567 0
0.08567 0
0.08565 0
0.08538 0
0.08533 0
0.08519 0
0.08507 0
0.08507 0
0.08499 0
0.08493 0
0.08481 0
0.08476 0
0.0847 0
0.0847 0
0.08469 0
0.08468 0
0.08468 0
0.08463 0
0.08456 0
0.08454 0
0.08447 0
0.08445 0
0.08443 0
0.08437 0
0.08435 0
0.08433 0
0.08433 0
0.08427 0
0.08423 0
0.08419 0
0.08414 0
0.08414 0
0.08409 0
0.08407 0
0.08405 0
0.08404 0
0.08395 0
0.08394 0
0.08381 0
0.08379 0
0.08379 0
0.08374 0
0.08374 0
0.08362 0
0.08361 0
0.08353 0
0.08351 0
0.0835 0
0.08349 0
0.08342 0
0.08336 0
0.08336 0
0.08335 0
0.08334 0
0.08321 0
0.08321 0
0.0832 0
0.08316 0
0.08309 0
0.08308 0
0.08305 0
0.08305 0
0.08303 0
0.08299 0
0.08297 0
0.08289 0
0.08278 0
0.08272 0
0.08271 0
0.08269 0
0.08267 0
0.08267 0
0.08252 0
0.08251 0
0.08249 0
0.08237 0
0.08231 0
0.0823 0
0.08226 0
0.08226 0
0.08221 0
0.08215 0
0.08212 0
0.08209 0
0.08205 1
0.08201 0
0.08199 0
0.08196 0
0.08166 0
0.08159 0
0.08157 0
0.08155 0
0.08153 0
0.08151 0
0.08151 0
0.0814 0
0.08137 0
0.08137 0
0.08132 0
0.08129 0
0.08126 0
0.08125 0
0.08124 0
0.08108 0
0.08104 0
0.08103 0
0.08102 0
0.08099 0
0.08098 0
0.08096 0
0.08092 0
0.08091 0
0.08083 0
0.08078 0
0.08078 0
0.08077 0
0.08077 0
0.08077 0
0.08076 1
0.08073 0
0.0807 0
0.08064 0
0.08063 0
0.08062 0
0.08062 0
0.08047 1
0.08045 0
0.08043 0
0.08037 0
0.08031 0
0.08031 1
0.08027 0
0.08021 0
0.08021 0
0.0802 0
0.08019 0
0.08015 0
0.08012 0
0.08005 0
0.08004 0
0.07999 0
0.07998 0
0.07991 0
0.07986 0
0.07983 0
0.07976 0
0.07976 0
0.07975 0
0.07963 0
0.07955 0
0.07955 0
0.07953 0
0.07951 0
0.07949 0
0.07949 0
0.07945 0
0.07945 0
0.07943 0
0.07937 0
0.07927 0
0.07926 0
0.07902 0
0.07895 0
0.0789 0
0.07883 0
0.07883 0
0.07881 0
0.07881 0
0.07877 0
0.07875 0
0.07875 0
0.07875 0
0.07874 0
0.07872 0
0.07872 1
0.07871 0
0.07871 0
0.07868 0
0.07863 0
0.0786 0
0.0786 0
0.0786 0
0.07859 0
0.07855 0
0.07847 0
0.07847 0
0.07843 0
0.0784 0
0.07837 0
0.07837 0
0.07836 0
0.07835 0
0.0783 0
0.07828 0
0.07825 0
0.0782 0
0.07817 0
0.07814 0
0.0781 0
0.07809 0
0.07797 0
0.07796 0
0.07796 0
0.07794 0
0.07793 1
0.07792 0
0.07792 0
0.07791 0
0.07791 0
0.07784 0
0.07783 0
0.07779 0
0.07776 0
0.07772 0
0.07766 0
0.07761 0
0.07759 0
0.07759 1
0.07756 0
0.07752 0
0.07751 0
0.07747 0
0.07736 0
0.07734 0
0.07728 0
0.07727 0
0.07726 0
0.07726 0
0.07724 1
0.07722 0
0.07721 1
0.0772 0
0.07719 0
0.07705 0
0.077 0
0.07698 0
0.07697 0
0.07693 0
0.07683 0
0.07677 0
0.07676 0
0.07676 0
0.07667 0
0.07657 0
0.07657 0
0.07652 0
0.07647 1
0.07644 0
0.07643 0
0.0764 0
0.07637 0
0.07637 0
0.07636 0
0.07636 0
0.07634 1
0.07633 0
0.07633 0
0.07632 0
0.07627 0
0.07626 0
0.07621 0
0.0762 0
0.07619 0
0.07618 0
0.07616 0
0.07616 1
0.07608 0
0.07607 0
0.07605 0
0.07601 0
0.07599 0
0.07594 0
0.07591 0
0.07579 0
0.07579 0
0.07578 0
0.07576 0
0.07575 0
0.07573 0
0.07568 0
0.07567 0
0.07565 0
0.07556 0
0.07552 0
0.07549 0
0.07549 0
0.07547 0
0.07545 0
0.07544 0
0.07537 0
0.07534 0
0.07534 0
0.07531 0
0.07522 0
0.0752 0
0.07519 0
0.07516 0
0.07512 0
0.07498 0
0.07498 0
0.07494 0
0.07493 0
0.07492 0
0.07489 0
0.07487 0
0.07487 0
0.07487 0
0.07485 0
0.07484 0
0.07483 0
0.07471 0
0.07471 0
0.07471 0
0.07471 0
0.0747 0
0.07469 0
0.07461 0
0.07457 0
0.07456 0
0.07447 0
0.07445 0
0.07444 0
0.07443 0
0.07442 0
0.07442 1
0.07438 0
0.07438 0
0.07436 0
0.07436 0
0.07434 0
0.0743 0
0.07429 0
0.07428 0
0.07428 0
0.07423 0
0.07417 0
0.07416 0
0.07415 0
0.07414 0
0.07409 0
0.07408 0
0.07408 0
0.07408 0
0.07407 0
0.07394 0
0.07391 0
0.07389 0
0.07386 0
0.07381 0
0.0738 0
0.07379 0
0.07372 0
0.07371 0
0.07365 0
0.0736 0
0.07358 0
0.07357 0
0.07355 0
0.07353 0
0.07352 0
0.07349 0
0.07342 0
0.07342 0
0.07342 0
0.07341 0
0.07338 0
0.07338 0
0.07336 0
0.07331 0
0.07331 0
0.07329 0
0.07328 0
0.07328 0
0.07324 0
0.07321 0
0.07319 0
0.07315 0
0.07311 0
0.07308 0
0.07305 0
0.07303 0
0.07303 0
0.07299 1
0.07297 0
0.07296 0
0.07295 0
0.07294 0
0.07293 0
0.07291 0
0.0729 0
0.07289 0
0.07286 0
0.07284 0
0.07278 0
0.07275 0
0.07275 0
0.07273 0
0.07272 0
0.0727 0
0.07266 0
0.07265 0
0.07262 0
0.07262 0
0.07262 0
0.0726 0
0.07258 0
0.07257 0
0.07251 0
0.07247 0
0.07247 0
0.07243 0
0.07243 1
0.07243 1
0.07242 0
0.07238 0
0.07237 0
0.07236 0
0.07223 0
0.07221 0
0.07218 0
0.07215 0
0.07214 0
0.07213 0
0.0721 0
0.07207 0
0.07207 0
0.07204 0
0.072 0
0.072 0
0.07198 0
0.07197 0
0.07196 0
0.07191 0
0.07184 0
0.07179 0
0.07175 0
0.07175 0
0.07172 0
0.07171 0
0.0717 0
0.0717 0
0.07168 0
0.0716 0
0.07154 1
0.07153 0
0.07149 0
0.07147 0
0.07142 0
0.07142 0
0.07141 0
0.07132 0
0.0713 0
0.07128 0
0.07126 0
0.07125 0
0.0712 0
0.07119 0
0.07112 0
0.07108 0
0.07107 0
0.07107 0
0.07106 0
0.07104 0
0.07103 0
0.07102 0
0.07095 0
0.07095 0
0.07093 0
0.07092 0
0.07092 0
0.07087 0
0.07072 0
0.07068 0
0.07066 0
0.07066 0
0.07065 0
0.07064 0
0.07063 0
0.07063 0
0.0706 0
0.07059 0
0.07056 0
0.07055 0
0.07053 0
0.07051 0
0.07048 0
0.07046 0
0.07046 0
0.07045 0
0.07045 0
0.07038 0
0.07038 0
0.07036 0
0.07036 0
0.07034 0
0.07028 0
0.07028 0
0.07022 0
0.07017 0
0.07015 0
0.07013 0
0.07012 0
0.07006 0
0.07002 0
0.07001 0
0.07001 1
0.06999 0
0.06998 0
0.06998 0
0.06996 0
0.06995 0
0.06995 0
0.06995 0
0.06994 0
0.06992 0
0.06991 0
0.06989 0
0.06987 1
0.06986 0
0.06984 0
0.06984 0
0.06983 0
0.06981 0
0.06977 0
0.06976 0
0.06973 0
0.06968 0
0.06966 0
0.06965 0
0.06964 0
0.06962 0
0.06961 0
0.06959 0
0.06959 0
0.06958 0
0.06957 0
0.06955 0
0.06953 0
0.06953 0
0.06952 0
0.06948 0
0.06947 0
0.06946 0
0.0694 0
0.06937 0
0.06933 0
0.0693 0
0.0693 0
0.06929 0
0.06927 0
0.06925 0
0.06925 0
0.06925 0
0.06924 0
0.06922 0
0.06921 0
0.0692 0
0.06915 0
0.06914 0
0.06913 0
0.0691 0
0.0691 0
0.06909 0
0.06903 0
0.06899 0
0.06894 0
0.06892 0
0.06892 0
0.06892 0
0.0689 0
0.06889 0
0.06889 0
0.06889 0
0.06886 0
0.06884 0
0.0688 0
0.06878 0
0.06878 1
0.06877 0
0.06876 0
0.06876 0
0.06872 0
0.0687 0
0.06869 0
0.06864 0
0.06862 0
0.06861 0
0.06859 0
0.06857 0
0.06854 0
0.06853 0
0.06853 0
0.06852 0
0.06849 0
0.06848 0
0.06842 0
0.0684 0
0.06836 0
0.06832 0
0.06831 0
0.06831 0
0.0683 0
0.06829 0
0.06829 0
0.06828 0
0.06826 0
0.06823 0
0.06822 0
0.06822 0
0.06822 1
0.0682 0
0.06819 0
0.06818 0
0.06817 0
0.06816 0
0.06815 0
0.0681 0
0.06809 0
0.06807 0
0.06803 0
0.06797 0
0.06795 0
0.06791 0
0.06789 0
0.06786 0
0.06782 0
0.0678 0
0.06779 0
0.06777 0
0.06775 0
0.06774 0
0.06774 0
0.06774 0
0.06773 0
0.06772 0
0.06771 0
0.06765 0
0.06765 0
0.06763 0
0.06763 0
0.06762 0
0.06761 0
0.06761 0
0.0676 0
0.06757 0
0.06756 0
0.06754 0
0.06753 0
0.06749 0
0.06746 0
0.06744 0
0.0674 0
0.0674 0
0.06735 0
0.06734 0
0.06733 0
0.0673 0
0.06726 0
0.06725 0
0.06725 0
0.06722 0
0.06722 0
0.0672 0
0.06719 0
0.06718 0
0.06718 0
0.06717 0
0.06717 0
0.06708 0
0.06706 0
0.06705 0
0.06704 0
0.06704 0
0.067 0
0.06696 0
0.06696 0
0.06694 0
0.06693 0
0.06693 0
0.06691 0
0.06688 0
0.06686 0
0.06684 0
0.06681 0
0.06678 0
0.06678 0
0.06675 0
0.06672 0
0.06671 0
0.06671 0
0.0667 0
0.06669 0
0.06666 0
0.06665 0
0.06663 0
0.06663 0
0.06663 0
0.06661 0
0.0666 0
0.0666 0
0.06658 0
0.06657 0
0.06657 0
0.06656 0
0.06656 0
0.06652 0
0.06652 0
0.06652 0
0.0665 0
0.06647 0
0.06646 0
0.06642 0
0.06641 0
0.06641 0
0.06641 0
0.06639 0
0.06637 0
0.06634 0
0.06632 1
0.06631 0
0.06629 0
0.06629 0
0.06623 0
0.06615 0
0.06613 0
0.06607 0
0.06605 0
0.06604 0
0.06604 0
0.06602 0
0.06589 0
0.06582 0
0.06582 0
0.06581 0
0.0658 0
0.06574 0
0.06571 0
0.06569 0
0.06568 0
0.06562 0
0.06562 0
0.06561 0
0.06557 0
0.06556 0
0.06552 0
0.06552 0
0.06551 0
0.06551 0
0.0655 1
0.06547 0
0.06546 0
0.06545 0
0.06543 0
0.06543 0
0.06541 0
0.06541 0
0.0654 0
0.06539 0
0.06538 0
0.06532 0
0.06532 0
0.06532 0
0.0653 0
0.06528 0
0.06528 0
0.06527 0
0.06526 0
0.06524 0
0.0652 0
0.06519 0
0.06519 0
0.06519 0
0.06518 0
0.06517 0
0.06517 0
0.06516 0
0.06516 0
0.06515 0
0.06515 0
0.06512 0
0.06511 0
0.06509 0
0.06508 0
0.06507 0
0.06506 0
0.06504 0
0.06499 0
0.06499 0
0.06497 0
0.06497 0
0.06495 0
0.06493 0
0.06493 0
0.06491 0
0.06488 0
0.06487 0
0.06486 0
0.06485 0
0.06485 0
0.06484 0
0.06483 0
0.0648 0
0.06479 0
0.06473 0
0.06472 0
0.06467 0
0.06466 0
0.06464 0
0.06462 0
0.06461 0
0.06457 0
0.06456 0
0.06449 0
0.06448 0
0.06447 0
0.06446 0
0.06445 0
0.06445 0
0.06445 0
0.06444 0
0.06444 0
0.06442 0
0.06442 0
0.06438 0
0.06436 0
0.06436 0
0.06435 0
0.06434 0
0.06433 0
0.06432 0
0.06431 0
0.06431 0
0.0643 0
0.06424 0
0.06419 0
0.06419 0
0.06416 0
0.06415 0
0.06413 0
0.0641 0
0.06409 0
0.06408 0
0.06408 0
0.06406 0
0.06406 0
0.06406 0
0.06405 0
0.06404 0
0.064 0
0.06399 0
0.06395 0
0.06393 0
0.06392 0
0.06391 0
0.06387 0
0.06387 0
0.06384 0
0.06384 0
0.0638 0
0.0638 0
0.06379 0
0.06379 0
0.06377 0
0.06373 0
0.06373 0
0.06371 0
0.06371 0
0.0637 0
0.06369 0
0.06366 0
0.06366 0
0.06365 0
0.06363 0
0.0636 0
0.06358 0
0.06353 0
0.06353 0
0.06353 0
0.06348 0
0.06346 0
0.06345 0
0.0634 0
0.06338 0
0.06335 0
0.06334 0
0.06332 0
0.0633 0
0.0633 0
0.06325 0
0.06324 0
0.06324 0
0.06318 0
0.06316 0
0.06316 0
0.06315 0
0.06313 0
0.06311 0
0.06309 0
0.06308 0
0.06306 0
0.06306 0
0.06305 0
0.06303 0
0.06302 0
0.06302 0
0.06301 0
0.06299 0
0.06297 0
0.06297 0
0.06296 0
0.06295 0
0.06295 0
0.06292 0
0.06291 0
0.0629 0
0.0629 0
0.06287 0
0.06287 0
0.06285 0
0.06281 0
0.06277 0
0.06277 0
0.06277 0
0.06276 0
0.06274 0
0.06273 0
0.06272 0
0.06272 0
0.06272 1
0.06269 0
0.06268 0
0.06268 0
0.06267 0
0.06265 0
0.06264 0
0.06262 0
0.06258 0
0.06257 0
0.06257 0
0.06255 0
0.06253 0
0.06252 0
0.0625 0
0.0625 0
0.06249 0
0.06248 0
0.06245 0
0.06244 0
0.06243 0
0.06242 0
0.0624 0
0.06238 0
0.06238 0
0.06236 0
0.06235 0
0.06235 0
0.06233 0
0.06233 0
0.06228 0
0.06227 0
0.06225 0
0.06225 0
0.06222 0
0.06221 0
0.06219 0
0.06217 0
0.06217 0
0.06215 0
0.06215 0
0.06212 0
0.06209 0
0.06208 0
0.06207 0
0.06205 0
0.06204 0
0.062 0
0.06193 0
0.06192 0
0.06192 0
0.06187 0
0.06185 0
0.06183 0
0.06182 0
0.06182 0
0.06181 0
0.06179 0
0.06179 0
0.06177 0
0.06173 0
0.06173 0
0.06172 0
0.06172 0
0.06171 0
0.06171 1
0.0617 0
0.0617 0
0.06167 0
0.06166 0
0.06165 0
0.06165 0
0.06165 0
0.06164 0
0.0616 0
0.0616 0
0.06159 0
0.06158 0
0.06157 0
0.06156 0
0.06156 0
0.06153 1
0.06152 0
0.0615 1
0.06148 0
0.06147 0
0.06146 0
0.06145 0
0.06144 0
0.06144 0
0.06143 0
0.06142 0
0.06139 0
0.06136 0
0.06136 0
0.06135 0
0.06134 0
0.0613 0
0.0613 0
0.06129 0
0.06126 0
0.06123 0
0.06122 0
0.06121 0
0.06121 0
0.0612 0
0.0612 0
0.06119 0
0.06118 0
0.06118 0
0.06117 0
0.06117 0
0.06117 0
0.06116 0
0.06115 0
0.06114 0
0.06111 0
0.06109 0
0.06109 0
0.06109 0
0.06108 0
0.06107 0
0.06107 0
0.06107 0
0.06106 1
0.06101 0
0.061 0
0.06099 0
0.06088 0
0.06087 0
0.06087 0
0.06085 0
0.06085 0
0.06085 0
0.06081 0
0.0608 0
0.0608 0
0.06077 1
0.06076 0
0.06072 0
0.06072 0
0.06071 0
0.06069 0
0.06067 0
0.06063 0
0.0606 0
0.0606 0
0.06058 0
0.06057 0
0.06057 0
0.06056 0
0.06055 0
0.06053 0
0.06053 0
0.06053 0
0.06052 0
0.06049 0
0.06049 0
0.06048 0
0.06047 0
0.06047 0
0.06046 0
0.06045 0
0.06043 0
0.06041 0
0.06041 0
0.06038 0
0.06034 0
0.06033 0
0.06032 0
0.0603 1
0.06029 0
0.06029 0
0.06023 0
0.06022 0
0.06022 0
0.06021 0
0.0602 0
0.0602 0
0.06016 0
0.06016 0
0.06015 0
0.06015 0
0.0601 0
0.0601 0
0.06009 0
0.06009 0
0.06005 0
0.06004 0
0.06004 0
0.06003 0
0.06002 0
0.06 0
0.05998 0
0.05997 0
0.05996 0
0.05994 0
0.05989 0
0.05989 1
0.05988 0
0.05986 0
0.05985 1
0.05984 0
0.05983 0
0.05982 0
0.05981 0
0.05977 0
0.05977 1
0.05976 0
0.05975 0
0.05973 0
0.05973 0
0.05971 0
0.05971 0
0.05969 0
0.05969 0
0.05968 0
0.05967 0
0.05967 0
0.05966 1
0.05964 0
0.05964 0
0.05963 0
0.05961 0
0.05956 0
0.05956 0
0.05955 0
0.05955 0
0.05954 0
0.05953 0
0.05952 0
0.05952 0
0.05949 0
0.05944 0
0.05944 0
0.05944 0
0.05942 0
0.05941 0
0.05941 0
0.05941 0
0.0594 0
0.05939 0
0.05939 0
0.05938 0
0.05938 0
0.05936 0
0.05935 0
0.05934 0
0.05933 0
0.05933 0
0.05932 0
0.05928 0
0.05924 0
0.05922 0
0.05919 0
0.05919 0
0.05919 0
0.05917 0
0.05916 0
0.05915 0
0.05915 0
0.05914 0
0.05913 0
0.05911 0
0.05911 0
0.0591 0
0.05907 0
0.05906 0
0.05901 0
0.05901 0
0.059 0
0.059 0
0.05899 0
0.05899 0
0.05899 0
0.05899 0
0.05896 0
0.05896 0
0.05895 0
0.05892 0
0.05891 0
0.05891 0
0.05891 0
0.05888 0
0.05886 0
0.05886 0
0.05885 0
0.05883 0
0.05883 0
0.05883 0
0.05882 0
0.05881 0
0.05881 0
0.05881 1
0.05879 0
0.05876 0
0.05876 0
0.05875 0
0.05874 0
0.05872 0
0.0587 0
0.05868 0
0.05867 0
0.05865 0
0.05865 0
0.05863 0
0.05863 0
0.05863 0
0.05861 0
0.0586 0
0.0586 0
0.05859 0
0.05858 0
0.05858 0
0.05856 0
0.05856 0
0.05855 0
0.05854 0
0.05852 0
0.05851 0
0.0585 0
0.0585 0
0.05849 0
0.05849 0
0.05848 0
0.05848 0
0.05845 0
0.05844 0
0.05842 0
0.05842 0
0.05842 0
0.05842 0
0.05841 0
0.05837 1
0.05836 0
0.05835 0
0.05835 0
0.05834 0
0.05832 0
0.05832 0
0.05831 0
0.05829 0
0.05827 0
0.05827 0
0.05824 0
0.05823 0
0.05823 0
0.0582 0
0.05819 0
0.05818 0
0.05818 0
0.05816 0
0.05816 0
0.05814 0
0.05813 0
0.05812 0
0.05811 0
0.0581 0
0.05809 0
0.05804 0
0.05804 0
0.05801 0
0.05801 0
0.058 0
0.05799 0
0.05795 0
0.05792 0
0.05791 0
0.05788 0
0.05788 0
0.05787 0
0.05786 0
0.05785 0
0.05785 0
0.05782 0
0.05782 1
0.05781 0
0.05781 0
0.0578 0
0.05777 0
0.05775 0
0.05774 0
0.05774 1
0.05773 0
0.05773 0
0.05773 0
0.05773 0
0.05772 0
0.05772 0
0.05772 0
0.0577 0
0.0577 0
0.0577 0
0.0577 0
0.0577 0
0.05769 0
0.05767 0
0.05766 0
0.05765 0
0.05764 0
0.05763 0
0.05761 0
0.05758 0
0.05758 0
0.05757 0
0.05757 0
0.05757 0
0.05752 0
0.05751 0
0.05748 0
0.05747 0
0.05746 0
0.05745 0
0.05744 0
0.05744 0
0.05744 0
0.05743 0
0.05741 0
0.0574 0
0.0574 0
0.05738 0
0.05738 0
0.05738 0
0.05734 0
0.05729 0
0.05728 0
0.05726 0
0.05725 0
0.05725 0
0.05724 0
0.05724 0
0.05722 0
0.05722 0
0.05722 0
0.0572 0
0.0572 0
0.0572 0
0.0572 0
0.05719 0
0.05719 0
0.05718 0
0.05718 0
0.05716 0
0.05716 0
0.05714 0
0.05714 0
0.05709 0
0.05708 0
0.05708 0
0.05706 0
0.05705 0
0.05705 0
0.05704 0
0.05704 0
0.05703 0
0.05702 0
0.057 0
0.05699 0
0.05699 0
0.05698 0
0.05698 0
0.05695 0
0.05695 0
0.05695 0
0.05695 0
0.05694 0
0.05693 0
0.05693 0
0.05691 0
0.05689 0
0.05688 0
0.05687 0
0.05686 0
0.05686 0
0.05686 0
0.05686 0
0.05686 0
0.05683 0
0.05683 0
0.05683 0
0.05679 0
0.05679 0
0.05677 0
0.05676 0
0.05676 0
0.05676 0
0.05674 0
0.05674 0
0.05672 0
0.05672 0
0.05671 0
0.05671 0
0.0567 0
0.0567 0
0.05669 0
0.05668 0
0.05667 0
0.05665 0
0.05664 0
0.05664 0
0.05663 0
0.05663 0
0.05662 0
0.05661 0
0.05661 0
0.0566 0
0.05659 0
0.05658 0
0.05658 0
0.05656 0
0.05655 0
0.05655 0
0.05655 0
0.05654 0
0.05654 0
0.05654 0
0.05654 0
0.05653 0
0.05652 0
0.05651 0
0.0565 0
0.0565 0
0.05648 0
0.05648 0
0.05648 0
0.05646 0
0.05644 0
0.05644 1
0.05643 0
0.05643 0
0.05643 0
0.05642 0
0.05642 0
0.0564 0
0.0564 0
0.05638 0
0.05638 0
0.05636 0
0.05636 0
0.05636 0
0.05636 0
0.05635 0
0.05634 0
0.05634 0
0.05633 0
0.05631 0
0.05628 0
0.05628 0
0.05628 0
0.05627 0
0.05627 0
0.05627 0
0.05622 0
0.05621 0
0.05619 0
0.05619 0
0.05618 0
0.05618 0
0.05617 0
0.05614 0
0.05613 1
0.05612 0
0.05612 0
0.05612 0
0.05611 0
0.0561 0
0.0561 0
0.05604 0
0.05604 0
0.05603 0
0.05602 0
0.056 0
0.056 0
0.056 0
0.05599 0
0.05599 1
0.05598 0
0.05598 0
0.05596 0
0.05595 0
0.05595 0
0.05594 0
0.05593 0
0.05593 0
0.05593 0
0.05592 0
0.05592 0
0.05592 0
0.0559 0
0.0559 0
0.0559 0
0.05589 0
0.05589 0
0.05588 0
0.05588 0
0.05587 0
0.05586 0
0.05585 0
0.05584 0
0.05583 0
0.05583 0
0.05582 0
0.05582 0
0.05582 0
0.05582 0
0.05579 0
0.05577 0
0.05576 0
0.05575 0
0.05575 0
0.05573 0
0.05572 0
0.05571 0
0.05571 0
0.0557 0
0.05569 0
0.05567 0
0.05567 0
0.05567 0
0.05566 0
0.05565 0
0.05562 0
0.0556 0
0.0556 0
0.05559 1
0.05558 0
0.05557 0
0.05556 0
0.05554 0
0.05553 0
0.05553 0
0.05553 0
0.05552 0
0.05551 0
0.05549 0
0.05547 0
0.05546 0
0.05545 0
0.05544 0
0.05543 0
0.05542 0
0.05542 1
0.05541 0
0.05538 0
0.05538 0
0.05537 0
0.05537 0
0.05536 0
0.05534 0
0.05534 0
0.05533 0
0.05531 0
0.05531 0
0.0553 0
0.05529 0
0.05528 0
0.05528 0
0.05528 0
0.05527 0
0.05527 0
0.05526 0
0.05524 0
0.05523 0
0.05523 0
0.05522 0
0.05521 0
0.05521 0
0.05519 0
0.05519 0
0.05518 1
0.05515 0
0.05515 0
0.05514 0
0.05513 0
0.05513 0
0.05512 0
0.05512 0
0.05512 0
0.05512 1
0.05511 0
0.05511 0
0.05511 0
0.0551 0
0.05509 0
0.05509 0
0.05506 0
0.05506 1
0.05505 0
0.05504 0
0.05504 0
0.05504 0
0.05503 0
0.05503 0
0.05501 0
0.05499 0
0.05499 0
0.05499 0
0.05496 0
0.05495 0
0.05493 0
0.05493 0
0.05492 0
0.05491 0
0.0549 0
0.05489 0
0.05489 0
0.05488 0
0.05485 0
0.05484 0
0.05484 0
0.05483 0
0.05482 0
0.05481 0
0.0548 0
0.05479 0
0.05479 0
0.05478 0
0.05477 0
0.05477 0
0.05476 0
0.05476 0
0.05474 0
0.05473 0
0.05473 0
0.05473 0
0.05472 0
0.05471 0
0.05469 0
0.05469 0
0.05469 0
0.05468 0
0.05468 0
0.05468 0
0.05467 0
0.05467 0
0.05467 0
0.05465 0
0.05465 0
0.05463 0
0.05463 0
0.05463 0
0.05459 0
0.05457 0
0.05457 0
0.05457 0
0.05457 0
0.05456 0
0.05455 0
0.05455 0
0.05454 0
0.05452 0
0.05451 0
0.0545 0
0.05449 0
0.05449 0
0.05449 0
0.05448 0
0.05448 0
0.05446 0
0.05446 0
0.05446 0
0.05444 0
0.05444 0
0.05443 0
0.05441 0
0.05441 0
0.0544 0
0.0544 0
0.05439 0
0.05438 0
0.05438 0
0.05437 0
0.05436 0
0.05436 0
0.05436 0
0.05435 0
0.05433 0
0.05433 0
0.05433 0
0.05433 0
0.05432 0
0.05432 0
0.05432 0
0.05431 0
0.0543 0
0.0543 0
0.05429 0
0.05428 0
0.05427 0
0.05425 0
0.05425 0
0.05425 0
0.05424 0
0.05423 0
0.05422 0
0.05422 0
0.05422 0
0.05421 0
0.0542 0
0.0542 0
0.05418 0
0.05416 0
0.05416 0
0.05416 0
0.05416 0
0.05415 0
0.05414 0
0.05414 0
0.05412 0
0.05411 0
0.0541 0
0.0541 0
0.05409 0
0.05405 0
0.05404 0
0.05403 0
0.05402 0
0.05402 0
0.05402 0
0.05397 0
0.05396 0
0.05393 0
0.05391 0
0.05391 0
0.0539 0
0.0539 0
0.05388 0
0.05388 0
0.05385 0
0.05383 0
0.05382 0
0.05381 0
0.05379 0
0.05379 0
0.05378 0
0.05376 0
0.05375 0
0.05373 0
0.05373 0
0.05372 0
0.05372 0
0.05371 0
0.0537 0
0.0537 0
0.05369 0
0.05369 0
0.05369 0
0.05369 0
0.05369 0
0.05366 0
0.05366 0
0.05365 0
0.05364 0
0.05364 0
0.05364 0
0.05362 0
0.0536 0
0.0536 0
0.0536 0
0.05359 0
0.05357 0
0.05357 0
0.05357 0
0.05357 0
0.05356 0
0.05354 0
0.05353 0
0.05353 0
0.05353 0
0.05352 0
0.05352 0
0.05352 0
0.05351 0
0.05351 0
0.05349 0
0.05348 0
0.05348 0
0.05345 0
0.05345 0
0.05344 0
0.05341 0
0.0534 0
0.0534 0
0.05339 0
0.05338 0
0.05338 0
0.05336 0
0.05334 0
0.05334 0
0.05333 0
0.0533 0
0.0533 0
0.05329 0
0.05329 0
0.05328 0
0.05328 0
0.05327 0
0.05327 0
0.05325 0
0.05324 0
0.05324 0
0.05323 0
0.05322 0
0.05319 0
0.05319 0
0.05318 0
0.05317 0
0.05317 0
0.05316 0
0.05314 0
0.05314 0
0.05314 0
0.05313 0
0.05311 0
0.05311 0
0.0531 0
0.05309 0
0.05309 0
0.05309 0
0.05305 0
0.05305 0
0.05305 0
0.05304 0
0.05303 1
0.05302 0
0.05301 0
0.05301 0
0.053 0
0.053 0
0.053 0
0.053 1
0.05299 0
0.05299 0
0.05299 0
0.05297 0
0.05296 0
0.05296 0
0.05296 0
0.05295 0
0.05295 0
0.05294 0
0.05294 0
0.05294 0
0.05292 0
0.05292 0
0.05292 0
0.05291 0
0.05289 0
0.05289 0
0.05289 0
0.05288 0
0.05287 0
0.05287 0
0.05286 0
0.05284 0
0.05284 0
0.05283 0
0.05283 0
0.05282 0
0.05282 0
0.05282 0
0.05281 0
0.05281 0
0.05281 0
0.05281 0
0.0528 0
0.0528 0
0.05279 0
0.05278 0
0.05278 1
0.05277 0
0.05275 0
0.05275 1
0.05274 0
0.05274 0
0.05274 0
0.05273 0
0.05272 0
0.05271 0
0.05271 0
0.0527 0
0.0527 0
0.0527 1
0.05267 0
0.05266 0
0.05265 0
0.05264 0
0.05264 0
0.05263 0
0.05262 0
0.05262 0
0.0526 0
0.0526 0
0.05259 0
0.05259 0
0.05258 0
0.05258 0
0.05258 0
0.05257 0
0.05257 0
0.05254 0
0.05254 0
0.05253 0
0.05253 0
0.05252 0
0.0525 0
0.05249 0
0.05248 0
0.05248 0
0.05248 0
0.05247 0
0.05244 0
0.05244 0
0.05243 0
0.05243 0
0.05243 0
0.05242 0
0.05242 0
0.0524 0
0.0524 0
0.0524 0
0.05239 0
0.05239 0
0.05238 0
0.05238 0
0.05238 0
0.05237 0
0.05235 0
0.05234 0
0.05233 0
0.05233 0
0.05233 0
0.05233 0
0.05232 0
0.05231 0
0.05231 0
0.0523 0
0.05229 0
0.05228 0
0.05228 0
0.05228 0
0.05226 0
0.05226 0
0.05225 0
0.05224 0
0.05223 0
0.05223 0
0.05223 0
0.05223 0
0.05222 0
0.05222 0
0.05222 0
0.05221 0
0.05221 0
0.05218 0
0.05217 0
0.05216 0
0.05215 0
0.05215 0
0.05215 0
0.05214 0
0.05214 0
0.05214 0
0.05213 0
0.0521 0
0.05209 0
0.05209 0
0.05209 0
0.05208 0
0.05207 0
0.05206 0
0.05206 0
0.05205 0
0.05205 0
0.05203 0
0.05202 0
0.05202 0
0.05202 0
0.05201 0
0.05201 0
0.05201 0
0.05201 0
0.05199 0
0.05198 0
0.05198 0
0.05197 0
0.05196 0
0.05195 0
0.05195 0
0.05194 0
0.05194 0
0.05194 0
0.05194 0
0.05193 0
0.05193 0
0.05192 0
0.05192 0
0.05192 0
0.05191 0
0.0519 0
0.05189 0
0.05189 0
0.05189 0
0.05188 0
0.05188 0
0.05183 0
0.05183 0
0.05183 0
0.05183 0
0.05181 0
0.0518 0
0.05178 0
0.05177 0
0.05177 0
0.05177 0
0.05176 0
0.05174 0
0.05173 0
0.05173 0
0.05173 0
0.05173 0
0.05171 0
0.0517 0
0.05169 0
0.05168 0
0.05167 0
0.05165 0
0.05165 0
0.05165 0
0.05164 0
0.05164 0
0.05161 0
0.05161 0
0.05158 0
0.05156 0
0.05156 0
0.05154 0
0.05153 0
0.05153 0
0.05153 0
0.05151 0
0.05151 0
0.05149 0
0.05149 0
0.05148 0
0.05148 0
0.05148 0
0.05145 0
0.05145 0
0.05145 0
0.05144 0
0.05144 0
0.05143 0
0.05142 0
0.05142 0
0.0514 0
0.05138 0
0.05137 0
0.05137 0
0.05136 0
0.05135 0
0.05135 0
0.05135 0
0.05134 0
0.05133 0
0.05133 0
0.05132 0
0.05131 0
0.0513 0
0.0513 0
0.0513 0
0.0513 0
0.0513 0
0.0513 0
0.05127 0
0.05125 0
0.05125 0
0.05123 0
0.05123 0
0.05121 0
0.05119 0
0.05119 0
0.05119 0
0.05118 0
0.05118 0
0.05117 0
0.05117 0
0.05116 0
0.05115 0
0.05115 0
0.05115 0
0.05113 0
0.05113 0
0.0511 0
0.0511 0
0.05109 0
0.05107 0
0.05106 0
0.05106 0
0.05105 0
0.05104 0
0.05103 0
0.05103 0
0.05102 0
0.05102 0
0.051 0
0.051 0
0.05098 0
0.05097 0
0.05097 0
0.05097 0
0.05096 0
0.05095 0
0.05094 0
0.05094 0
0.05093 0
0.05093 0
0.05092 0
0.05092 0
0.05091 0
0.05091 0
0.05091 0
0.0509 0
0.0509 0
0.0509 0
0.05089 0
0.05089 0
0.05086 0
0.05086 0
0.05085 0
0.05084 0
0.05084 0
0.05083 0
0.05083 0
0.05083 0
0.05082 0
0.05081 0
0.05081 0
0.05081 0
0.0508 0
0.0508 0
0.0508 0
0.05079 0
0.05079 0
0.05079 0
0.05079 0
0.05078 0
0.05078 0
0.05077 0
0.05074 0
0.05074 0
0.05074 0
0.0507 0
0.0507 0
0.0507 0
0.0507 0
0.0507 0
0.05069 0
0.05068 0
0.05068 0
0.05066 0
0.05066 0
0.05065 0
0.05065 0
0.05065 0
0.05065 0
0.05064 0
0.05063 0
0.05062 0
0.05061 0
0.05061 0
0.05061 0
0.0506 0
0.0506 0
0.0506 0
0.0506 0
0.05059 0
0.05059 0
0.05058 0
0.05058 0
0.05057 0
0.05057 0
0.05055 0
0.05054 0
0.05052 0
0.05052 0
0.05052 0
0.05052 0
0.05051 0
0.0505 0
0.05049 0
0.05049 0
0.05049 0
0.05048 0
0.05047 0
0.05047 0
0.05045 0
0.05045 0
0.05044 0
0.05044 0
0.05044 1
0.05042 0
0.05041 0
0.05041 0
0.0504 0
0.0504 0
0.05039 0
0.05039 0
0.05038 0
0.05038 0
0.05038 0
0.05038 0
0.05038 0
0.05038 1
0.05036 0
0.05035 0
0.05034 0
0.05033 0
0.05032 0
0.05031 0
0.05031 0
0.05031 0
0.05031 0
0.0503 0
0.0503 0
0.05029 0
0.05029 0
0.05024 0
0.05023 0
0.05023 0
0.05021 0
0.05021 0
0.0502 0
0.0502 0
0.05019 0
0.05018 0
0.05017 0
0.05017 0
0.05016 0
0.05016 0
0.05016 0
0.05016 0
0.05015 0
0.05015 0
0.05015 0
0.05015 0
0.05014 0
0.05012 0
0.05012 0
0.05011 0
0.05011 0
0.0501 0
0.05009 0
0.05009 0
0.05008 0
0.05008 0
0.05006 0
0.05006 0
0.05005 0
0.05004 0
0.05004 0
0.05003 0
0.05003 0
0.05002 0
0.05001 0
0.05001 0
0.05001 0
0.05 0
0.05 0
0.05 1
0.04999 0
0.04999 0
0.04998 0
0.04998 0
0.04998 0
0.04998 0
0.04997 0
0.04997 0
0.04997 0
0.04995 0
0.04995 0
0.04994 0
0.04994 0
0.04993 0
0.04992 0
0.0499 0
0.0499 0
0.04988 0
0.04988 0
0.04988 0
0.04986 0
0.04985 0
0.04985 1
0.04984 0
0.04983 0
0.04982 0
0.04982 0
0.04981 0
0.04981 0
0.04981 0
0.04981 0
0.04976 0
0.04974 0
0.04973 0
0.0497 0
0.04969 0
0.04969 1
0.04968 0
0.04967 0
0.04966 0
0.04965 0
0.04965 0
0.04963 0
0.04961 0
0.04961 0
0.04961 0
0.0496 0
0.04958 0
0.04957 0
0.04956 0
0.04955 0
0.04954 0
0.04954 0
0.04953 0
0.04952 0
0.04951 0
0.04951 0
0.04949 0
0.04949 0
0.04949 0
0.04949 0
0.04948 0
0.04948 0
0.04947 0
0.04946 0
0.04946 0
0.04945 0
0.04945 0
0.04945 0
0.04945 0
0.04945 0
0.04944 0
0.04944 0
0.04942 0
0.0494 0
0.04939 0
0.04939 0
0.04939 1
0.04937 0
0.04937 0
0.04934 0
0.04933 0
0.04931 0
0.04931 0
0.0493 0
0.0493 0
0.0493 0
0.04929 0
0.04926 0
0.04926 0
0.04925 0
0.04923 0
0.04922 0
0.04921 0
0.04921 0
0.04921 0
0.0492 0
0.04919 0
0.04918 0
0.04918 0
0.04917 0
0.04917 0
0.04916 0
0.04915 0
0.04915 0
0.04914 0
0.04914 0
0.04914 0
0.04913 0
0.04913 0
0.04912 0
0.04911 0
0.04911 0
0.04911 0
0.0491 0
0.0491 0
0.04909 0
0.04909 0
0.04909 0
0.04908 0
0.04908 0
0.04908 0
0.04907 0
0.04906 0
0.04906 0
0.04906 0
0.04905 0
0.04904 0
0.04903 0
0.04903 0
0.04902 0
0.049 0
0.049 0
0.049 0
0.04899 0
0.04898 0
0.04898 0
0.04898 0
0.04897 0
0.04897 0
0.04896 0
0.04891 0
0.0489 0
0.0489 0
0.04889 0
0.04889 0
0.04888 0
0.04888 0
0.04887 0
0.04885 0
0.04885 0
0.04885 0
0.04884 0
0.04883 0
0.04881 0
0.04881 0
0.04879 0
0.04879 0
0.04879 0
0.04878 0
0.04878 0
0.04878 0
0.04877 0
0.04877 0
0.04877 0
0.04876 0
0.04876 0
0.04875 0
0.04874 0
0.04874 0
0.04873 0
0.04868 0
0.04867 0
0.04866 0
0.04866 0
0.04866 0
0.04866 0
0.04865 0
0.04865 0
0.04862 0
0.04862 0
0.04862 0
0.04861 0
0.0486 0
0.0486 0
0.04859 0
0.04859 0
0.04858 0
0.04857 0
0.04856 0
0.04856 0
0.04856 0
0.04856 0
0.04856 0
0.04854 0
0.04854 0
0.04853 0
0.04852 0
0.04851 0
0.04849 0
0.04849 0
0.04848 0
0.04847 0
0.04847 0
0.04845 0
0.04845 0
0.04843 0
0.04842 0
0.04842 0
0.04841 0
0.04841 0
0.0484 0
0.04839 0
0.04837 0
0.04837 0
0.04836 0
0.04836 0
0.04836 0
0.04836 0
0.04835 0
0.04834 0
0.04834 0
0.04833 0
0.04833 0
0.04833 0
0.04832 0
0.04831 0
0.04829 0
0.04829 0
0.04828 0
0.04827 0
0.04827 0
0.04826 0
0.04826 0
0.04825 0
0.04825 0
0.04825 0
0.04823 0
0.0482 0
0.0482 0
0.04817 0
0.04817 0
0.04816 0
0.04816 0
0.04815 0
0.04815 0
0.04814 0
0.04814 0
0.04813 0
0.04813 0
0.04813 0
0.04812 0
0.04809 0
0.04809 0
0.04809 0
0.04809 0
0.04808 0
0.04808 0
0.04806 0
0.04806 0
0.04806 0
0.04805 0
0.04805 0
0.04805 0
0.04803 0
0.04803 0
0.04803 0
0.04802 0
0.04801 0
0.04801 0
0.048 0
0.04798 0
0.04798 0
0.04796 0
0.04795 0
0.04795 0
0.04792 0
0.04791 0
0.04791 0
0.04791 0
0.0479 0
0.04789 0
0.04789 0
0.04788 0
0.04788 0
0.04784 0
0.04783 0
0.04783 0
0.04783 0
0.04781 0
0.04781 0
0.04779 0
0.04779 0
0.04779 1
0.04778 0
0.04778 0
0.04777 0
0.04777 0
0.04776 1
0.04775 0
0.04773 0
0.04773 0
0.04772 0
0.04772 0
0.04772 0
0.04772 0
0.04771 0
0.04771 0
0.04771 0
0.0477 0
0.0477 0
0.0477 0
0.04769 0
0.04768 0
0.04768 0
0.04767 0
0.04767 0
0.04766 0
0.04766 0
0.04766 0
0.04765 0
0.04765 0
0.04765 0
0.04763 0
0.04763 0
0.04761 0
0.04761 0
0.0476 0
0.0476 0
0.04758 0
0.04758 0
0.04757 0
0.04757 0
0.04756 0
0.04756 0
0.04756 0
0.04755 0
0.04755 0
0.04754 0
0.04754 0
0.04753 0
0.04753 0
0.04753 0
0.04752 0
0.04751 0
0.0475 0
0.0475 0
0.0475 0
0.04748 0
0.04748 1
0.04746 0
0.04745 0
0.04745 0
0.04744 0
0.04744 0
0.04743 0
0.04743 0
0.04742 0
0.04742 0
0.04742 0
0.04742 0
0.04741 0
0.04741 0
0.0474 0
0.04739 0
0.04739 0
0.04738 0
0.04737 0
0.04736 0
0.04736 0
0.04736 0
0.04736 0
0.04735 0
0.04734 0
0.04733 0
0.04732 0
0.04732 0
0.0473 0
0.0473 0
0.04729 0
0.04729 0
0.04727 0
0.04723 0
0.04723 0
0.04723 0
0.04723 1
0.04722 0
0.04722 0
0.04722 0
0.04722 0
0.0472 0
0.04718 0
0.04718 0
0.04718 0
0.04717 0
0.04716 0
0.04716 0
0.04716 0
0.04716 0
0.04716 0
0.04715 0
0.04714 0
0.04713 0
0.04712 0
0.04711 0
0.04711 0
0.0471 0
0.0471 0
0.04709 0
0.04709 0
0.04709 0
0.04708 0
0.04706 0
0.04705 0
0.04705 0
0.04705 0
0.047 0
0.04699 0
0.04699 0
0.04699 0
0.04696 0
0.04695 0
0.04694 0
0.04694 0
0.04694 0
0.04694 0
0.04693 0
0.04693 0
0.04692 0
0.04691 0
0.04691 0
0.04691 0
0.0469 0
0.04689 0
0.04688 0
0.04688 0
0.04687 0
0.04687 0
0.04687 0
0.04686 0
0.04683 0
0.04679 0
0.04679 0
0.04678 0
0.04678 0
0.04677 0
0.04676 0
0.04675 0
0.04674 0
0.04674 0
0.04674 0
0.04673 0
0.04672 0
0.04671 0
0.04671 0
0.04671 0
0.04669 0
0.04668 1
0.04667 0
0.04666 0
0.04666 0
0.04664 0
0.04664 0
0.04664 0
0.04663 0
0.04661 0
0.04661 0
0.04659 0
0.04659 0
0.04659 0
0.04658 0
0.04657 0
0.04657 0
0.04656 0
0.04655 0
0.04655 0
0.04655 0
0.04655 0
0.04655 0
0.04655 0
0.04655 0
0.04654 0
0.04652 0
0.0465 0
0.0465 0
0.04649 0
0.04649 0
0.04648 0
0.04647 0
0.04645 0
0.04644 0
0.04643 0
0.04642 0
0.04642 0
0.04641 0
0.04641 0
0.04641 0
0.04641 0
0.04641 0
0.0464 0
0.04638 0
0.04637 0
0.04636 0
0.04634 0
0.04634 0
0.04632 0
0.04632 0
0.0463 0
0.0463 0
0.04629 0
0.04629 0
0.04629 0
0.04629 0
0.04628 0
0.04628 0
0.04627 0
0.04627 0
0.04627 0
0.04626 0
0.04624 0
0.04623 0
0.04621 0
0.04621 0
0.0462 0
0.0462 1
0.04618 0
0.04617 0
0.04617 0
0.04617 0
0.04616 0
0.04615 0
0.04615 0
0.04613 0
0.04613 0
0.04609 0
0.04607 0
0.04607 0
0.04607 0
0.04607 0
0.04606 0
0.04605 0
0.04605 0
0.04605 0
0.04604 0
0.04604 0
0.04603 0
0.04602 0
0.04601 0
0.04601 0
0.04601 0
0.04601 0
0.04601 1
0.046 0
0.04599 0
0.04598 0
0.04598 0
0.04598 0
0.04597 0
0.04597 0
0.04595 0
0.04595 0
0.04595 0
0.04595 1
0.04594 0
0.04594 0
0.04591 0
0.04591 0
0.04591 0
0.04591 1
0.0459 0
0.04589 0
0.04589 0
0.04588 0
0.04587 0
0.04587 0
0.04587 0
0.04586 0
0.04585 0
0.04585 0
0.04584 0
0.04583 0
0.04583 0
0.04583 0
0.04581 0
0.04581 0
0.04581 0
0.0458 0
0.04579 0
0.04578 0
0.04576 0
0.04576 0
0.04576 0
0.04575 0
0.04573 0
0.04572 0
0.04571 0
0.04571 0
0.04571 0
0.04569 0
0.04568 0
0.04568 0
0.04568 0
0.04567 0
0.04567 0
0.04566 0
0.04566 0
0.04565 0
0.04565 0
0.04565 0
0.04564 0
0.04564 0
0.04562 0
0.04562 0
0.04562 0
0.0456 0
0.04559 0
0.04559 0
0.04558 0
0.04558 0
0.04557 0
0.04556 0
0.04555 0
0.04555 0
0.04554 0
0.04554 0
0.04554 0
0.04554 0
0.04552 0
0.04551 0
0.0455 0
0.0455 0
0.04549 0
0.04548 0
0.04547 0
0.04546 0
0.04546 0
0.04545 0
0.04545 0
0.04545 0
0.04544 0
0.04544 0
0.04544 0
0.04544 0
0.04543 0
0.04542 0
0.04542 0
0.04541 0
0.04541 0
0.04541 0
0.0454 0
0.0454 0
0.0454 0
0.04539 0
0.04539 0
0.04539 0
0.04538 0
0.04537 0
0.04537 0
0.04536 0
0.04536 0
0.04536 0
0.04536 0
0.04535 0
0.04535 0
0.04535 0
0.04534 0
0.04532 0
0.04532 0
0.04531 0
0.0453 0
0.0453 0
0.04529 0
0.04528 0
0.04528 0
0.04528 0
0.04527 0
0.04527 0
0.04527 0
0.04525 0
0.04525 0
0.04524 0
0.04524 0
0.04523 0
0.04523 0
0.04523 0
0.04523 0
0.04522 0
0.04522 0
0.04522 0
0.04522 0
0.04521 0
0.04521 0
0.04521 0
0.04521 0
0.04521 0
0.04519 0
0.04514 0
0.04513 0
0.04513 0
0.04513 0
0.04513 0
0.04512 0
0.04512 0
0.04512 0
0.04509 0
0.04509 0
0.04509 0
0.04509 0
0.04508 0
0.04508 0
0.04507 0
0.04507 0
0.04506 0
0.04506 0
0.04505 0
0.04504 0
0.04504 0
0.04503 0
0.04503 0
0.04503 0
0.04501 0
0.04501 0
0.04499 1
0.04498 0
0.04497 0
0.04496 0
0.04496 0
0.04495 0
0.04494 0
0.04494 0
0.04493 0
0.04492 0
0.04491 0
0.04489 0
0.04489 0
0.04489 0
0.04488 0
0.04488 0
0.04488 0
0.04487 0
0.04487 0
0.04487 0
0.04486 0
0.04485 0
0.04485 0
0.04484 0
0.04483 0
0.04483 0
0.04482 0
0.04482 0
0.04482 0
0.0448 0
0.04479 0
0.04479 0
0.04478 0
0.04476 0
0.04476 0
0.04475 0
0.04475 0
0.04475 0
0.04475 0
0.04475 0
0.04475 0
0.04474 0
0.04474 0
0.04474 0
0.04473 0
0.04473 0
0.04473 0
0.04473 0
0.04473 0
0.04473 0
0.04473 0
0.04472 0
0.04472 0
0.04471 0
0.04471 0
0.0447 0
0.0447 0
0.04469 0
0.04469 0
0.04469 0
0.04468 0
0.04468 0
0.04468 0
0.04467 0
0.04467 0
0.04467 0
0.04466 0
0.04466 0
0.04466 0
0.04465 0
0.04464 0
0.04464 0
0.04464 0
0.04464 0
0.04464 0
0.04463 0
0.04462 0
0.04462 0
0.04461 0
0.04461 0
0.04459 0
0.04458 0
0.04457 0
0.04456 0
0.04455 0
0.04454 0
0.04454 0
0.04453 0
0.04452 0
0.0445 0
0.0445 1
0.04448 0
0.04447 0
0.04447 0
0.04446 0
0.04446 0
0.04446 0
0.04446 0
0.04445 0
0.04444 0
0.04444 0
0.04443 0
0.04442 0
0.04441 0
0.04441 0
0.04439 0
0.04439 0
0.04437 0
0.04437 0
0.04436 0
0.04434 0
0.04433 0
0.04433 0
0.04433 0
0.04431 0
0.04431 0
0.04429 0
0.04428 0
0.04427 0
0.04427 0
0.04427 0
0.04426 0
0.04426 0
0.04425 0
0.04424 0
0.04424 0
0.04422 0
0.04422 0
0.04422 0
0.04421 0
0.04421 0
0.04419 0
0.04419 0
0.04416 0
0.04416 0
0.04416 0
0.04414 0
0.04414 0
0.04413 0
0.04412 0
0.04412 0
0.04411 0
0.04409 0
0.04409 0
0.04409 0
0.04409 0
0.04408 0
0.04407 0
0.04406 0
0.04406 0
0.04406 0
0.04405 0
0.04405 0
0.04405 0
0.04404 0
0.04404 0
0.04404 0
0.04403 0
0.04402 0
0.04402 0
0.04401 0
0.04401 0
0.04401 0
0.04401 0
0.044 0
0.04399 0
0.04396 0
0.04396 0
0.04396 0
0.04395 0
0.04395 0
0.04395 0
0.04394 0
0.04394 0
0.04394 0
0.04393 0
0.04393 0
0.04393 0
0.04392 0
0.0439 0
0.0439 0
0.04389 0
0.04388 0
0.04388 0
0.04388 0
0.04387 0
0.04386 0
0.04385 0
0.04384 0
0.04383 0
0.04383 0
0.04382 1
0.0438 0
0.0438 0
0.04379 0
0.04379 0
0.04378 0
0.04378 0
0.04377 0
0.04377 0
0.04377 0
0.04376 0
0.04376 0
0.04375 0
0.04374 0
0.04373 0
0.04373 0
0.04373 0
0.04373 0
0.04372 0
0.04371 0
0.04371 0
0.0437 0
0.04369 0
0.04369 0
0.04367 0
0.04366 0
0.04366 0
0.04366 0
0.04365 0
0.04365 0
0.04365 0
0.04365 0
0.04364 0
0.04362 0
0.04362 0
0.04362 0
0.04361 0
0.04361 0
0.04359 0
0.04359 0
0.04359 0
0.04357 0
0.04357 0
0.04356 0
0.04356 0
0.04356 0
0.04355 0
0.04355 0
0.04355 0
0.04355 0
0.04354 0
0.04354 0
0.04353 0
0.04352 0
0.0435 0
0.0435 0
0.04349 0
0.04347 0
0.04346 0
0.04346 0
0.04345 0
0.04344 0
0.04344 0
0.04343 0
0.04343 0
0.04343 0
0.04342 0
0.04342 0
0.04341 0
0.04341 0
0.04338 0
0.04335 0
0.04334 0
0.04334 0
0.04334 0
0.04334 0
0.04333 0
0.04333 0
0.04333 0
0.04333 0
0.04332 0
0.04331 0
0.04331 0
0.04331 0
0.04328 0
0.04328 0
0.04327 0
0.04327 0
0.04327 0
0.04327 0
0.04326 0
0.04326 0
0.04325 0
0.04324 0
0.04323 0
0.04322 0
0.04322 0
0.04322 0
0.04322 0
0.0432 0
0.0432 0
0.0432 0
0.0432 0
0.04319 0
0.04319 0
0.04317 0
0.04316 0
0.04316 0
0.04316 0
0.04316 0
0.04316 0
0.04316 0
0.04316 0
0.04315 0
0.04315 0
0.04314 0
0.04313 0
0.04313 0
0.04313 1
0.04311 0
0.0431 0
0.04308 0
0.04308 0
0.04307 0
0.04307 0
0.04307 0
0.04307 0
0.04306 0
0.04305 0
0.04304 0
0.04302 0
0.04302 0
0.04302 0
0.04302 0
0.04301 0
0.04301 0
0.043 0
0.043 0
0.04298 0
0.04298 0
0.04297 0
0.04297 0
0.04297 0
0.04297 0
0.04296 0
0.04296 0
0.04295 0
0.04295 0
0.04295 0
0.04293 0
0.04293 0
0.04293 0
0.04293 0
0.04292 0
0.04292 0
0.04291 0
0.0429 0
0.0429 0
0.0429 0
0.0429 0
0.04289 0
0.04289 0
0.04288 0
0.04287 0
0.04287 0
0.04286 0
0.04285 0
0.04284 0
0.04283 0
0.04283 0
0.04283 0
0.04282 0
0.04282 0
0.04281 0
0.04281 0
0.04279 0
0.04277 0
0.04277 0
0.04277 0
0.04276 0
0.04276 0
0.04275 0
0.04275 0
0.04275 0
0.04275 0
0.04275 0
0.04274 0
0.04273 0
0.04273 0
0.04273 0
0.04272 0
0.04271 0
0.0427 0
0.0427 0
0.04269 0
0.04269 0
0.04268 0
0.04267 0
0.04265 0
0.04265 0
0.04265 0
0.04265 0
0.04264 0
0.04264 0
0.04263 0
0.04261 0
0.0426 0
0.0426 0
0.04259 0
0.04259 0
0.04259 0
0.04259 0
0.04258 0
0.04257 0
0.04257 0
0.04257 0
0.04257 0
0.04255 0
0.04254 0
0.04254 0
0.04254 0
0.04253 0
0.04253 0
0.04252 0
0.04251 0
0.0425 0
0.0425 0
0.0425 0
0.04249 0
0.04249 0
0.04248 0
0.04246 0
0.04246 0
0.04246 0
0.04245 0
0.04245 0
0.04244 0
0.04244 0
0.04244 0
0.04244 0
0.04243 0
0.04243 0
0.04242 0
0.04239 0
0.04239 0
0.04239 0
0.04238 0
0.04238 0
0.04237 0
0.04237 0
0.04237 0
0.04237 0
0.04235 0
0.04235 0
0.04234 0
0.04233 0
0.04233 0
0.04232 0
0.04232 0
0.04232 0
0.04232 0
0.04231 0
0.04231 0
0.0423 0
0.04228 0
0.04228 0
0.04228 0
0.04227 0
0.04227 0
0.04227 0
0.04226 0
0.04225 0
0.04223 0
0.04223 0
0.04221 0
0.0422 0
0.04218 0
0.04218 0
0.04217 0
0.04217 0
0.04216 0
0.04215 0
0.04215 0
0.04215 1
0.04212 0
0.04212 0
0.04212 0
0.04211 0
0.04211 0
0.04211 0
0.04211 0
0.04211 0
0.0421 0
0.0421 0
0.04209 0
0.04208 0
0.04207 0
0.04206 0
0.04206 0
0.04205 0
0.04205 0
0.04204 0
0.04203 0
0.04203 0
0.04202 0
0.04202 0
0.04202 0
0.04201 0
0.04201 0
0.042 0
0.042 0
0.04199 0
0.04199 0
0.04199 0
0.04198 0
0.04195 0
0.04195 0
0.04194 0
0.04193 0
0.04192 0
0.04192 0
0.04191 0
0.04191 0
0.0419 0
0.0419 0
0.04188 0
0.04188 0
0.04188 0
0.04187 0
0.04186 0
0.04186 0
0.04186 0
0.04184 0
0.04184 0
0.04183 0
0.04183 0
0.04182 0
0.0418 0
0.04179 0
0.04179 0
0.04178 0
0.04178 0
0.04178 0
0.04177 0
0.04177 0
0.04176 0
0.04176 0
0.04175 0
0.04174 0
0.04173 0
0.04173 0
0.04171 0
0.04171 0
0.04168 0
0.04167 0
0.04167 0
0.04166 0
0.04165 0
0.04165 0
0.04164 0
0.04164 0
0.04164 0
0.04163 0
0.04163 0
0.04162 0
0.04162 0
0.04161 0
0.04159 0
0.04159 0
0.04158 0
0.04158 0
0.04158 0
0.04158 0
0.04157 0
0.04156 0
0.04155 0
0.04155 0
0.04153 0
0.04153 0
0.04153 0
0.04151 0
0.04151 0
0.04151 0
0.0415 0
0.04149 0
0.04148 0
0.04148 0
0.04147 0
0.04145 0
0.04145 0
0.04144 0
0.04143 0
0.04143 0
0.04143 0
0.04141 0
0.04139 0
0.04138 0
0.04138 0
0.04138 0
0.04138 0
0.04138 0
0.04138 1
0.04137 0
0.04137 0
0.04137 0
0.04137 0
0.04136 0
0.04136 0
0.04134 0
0.04134 0
0.04133 0
0.04133 0
0.04132 0
0.04131 0
0.04131 0
0.04131 0
0.04131 1
0.0413 0
0.0413 0
0.04129 0
0.04128 0
0.04128 0
0.04124 0
0.04124 0
0.04124 0
0.04123 0
0.04122 0
0.04122 0
0.04122 0
0.04121 0
0.0412 0
0.04118 0
0.04117 0
0.04117 0
0.04116 0
0.04116 0
0.04115 0
0.04115 0
0.04114 0
0.04114 0
0.04114 0
0.04114 0
0.04114 0
0.04114 0
0.04114 0
0.04113 0
0.04112 0
0.04112 0
0.04111 0
0.04111 0
0.0411 0
0.0411 0
0.04108 0
0.04107 0
0.04107 0
0.04106 0
0.04106 0
0.04105 0
0.04105 0
0.04104 0
0.04104 0
0.04104 0
0.04103 0
0.04103 0
0.04102 0
0.04102 0
0.04101 0
0.04101 0
0.041 0
0.04099 0
0.04098 0
0.04098 0
0.04097 0
0.04096 0
0.04096 0
0.04096 0
0.04095 0
0.04095 0
0.04095 0
0.04094 0
0.04094 0
0.04094 0
0.04094 0
0.04093 0
0.04093 0
0.04092 0
0.04091 0
0.0409 0
0.04089 0
0.04088 0
0.04087 1
0.04086 0
0.04085 0
0.04084 0
0.04084 0
0.04083 0
0.04083 0
0.04083 0
0.04082 0
0.04082 0
0.04082 0
0.04081 0
0.04081 0
0.0408 0
0.04079 0
0.04078 0
0.04077 0
0.04077 0
0.04077 0
0.04077 0
0.04075 0
0.04075 0
0.04075 0
0.04074 0
0.04072 0
0.04071 0
0.04071 0
0.0407 0
0.0407 0
0.04069 1
0.04067 0
0.04066 0
0.04066 0
0.04066 0
0.04065 0
0.04065 0
0.04063 0
0.04063 0
0.04058 0
0.04057 0
0.04057 0
0.04057 0
0.04057 0
0.04056 0
0.04056 0
0.04056 0
0.04055 0
0.04055 0
0.04055 0
0.04054 0
0.04054 0
0.04054 0
0.04054 0
0.04053 0
0.04052 0
0.04052 0
0.04052 0
0.04051 0
0.0405 0
0.04049 0
0.04048 0
0.04048 0
0.04048 0
0.04046 0
0.04046 0
0.04045 0
0.04045 0
0.04044 0
0.04043 0
0.04043 0
0.04042 0
0.04041 0
0.04041 0
0.0404 0
0.0404 0
0.0404 0
0.04039 0
0.04039 0
0.04038 0
0.04038 0
0.04038 0
0.04037 0
0.04037 0
0.04037 0
0.04036 0
0.04035 0
0.04034 0
0.04033 0
0.04033 0
0.04032 0
0.04032 0
0.04032 0
0.0403 0
0.04029 0
0.04029 0
0.04029 0
0.04028 0
0.04028 0
0.04027 0
0.04027 0
0.04026 0
0.04025 0
0.04024 0
0.04024 0
0.04024 0
0.04022 0
0.04022 0
0.0402 0
0.0402 0
0.04018 0
0.04018 0
0.04018 0
0.04018 0
0.04017 0
0.04017 0
0.04017 0
0.04014 0
0.04013 0
0.04013 0
0.04012 0
0.04012 0
0.04011 0
0.04011 0
0.04011 0
0.0401 0
0.0401 0
0.0401 0
0.04009 0
0.04009 0
0.04008 0
0.04007 0
0.04004 0
0.04002 0
0.04002 0
0.03999 0
0.03998 0
0.03998 0
0.03997 0
0.03997 0
0.03997 0
0.03996 0
0.03996 0
0.03994 0
0.03993 0
0.03993 0
0.03991 0
0.0399 0
0.0399 0
0.0399 0
0.03989 0
0.03988 0
0.03988 0
0.03988 0
0.03988 0
0.03988 0
0.03988 0
0.03988 0
0.03987 0
0.03987 0
0.03986 0
0.03985 0
0.03985 0
0.03985 0
0.03984 0
0.03982 0
0.03982 0
0.03981 0
0.0398 0
0.03979 0
0.03979 0
0.03976 0
0.03976 0
0.03975 0
0.03975 0
0.03974 0
0.03974 0
0.03974 0
0.03973 0
0.03973 0
0.03971 0
0.03971 0
0.0397 0
0.0397 0
0.03969 0
0.03969 0
0.03968 0
0.03967 0
0.03967 0
0.03966 0
0.03966 0
0.03965 0
0.03965 0
0.03965 0
0.03964 0
0.03964 0
0.03963 0
0.03963 0
0.03961 0
0.0396 0
0.03959 0
0.03959 0
0.03957 0
0.03956 0
0.03956 0
0.03955 0
0.03955 0
0.03955 0
0.03955 0
0.03953 0
0.03953 0
0.03952 0
0.03952 0
0.03952 0
0.03952 0
0.03951 0
0.03951 0
0.03951 0
0.0395 0
0.03949 0
0.03949 0
0.03948 0
0.03948 0
0.03947 0
0.03946 0
0.03942 0
0.0394 0
0.03939 0
0.03938 0
0.03938 0
0.03938 0
0.03937 0
0.03935 0
0.03935 0
0.03935 0
0.03933 0
0.03933 0
0.03933 0
0.03932 0
0.03932 0
0.03932 0
0.03931 0
0.03929 0
0.03929 0
0.03928 0
0.03928 0
0.03927 0
0.03926 0
0.03926 0
0.03925 0
0.03923 0
0.03922 0
0.03922 0
0.03922 0
0.03922 0
0.03922 0
0.03921 0
0.03921 0
0.03921 0
0.0392 0
0.0392 0
0.0392 0
0.0392 0
0.03919 0
0.03918 0
0.03918 0
0.03918 0
0.03917 0
0.03917 0
0.03917 0
0.03916 0
0.03916 0
0.03916 0
0.03916 0
0.03915 0
0.03915 0
0.03915 0
0.03914 0
0.03913 0
0.03912 0
0.03912 0
0.03911 0
0.03911 0
0.0391 0
0.03909 0
0.03909 0
0.03908 0
0.03908 0
0.03908 1
0.03907 0
0.03906 0
0.03906 0
0.03905 0
0.03905 0
0.03904 0
0.03904 0
0.03904 0
0.03903 0
0.03902 0
0.03901 0
0.03901 0
0.03901 0
0.03901 0
0.03899 0
0.03898 0
0.03898 0
0.03897 0
0.03896 0
0.03895 0
0.03895 0
0.03895 0
0.03893 0
0.03893 0
0.03892 0
0.03892 0
0.03892 0
0.0389 0
0.0389 0
0.03888 0
0.03887 0
0.03887 0
0.03886 0
0.03886 0
0.03886 0
0.03885 0
0.03885 0
0.03884 0
0.03882 0
0.03881 0
0.03881 0
0.03879 0
0.03878 0
0.03877 0
0.03877 0
0.03876 0
0.03876 0
0.03875 0
0.03875 0
0.03875 0
0.03874 0
0.03873 0
0.03873 0
0.03873 0
0.03871 0
0.03869 0
0.03869 0
0.03868 0
0.03868 0
0.03867 0
0.03866 0
0.03866 0
0.03865 0
0.03865 0
0.03865 0
0.03863 0
0.03862 0
0.03861 0
0.03861 0
0.03859 0
0.03859 0
0.03857 0
0.03857 0
0.03857 0
0.03857 0
0.03855 0
0.03854 0
0.03852 0
0.03851 0
0.03851 0
0.0385 0
0.0385 0
0.0385 0
0.03847 0
0.03845 0
0.03845 0
0.03845 0
0.03843 0
0.03843 0
0.03842 0
0.03842 0
0.03842 0
0.03841 0
0.03841 0
0.0384 0
0.0384 0
0.0384 0
0.03839 0
0.03839 0
0.03839 0
0.03839 0
0.03838 0
0.03838 0
0.03837 0
0.03837 0
0.03837 0
0.03836 0
0.03835 0
0.03835 0
0.03834 0
0.03834 0
0.03834 0
0.03832 0
0.03832 0
0.03832 0
0.03832 0
0.03832 0
0.03831 0
0.0383 0
0.03828 0
0.03826 0
0.03825 0
0.03824 0
0.03824 0
0.03823 0
0.03823 0
0.03822 0
0.03821 0
0.03821 0
0.03821 0
0.0382 0
0.0382 0
0.03819 0
0.03819 0
0.03819 0
0.03817 0
0.03816 0
0.03816 0
0.03816 0
0.03815 0
0.03814 0
0.03814 0
0.03811 0
0.03809 0
0.03809 0
0.03804 0
0.03803 0
0.03803 0
0.03801 0
0.03801 0
0.03799 0
0.03798 0
0.03798 0
0.03798 0
0.03797 0
0.03797 0
0.03796 0
0.03795 0
0.03795 0
0.03794 0
0.03793 0
0.03793 0
0.03792 0
0.03791 0
0.03791 0
0.0379 0
0.03788 0
0.03787 0
0.03787 0
0.03787 0
0.03787 0
0.03786 0
0.03786 0
0.03786 0
0.03785 0
0.03785 0
0.03784 0
0.03783 0
0.03783 0
0.03782 0
0.03782 0
0.03782 0
0.03781 0
0.0378 0
0.0378 0
0.0378 0
0.0378 0
0.03779 0
0.03779 0
0.03777 0
0.03777 0
0.03775 0
0.03775 0
0.03773 0
0.0377 0
0.0377 0
0.03769 0
0.03768 0
0.03768 0
0.03766 0
0.03765 0
0.03764 0
0.03764 0
0.03764 0
0.03763 0
0.03763 0
0.0376 0
0.0376 0
0.03759 0
0.03759 0
0.03758 0
0.03756 0
0.03755 0
0.03754 0
0.03753 0
0.03753 0
0.03752 0
0.03751 0
0.03751 0
0.0375 0
0.0375 0
0.0375 0
0.03749 0
0.03748 0
0.03747 0
0.03747 0
0.03746 0
0.03746 0
0.03746 0
0.03746 0
0.03745 0
0.03745 0
0.03744 0
0.03743 0
0.03743 0
0.03742 0
0.03741 0
0.03741 0
0.03741 0
0.0374 0
0.0374 0
0.03739 0
0.03738 0
0.03737 0
0.03735 0
0.03735 0
0.03735 0
0.03734 0
0.03734 1
0.03733 0
0.03733 0
0.03732 0
0.03732 0
0.03731 0
0.03731 0
0.03728 0
0.03728 0
0.03727 0
0.03727 0
0.03727 0
0.03726 0
0.03725 0
0.03724 0
0.03724 0
0.03724 0
0.03723 0
0.03722 0
0.03721 0
0.0372 0
0.0372 0
0.0372 0
0.03716 0
0.03716 0
0.03716 0
0.03714 0
0.03714 0
0.03713 0
0.03713 0
0.03711 0
0.0371 0
0.03709 0
0.03709 0
0.03709 0
0.03709 1
0.03708 0
0.03708 0
0.03708 0
0.03708 0
0.03707 0
0.03706 0
0.03706 0
0.03705 0
0.03705 0
0.03704 0
0.03704 0
0.03704 0
0.03703 0
0.03703 0
0.03703 0
0.03703 0
0.037 0
0.03699 0
0.03698 0
0.03696 0
0.03696 0
0.03695 0
0.03694 0
0.03694 0
0.03694 0
0.03694 0
0.03694 0
0.03692 0
0.03692 0
0.03692 0
0.03689 0
0.03686 0
0.03686 0
0.03686 0
0.03685 0
0.03684 0
0.03682 0
0.03682 0
0.03681 0
0.0368 0
0.03679 0
0.03679 0
0.03679 0
0.03679 0
0.03677 0
0.03677 0
0.03677 0
0.03676 0
0.03674 0
0.03674 0
0.03673 0
0.03673 0
0.03671 0
0.03671 0
0.03671 0
0.03671 0
0.0367 0
0.03669 0
0.03669 0
0.03668 0
0.03667 0
0.03666 0
0.03666 0
0.03665 0
0.03664 0
0.03663 0
0.03662 0
0.03662 0
0.03662 0
0.03661 0
0.03661 0
0.03661 0
0.03661 0
0.0366 0
0.03659 0
0.03659 0
0.03659 0
0.03659 0
0.03658 0
0.03657 0
0.03657 0
0.03657 0
0.03656 0
0.03654 0
0.03654 0
0.03654 0
0.03654 0
0.03653 0
0.03653 0
0.03653 0
0.03653 0
0.03652 0
0.03652 0
0.03652 0
0.03651 0
0.03651 0
0.0365 0
0.03649 0
0.03647 0
0.03647 0
0.03647 0
0.03646 0
0.03644 0
0.03644 0
0.03643 0
0.03642 0
0.03641 0
0.0364 0
0.03639 0
0.03638 0
0.03637 0
0.03637 0
0.03637 0
0.03637 0
0.03636 0
0.03634 0
0.03634 0
0.03634 0
0.03634 0
0.03632 0
0.03632 0
0.03631 0
0.03631 0
0.03631 0
0.03629 0
0.03628 0
0.03627 0
0.03623 0
0.03623 0
0.03621 0
0.03621 0
0.03621 0
0.03621 0
0.0362 0
0.0362 0
0.0362 0
0.0362 0
0.03619 0
0.03618 0
0.03618 0
0.03617 0
0.03617 0
0.03615 0
0.03613 0
0.03612 0
0.03612 0
0.03612 0
0.03611 0
0.0361 0
0.03609 0
0.03608 0
0.03608 0
0.03608 0
0.03608 0
0.03608 0
0.03607 0
0.03606 0
0.03606 0
0.03606 0
0.03606 1
0.03604 0
0.03604 0
0.03603 0
0.03602 0
0.03602 0
0.03601 0
0.03601 0
0.036 0
0.036 0
0.03599 0
0.03599 0
0.03598 0
0.03596 0
0.03596 0
0.03596 0
0.03595 0
0.03595 0
0.03593 0
0.03592 0
0.03592 0
0.0359 0
0.0359 0
0.0359 0
0.03588 0
0.03586 0
0.03586 0
0.03585 0
0.03585 0
0.03585 0
0.03585 0
0.03585 0
0.03585 0
0.03585 0
0.03584 0
0.03583 0
0.03583 0
0.0358 0
0.0358 0
0.0358 0
0.03578 1
0.03577 0
0.03573 0
0.03572 0
0.03572 0
0.03572 0
0.03571 0
0.03571 0
0.03571 0
0.03571 0
0.0357 0
0.0357 0
0.03569 0
0.03568 0
0.03567 0
0.03567 0
0.03567 0
0.03566 0
0.03566 0
0.03566 0
0.03565 0
0.03565 0
0.03565 0
0.03564 0
0.03564 0
0.03563 0
0.03563 0
0.03562 0
0.03561 0
0.03561 0
0.03559 0
0.03558 0
0.03558 0
0.03558 0
0.03556 0
0.03556 0
0.03553 0
0.03552 0
0.03551 0
0.03551 0
0.0355 0
0.03549 0
0.03547 0
0.03547 0
0.03547 0
0.03545 0
0.03544 0
0.03544 0
0.03544 0
0.03544 0
0.03541 0
0.03541 0
0.0354 0
0.0354 0
0.03539 0
0.03539 0
0.03538 0
0.03538 0
0.03538 1
0.03536 0
0.03535 0
0.03534 0
0.03534 0
0.03533 0
0.03533 0
0.03531 0
0.03531 0
0.0353 0
0.0353 0
0.0353 0
0.0353 0
0.0353 0
0.0353 0
0.03528 0
0.03528 0
0.03527 0
0.03527 0
0.03526 0
0.03525 0
0.03524 0
0.03524 0
0.03522 0
0.03522 0
0.0352 0
0.0352 0
0.03519 0
0.03518 0
0.03517 0
0.03516 0
0.03514 0
0.03514 0
0.03514 0
0.03514 0
0.03513 0
0.03511 0
0.03511 0
0.0351 0
0.0351 0
0.0351 0
0.0351 0
0.0351 0
0.03509 0
0.03509 0
0.03509 0
0.03508 0
0.03507 0
0.03507 0
0.03506 0
0.03506 0
0.03506 0
0.03505 0
0.03505 0
0.03504 0
0.03504 0
0.03503 0
0.03503 0
0.03502 0
0.03501 0
0.035 0
0.03499 0
0.03499 0
0.03498 0
0.03498 0
0.03498 0
0.03497 0
0.03497 0
0.03496 0
0.03495 0
0.03495 0
0.03494 0
0.03494 0
0.03493 0
0.03493 0
0.03492 0
0.03492 0
0.03489 0
0.03488 0
0.03487 0
0.03487 0
0.03487 0
0.03485 0
0.03484 0
0.03484 0
0.03482 0
0.03482 0
0.03481 0
0.03479 0
0.03479 0
0.03479 0
0.03478 0
0.03477 0
0.03476 0
0.03476 0
0.03476 0
0.03476 0
0.03476 0
0.03475 0
0.03475 0
0.03474 0
0.03474 0
0.03474 0
0.03473 0
0.03473 0
0.03472 0
0.03472 0
0.03472 0
0.03471 0
0.03469 0
0.03468 0
0.03468 0
0.03468 0
0.03468 0
0.03466 0
0.03464 0
0.03463 0
0.03463 0
0.03463 0
0.03462 0
0.03461 0
0.03461 0
0.0346 0
0.0346 0
0.0346 0
0.03458 0
0.03458 0
0.03458 0
0.03457 0
0.03457 0
0.03456 0
0.03456 0
0.03455 0
0.03454 0
0.03454 0
0.03453 0
0.03453 0
0.03452 0
0.0345 0
0.03449 0
0.03447 0
0.03444 0
0.03443 0
0.03443 0
0.03442 0
0.03442 0
0.03441 0
0.0344 0
0.03439 0
0.03439 0
0.03436 0
0.03436 0
0.03436 0
0.03435 0
0.03435 0
0.03435 0
0.03434 0
0.03434 0
0.03433 0
0.03432 0
0.0343 0
0.03428 0
0.03427 0
0.03426 0
0.03426 0
0.03426 0
0.03425 0
0.03425 0
0.03424 0
0.03423 0
0.03422 0
0.03421 0
0.03421 0
0.0342 0
0.03419 0
0.03418 0
0.03418 0
0.03417 0
0.03417 0
0.03417 0
0.03417 0
0.03417 0
0.03416 0
0.03416 0
0.03415 0
0.03415 0
0.03414 0
0.03414 0
0.03414 0
0.03414 0
0.03413 0
0.03413 0
0.03413 0
0.03412 0
0.03412 0
0.03411 0
0.0341 0
0.0341 0
0.03409 0
0.03408 0
0.03408 0
0.03407 0
0.03406 0
0.03406 0
0.03405 0
0.03404 0
0.03404 1
0.03402 0
0.03401 0
0.03401 0
0.03401 0
0.034 0
0.03399 0
0.03398 0
0.03397 0
0.03397 0
0.03397 0
0.03394 0
0.03392 0
0.03392 0
0.03391 0
0.0339 0
0.03389 0
0.03386 0
0.03385 0
0.03384 0
0.03384 0
0.03384 0
0.03383 0
0.03382 0
0.03381 0
0.03381 0
0.03381 0
0.0338 0
0.0338 0
0.03379 0
0.03379 1
0.03378 0
0.03378 0
0.03377 0
0.03376 0
0.03376 0
0.03375 0
0.03374 0
0.03373 0
0.03373 0
0.03372 0
0.03367 0
0.03367 0
0.03365 0
0.03365 0
0.03363 0
0.03361 0
0.03361 0
0.0336 0
0.0336 0
0.0336 0
0.03359 0
0.03358 0
0.03357 0
0.03357 0
0.03356 0
0.03355 0
0.03355 0
0.03355 0
0.03355 0
0.03354 0
0.03354 1
0.03353 0
0.03352 0
0.03352 0
0.03351 0
0.03351 0
0.0335 0
0.0335 0
0.03349 0
0.03348 0
0.03348 0
0.03348 0
0.03348 0
0.03346 0
0.03345 0
0.03344 0
0.03343 0
0.03342 0
0.03342 0
0.03342 0
0.03341 0
0.03341 0
0.0334 0
0.03338 0
0.03338 0
0.03337 0
0.03336 0
0.03335 0
0.03334 0
0.03333 0
0.03332 0
0.03332 0
0.0333 0
0.03329 0
0.03329 0
0.03328 0
0.03328 0
0.03327 0
0.03327 0
0.03327 0
0.03326 0
0.03325 0
0.03325 0
0.03324 0
0.03324 0
0.03323 0
0.03323 0
0.03322 0
0.03321 0
0.0332 0
0.0332 0
0.0332 0
0.03319 0
0.03319 0
0.03319 0
0.03318 0
0.03317 0
0.03316 0
0.03314 0
0.03313 0
0.03313 0
0.03313 0
0.03311 0
0.03311 0
0.03311 0
0.03311 0
0.03311 0
0.0331 0
0.03309 0
0.03308 0
0.03307 0
0.03307 0
0.03306 0
0.03306 0
0.03306 0
0.03305 0
0.03304 0
0.03304 0
0.03303 0
0.03301 0
0.033 0
0.03299 0
0.03299 0
0.03298 0
0.03296 0
0.03296 0
0.03294 0
0.03293 0
0.03293 0
0.03293 0
0.03293 0
0.03291 0
0.03289 0
0.03289 0
0.03288 0
0.03288 0
0.03287 0
0.03287 0
0.03287 0
0.03285 0
0.03285 0
0.03284 0
0.03284 0
0.03283 0
0.03283 0
0.03283 0
0.03283 0
0.03283 0
0.03283 0
0.03281 0
0.0328 0
0.03279 0
0.03279 0
0.03278 0
0.03277 0
0.03277 0
0.03275 0
0.03275 0
0.03274 0
0.03273 0
0.03272 0
0.03272 0
0.03271 0
0.0327 0
0.03269 0
0.03266 0
0.03265 0
0.03264 0
0.03264 0
0.03264 0
0.03264 0
0.03263 0
0.03263 0
0.03262 0
0.03262 0
0.03262 0
0.03261 0
0.0326 0
0.03259 0
0.03259 0
0.03256 0
0.03256 0
0.03255 0
0.03255 0
0.03255 0
0.03254 0
0.03254 0
0.03253 0
0.03253 0
0.03252 0
0.03252 0
0.03251 0
0.03251 0
0.03251 0
0.0325 0
0.03249 0
0.03249 0
0.03248 0
0.03248 0
0.03247 0
0.03247 0
0.03246 0
0.03246 0
0.03244 0
0.03243 0
0.03243 0
0.03243 0
0.03242 0
0.03242 0
0.03241 0
0.0324 0
0.03238 0
0.03236 0
0.03236 0
0.03235 0
0.03234 0
0.03234 0
0.03234 0
0.03233 0
0.03232 0
0.03232 0
0.03232 0
0.03231 0
0.03231 0
0.03229 0
0.03228 0
0.03227 0
0.03226 0
0.03225 0
0.03225 0
0.03224 0
0.03223 0
0.03222 0
0.03222 0
0.03221 0
0.0322 0
0.0322 0
0.03217 0
0.03216 0
0.03215 0
0.03215 0
0.03213 0
0.03212 0
0.03212 0
0.0321 0
0.0321 0
0.0321 0
0.03209 0
0.03208 0
0.03208 0
0.03208 0
0.03206 0
0.03205 0
0.03205 0
0.03205 0
0.03203 0
0.03203 0
0.03202 0
0.03202 0
0.03201 0
0.03201 0
0.03199 0
0.03198 0
0.03197 0
0.03197 0
0.03197 0
0.03196 0
0.03194 0
0.03194 0
0.03193 0
0.03192 0
0.03192 0
0.03192 0
0.03191 0
0.03191 0
0.0319 0
0.03189 0
0.03188 0
0.03187 0
0.03186 0
0.03184 0
0.03184 0
0.03184 0
0.03184 0
0.03181 0
0.03179 0
0.03179 0
0.03179 0
0.03178 0
0.03178 0
0.03177 0
0.03176 0
0.03176 0
0.03175 0
0.03174 0
0.03174 0
0.03174 0
0.0317 0
0.0317 0
0.0317 0
0.0317 0
0.03169 0
0.03169 0
0.03169 0
0.03168 0
0.03167 0
0.03166 0
0.03166 0
0.03166 0
0.03164 0
0.03163 0
0.03163 0
0.03161 0
0.0316 0
0.0316 0
0.0316 0
0.0316 0
0.03158 0
0.03158 0
0.03157 0
0.03157 0
0.03156 0
0.03155 0
0.03153 0
0.03153 0
0.03152 0
0.03152 0
0.03152 0
0.03151 0
0.0315 0
0.0315 0
0.03148 0
0.03147 0
0.03146 0
0.03144 0
0.03143 0
0.03143 0
0.03143 0
0.03141 0
0.03141 0
0.0314 0
0.0314 0
0.03139 0
0.03139 0
0.03139 0
0.03136 0
0.03133 0
0.03132 0
0.03132 0
0.03132 0
0.03131 0
0.0313 0
0.0313 0
0.03129 0
0.03129 0
0.03127 0
0.03127 0
0.03126 0
0.03126 0
0.03125 0
0.03125 0
0.03124 0
0.03124 0
0.03123 0
0.03122 0
0.03121 0
0.0312 0
0.0312 0
0.0312 0
0.03119 0
0.03119 0
0.03118 0
0.03118 0
0.03118 0
0.03117 0
0.03117 0
0.03116 0
0.03116 0
0.03115 0
0.03114 0
0.03114 0
0.03112 0
0.03109 0
0.03108 0
0.03108 0
0.03108 0
0.03107 0
0.03106 0
0.03105 0
0.03102 0
0.03098 0
0.03098 0
0.03097 0
0.03097 0
0.03096 0
0.03093 0
0.03092 0
0.03092 0
0.03091 0
0.0309 0
0.0309 0
0.0309 0
0.03089 0
0.03089 0
0.03088 0
0.03088 0
0.03088 0
0.03087 0
0.03086 0
0.03086 0
0.03086 0
0.03085 0
0.03085 0
0.03085 0
0.03084 0
0.03083 0
0.03083 0
0.03082 0
0.03081 0
0.0308 0
0.0308 0
0.03079 0
0.03078 0
0.03078 0
0.03077 0
0.03075 0
0.03074 0
0.03072 0
0.03072 0
0.03072 0
0.03072 0
0.03071 0
0.03071 0
0.03069 0
0.03068 0
0.03068 0
0.03068 0
0.03067 0
0.03066 0
0.03065 0
0.03065 0
0.03064 0
0.03063 0
0.03059 0
0.03058 0
0.03058 0
0.03057 0
0.03056 0
0.03055 0
0.03055 0
0.03052 0
0.03052 0
0.03051 0
0.03051 0
0.0305 0
0.03049 0
0.03048 0
0.03048 0
0.03048 0
0.03047 0
0.03047 0
0.03047 0
0.03046 0
0.03046 0
0.03045 0
0.03045 0
0.03045 0
0.03044 0
0.03042 0
0.03041 0
0.0304 0
0.03038 0
0.03037 0
0.03036 0
0.03036 0
0.03036 0
0.03036 0
0.03036 0
0.03035 0
0.03035 0
0.03032 0
0.03031 0
0.03028 0
0.03027 0
0.03027 0
0.03025 0
0.03025 0
0.03024 0
0.03024 0
0.03023 0
0.03021 0
0.0302 0
0.0302 0
0.03018 0
0.03018 0
0.03017 0
0.03017 0
0.03014 0
0.03012 0
0.03012 0
0.03012 0
0.03011 0
0.0301 0
0.03009 0
0.03007 0
0.03006 0
0.03004 0
0.03003 0
0.03003 0
0.03002 0
0.03002 0
0.03002 0
0.03001 0
0.03001 0
0.03 0
0.03 0
0.02998 0
0.02994 0
0.02994 0
0.02993 0
0.02993 0
0.02991 0
0.02991 0
0.0299 0
0.0299 0
0.0299 0
0.02989 0
0.02988 0
0.02988 0
0.02987 0
0.02986 0
0.02985 0
0.02984 0
0.02984 0
0.02984 0
0.02982 0
0.02982 0
0.02982 0
0.02982 0
0.02982 0
0.02982 0
0.02979 0
0.02978 0
0.02977 0
0.02977 0
0.02976 0
0.02975 0
0.02975 0
0.02975 0
0.02974 0
0.02973 0
0.02973 0
0.02972 0
0.02971 0
0.02969 0
0.02968 0
0.02968 0
0.02968 0
0.02967 0
0.02967 0
0.02965 0
0.02963 0
0.02962 0
0.02961 0
0.02961 0
0.02961 0
0.02961 0
0.02959 0
0.02959 0
0.02958 0
0.02957 0
0.02957 0
0.02956 0
0.02956 0
0.02956 0
0.02949 0
0.02948 0
0.02947 0
0.02946 0
0.02945 0
0.02945 0
0.02944 0
0.02943 0
0.02942 0
0.02942 0
0.02941 0
0.0294 0
0.0294 0
0.02939 0
0.02937 0
0.02937 0
0.02937 0
0.02935 0
0.02935 0
0.02935 0
0.02935 0
0.02934 0
0.02934 0
0.02934 0
0.02933 0
0.02932 0
0.02932 0
0.02931 0
0.02928 0
0.02924 0
0.02922 0
0.02918 0
0.02918 0
0.02918 0
0.02917 0
0.02917 0
0.02916 0
0.02916 0
0.02915 0
0.02914 0
0.02913 0
0.0291 0
0.02909 0
0.02908 0
0.02906 0
0.02905 0
0.02904 0
0.02903 0
0.02903 0
0.02902 0
0.02902 0
0.02901 0
0.02901 0
0.02901 0
0.02901 0
0.029 0
0.02896 0
0.02896 0
0.02895 0
0.02895 0
0.02895 0
0.02893 0
0.02892 0
0.02891 0
0.0289 0
0.0289 0
0.0289 0
0.0289 0
0.02889 0
0.02888 0
0.02887 0
0.02887 0
0.02886 0
0.02884 0
0.02884 0
0.02883 0
0.02881 0
0.02879 0
0.02878 0
0.02877 0
0.02877 0
0.02877 0
0.02877 0
0.02877 0
0.02876 0
0.02876 0
0.02876 0
0.02874 0
0.02874 0
0.02874 0
0.02873 0
0.02872 0
0.02871 0
0.02871 0
0.0287 0
0.02869 0
0.02868 0
0.02867 0
0.02867 0
0.02865 0
0.02865 0
0.02863 0
0.02863 0
0.02862 0
0.02861 0
0.02859 0
0.02857 0
0.02855 0
0.02855 0
0.02854 0
0.0285 0
0.0285 0
0.02849 0
0.02848 0
0.02848 0
0.02847 0
0.02845 0
0.02844 0
0.02842 0
0.02842 0
0.0284 0
0.02839 0
0.02839 0
0.02838 0
0.02838 0
0.02838 0
0.02837 0
0.02835 0
0.02835 0
0.02834 0
0.02833 0
0.02832 0
0.0283 0
0.02829 0
0.02828 0
0.02826 0
0.02826 0
0.02825 0
0.02825 0
0.02824 0
0.02822 0
0.02821 0
0.02818 0
0.02818 0
0.02817 0
0.02816 0
0.02815 0
0.02814 0
0.02812 0
0.02812 0
0.02811 0
0.02811 0
0.02807 0
0.02805 0
0.02805 0
0.02804 0
0.02804 0
0.02802 0
0.02802 0
0.02801 0
0.02801 0
0.02801 0
0.028 0
0.028 0
0.028 0
0.028 0
0.02799 0
0.02798 0
0.02797 0
0.02796 0
0.02794 0
0.02792 0
0.02792 0
0.02792 0
0.02792 0
0.02791 0
0.02791 0
0.02791 0
0.02791 0
0.02789 0
0.02788 0
0.02787 0
0.02785 0
0.02785 0
0.02785 0
0.02785 0
0.02784 0
0.02784 0
0.02784 0
0.02783 0
0.02781 0
0.02781 0
0.0278 0
0.02779 0
0.02778 0
0.02777 0
0.02777 0
0.02776 0
0.02775 0
0.02775 0
0.02774 0
0.02773 0
0.02772 0
0.02771 0
0.02771 0
0.02771 0
0.02771 0
0.02769 0
0.02769 0
0.02767 0
0.02764 0
0.02764 0
0.02764 0
0.02763 0
0.02762 0
0.02759 0
0.02759 0
0.02759 0
0.02755 0
0.02753 0
0.02753 0
0.02752 0
0.02752 0
0.02752 0
0.0275 0
0.02749 0
0.02748 0
0.02745 0
0.02744 0
0.02742 0
0.02741 0
0.0274 0
0.02738 0
0.02738 0
0.02738 0
0.02737 0
0.02737 0
0.02737 0
0.02737 0
0.02735 0
0.02733 0
0.02732 0
0.02728 0
0.02727 0
0.02723 0
0.02722 0
0.02722 0
0.02721 0
0.0272 0
0.0272 0
0.0272 0
0.0272 0
0.02718 0
0.02715 0
0.02709 0
0.02709 0
0.02707 0
0.02705 0
0.02704 0
0.02703 0
0.02702 0
0.02701 0
0.02701 0
0.027 0
0.027 0
0.027 0
0.02699 0
0.02699 0
0.02699 0
0.02698 0
0.02696 0
0.02695 0
0.02694 0
0.02693 0
0.02693 0
0.02692 0
0.0269 0
0.02688 0
0.02688 0
0.02688 0
0.02687 0
0.02686 0
0.02683 0
0.02683 0
0.02682 0
0.02682 0
0.02679 0
0.02678 0
0.02675 0
0.02672 0
0.02671 0
0.02671 0
0.0267 0
0.02667 0
0.02666 0
0.02665 0
0.02665 0
0.02664 0
0.0266 0
0.0266 0
0.02659 0
0.02658 0
0.02657 0
0.02656 0
0.02655 0
0.02654 0
0.02651 0
0.0265 0
0.0265 0
0.02649 0
0.02648 0
0.02646 0
0.02645 0
0.02645 0
0.02644 0
0.02644 0
0.02642 0
0.02641 0
0.02639 0
0.02637 0
0.02637 0
0.02636 0
0.02636 0
0.02634 0
0.02631 0
0.02631 1
0.02629 0
0.02628 1
0.02626 0
0.02625 0
0.02624 0
0.02623 0
0.02622 0
0.02622 0
0.02621 0
0.02619 0
0.02618 0
0.02616 1
0.02615 0
0.02614 0
0.02614 0
0.02614 0
0.02613 0
0.02613 0
0.02609 0
0.02608 0
0.02608 0
0.02607 0
0.02607 0
0.02607 0
0.02606 0
0.02606 0
0.02606 0
0.02605 0
0.02605 0
0.02604 0
0.02604 0
0.02603 0
0.02603 0
0.02601 0
0.026 0
0.026 0
0.02596 0
0.02596 0
0.02593 0
0.02593 0
0.02589 0
0.02588 0
0.02588 0
0.02587 0
0.02587 0
0.02586 0
0.02585 0
0.02585 0
0.02583 0
0.02581 0
0.0258 0
0.02577 0
0.02576 0
0.02576 0
0.02575 0
0.02574 0
0.02573 0
0.02572 1
0.0257 0
0.0257 0
0.0257 0
0.02569 0
0.02568 0
0.02566 0
0.02563 0
0.02557 0
0.02557 0
0.02556 0
0.02555 0
0.02555 0
0.02552 0
0.02552 0
0.0255 0
0.0255 0
0.02549 0
0.02548 0
0.02548 0
0.02546 0
0.02544 0
0.02542 0
0.02542 0
0.02542 0
0.02541 0
0.02539 0
0.02538 0
0.02536 0
0.02533 0
0.02531 0
0.0253 0
0.02529 0
0.02527 0
0.02526 0
0.02525 0
0.02524 0
0.02523 0
0.02522 0
0.02521 0
0.02518 0
0.02517 0
0.02517 0
0.02516 0
0.02513 0
0.0251 0
0.0251 0
0.02506 0
0.02505 0
0.02503 0
0.025 0
0.025 0
0.02498 0
0.02496 0
0.02494 0
0.0249 0
0.0249 0
0.02489 0
0.02487 0
0.02481 0
0.02477 0
0.02476 0
0.02476 0
0.02474 0
0.02469 0
0.02469 0
0.02465 0
0.02465 0
0.02465 0
0.02464 0
0.02463 0
0.02463 0
0.02461 0
0.02459 0
0.02456 0
0.02453 0
0.0245 0
0.02448 0
0.02445 0
0.02445 0
0.02443 0
0.02442 0
0.02438 0
0.02437 0
0.02436 0
0.02436 0
0.02431 0
0.02429 0
0.02429 0
0.02426 0
0.02422 0
0.02422 0
0.02421 0
0.02418 0
0.02416 0
0.02414 0
0.02413 0
0.02411 0
0.02408 0
0.02408 0
0.02406 0
0.02405 0
0.02405 0
0.02403 0
0.024 0
0.02399 0
0.02399 0
0.02399 0
0.02398 0
0.02395 0
0.02395 0
0.02395 0
0.02394 0
0.02392 0
0.02391 0
0.02391 0
0.0239 0
0.02388 0
0.02386 0
0.02386 0
0.02385 0
0.02384 0
0.02384 0
0.02382 0
0.02378 0
0.02378 0
0.02377 0
0.02377 0
0.02372 0
0.02372 0
0.0237 0
0.02368 0
0.02367 0
0.02365 0
0.02361 0
0.0236 0
0.02358 0
0.02356 0
0.02354 0
0.02353 0
0.02352 0
0.02351 0
0.0235 0
0.02349 0
0.02349 0
0.02347 0
0.02346 0
0.02345 0
0.02343 0
0.02342 0
0.02342 0
0.02341 0
0.0234 0
0.02338 0
0.02336 0
0.02336 0
0.02334 0
0.02334 0
0.02334 0
0.02331 0
0.02315 0
0.02315 0
0.02311 0
0.0231 0
0.02308 0
0.02302 0
0.02302 0
0.02298 0
0.02296 0
0.02295 0
0.02295 0
0.02294 0
0.02293 0
0.02293 0
0.02291 0
0.02291 0
0.02291 0
0.02286 0
0.02285 0
0.02285 0
0.02284 0
0.02283 0
0.02283 1
0.02281 0
0.02276 0
0.02274 0
0.02273 0
0.02272 0
0.02271 0
0.02262 0
0.02259 0
0.02256 0
0.02255 0
0.02254 0
0.02253 0
0.02251 0
0.02251 0
0.02249 0
0.02249 0
0.02245 0
0.02236 0
0.02236 0
0.02236 0
0.02234 0
0.02233 0
0.02228 0
0.02227 0
0.02223 0
0.02222 0
0.02221 0
0.0222 0
0.0222 0
0.0222 0
0.02219 0
0.02218 0
0.02218 0
0.02215 0
0.02211 0
0.02207 0
0.02205 0
0.02202 0
0.02199 0
0.02198 0
0.02192 0
0.0219 0
0.0219 0
0.02189 0
0.02187 0
0.02187 0
0.02186 0
0.02186 0
0.02178 0
0.02176 0
0.02173 0
0.02172 0
0.02168 0
0.02167 0
0.02165 0
0.02162 0
0.02161 0
0.0216 0
0.02157 0
0.02155 0
0.02155 0
0.02155 0
0.02151 0
0.02151 0
0.02151 0
0.0215 0
0.0215 0
0.02145 0
0.02144 0
0.02144 0
0.02143 0
0.02133 0
0.02131 0
0.02128 0
0.02122 0
0.0212 0
0.02113 0
0.02112 0
0.02109 0
0.02109 0
0.02109 0
0.02108 0
0.02107 0
0.02106 0
0.02102 0
0.02099 0
0.02099 1
0.02094 0
0.02093 0
0.02089 0
0.02083 0
0.0208 0
0.0208 0
0.02079 0
0.02078 0
0.02078 0
0.02077 0
0.02075 0
0.02069 0
0.02067 1
0.02066 0
0.02063 0
0.02061 0
0.0204 0
0.02039 0
0.02038 0
0.02035 0
0.0203 0
0.02022 0
0.0202 0
0.02018 0
0.01996 0
0.01995 0
0.01993 0
0.01988 0
0.01984 0
0.01983 0
0.01979 0
0.01978 0
0.01978 0
0.01978 0
0.01975 0
0.01971 0
0.01969 0
0.01966 0
0.01962 0
0.01961 0
0.01959 0
0.01949 0
0.01939 0
0.01939 0
0.01934 0
0.01932 0
0.01932 0
0.0193 0
0.01926 0
0.01921 0
0.01919 0
0.01888 0
0.01878 0
0.01874 0
0.01873 0
0.01872 0
0.01866 0
0.01858 0
0.0184 0
0.01835 0
0.01833 0
0.01826 0
0.01825 0
0.01823 0
0.01822 0
0.01822 0
0.01815 0
0.01813 0
0.01805 0
0.01796 0
0.01793 0
0.01791 0
0.01785 0
0.01783 0
0.01781 0
0.01772 0
0.01766 0
0.01764 0
0.01761 0
0.01756 0
0.01754 0
0.0175 0
0.01746 0
0.01729 0
0.01723 0
0.01717 0
0.01715 0
0.01714 0
0.01711 0
0.01699 0
0.01682 0
0.01676 0
0.0167 0
0.01647 0
0.01626 0
0.01623 0
0.01619 0
0.016 0
0.01589 0
0.01585 0
0.0156 0
0.01544 0
0.01542 0
0.01534 0
0.01518 0
0.01509 0
0.01463 0
0.01439 0
0.01392 0
0.01385 0
0.0132 0
0.01275 0
0.01148 0
0.0113 0
0.01088 0
0.0 0
0.0 0
0.0 0
0.0 0
0.0 0
0.0 0
0.0 0
0.0 0
0.0 0
0.0 0
0.0 0
0.0 0
0.0 0
0.0 0
0.0 0
0.0 0
0.0 0
0.0 0
0.0 0
0.0 0
0.0 0
0.0 0
0.0 0
0.0 0
0.0 0
0.0 0
0.0 0
0.0 0
0.0 0
0.0 0
0.0 0
0.0 0
0.0 0
0.0 0
0.0 0
0.0 0
0.0 0
0.0 0
0.0 0
0.0 0
0.0 0
0.0 0
0.0 0
0.0 0
0.0 0
0.0 0
0.0 0
0.0 0
0.0 0
0.0 0
0.0 0
0.0 0
0.0 0
0.0 0
0.0 0
0.0 0
0.0 0
0.0 0
0.0 0
0.0 0
0.0 0
0.0 0
0.0 0
0.0 0
0.0 0
0.0 0
0.0 0
0.0 0
0.0 0
0.0 0
0.0 0
0.0 0
0.0 0
0.0 0
0.0 0
0.0 0
0.0 0
0.0 0
0.0 0
0.0 0
0.0 0
0.0 0
0.0 0
0.0 0
0.0 0
0.0 0
0.0 0
0.0 0
0.0 0
0.0 0
0.0 0
0.0 0
0.0 0
0.0 0
0.0 0
0.0 0
0.0 0
0.0 0
0.0 0
0.0 0
0.0 0
0.0 0
0.0 0
0.0 0
0.0 0
0.0 0
0.0 0
0.0 0
0.0 0
0.0 0
0.0 0
0.0 0
0.0 0
0.0 0
0.0 0
0.0 0
0.0 0
0.0 0
0.0 0
0.0 0
0.0 0
0.0 0
0.0 0
0.0 0
0.0 0
0.0 0
0.0 0
0.0 0
0.0 0
0.0 0
0.0 0
0.0 0
0.0 0
0.0 0
0.0 0
0.0 0
0.0 0
0.0 0
0.0 0
0.0 0
0.0 0
0.0 0
0.0 0
0.0 0
0.0 0
0.0 0
0.0 0
0.0 0
0.0 0
0.0 0
0.0 0
0.0 0
0.0 0
0.0 0
0.0 0
0.0 0
0.0 0
0.0 0
0.0 0
0.0 0
0.0 0
0.0 0
0.0 0
0.0 0
0.0 0
0.0 0
0.0 0
0.0 0
0.0 0
0.0 0
0.0 0
0.0 0
0.0 0
0.0 0
0.0 0
0.0 0
0.0 0
0.0 0
0.0 0
0.0 0
0.0 0
0.0 0
0.0 0
0.0 0
0.0 0
0.0 0
0.0 0
0.0 0
0.0 0
0.0 0
0.0 0
0.0 0
0.0 0
0.0 0
0.0 0
0.0 0
0.0 0
0.0 0
0.0 0
0.0 0
0.0 0
0.0 0
0.0 0
0.0 0
0.0 0
0.0 0
0.0 0
0.0 0
0.0 0
0.0 0
0.0 0
0.0 0
0.0 0
0.0 0
0.0 0
0.0 0
0.0 0
0.0 0
0.0 0
0.0 0
0.0 0
0.0 0
0.0 0
0.0 0
0.0 0
0.0 0
0.0 0
0.0 0
0.0 0
0.0 0
0.0 0
0.0 0
0.0 0
0.0 0
0.0 0
0.0 0
0.0 0
0.0 0
0.0 0
0.0 0
0.0 0
0.0 0
0.0 0
0.0 0
0.0 0
0.0 0
0.0 0
0.0 0
0.0 0
0.0 0
0.0 0
0.0 0
0.0 0
0.0 0
0.0 0
0.0 0
0.0 0
0.0 0
0.0 0
0.0 0
0.0 0
0.0 0
0.0 0
0.0 0
0.0 0
0.0 0
0.0 0
0.0 0
0.0 0
0.0 0
0.0 0
0.0 0
0.0 0
0.0 0
0.0 0
0.0 0
0.0 0
0.0 0
0.0 0
0.0 0
0.0 0
0.0 0
0.0 0
0.0 0
0.0 0
0.0 0
0.0 0
0.0 0
0.0 0
0.0 0
0.0 0
0.0 0
0.0 0
0.0 0
0.0 0
0.0 0
0.0 0
0.0 0
0.0 0
0.0 0
0.0 0
0.0 0
0.0 0
0.0 0
0.0 0
0.0 0
0.0 0
0.0 0
0.0 0
0.0 0
0.0 0
0.0 0
0.0 0
0.0 0
0.0 0
0.0 0
0.0 0
0.0 0
0.0 0
0.0 0
0.0 0
0.0 0
0.0 0
0.0 0
0.0 0
0.0 0
0.0 0
0.0 0
0.0 0
0.0 0
0.0 0
0.0 0
0.0 0
0.0 0
0.0 0
0.0 0
0.0 0
0.0 0
0.0 0
0.0 0
0.0 0
0.0 0
0.0 0
0.0 0
0.0 0
0.0 0
0.0 0
0.0 0
0.0 0
0.0 0
0.0 0
0.0 0
0.0 0
0.0 0
0.0 0
0.0 0
0.0 0
0.0 0
0.0 0
0.0 0
0.0 0
0.0 0
0.0 0
0.0 0
0.0 0
0.0 0
0.0 0
0.0 0
0.0 0
0.0 0
0.0 0
0.0 0
0.0 0
0.0 0
0.0 0
0.0 0
0.0 0
0.0 0
0.0 0
0.0 0
0.0 0
0.0 0
0.0 0
0.0 0
0.0 0
0.0 0
0.0 0
0.0 0
0.0 0
0.0 0
0.0 0
0.0 0
0.0 0
0.0 0
0.0 0
0.0 0
0.0 0
0.0 0
0.0 0
0.0 0
0.0 0
0.0 0
0.0 0
0.0 0
0.0 0
0.0 0
0.0 0
0.0 0
0.0 0
0.0 0
0.0 0
0.0 0
0.0 0
0.0 0
0.0 0
0.0 0
0.0 0
0.0 0
0.0 0
0.0 0
0.0 0
0.0 0
0.0 0
0.0 0
0.0 0
0.0 0
0.0 0
0.0 0
0.0 0
0.0 0
0.0 0
0.0 0
0.0 0
0.0 0
0.0 0
0.0 0
0.0 0
0.0 0
0.0 0
0.0 0
0.0 0
0.0 0
0.0 0
0.0 0
0.0 0
0.0 0
0.0 0
0.0 0
0.0 0
0.0 0
0.0 0
0.0 0
0.0 0
0.0 0
0.0 0
0.0 0
0.0 0
0.0 0
0.0 0
0.0 0
0.0 0
0.0 0
0.0 0
0.0 0
0.0 0
0.0 0
0.0 0
0.0 0
0.0 0
0.0 0
0.0 0
0.0 0
0.0 0
0.0 0
0.0 0
0.0 0
0.0 0
0.0 0
0.0 0
0.0 0
0.0 0
0.0 0
0.0 0
0.0 0
0.0 0
0.0 0
0.0 0
0.0 0
0.0 0
0.0 0
0.0 0
0.0 0
0.0 0
0.0 0
0.0 0
0.0 0
0.0 0
0.0 0
0.0 0
0.0 0
0.0 0
0.0 0
0.0 0
0.0 0
0.0 0
0.0 0
0.0 0
0.0 0
0.0 0
0.0 0
0.0 0
0.0 0
0.0 0
0.0 0
0.0 0
0.0 0
0.0 0
0.0 0
0.0 0
0.0 0
0.0 0
0.0 0
0.0 0
0.0 0
0.0 0
0.0 0
0.0 0
0.0 0
0.0 0
0.0 0
0.0 0
0.0 0
0.0 0
0.0 0
0.0 0
0.0 0
0.0 0
0.0 0
0.0 0
0.0 0
0.0 0
0.0 0
0.0 0
0.0 0
0.0 0
0.0 0
0.0 0
0.0 0
0.0 0
0.0 0
0.0 0
0.0 0
0.0 0
0.0 0
0.0 0
0.0 0
0.0 0
0.0 0
0.0 0
0.0 0
0.0 0
0.0 0
0.0 0
0.0 0
0.0 0
0.0 0
0.0 0
0.0 0
0.0 0
0.0 0
0.0 0
0.0 0
0.0 0
0.0 0
0.0 0
0.0 0
0.0 1
0.0 1
0.0 1
0.0 1
0.0 1
0.0 1
0.0 1
0.0 1
0.0 1
0.0 1
0.0 1
0.0 1
0.0 1
0.0 1
0.0 1
0.0 1
0.0 1
0.0 1
0.0 1
0.0 1
0.0 1
--- Writing PR file PSICOV.txt.pr ---
--- Writing standardized PR file PSICOV.txt.spr ---
--- Writing ROC file PSICOV.txt.roc ---
Area Under the Curve for Precision - Recall is 0.34810028775366797
Area Under the Curve for ROC is 0.7556584776725965
